2021-02-01 17:02:34,962 INFO    MainThread:1412 [internal.py:wandb_internal():64] W&B internal server running at pid: 1412
2021-02-01 17:02:34,965 DEBUG   HandlerThread:1412 [handler.py:handle_request():55] handle_request: check_version
2021-02-01 17:02:34,966 INFO    WriterThread:1412 [datastore.py:open_for_write():77] open: /home/pfrod/architectures/wandb/run-20210201_170234-2y3jh1rb/run-2y3jh1rb.wandb
2021-02-01 17:02:34,968 DEBUG   SenderThread:1412 [sender.py:send():117] send: header
2021-02-01 17:02:34,968 DEBUG   SenderThread:1412 [sender.py:send():117] send: request
2021-02-01 17:02:34,968 DEBUG   SenderThread:1412 [sender.py:send_request():126] send_request: check_version
2021-02-01 17:02:34,973 DEBUG   Thread-4  :1412 [connectionpool.py:_new_conn():813] Starting new HTTPS connection (1): pypi.org:443
2021-02-01 17:02:35,054 DEBUG   Thread-4  :1412 [connectionpool.py:_make_request():393] https://pypi.org:443 "GET /pypi/wandb/json HTTP/1.1" 200 53088
2021-02-01 17:02:35,090 DEBUG   SenderThread:1412 [sender.py:send():117] send: run
2021-02-01 17:02:35,119 DEBUG   SenderThread:1412 [git.py:repo():33] git repository is invalid
2021-02-01 17:02:35,123 DEBUG   SenderThread:1412 [connectionpool.py:_new_conn():813] Starting new HTTPS connection (1): api.wandb.ai:443
2021-02-01 17:02:35,358 DEBUG   SenderThread:1412 [connectionpool.py:_make_request():393] https://api.wandb.ai:443 "POST /graphql HTTP/1.1" 200 None
2021-02-01 17:02:35,371 INFO    SenderThread:1412 [dir_watcher.py:__init__():165] watching files in: /home/pfrod/architectures/wandb/run-20210201_170234-2y3jh1rb/files
2021-02-01 17:02:35,371 INFO    SenderThread:1412 [sender.py:_start_run_threads():596] run started: 2y3jh1rb with start time 1612195354
2021-02-01 17:02:35,374 DEBUG   SenderThread:1412 [sender.py:send():117] send: summary
2021-02-01 17:02:35,375 INFO    SenderThread:1412 [sender.py:_save_file():682] saving file wandb-summary.json with policy end
2021-02-01 17:02:35,377 DEBUG   HandlerThread:1412 [handler.py:handle_request():55] handle_request: run_start
2021-02-01 17:02:35,920 DEBUG   HandlerThread:1412 [tpu_cluster_resolver.py:<module>():36] Falling back to TensorFlow client; we recommended you install the Cloud TPU client directly with pip install cloud-tpu-client.
2021-02-01 17:02:36,375 INFO    Thread-8  :1412 [dir_watcher.py:_on_file_created():213] file/dir created: /home/pfrod/architectures/wandb/run-20210201_170234-2y3jh1rb/files/wandb-summary.json
2021-02-01 17:02:36,835 DEBUG   HandlerThread:1412 [meta.py:__init__():34] meta init
2021-02-01 17:02:36,836 DEBUG   HandlerThread:1412 [meta.py:__init__():48] meta init done
2021-02-01 17:02:36,836 DEBUG   HandlerThread:1412 [meta.py:probe():190] probe
2021-02-01 17:02:36,842 DEBUG   HandlerThread:1412 [git.py:repo():33] git repository is invalid
2021-02-01 17:02:36,842 DEBUG   HandlerThread:1412 [meta.py:_save_pip():52] save pip
2021-02-01 17:02:36,842 DEBUG   HandlerThread:1412 [meta.py:_save_pip():66] save pip done
2021-02-01 17:02:36,843 DEBUG   HandlerThread:1412 [meta.py:probe():231] probe done
2021-02-01 17:02:36,845 DEBUG   SenderThread:1412 [sender.py:send():117] send: files
2021-02-01 17:02:36,845 INFO    SenderThread:1412 [sender.py:_save_file():682] saving file wandb-metadata.json with policy now
2021-02-01 17:02:36,850 DEBUG   Thread-11 :1412 [connectionpool.py:_new_conn():813] Starting new HTTPS connection (1): api.wandb.ai:443
2021-02-01 17:02:36,853 DEBUG   HandlerThread:1412 [handler.py:handle_request():55] handle_request: status
2021-02-01 17:02:36,853 DEBUG   SenderThread:1412 [sender.py:send():117] send: request
2021-02-01 17:02:36,854 DEBUG   SenderThread:1412 [sender.py:send_request():126] send_request: status
2021-02-01 17:02:36,858 DEBUG   SenderThread:1412 [connectionpool.py:_new_conn():813] Starting new HTTPS connection (1): api.wandb.ai:443
2021-02-01 17:02:37,058 DEBUG   Thread-11 :1412 [connectionpool.py:_make_request():393] https://api.wandb.ai:443 "POST /graphql HTTP/1.1" 200 None
2021-02-01 17:02:37,065 DEBUG   Thread-11 :1412 [connectionpool.py:_new_conn():813] Starting new HTTPS connection (1): storage.googleapis.com:443
2021-02-01 17:02:37,067 DEBUG   SenderThread:1412 [connectionpool.py:_make_request():393] https://api.wandb.ai:443 "POST /graphql HTTP/1.1" 200 None
2021-02-01 17:02:37,373 INFO    Thread-8  :1412 [dir_watcher.py:_on_file_created():213] file/dir created: /home/pfrod/architectures/wandb/run-20210201_170234-2y3jh1rb/files/output.log
2021-02-01 17:02:37,373 INFO    Thread-8  :1412 [dir_watcher.py:_on_file_created():213] file/dir created: /home/pfrod/architectures/wandb/run-20210201_170234-2y3jh1rb/files/wandb-metadata.json
2021-02-01 17:02:37,374 INFO    Thread-8  :1412 [dir_watcher.py:_on_file_created():213] file/dir created: /home/pfrod/architectures/wandb/run-20210201_170234-2y3jh1rb/files/requirements.txt
2021-02-01 17:02:37,465 DEBUG   Thread-11 :1412 [connectionpool.py:_make_request():393] https://storage.googleapis.com:443 "PUT /wandb-production.appspot.com/pfrodedelaforet/huggingface/2y3jh1rb/wandb-metadata.json?Expires=1612281756&GoogleAccessId=wandb-production%40appspot.gserviceaccount.com&Signature=Qr3M7zK2BwimdN%2FkZKdQgGEu3jxxxbKUIZBH%2FbWGvI%2F9t%2BL1RTZdItyNbb%2Ft5L1pBrbwoXlTRBYUtORznnPMwbDPIy0RaWadhFKL2WviCglA%2FR74%2BZRj3VE7sEND5LT2IiLtZwRHWK3TDWUERMaoJlGK%2F54gmOF3RQM35SsCe6WkWA8KQwiypOHT4UluQtjyUFhzPwHXyYNpUJfOT16InN1lNt8LPkWDfMxqqEJXr9CoSG2IfZ6OSMJV2x3thVDCt%2BJFIXzpBEwULApjCz7IfXDT3pIlIMZWf47DyI9vhmB3oCebH9h%2BHPFNwkd25ps3ZfMkBcsWAzfXo%2FI2tBkKAA%3D%3D HTTP/1.1" 200 0
2021-02-01 17:02:37,468 INFO    Thread-11 :1412 [upload_job.py:push():133] Uploaded file /tmp/tmppwkb3oyowandb/3flfv5dq-wandb-metadata.json
2021-02-01 17:02:38,996 DEBUG   Thread-5  :1412 [connectionpool.py:_new_conn():813] Starting new HTTPS connection (1): api.wandb.ai:443
2021-02-01 17:02:39,014 DEBUG   HandlerThread:1412 [handler.py:handle_request():55] handle_request: poll_exit
2021-02-01 17:02:39,014 DEBUG   SenderThread:1412 [sender.py:send():117] send: telemetry
2021-02-01 17:02:39,026 DEBUG   SenderThread:1412 [connectionpool.py:_new_conn():813] Starting new HTTPS connection (1): api.wandb.ai:443
2021-02-01 17:02:39,231 DEBUG   Thread-5  :1412 [connectionpool.py:_make_request():393] https://api.wandb.ai:443 "POST /files/pfrodedelaforet/huggingface/2y3jh1rb/file_stream HTTP/1.1" 200 None
2021-02-01 17:02:39,242 DEBUG   SenderThread:1412 [connectionpool.py:_make_request():393] https://api.wandb.ai:443 "POST /graphql HTTP/1.1" 200 None
2021-02-01 17:02:39,276 DEBUG   SenderThread:1412 [sender.py:send():117] send: exit
2021-02-01 17:02:39,276 INFO    SenderThread:1412 [sender.py:send_exit():195] handling exit code: 1
2021-02-01 17:02:39,276 INFO    SenderThread:1412 [sender.py:send_exit():203] send defer
2021-02-01 17:02:39,276 DEBUG   SenderThread:1412 [sender.py:send():117] send: request
2021-02-01 17:02:39,276 DEBUG   SenderThread:1412 [sender.py:send_request():126] send_request: poll_exit
2021-02-01 17:02:39,277 DEBUG   HandlerThread:1412 [handler.py:handle_request():55] handle_request: defer
2021-02-01 17:02:39,277 INFO    HandlerThread:1412 [handler.py:handle_request_defer():69] handle defer: 0
2021-02-01 17:02:39,277 DEBUG   SenderThread:1412 [sender.py:send():117] send: request
2021-02-01 17:02:39,277 DEBUG   SenderThread:1412 [sender.py:send_request():126] send_request: defer
2021-02-01 17:02:39,277 INFO    SenderThread:1412 [sender.py:send_request_defer():212] handle sender defer: 0
2021-02-01 17:02:39,277 INFO    SenderThread:1412 [sender.py:send_request_defer():248] send defer: 1
2021-02-01 17:02:39,278 DEBUG   HandlerThread:1412 [handler.py:handle_request():55] handle_request: defer
2021-02-01 17:02:39,278 INFO    HandlerThread:1412 [handler.py:handle_request_defer():69] handle defer: 1
2021-02-01 17:02:39,360 DEBUG   SenderThread:1412 [sender.py:send():117] send: request
2021-02-01 17:02:39,361 DEBUG   SenderThread:1412 [sender.py:send_request():126] send_request: defer
2021-02-01 17:02:39,361 INFO    SenderThread:1412 [sender.py:send_request_defer():212] handle sender defer: 1
2021-02-01 17:02:39,361 INFO    SenderThread:1412 [sender.py:send_request_defer():248] send defer: 2
2021-02-01 17:02:39,361 DEBUG   SenderThread:1412 [sender.py:send():117] send: stats
2021-02-01 17:02:39,362 DEBUG   HandlerThread:1412 [handler.py:handle_request():55] handle_request: defer
2021-02-01 17:02:39,362 INFO    HandlerThread:1412 [handler.py:handle_request_defer():69] handle defer: 2
2021-02-01 17:02:39,363 DEBUG   SenderThread:1412 [sender.py:send():117] send: request
2021-02-01 17:02:39,363 DEBUG   SenderThread:1412 [sender.py:send_request():126] send_request: defer
2021-02-01 17:02:39,363 INFO    SenderThread:1412 [sender.py:send_request_defer():212] handle sender defer: 2
2021-02-01 17:02:39,363 INFO    SenderThread:1412 [sender.py:send_request_defer():248] send defer: 3
2021-02-01 17:02:39,363 DEBUG   HandlerThread:1412 [handler.py:handle_request():55] handle_request: defer
2021-02-01 17:02:39,363 INFO    HandlerThread:1412 [handler.py:handle_request_defer():69] handle defer: 3
2021-02-01 17:02:39,364 DEBUG   SenderThread:1412 [sender.py:send():117] send: summary
2021-02-01 17:02:39,364 INFO    SenderThread:1412 [sender.py:_save_file():682] saving file wandb-summary.json with policy end
2021-02-01 17:02:39,365 DEBUG   SenderThread:1412 [sender.py:send():117] send: request
2021-02-01 17:02:39,365 DEBUG   SenderThread:1412 [sender.py:send_request():126] send_request: defer
2021-02-01 17:02:39,365 INFO    SenderThread:1412 [sender.py:send_request_defer():212] handle sender defer: 3
2021-02-01 17:02:39,365 INFO    SenderThread:1412 [sender.py:send_request_defer():248] send defer: 4
2021-02-01 17:02:39,365 DEBUG   HandlerThread:1412 [handler.py:handle_request():55] handle_request: defer
2021-02-01 17:02:39,366 INFO    HandlerThread:1412 [handler.py:handle_request_defer():69] handle defer: 4
2021-02-01 17:02:39,366 DEBUG   SenderThread:1412 [sender.py:send():117] send: request
2021-02-01 17:02:39,366 DEBUG   SenderThread:1412 [sender.py:send_request():126] send_request: defer
2021-02-01 17:02:39,366 INFO    SenderThread:1412 [sender.py:send_request_defer():212] handle sender defer: 4
2021-02-01 17:02:39,366 INFO    SenderThread:1412 [dir_watcher.py:finish():279] shutting down directory watcher
2021-02-01 17:02:39,374 INFO    Thread-8  :1412 [dir_watcher.py:_on_file_modified():226] file/dir modified: /home/pfrod/architectures/wandb/run-20210201_170234-2y3jh1rb/files/wandb-summary.json
2021-02-01 17:02:39,375 INFO    SenderThread:1412 [dir_watcher.py:_on_file_modified():226] file/dir modified: /home/pfrod/architectures/wandb/run-20210201_170234-2y3jh1rb/files/config.yaml
2021-02-01 17:02:39,375 INFO    SenderThread:1412 [dir_watcher.py:_on_file_modified():226] file/dir modified: /home/pfrod/architectures/wandb/run-20210201_170234-2y3jh1rb/files/output.log
2021-02-01 17:02:39,375 INFO    SenderThread:1412 [dir_watcher.py:finish():309] scan: /home/pfrod/architectures/wandb/run-20210201_170234-2y3jh1rb/files
2021-02-01 17:02:39,376 INFO    SenderThread:1412 [dir_watcher.py:finish():315] scan save: /home/pfrod/architectures/wandb/run-20210201_170234-2y3jh1rb/files/config.yaml config.yaml
2021-02-01 17:02:39,376 INFO    SenderThread:1412 [dir_watcher.py:finish():315] scan save: /home/pfrod/architectures/wandb/run-20210201_170234-2y3jh1rb/files/wandb-summary.json wandb-summary.json
2021-02-01 17:02:39,376 INFO    SenderThread:1412 [dir_watcher.py:finish():315] scan save: /home/pfrod/architectures/wandb/run-20210201_170234-2y3jh1rb/files/requirements.txt requirements.txt
2021-02-01 17:02:39,377 INFO    SenderThread:1412 [dir_watcher.py:finish():315] scan save: /home/pfrod/architectures/wandb/run-20210201_170234-2y3jh1rb/files/wandb-metadata.json wandb-metadata.json
2021-02-01 17:02:39,382 INFO    SenderThread:1412 [dir_watcher.py:finish():315] scan save: /home/pfrod/architectures/wandb/run-20210201_170234-2y3jh1rb/files/output.log output.log
2021-02-01 17:02:39,390 DEBUG   Thread-13 :1412 [connectionpool.py:_new_conn():813] Starting new HTTPS connection (1): api.wandb.ai:443
2021-02-01 17:02:39,390 INFO    SenderThread:1412 [sender.py:send_request_defer():248] send defer: 5
2021-02-01 17:02:39,391 DEBUG   Thread-12 :1412 [connectionpool.py:_new_conn():813] Starting new HTTPS connection (1): api.wandb.ai:443
2021-02-01 17:02:39,396 DEBUG   Thread-14 :1412 [connectionpool.py:_new_conn():813] Starting new HTTPS connection (1): api.wandb.ai:443
2021-02-01 17:02:39,397 DEBUG   HandlerThread:1412 [handler.py:handle_request():55] handle_request: defer
2021-02-01 17:02:39,403 DEBUG   Thread-15 :1412 [connectionpool.py:_new_conn():813] Starting new HTTPS connection (1): api.wandb.ai:443
2021-02-01 17:02:39,404 INFO    HandlerThread:1412 [handler.py:handle_request_defer():69] handle defer: 5
2021-02-01 17:02:39,404 DEBUG   SenderThread:1412 [sender.py:send():117] send: request
2021-02-01 17:02:39,404 DEBUG   SenderThread:1412 [sender.py:send_request():126] send_request: defer
2021-02-01 17:02:39,405 INFO    SenderThread:1412 [sender.py:send_request_defer():212] handle sender defer: 5
2021-02-01 17:02:39,405 INFO    SenderThread:1412 [file_pusher.py:finish():174] shutting down file pusher
2021-02-01 17:02:39,405 INFO    SenderThread:1412 [sender.py:send_request_defer():248] send defer: 6
2021-02-01 17:02:39,406 DEBUG   HandlerThread:1412 [handler.py:handle_request():55] handle_request: defer
2021-02-01 17:02:39,406 INFO    HandlerThread:1412 [handler.py:handle_request_defer():69] handle defer: 6
2021-02-01 17:02:39,406 DEBUG   SenderThread:1412 [sender.py:send():117] send: request
2021-02-01 17:02:39,406 DEBUG   SenderThread:1412 [sender.py:send_request():126] send_request: defer
2021-02-01 17:02:39,406 INFO    SenderThread:1412 [sender.py:send_request_defer():212] handle sender defer: 6
2021-02-01 17:02:39,610 DEBUG   Thread-13 :1412 [connectionpool.py:_make_request():393] https://api.wandb.ai:443 "POST /graphql HTTP/1.1" 200 None
2021-02-01 17:02:39,612 DEBUG   Thread-12 :1412 [connectionpool.py:_make_request():393] https://api.wandb.ai:443 "POST /graphql HTTP/1.1" 200 None
2021-02-01 17:02:39,616 DEBUG   Thread-14 :1412 [connectionpool.py:_make_request():393] https://api.wandb.ai:443 "POST /graphql HTTP/1.1" 200 None
2021-02-01 17:02:39,622 DEBUG   Thread-13 :1412 [connectionpool.py:_new_conn():813] Starting new HTTPS connection (1): storage.googleapis.com:443
2021-02-01 17:02:39,622 DEBUG   Thread-15 :1412 [connectionpool.py:_make_request():393] https://api.wandb.ai:443 "POST /graphql HTTP/1.1" 200 None
2021-02-01 17:02:39,629 DEBUG   Thread-12 :1412 [connectionpool.py:_new_conn():813] Starting new HTTPS connection (1): storage.googleapis.com:443
2021-02-01 17:02:39,633 DEBUG   Thread-14 :1412 [connectionpool.py:_new_conn():813] Starting new HTTPS connection (1): storage.googleapis.com:443
2021-02-01 17:02:39,639 DEBUG   Thread-15 :1412 [connectionpool.py:_new_conn():813] Starting new HTTPS connection (1): storage.googleapis.com:443
2021-02-01 17:02:39,775 DEBUG   Thread-5  :1412 [connectionpool.py:_make_request():393] https://api.wandb.ai:443 "POST /files/pfrodedelaforet/huggingface/2y3jh1rb/file_stream HTTP/1.1" 200 None
2021-02-01 17:02:39,935 DEBUG   Thread-5  :1412 [connectionpool.py:_make_request():393] https://api.wandb.ai:443 "POST /files/pfrodedelaforet/huggingface/2y3jh1rb/file_stream HTTP/1.1" 200 None
2021-02-01 17:02:39,938 INFO    SenderThread:1412 [sender.py:send_request_defer():248] send defer: 7
2021-02-01 17:02:39,938 DEBUG   HandlerThread:1412 [handler.py:handle_request():55] handle_request: defer
2021-02-01 17:02:39,939 INFO    HandlerThread:1412 [handler.py:handle_request_defer():69] handle defer: 7
2021-02-01 17:02:39,939 DEBUG   SenderThread:1412 [sender.py:send():117] send: request
2021-02-01 17:02:39,939 DEBUG   SenderThread:1412 [sender.py:send_request():126] send_request: defer
2021-02-01 17:02:39,939 INFO    SenderThread:1412 [sender.py:send_request_defer():212] handle sender defer: 7
2021-02-01 17:02:39,939 INFO    SenderThread:1412 [sender.py:send_request_defer():248] send defer: 8
2021-02-01 17:02:39,940 DEBUG   HandlerThread:1412 [handler.py:handle_request():55] handle_request: defer
2021-02-01 17:02:39,940 DEBUG   SenderThread:1412 [sender.py:send():117] send: final
2021-02-01 17:02:39,941 INFO    HandlerThread:1412 [handler.py:handle_request_defer():69] handle defer: 8
2021-02-01 17:02:39,941 DEBUG   SenderThread:1412 [sender.py:send():117] send: footer
2021-02-01 17:02:39,941 DEBUG   SenderThread:1412 [sender.py:send():117] send: request
2021-02-01 17:02:39,941 DEBUG   SenderThread:1412 [sender.py:send_request():126] send_request: defer
2021-02-01 17:02:39,941 INFO    SenderThread:1412 [sender.py:send_request_defer():212] handle sender defer: 8
2021-02-01 17:02:39,980 DEBUG   Thread-13 :1412 [connectionpool.py:_make_request():393] https://storage.googleapis.com:443 "PUT /wandb-production.appspot.com/pfrodedelaforet/huggingface/2y3jh1rb/wandb-summary.json?Expires=1612281759&GoogleAccessId=wandb-production%40appspot.gserviceaccount.com&Signature=X9NQQpVGsB%2Ftwuxbwf3Odl5Kc5sFdsBaaRg0drkBVbcyEF%2BjaP%2FoFq20KzOq5pm7ZIUIuiwHT1ppF0auyg4lHWZT5clM%2BYuZZomO7E9mDegPm42Exk89f%2BTZ03%2FIL4gnUJxUwPPD5RB5cI0GC0YFeDwMqwbAUVUu%2BV9YfzVbgzV609z%2Fiz76%2BA9yA4LU6T1DgCUxkZFRKqcKc1MkOKAZz1ghrbQA%2B8XmMlgaFqbbkrZGZPBnTmGwauL4X48hMx71%2F5DOxAypaZ0LyD7cfpRgcLET0cQoBbbX4h1%2Bap%2Byfm18R9MKN7mw0Ap4T%2FHyI0j0DDfAr5jbgjcM9FFNzj1NrA%3D%3D HTTP/1.1" 200 0
2021-02-01 17:02:39,982 INFO    Thread-13 :1412 [upload_job.py:push():133] Uploaded file /home/pfrod/architectures/wandb/run-20210201_170234-2y3jh1rb/files/wandb-summary.json
2021-02-01 17:02:39,989 DEBUG   Thread-14 :1412 [connectionpool.py:_make_request():393] https://storage.googleapis.com:443 "PUT /wandb-production.appspot.com/pfrodedelaforet/huggingface/2y3jh1rb/requirements.txt?Expires=1612281759&GoogleAccessId=wandb-production%40appspot.gserviceaccount.com&Signature=cQ8fI3qApWkmLm3MGinNde9M3h5a39brmvlY0QoFwCly%2FxjDxtNs44E%2B99C%2BUZ2KtIThMPcYtE%2B9HI6%2FY1KTLpgohP946DeVJEgAHruE6%2FqbbV7P4HmU8M6V97riFEc3X0Ow1prQ%2FEABGvjHmZht4yAbwtnTQas7VfNEA7rE9wvX4XVDPeK5lGlo0oIzvgbulR4z%2BFL6Aw77%2FPDrULuK7Yw%2BP64HnPt7zJO3r1a1qIYPqpIk816h7ack%2Fiy89Oo%2Bmf1nyHRMwEwi8pQzZ82L2CPZdhtUM5zkuYYSJeyWEpwWuwEyocMUYmIesFFsouWrsAFEwhJ8rpOQynj0cZ3lOw%3D%3D HTTP/1.1" 200 0
2021-02-01 17:02:39,992 INFO    Thread-14 :1412 [upload_job.py:push():133] Uploaded file /home/pfrod/architectures/wandb/run-20210201_170234-2y3jh1rb/files/requirements.txt
2021-02-01 17:02:40,001 DEBUG   Thread-12 :1412 [connectionpool.py:_make_request():393] https://storage.googleapis.com:443 "PUT /wandb-production.appspot.com/pfrodedelaforet/huggingface/2y3jh1rb/config.yaml?Expires=1612281759&GoogleAccessId=wandb-production%40appspot.gserviceaccount.com&Signature=iYO%2BPNfI5xp%2BN%2B0QZNoPXbKt3w7MFFFfSMTiqqL2TBdkoJizG1a1BuqmH4DuxN6SMrlrz%2F%2BZJQ3zzox0fNH7Om70zqAr7Ls1nzvqHcNZ2HxgyNGZY90B1tOCQO%2FglEPpECnh19tOVSp4U%2Bs0S8CfeSE%2F0IQiStjgTsDdq%2BqOFLbwlB4AX%2FphKtbt2A1kW%2FyJZQ4qbrcr0Htp8zDLSAf2jUFeKUEFtW5t%2B93PrcED3ZPnA8owqgn6emkoLweZi3nZtWA1wc%2FcClHpCiqMBToXsEkaxivl4GM%2B2h7zIgm128289Hf3J%2Fgz2m8ZhTZ4FjoLKtfR%2BMT33J%2FSm8HrarcGFg%3D%3D HTTP/1.1" 200 0
2021-02-01 17:02:40,003 INFO    Thread-12 :1412 [upload_job.py:push():133] Uploaded file /home/pfrod/architectures/wandb/run-20210201_170234-2y3jh1rb/files/config.yaml
2021-02-01 17:02:40,032 DEBUG   Thread-15 :1412 [connectionpool.py:_make_request():393] https://storage.googleapis.com:443 "PUT /wandb-production.appspot.com/pfrodedelaforet/huggingface/2y3jh1rb/output.log?Expires=1612281759&GoogleAccessId=wandb-production%40appspot.gserviceaccount.com&Signature=Rq4Bt%2BRZ8oEYSVTdUppum1brjNRX50BX6wMyaankZFlSuBmIoXLS0DGVvjcHwje6B929IESYoK6Ay0u7ogbULldtezNrWlP4qe4dA8jFdwdGBBa%2B7bDHhTZ7Q%2FKCq5J2nUboMivUTu74elW9%2Fe5eLHXkJpSdP73eMoL4ZEDQJiQ0kQ0Ex7EohWUfK7QHqUF7Yd%2BGGfRwis5vaFwgo67Gh86VuFoBVNgdOf9zeIks184MrA4GgdzopTPl2vJBAw7uWd%2FxGd0pqNBisKjeCaf281QpW22dfx7VnC%2Ft2wMI0prm%2FqEznmHzYTfOAgPn6wUrIE6hP5ifGVi%2F9Jyw4brD7A%3D%3D HTTP/1.1" 200 0
2021-02-01 17:02:40,035 INFO    Thread-15 :1412 [upload_job.py:push():133] Uploaded file /home/pfrod/architectures/wandb/run-20210201_170234-2y3jh1rb/files/output.log
2021-02-01 17:02:41,279 DEBUG   HandlerThread:1412 [handler.py:handle_request():55] handle_request: poll_exit
2021-02-01 17:02:41,280 DEBUG   SenderThread:1412 [sender.py:send():117] send: request
2021-02-01 17:02:41,280 DEBUG   SenderThread:1412 [sender.py:send_request():126] send_request: poll_exit
2021-02-01 17:02:41,280 INFO    SenderThread:1412 [file_pusher.py:join():179] waiting for file pusher
2021-02-01 17:02:41,282 DEBUG   HandlerThread:1412 [handler.py:handle_request():55] handle_request: get_summary
2021-02-01 17:02:41,283 DEBUG   HandlerThread:1412 [handler.py:handle_request():55] handle_request: sampled_history
2021-02-01 17:02:41,284 DEBUG   HandlerThread:1412 [handler.py:handle_request():55] handle_request: shutdown
2021-02-01 17:02:41,284 INFO    HandlerThread:1412 [handler.py:finish():274] shutting down handler
2021-02-01 17:02:41,941 INFO    WriterThread:1412 [datastore.py:close():258] close: /home/pfrod/architectures/wandb/run-20210201_170234-2y3jh1rb/run-2y3jh1rb.wandb
2021-02-01 17:02:42,281 INFO    SenderThread:1412 [sender.py:finish():756] shutting down sender
2021-02-01 17:02:42,281 INFO    SenderThread:1412 [file_pusher.py:finish():174] shutting down file pusher
2021-02-01 17:02:42,281 INFO    SenderThread:1412 [file_pusher.py:join():179] waiting for file pusher
2021-02-01 17:02:42,282 INFO    MainThread:1412 [internal.py:handle_exit():139] Internal process exited
