2021-02-01 20:01:03,109 INFO    MainThread:12414 [internal.py:wandb_internal():64] W&B internal server running at pid: 12414
2021-02-01 20:01:03,113 DEBUG   HandlerThread:12414 [handler.py:handle_request():55] handle_request: check_version
2021-02-01 20:01:03,113 INFO    WriterThread:12414 [datastore.py:open_for_write():77] open: /home/pfrod/architectures/wandb/run-20210201_200102-lhw0va0p/run-lhw0va0p.wandb
2021-02-01 20:01:03,115 DEBUG   SenderThread:12414 [sender.py:send():117] send: header
2021-02-01 20:01:03,115 DEBUG   SenderThread:12414 [sender.py:send():117] send: request
2021-02-01 20:01:03,115 DEBUG   SenderThread:12414 [sender.py:send_request():126] send_request: check_version
2021-02-01 20:01:03,120 DEBUG   Thread-4  :12414 [connectionpool.py:_new_conn():813] Starting new HTTPS connection (1): pypi.org:443
2021-02-01 20:01:03,201 DEBUG   Thread-4  :12414 [connectionpool.py:_make_request():393] https://pypi.org:443 "GET /pypi/wandb/json HTTP/1.1" 200 53088
2021-02-01 20:01:03,237 DEBUG   SenderThread:12414 [sender.py:send():117] send: run
2021-02-01 20:01:03,265 DEBUG   SenderThread:12414 [git.py:repo():33] git repository is invalid
2021-02-01 20:01:03,269 DEBUG   SenderThread:12414 [connectionpool.py:_new_conn():813] Starting new HTTPS connection (1): api.wandb.ai:443
2021-02-01 20:01:03,513 DEBUG   SenderThread:12414 [connectionpool.py:_make_request():393] https://api.wandb.ai:443 "POST /graphql HTTP/1.1" 200 None
2021-02-01 20:01:03,524 INFO    SenderThread:12414 [dir_watcher.py:__init__():165] watching files in: /home/pfrod/architectures/wandb/run-20210201_200102-lhw0va0p/files
2021-02-01 20:01:03,524 INFO    SenderThread:12414 [sender.py:_start_run_threads():596] run started: lhw0va0p with start time 1612206062
2021-02-01 20:01:03,528 DEBUG   SenderThread:12414 [sender.py:send():117] send: summary
2021-02-01 20:01:03,528 INFO    SenderThread:12414 [sender.py:_save_file():682] saving file wandb-summary.json with policy end
2021-02-01 20:01:03,530 DEBUG   HandlerThread:12414 [handler.py:handle_request():55] handle_request: run_start
2021-02-01 20:01:04,048 DEBUG   HandlerThread:12414 [tpu_cluster_resolver.py:<module>():36] Falling back to TensorFlow client; we recommended you install the Cloud TPU client directly with pip install cloud-tpu-client.
2021-02-01 20:01:04,526 INFO    Thread-8  :12414 [dir_watcher.py:_on_file_created():213] file/dir created: /home/pfrod/architectures/wandb/run-20210201_200102-lhw0va0p/files/wandb-summary.json
2021-02-01 20:01:04,928 DEBUG   HandlerThread:12414 [meta.py:__init__():34] meta init
2021-02-01 20:01:04,929 DEBUG   HandlerThread:12414 [meta.py:__init__():48] meta init done
2021-02-01 20:01:04,929 DEBUG   HandlerThread:12414 [meta.py:probe():190] probe
2021-02-01 20:01:04,935 DEBUG   HandlerThread:12414 [git.py:repo():33] git repository is invalid
2021-02-01 20:01:04,935 DEBUG   HandlerThread:12414 [meta.py:_save_pip():52] save pip
2021-02-01 20:01:04,935 DEBUG   HandlerThread:12414 [meta.py:_save_pip():66] save pip done
2021-02-01 20:01:04,935 DEBUG   HandlerThread:12414 [meta.py:probe():231] probe done
2021-02-01 20:01:04,938 DEBUG   SenderThread:12414 [sender.py:send():117] send: files
2021-02-01 20:01:04,938 INFO    SenderThread:12414 [sender.py:_save_file():682] saving file wandb-metadata.json with policy now
2021-02-01 20:01:04,948 DEBUG   HandlerThread:12414 [handler.py:handle_request():55] handle_request: status
2021-02-01 20:01:04,949 DEBUG   Thread-11 :12414 [connectionpool.py:_new_conn():813] Starting new HTTPS connection (1): api.wandb.ai:443
2021-02-01 20:01:04,949 DEBUG   SenderThread:12414 [sender.py:send():117] send: request
2021-02-01 20:01:04,950 DEBUG   SenderThread:12414 [sender.py:send_request():126] send_request: status
2021-02-01 20:01:04,955 DEBUG   HandlerThread:12414 [handler.py:handle_request():55] handle_request: poll_exit
2021-02-01 20:01:04,956 DEBUG   SenderThread:12414 [connectionpool.py:_new_conn():813] Starting new HTTPS connection (1): api.wandb.ai:443
2021-02-01 20:01:05,155 DEBUG   SenderThread:12414 [connectionpool.py:_make_request():393] https://api.wandb.ai:443 "POST /graphql HTTP/1.1" 200 None
2021-02-01 20:01:05,159 DEBUG   SenderThread:12414 [sender.py:send():117] send: telemetry
2021-02-01 20:01:05,171 DEBUG   SenderThread:12414 [connectionpool.py:_new_conn():813] Starting new HTTPS connection (1): api.wandb.ai:443
2021-02-01 20:01:05,175 DEBUG   Thread-11 :12414 [connectionpool.py:_make_request():393] https://api.wandb.ai:443 "POST /graphql HTTP/1.1" 200 None
2021-02-01 20:01:05,182 DEBUG   Thread-11 :12414 [connectionpool.py:_new_conn():813] Starting new HTTPS connection (1): storage.googleapis.com:443
2021-02-01 20:01:05,414 DEBUG   SenderThread:12414 [connectionpool.py:_make_request():393] https://api.wandb.ai:443 "POST /graphql HTTP/1.1" 200 None
2021-02-01 20:01:05,445 DEBUG   SenderThread:12414 [sender.py:send():117] send: exit
2021-02-01 20:01:05,445 INFO    SenderThread:12414 [sender.py:send_exit():195] handling exit code: 1
2021-02-01 20:01:05,446 INFO    SenderThread:12414 [sender.py:send_exit():203] send defer
2021-02-01 20:01:05,446 DEBUG   SenderThread:12414 [sender.py:send():117] send: request
2021-02-01 20:01:05,446 DEBUG   SenderThread:12414 [sender.py:send_request():126] send_request: poll_exit
2021-02-01 20:01:05,446 DEBUG   HandlerThread:12414 [handler.py:handle_request():55] handle_request: defer
2021-02-01 20:01:05,447 INFO    HandlerThread:12414 [handler.py:handle_request_defer():69] handle defer: 0
2021-02-01 20:01:05,447 DEBUG   SenderThread:12414 [sender.py:send():117] send: request
2021-02-01 20:01:05,447 DEBUG   SenderThread:12414 [sender.py:send_request():126] send_request: defer
2021-02-01 20:01:05,447 INFO    SenderThread:12414 [sender.py:send_request_defer():212] handle sender defer: 0
2021-02-01 20:01:05,447 INFO    SenderThread:12414 [sender.py:send_request_defer():248] send defer: 1
2021-02-01 20:01:05,447 DEBUG   HandlerThread:12414 [handler.py:handle_request():55] handle_request: defer
2021-02-01 20:01:05,447 INFO    HandlerThread:12414 [handler.py:handle_request_defer():69] handle defer: 1
2021-02-01 20:01:05,512 DEBUG   SenderThread:12414 [sender.py:send():117] send: request
2021-02-01 20:01:05,512 DEBUG   SenderThread:12414 [sender.py:send_request():126] send_request: defer
2021-02-01 20:01:05,512 INFO    SenderThread:12414 [sender.py:send_request_defer():212] handle sender defer: 1
2021-02-01 20:01:05,512 INFO    SenderThread:12414 [sender.py:send_request_defer():248] send defer: 2
2021-02-01 20:01:05,512 DEBUG   SenderThread:12414 [sender.py:send():117] send: stats
2021-02-01 20:01:05,513 DEBUG   HandlerThread:12414 [handler.py:handle_request():55] handle_request: defer
2021-02-01 20:01:05,513 INFO    HandlerThread:12414 [handler.py:handle_request_defer():69] handle defer: 2
2021-02-01 20:01:05,513 DEBUG   SenderThread:12414 [sender.py:send():117] send: request
2021-02-01 20:01:05,513 DEBUG   SenderThread:12414 [sender.py:send_request():126] send_request: defer
2021-02-01 20:01:05,513 INFO    SenderThread:12414 [sender.py:send_request_defer():212] handle sender defer: 2
2021-02-01 20:01:05,514 INFO    SenderThread:12414 [sender.py:send_request_defer():248] send defer: 3
2021-02-01 20:01:05,514 DEBUG   HandlerThread:12414 [handler.py:handle_request():55] handle_request: defer
2021-02-01 20:01:05,514 INFO    HandlerThread:12414 [handler.py:handle_request_defer():69] handle defer: 3
2021-02-01 20:01:05,514 DEBUG   SenderThread:12414 [sender.py:send():117] send: summary
2021-02-01 20:01:05,515 INFO    SenderThread:12414 [sender.py:_save_file():682] saving file wandb-summary.json with policy end
2021-02-01 20:01:05,515 DEBUG   SenderThread:12414 [sender.py:send():117] send: request
2021-02-01 20:01:05,515 DEBUG   SenderThread:12414 [sender.py:send_request():126] send_request: defer
2021-02-01 20:01:05,515 INFO    SenderThread:12414 [sender.py:send_request_defer():212] handle sender defer: 3
2021-02-01 20:01:05,515 INFO    SenderThread:12414 [sender.py:send_request_defer():248] send defer: 4
2021-02-01 20:01:05,515 DEBUG   HandlerThread:12414 [handler.py:handle_request():55] handle_request: defer
2021-02-01 20:01:05,515 INFO    HandlerThread:12414 [handler.py:handle_request_defer():69] handle defer: 4
2021-02-01 20:01:05,516 DEBUG   SenderThread:12414 [sender.py:send():117] send: request
2021-02-01 20:01:05,516 DEBUG   SenderThread:12414 [sender.py:send_request():126] send_request: defer
2021-02-01 20:01:05,516 INFO    SenderThread:12414 [sender.py:send_request_defer():212] handle sender defer: 4
2021-02-01 20:01:05,516 INFO    SenderThread:12414 [dir_watcher.py:finish():279] shutting down directory watcher
2021-02-01 20:01:05,526 INFO    Thread-8  :12414 [dir_watcher.py:_on_file_modified():226] file/dir modified: /home/pfrod/architectures/wandb/run-20210201_200102-lhw0va0p/files/wandb-summary.json
2021-02-01 20:01:05,527 INFO    SenderThread:12414 [dir_watcher.py:_on_file_modified():226] file/dir modified: /home/pfrod/architectures/wandb/run-20210201_200102-lhw0va0p/files/config.yaml
2021-02-01 20:01:05,527 INFO    SenderThread:12414 [dir_watcher.py:_on_file_created():213] file/dir created: /home/pfrod/architectures/wandb/run-20210201_200102-lhw0va0p/files/wandb-metadata.json
2021-02-01 20:01:05,528 INFO    SenderThread:12414 [dir_watcher.py:_on_file_created():213] file/dir created: /home/pfrod/architectures/wandb/run-20210201_200102-lhw0va0p/files/requirements.txt
2021-02-01 20:01:05,528 INFO    SenderThread:12414 [dir_watcher.py:_on_file_created():213] file/dir created: /home/pfrod/architectures/wandb/run-20210201_200102-lhw0va0p/files/output.log
2021-02-01 20:01:05,528 INFO    SenderThread:12414 [dir_watcher.py:finish():309] scan: /home/pfrod/architectures/wandb/run-20210201_200102-lhw0va0p/files
2021-02-01 20:01:05,528 INFO    SenderThread:12414 [dir_watcher.py:finish():315] scan save: /home/pfrod/architectures/wandb/run-20210201_200102-lhw0va0p/files/config.yaml config.yaml
2021-02-01 20:01:05,529 INFO    SenderThread:12414 [dir_watcher.py:finish():315] scan save: /home/pfrod/architectures/wandb/run-20210201_200102-lhw0va0p/files/wandb-summary.json wandb-summary.json
2021-02-01 20:01:05,529 INFO    SenderThread:12414 [dir_watcher.py:finish():315] scan save: /home/pfrod/architectures/wandb/run-20210201_200102-lhw0va0p/files/requirements.txt requirements.txt
2021-02-01 20:01:05,529 INFO    SenderThread:12414 [dir_watcher.py:finish():315] scan save: /home/pfrod/architectures/wandb/run-20210201_200102-lhw0va0p/files/wandb-metadata.json wandb-metadata.json
2021-02-01 20:01:05,529 INFO    SenderThread:12414 [dir_watcher.py:finish():315] scan save: /home/pfrod/architectures/wandb/run-20210201_200102-lhw0va0p/files/output.log output.log
2021-02-01 20:01:05,530 INFO    SenderThread:12414 [sender.py:send_request_defer():248] send defer: 5
2021-02-01 20:01:05,531 DEBUG   HandlerThread:12414 [handler.py:handle_request():55] handle_request: defer
2021-02-01 20:01:05,536 INFO    HandlerThread:12414 [handler.py:handle_request_defer():69] handle defer: 5
2021-02-01 20:01:05,544 DEBUG   Thread-12 :12414 [connectionpool.py:_new_conn():813] Starting new HTTPS connection (1): api.wandb.ai:443
2021-02-01 20:01:05,550 DEBUG   SenderThread:12414 [sender.py:send():117] send: request
2021-02-01 20:01:05,552 DEBUG   Thread-13 :12414 [connectionpool.py:_new_conn():813] Starting new HTTPS connection (1): api.wandb.ai:443
2021-02-01 20:01:05,552 DEBUG   SenderThread:12414 [sender.py:send_request():126] send_request: defer
2021-02-01 20:01:05,560 DEBUG   Thread-11 :12414 [connectionpool.py:_make_request():393] https://storage.googleapis.com:443 "PUT /wandb-production.appspot.com/pfrodedelaforet/huggingface/lhw0va0p/wandb-metadata.json?Expires=1612292465&GoogleAccessId=wandb-production%40appspot.gserviceaccount.com&Signature=Y%2BRoGbGehP8NzkjEHcmTZGz6PdeM0czg%2BI4wswIN0bE%2BEXV74eWia1%2Fy5z32Y2EIFISXu6uwwENKdF8Fhw8%2FE%2FizOSowqkIbFH%2BmJ38uf1cc72PYzzf7A0IpvP%2FVxEmmPJZpltrnFMHyB6IJcAazFHS1rlUK12J2VZ7W%2FgFsSYQ4TQrID7YQ1YJRCPutcPKrYlZ%2FHvAxxDl%2Fc%2Fp3DYMQL6aAQsKMX5L5rFAW0c%2F%2BSQ07KcdMcIv%2Betoh39KnQF8pVhiw9W98l6jqz8guZErWqFnU4SaZQ1iUt40gazKwOv0eU7M643jf4mum3sVMY4ROVeA1YGk9M%2FUXMKy%2BMMxtPA%3D%3D HTTP/1.1" 200 0
2021-02-01 20:01:05,560 DEBUG   Thread-15 :12414 [connectionpool.py:_new_conn():813] Starting new HTTPS connection (1): api.wandb.ai:443
2021-02-01 20:01:05,561 DEBUG   Thread-14 :12414 [connectionpool.py:_new_conn():813] Starting new HTTPS connection (1): api.wandb.ai:443
2021-02-01 20:01:05,561 INFO    SenderThread:12414 [sender.py:send_request_defer():212] handle sender defer: 5
2021-02-01 20:01:05,564 INFO    Thread-11 :12414 [upload_job.py:push():133] Uploaded file /tmp/tmpjbx6f41iwandb/3gh0oa2t-wandb-metadata.json
2021-02-01 20:01:05,565 INFO    SenderThread:12414 [file_pusher.py:finish():174] shutting down file pusher
2021-02-01 20:01:05,566 INFO    SenderThread:12414 [sender.py:send_request_defer():248] send defer: 6
2021-02-01 20:01:05,567 DEBUG   HandlerThread:12414 [handler.py:handle_request():55] handle_request: defer
2021-02-01 20:01:05,567 INFO    HandlerThread:12414 [handler.py:handle_request_defer():69] handle defer: 6
2021-02-01 20:01:05,567 DEBUG   SenderThread:12414 [sender.py:send():117] send: request
2021-02-01 20:01:05,567 DEBUG   SenderThread:12414 [sender.py:send_request():126] send_request: defer
2021-02-01 20:01:05,567 INFO    SenderThread:12414 [sender.py:send_request_defer():212] handle sender defer: 6
2021-02-01 20:01:05,570 DEBUG   Thread-5  :12414 [connectionpool.py:_new_conn():813] Starting new HTTPS connection (1): api.wandb.ai:443
2021-02-01 20:01:05,758 DEBUG   Thread-12 :12414 [connectionpool.py:_make_request():393] https://api.wandb.ai:443 "POST /graphql HTTP/1.1" 200 None
2021-02-01 20:01:05,765 DEBUG   Thread-12 :12414 [connectionpool.py:_new_conn():813] Starting new HTTPS connection (1): storage.googleapis.com:443
2021-02-01 20:01:05,781 DEBUG   Thread-14 :12414 [connectionpool.py:_make_request():393] https://api.wandb.ai:443 "POST /graphql HTTP/1.1" 200 None
2021-02-01 20:01:05,783 DEBUG   Thread-13 :12414 [connectionpool.py:_make_request():393] https://api.wandb.ai:443 "POST /graphql HTTP/1.1" 200 None
2021-02-01 20:01:05,792 DEBUG   Thread-14 :12414 [connectionpool.py:_new_conn():813] Starting new HTTPS connection (1): storage.googleapis.com:443
2021-02-01 20:01:05,795 DEBUG   Thread-13 :12414 [connectionpool.py:_new_conn():813] Starting new HTTPS connection (1): storage.googleapis.com:443
2021-02-01 20:01:05,796 DEBUG   Thread-15 :12414 [connectionpool.py:_make_request():393] https://api.wandb.ai:443 "POST /graphql HTTP/1.1" 200 None
2021-02-01 20:01:05,802 DEBUG   Thread-15 :12414 [connectionpool.py:_new_conn():813] Starting new HTTPS connection (1): storage.googleapis.com:443
2021-02-01 20:01:05,817 DEBUG   Thread-5  :12414 [connectionpool.py:_make_request():393] https://api.wandb.ai:443 "POST /files/pfrodedelaforet/huggingface/lhw0va0p/file_stream HTTP/1.1" 200 None
2021-02-01 20:01:05,962 DEBUG   Thread-5  :12414 [connectionpool.py:_make_request():393] https://api.wandb.ai:443 "POST /files/pfrodedelaforet/huggingface/lhw0va0p/file_stream HTTP/1.1" 200 None
2021-02-01 20:01:05,965 INFO    SenderThread:12414 [sender.py:send_request_defer():248] send defer: 7
2021-02-01 20:01:05,966 DEBUG   HandlerThread:12414 [handler.py:handle_request():55] handle_request: defer
2021-02-01 20:01:05,966 INFO    HandlerThread:12414 [handler.py:handle_request_defer():69] handle defer: 7
2021-02-01 20:01:05,966 DEBUG   SenderThread:12414 [sender.py:send():117] send: request
2021-02-01 20:01:05,966 DEBUG   SenderThread:12414 [sender.py:send_request():126] send_request: defer
2021-02-01 20:01:05,966 INFO    SenderThread:12414 [sender.py:send_request_defer():212] handle sender defer: 7
2021-02-01 20:01:05,966 INFO    SenderThread:12414 [sender.py:send_request_defer():248] send defer: 8
2021-02-01 20:01:05,967 DEBUG   SenderThread:12414 [sender.py:send():117] send: final
2021-02-01 20:01:05,968 DEBUG   SenderThread:12414 [sender.py:send():117] send: footer
2021-02-01 20:01:05,968 DEBUG   HandlerThread:12414 [handler.py:handle_request():55] handle_request: defer
2021-02-01 20:01:05,968 INFO    HandlerThread:12414 [handler.py:handle_request_defer():69] handle defer: 8
2021-02-01 20:01:05,968 DEBUG   SenderThread:12414 [sender.py:send():117] send: request
2021-02-01 20:01:05,968 DEBUG   SenderThread:12414 [sender.py:send_request():126] send_request: defer
2021-02-01 20:01:05,968 INFO    SenderThread:12414 [sender.py:send_request_defer():212] handle sender defer: 8
2021-02-01 20:01:06,124 DEBUG   Thread-12 :12414 [connectionpool.py:_make_request():393] https://storage.googleapis.com:443 "PUT /wandb-production.appspot.com/pfrodedelaforet/huggingface/lhw0va0p/config.yaml?Expires=1612292465&GoogleAccessId=wandb-production%40appspot.gserviceaccount.com&Signature=GI1tbYGgCyuNVD6bgSxalV2JPtz6vfyWDWGoywACPulydDuF7mL6LzlB57YiWhrk%2FBGRpazRHlZh9BJtDjHvKkOehWoGVZOKwl5YVQw3z29LRi5RuOWi%2F7S3U9g5s3Oq599gK0yB4c5jjho7xWr1RIUS0cEhgGIw8b6QERKMmFU3lYCQ7qVobaI2gssZc3hrfYEPq8Dx2o9el48fFlqDhlvfxGSimHHGKxgKYT0AneegNxmkKs0E6rGfwNG%2BecH390Z8lz3HlOzSPNQDCbofIrE%2BUgN2XGw97yfpI9uuQntltwrmMqcZpZWcRM8VTnJJqjjHIHm9%2BXG9GuovNW2PCg%3D%3D HTTP/1.1" 200 0
2021-02-01 20:01:06,126 INFO    Thread-12 :12414 [upload_job.py:push():133] Uploaded file /home/pfrod/architectures/wandb/run-20210201_200102-lhw0va0p/files/config.yaml
2021-02-01 20:01:06,144 DEBUG   Thread-15 :12414 [connectionpool.py:_make_request():393] https://storage.googleapis.com:443 "PUT /wandb-production.appspot.com/pfrodedelaforet/huggingface/lhw0va0p/output.log?Expires=1612292465&GoogleAccessId=wandb-production%40appspot.gserviceaccount.com&Signature=GSmGsgb4vSK6kD%2BvbUdlrg609WG4E7WDRscidzOtCz%2F27joY3T%2B3ySj79H3xVNuJHus1JWxhEWlJoWF%2FMw7z3aUachIDrsFNZqYqJ%2BSBG8nElyK3FCiBpoIaHLdjEgYGHpJcF1tvYXx%2Fp10rdpCJhHObOfts0wGDOIw1bYN10B07BHdOp4juYD2PmnOyZbEa%2FJtaycE%2Fk94OHAgyiiDoLXLFJuZSgwyQkqX6TVwCvJs4359Z7tR8f37SA4NtizCZKbanedNyM5Gg4oZ%2FZR9yvmybD4D8HuhysF3y4tiyh0Oy3pN1fs7995bOYTTNxqQ6qWk5q5z7tf0i7SPRdS4ERw%3D%3D HTTP/1.1" 200 0
2021-02-01 20:01:06,146 INFO    Thread-15 :12414 [upload_job.py:push():133] Uploaded file /home/pfrod/architectures/wandb/run-20210201_200102-lhw0va0p/files/output.log
2021-02-01 20:01:06,153 DEBUG   Thread-13 :12414 [connectionpool.py:_make_request():393] https://storage.googleapis.com:443 "PUT /wandb-production.appspot.com/pfrodedelaforet/huggingface/lhw0va0p/wandb-summary.json?Expires=1612292465&GoogleAccessId=wandb-production%40appspot.gserviceaccount.com&Signature=YpHdacs9Mv3RKZUdWqaBpHGDKvTexvD0QxhdgIW8juQomMfrdqVolGCPMvaLj%2BglF0fqL%2BCh%2FH3dPRTfFWTShQcKqhthhLqNI6e2Ab3h7KTJ68rG5luRTDWFM%2BdyyPidZiCRj3bJYEkJZtpVyR1Kctm6Fvnb0IdvrorsSAILPIsmDTf%2Bax4ohENxyHKG8hzGQY%2BFz39LAZ3SkO7n1gBEiZhdysOZqua0qfP1tVfZUEmQMHI2cpUYWAmexHixxhqFJ1IzE%2FnmQMk6DhAxsElJ8Z%2BytX%2B5lf6cSqoS243wljVafJ6aN%2BtZ65ypsY67skPgixGA5K1OztjBfptMAHo4IQ%3D%3D HTTP/1.1" 200 0
2021-02-01 20:01:06,155 INFO    Thread-13 :12414 [upload_job.py:push():133] Uploaded file /home/pfrod/architectures/wandb/run-20210201_200102-lhw0va0p/files/wandb-summary.json
2021-02-01 20:01:06,184 DEBUG   Thread-14 :12414 [connectionpool.py:_make_request():393] https://storage.googleapis.com:443 "PUT /wandb-production.appspot.com/pfrodedelaforet/huggingface/lhw0va0p/requirements.txt?Expires=1612292465&GoogleAccessId=wandb-production%40appspot.gserviceaccount.com&Signature=TiIqiXL80IJ49rQtGyjzW04GYE%2BZ1Dh%2BT8sc32PsTkG1aTcx76wdUj2zoexljUVMm8woaE5HSFvo53z1Bf99wN0C1aT2FZAfIOUdgWqRvfk8eh8P4GEfKhBv7lSTFTIAEgbKuesZaQEjwfUFBwhNbgVzet7WFoQ90A1ykOSxLbg2ahArQisOQ%2BH%2BkBx2VCkMCX6LlcFzImVYMKD%2BArmQ2EuEtecOpbqY%2FyNuLPclRdzvOAtfQr4xRKSixG9sTBt03MlglEWgtLR6ozobsEP9mYkmluGJxcdSfzHSfLqKm34x%2B0z3LiO1XTLJ9X9yU%2F6%2BdW%2Fplel6Q0eeLR%2FY4vBhSw%3D%3D HTTP/1.1" 200 0
2021-02-01 20:01:06,186 INFO    Thread-14 :12414 [upload_job.py:push():133] Uploaded file /home/pfrod/architectures/wandb/run-20210201_200102-lhw0va0p/files/requirements.txt
2021-02-01 20:01:07,450 DEBUG   HandlerThread:12414 [handler.py:handle_request():55] handle_request: poll_exit
2021-02-01 20:01:07,451 DEBUG   SenderThread:12414 [sender.py:send():117] send: request
2021-02-01 20:01:07,451 DEBUG   SenderThread:12414 [sender.py:send_request():126] send_request: poll_exit
2021-02-01 20:01:07,451 INFO    SenderThread:12414 [file_pusher.py:join():179] waiting for file pusher
2021-02-01 20:01:07,453 DEBUG   HandlerThread:12414 [handler.py:handle_request():55] handle_request: get_summary
2021-02-01 20:01:07,453 DEBUG   HandlerThread:12414 [handler.py:handle_request():55] handle_request: sampled_history
2021-02-01 20:01:07,454 DEBUG   HandlerThread:12414 [handler.py:handle_request():55] handle_request: shutdown
2021-02-01 20:01:07,454 INFO    HandlerThread:12414 [handler.py:finish():274] shutting down handler
2021-02-01 20:01:07,968 INFO    WriterThread:12414 [datastore.py:close():258] close: /home/pfrod/architectures/wandb/run-20210201_200102-lhw0va0p/run-lhw0va0p.wandb
2021-02-01 20:01:08,452 INFO    SenderThread:12414 [sender.py:finish():756] shutting down sender
2021-02-01 20:01:08,452 INFO    SenderThread:12414 [file_pusher.py:finish():174] shutting down file pusher
2021-02-01 20:01:08,452 INFO    SenderThread:12414 [file_pusher.py:join():179] waiting for file pusher
2021-02-01 20:01:08,453 INFO    MainThread:12414 [internal.py:handle_exit():139] Internal process exited
