2021-02-01 12:36:35,213 INFO    MainThread:29024 [internal.py:wandb_internal():64] W&B internal server running at pid: 29024
2021-02-01 12:36:35,217 DEBUG   HandlerThread:29024 [handler.py:handle_request():55] handle_request: check_version
2021-02-01 12:36:35,217 INFO    WriterThread:29024 [datastore.py:open_for_write():77] open: /home/pfrod/architectures/wandb/run-20210201_123634-2jftdun1/run-2jftdun1.wandb
2021-02-01 12:36:35,218 DEBUG   SenderThread:29024 [sender.py:send():117] send: header
2021-02-01 12:36:35,219 DEBUG   SenderThread:29024 [sender.py:send():117] send: request
2021-02-01 12:36:35,219 DEBUG   SenderThread:29024 [sender.py:send_request():126] send_request: check_version
2021-02-01 12:36:35,224 DEBUG   Thread-4  :29024 [connectionpool.py:_new_conn():813] Starting new HTTPS connection (1): pypi.org:443
2021-02-01 12:36:35,306 DEBUG   Thread-4  :29024 [connectionpool.py:_make_request():393] https://pypi.org:443 "GET /pypi/wandb/json HTTP/1.1" 200 53088
2021-02-01 12:36:35,342 DEBUG   SenderThread:29024 [sender.py:send():117] send: run
2021-02-01 12:36:35,370 DEBUG   SenderThread:29024 [git.py:repo():33] git repository is invalid
2021-02-01 12:36:35,374 DEBUG   SenderThread:29024 [connectionpool.py:_new_conn():813] Starting new HTTPS connection (1): api.wandb.ai:443
2021-02-01 12:36:35,619 DEBUG   SenderThread:29024 [connectionpool.py:_make_request():393] https://api.wandb.ai:443 "POST /graphql HTTP/1.1" 200 None
2021-02-01 12:36:35,631 INFO    SenderThread:29024 [dir_watcher.py:__init__():165] watching files in: /home/pfrod/architectures/wandb/run-20210201_123634-2jftdun1/files
2021-02-01 12:36:35,631 INFO    SenderThread:29024 [sender.py:_start_run_threads():596] run started: 2jftdun1 with start time 1612179394
2021-02-01 12:36:35,635 DEBUG   SenderThread:29024 [sender.py:send():117] send: summary
2021-02-01 12:36:35,636 INFO    SenderThread:29024 [sender.py:_save_file():682] saving file wandb-summary.json with policy end
2021-02-01 12:36:35,638 DEBUG   HandlerThread:29024 [handler.py:handle_request():55] handle_request: run_start
2021-02-01 12:36:36,165 DEBUG   HandlerThread:29024 [tpu_cluster_resolver.py:<module>():36] Falling back to TensorFlow client; we recommended you install the Cloud TPU client directly with pip install cloud-tpu-client.
2021-02-01 12:36:36,636 INFO    Thread-8  :29024 [dir_watcher.py:_on_file_created():213] file/dir created: /home/pfrod/architectures/wandb/run-20210201_123634-2jftdun1/files/wandb-summary.json
2021-02-01 12:36:37,151 DEBUG   HandlerThread:29024 [meta.py:__init__():34] meta init
2021-02-01 12:36:37,151 DEBUG   HandlerThread:29024 [meta.py:__init__():48] meta init done
2021-02-01 12:36:37,151 DEBUG   HandlerThread:29024 [meta.py:probe():190] probe
2021-02-01 12:36:37,157 DEBUG   HandlerThread:29024 [git.py:repo():33] git repository is invalid
2021-02-01 12:36:37,157 DEBUG   HandlerThread:29024 [meta.py:_save_pip():52] save pip
2021-02-01 12:36:37,158 DEBUG   HandlerThread:29024 [meta.py:_save_pip():66] save pip done
2021-02-01 12:36:37,158 DEBUG   HandlerThread:29024 [meta.py:probe():231] probe done
2021-02-01 12:36:37,160 DEBUG   SenderThread:29024 [sender.py:send():117] send: files
2021-02-01 12:36:37,161 INFO    SenderThread:29024 [sender.py:_save_file():682] saving file wandb-metadata.json with policy now
2021-02-01 12:36:37,166 DEBUG   Thread-11 :29024 [connectionpool.py:_new_conn():813] Starting new HTTPS connection (1): api.wandb.ai:443
2021-02-01 12:36:37,170 DEBUG   HandlerThread:29024 [handler.py:handle_request():55] handle_request: status
2021-02-01 12:36:37,170 DEBUG   SenderThread:29024 [sender.py:send():117] send: request
2021-02-01 12:36:37,170 DEBUG   SenderThread:29024 [sender.py:send_request():126] send_request: status
2021-02-01 12:36:37,173 DEBUG   SenderThread:29024 [connectionpool.py:_new_conn():813] Starting new HTTPS connection (1): api.wandb.ai:443
2021-02-01 12:36:37,378 DEBUG   SenderThread:29024 [connectionpool.py:_make_request():393] https://api.wandb.ai:443 "POST /graphql HTTP/1.1" 200 None
2021-02-01 12:36:37,384 DEBUG   Thread-11 :29024 [connectionpool.py:_make_request():393] https://api.wandb.ai:443 "POST /graphql HTTP/1.1" 200 None
2021-02-01 12:36:37,391 DEBUG   Thread-11 :29024 [connectionpool.py:_new_conn():813] Starting new HTTPS connection (1): storage.googleapis.com:443
2021-02-01 12:36:37,633 INFO    Thread-8  :29024 [dir_watcher.py:_on_file_created():213] file/dir created: /home/pfrod/architectures/wandb/run-20210201_123634-2jftdun1/files/output.log
2021-02-01 12:36:37,634 INFO    Thread-8  :29024 [dir_watcher.py:_on_file_created():213] file/dir created: /home/pfrod/architectures/wandb/run-20210201_123634-2jftdun1/files/requirements.txt
2021-02-01 12:36:37,635 INFO    Thread-8  :29024 [dir_watcher.py:_on_file_created():213] file/dir created: /home/pfrod/architectures/wandb/run-20210201_123634-2jftdun1/files/wandb-metadata.json
2021-02-01 12:36:37,852 DEBUG   Thread-11 :29024 [connectionpool.py:_make_request():393] https://storage.googleapis.com:443 "PUT /wandb-production.appspot.com/pfrodedelaforet/huggingface/2jftdun1/wandb-metadata.json?Expires=1612265797&GoogleAccessId=wandb-production%40appspot.gserviceaccount.com&Signature=jIGVkj1%2FTApNn24lDx1kM9rcQxS1khVVTHi4PxsWB3so%2FElUx6eTw9BjdNx14OU1V1Aer%2F9TEhcU4z1PZL1X1vF%2F2sLmVE5zVqbHMPhqyix%2BcDq6uZUm7iYySU0sGnuO9z2yWYXZGztpq%2FZQMucP49p0C7d1fxfvBwAb%2BjSIZxWTbWQIjHBHrlmujTaGm8EIYJgkneMLEBzOe5YkX5oO%2BVhq%2FfSo7ZXEfOd1UrEbPqNJyFczobocx1QSJNQjGdA6Q0PFQf2hWiRx1bLEbVZLFwngzr36HuSCXB0q7IerV0uX40bq7PylQEBNGznz6nHc7wwp6ZhWlb%2BcaP07lZciOA%3D%3D HTTP/1.1" 200 0
2021-02-01 12:36:37,854 INFO    Thread-11 :29024 [upload_job.py:push():133] Uploaded file /tmp/tmpeixfrjvtwandb/ild6mghq-wandb-metadata.json
2021-02-01 12:36:39,123 DEBUG   Thread-5  :29024 [connectionpool.py:_new_conn():813] Starting new HTTPS connection (1): api.wandb.ai:443
2021-02-01 12:36:39,124 DEBUG   HandlerThread:29024 [handler.py:handle_request():55] handle_request: poll_exit
2021-02-01 12:36:39,125 DEBUG   SenderThread:29024 [sender.py:send():117] send: telemetry
2021-02-01 12:36:39,138 DEBUG   SenderThread:29024 [connectionpool.py:_new_conn():813] Starting new HTTPS connection (1): api.wandb.ai:443
2021-02-01 12:36:39,347 DEBUG   Thread-5  :29024 [connectionpool.py:_make_request():393] https://api.wandb.ai:443 "POST /files/pfrodedelaforet/huggingface/2jftdun1/file_stream HTTP/1.1" 200 None
2021-02-01 12:36:39,381 DEBUG   SenderThread:29024 [connectionpool.py:_make_request():393] https://api.wandb.ai:443 "POST /graphql HTTP/1.1" 200 None
2021-02-01 12:36:39,413 DEBUG   SenderThread:29024 [sender.py:send():117] send: exit
2021-02-01 12:36:39,413 INFO    SenderThread:29024 [sender.py:send_exit():195] handling exit code: 1
2021-02-01 12:36:39,413 INFO    SenderThread:29024 [sender.py:send_exit():203] send defer
2021-02-01 12:36:39,413 DEBUG   SenderThread:29024 [sender.py:send():117] send: request
2021-02-01 12:36:39,413 DEBUG   SenderThread:29024 [sender.py:send_request():126] send_request: poll_exit
2021-02-01 12:36:39,414 DEBUG   HandlerThread:29024 [handler.py:handle_request():55] handle_request: defer
2021-02-01 12:36:39,414 INFO    HandlerThread:29024 [handler.py:handle_request_defer():69] handle defer: 0
2021-02-01 12:36:39,415 DEBUG   SenderThread:29024 [sender.py:send():117] send: request
2021-02-01 12:36:39,415 DEBUG   SenderThread:29024 [sender.py:send_request():126] send_request: defer
2021-02-01 12:36:39,415 INFO    SenderThread:29024 [sender.py:send_request_defer():212] handle sender defer: 0
2021-02-01 12:36:39,415 INFO    SenderThread:29024 [sender.py:send_request_defer():248] send defer: 1
2021-02-01 12:36:39,415 DEBUG   HandlerThread:29024 [handler.py:handle_request():55] handle_request: defer
2021-02-01 12:36:39,415 INFO    HandlerThread:29024 [handler.py:handle_request_defer():69] handle defer: 1
2021-02-01 12:36:39,460 DEBUG   SenderThread:29024 [sender.py:send():117] send: request
2021-02-01 12:36:39,460 DEBUG   SenderThread:29024 [sender.py:send_request():126] send_request: defer
2021-02-01 12:36:39,460 INFO    SenderThread:29024 [sender.py:send_request_defer():212] handle sender defer: 1
2021-02-01 12:36:39,461 INFO    SenderThread:29024 [sender.py:send_request_defer():248] send defer: 2
2021-02-01 12:36:39,461 DEBUG   SenderThread:29024 [sender.py:send():117] send: stats
2021-02-01 12:36:39,461 DEBUG   HandlerThread:29024 [handler.py:handle_request():55] handle_request: defer
2021-02-01 12:36:39,462 INFO    HandlerThread:29024 [handler.py:handle_request_defer():69] handle defer: 2
2021-02-01 12:36:39,462 DEBUG   SenderThread:29024 [sender.py:send():117] send: request
2021-02-01 12:36:39,462 DEBUG   SenderThread:29024 [sender.py:send_request():126] send_request: defer
2021-02-01 12:36:39,462 INFO    SenderThread:29024 [sender.py:send_request_defer():212] handle sender defer: 2
2021-02-01 12:36:39,462 INFO    SenderThread:29024 [sender.py:send_request_defer():248] send defer: 3
2021-02-01 12:36:39,463 DEBUG   HandlerThread:29024 [handler.py:handle_request():55] handle_request: defer
2021-02-01 12:36:39,463 INFO    HandlerThread:29024 [handler.py:handle_request_defer():69] handle defer: 3
2021-02-01 12:36:39,463 DEBUG   SenderThread:29024 [sender.py:send():117] send: summary
2021-02-01 12:36:39,464 INFO    SenderThread:29024 [sender.py:_save_file():682] saving file wandb-summary.json with policy end
2021-02-01 12:36:39,465 DEBUG   SenderThread:29024 [sender.py:send():117] send: request
2021-02-01 12:36:39,465 DEBUG   SenderThread:29024 [sender.py:send_request():126] send_request: defer
2021-02-01 12:36:39,465 INFO    SenderThread:29024 [sender.py:send_request_defer():212] handle sender defer: 3
2021-02-01 12:36:39,465 INFO    SenderThread:29024 [sender.py:send_request_defer():248] send defer: 4
2021-02-01 12:36:39,465 DEBUG   HandlerThread:29024 [handler.py:handle_request():55] handle_request: defer
2021-02-01 12:36:39,466 INFO    HandlerThread:29024 [handler.py:handle_request_defer():69] handle defer: 4
2021-02-01 12:36:39,466 DEBUG   SenderThread:29024 [sender.py:send():117] send: request
2021-02-01 12:36:39,466 DEBUG   SenderThread:29024 [sender.py:send_request():126] send_request: defer
2021-02-01 12:36:39,466 INFO    SenderThread:29024 [sender.py:send_request_defer():212] handle sender defer: 4
2021-02-01 12:36:39,466 INFO    SenderThread:29024 [dir_watcher.py:finish():279] shutting down directory watcher
2021-02-01 12:36:39,635 INFO    Thread-8  :29024 [dir_watcher.py:_on_file_modified():226] file/dir modified: /home/pfrod/architectures/wandb/run-20210201_123634-2jftdun1/files/output.log
2021-02-01 12:36:39,636 INFO    SenderThread:29024 [dir_watcher.py:_on_file_modified():226] file/dir modified: /home/pfrod/architectures/wandb/run-20210201_123634-2jftdun1/files/config.yaml
2021-02-01 12:36:39,636 INFO    SenderThread:29024 [dir_watcher.py:_on_file_modified():226] file/dir modified: /home/pfrod/architectures/wandb/run-20210201_123634-2jftdun1/files/wandb-summary.json
2021-02-01 12:36:39,637 INFO    SenderThread:29024 [dir_watcher.py:finish():309] scan: /home/pfrod/architectures/wandb/run-20210201_123634-2jftdun1/files
2021-02-01 12:36:39,637 INFO    SenderThread:29024 [dir_watcher.py:finish():315] scan save: /home/pfrod/architectures/wandb/run-20210201_123634-2jftdun1/files/config.yaml config.yaml
2021-02-01 12:36:39,637 INFO    SenderThread:29024 [dir_watcher.py:finish():315] scan save: /home/pfrod/architectures/wandb/run-20210201_123634-2jftdun1/files/wandb-summary.json wandb-summary.json
2021-02-01 12:36:39,637 INFO    SenderThread:29024 [dir_watcher.py:finish():315] scan save: /home/pfrod/architectures/wandb/run-20210201_123634-2jftdun1/files/requirements.txt requirements.txt
2021-02-01 12:36:39,638 INFO    SenderThread:29024 [dir_watcher.py:finish():315] scan save: /home/pfrod/architectures/wandb/run-20210201_123634-2jftdun1/files/wandb-metadata.json wandb-metadata.json
2021-02-01 12:36:39,638 INFO    SenderThread:29024 [dir_watcher.py:finish():315] scan save: /home/pfrod/architectures/wandb/run-20210201_123634-2jftdun1/files/output.log output.log
2021-02-01 12:36:39,645 DEBUG   Thread-12 :29024 [connectionpool.py:_new_conn():813] Starting new HTTPS connection (1): api.wandb.ai:443
2021-02-01 12:36:39,652 DEBUG   Thread-13 :29024 [connectionpool.py:_new_conn():813] Starting new HTTPS connection (1): api.wandb.ai:443
2021-02-01 12:36:39,653 INFO    SenderThread:29024 [sender.py:send_request_defer():248] send defer: 5
2021-02-01 12:36:39,660 DEBUG   Thread-14 :29024 [connectionpool.py:_new_conn():813] Starting new HTTPS connection (1): api.wandb.ai:443
2021-02-01 12:36:39,662 DEBUG   HandlerThread:29024 [handler.py:handle_request():55] handle_request: defer
2021-02-01 12:36:39,662 INFO    HandlerThread:29024 [handler.py:handle_request_defer():69] handle defer: 5
2021-02-01 12:36:39,668 DEBUG   SenderThread:29024 [sender.py:send():117] send: request
2021-02-01 12:36:39,669 DEBUG   SenderThread:29024 [sender.py:send_request():126] send_request: defer
2021-02-01 12:36:39,669 DEBUG   Thread-15 :29024 [connectionpool.py:_new_conn():813] Starting new HTTPS connection (1): api.wandb.ai:443
2021-02-01 12:36:39,669 INFO    SenderThread:29024 [sender.py:send_request_defer():212] handle sender defer: 5
2021-02-01 12:36:39,670 INFO    SenderThread:29024 [file_pusher.py:finish():174] shutting down file pusher
2021-02-01 12:36:39,670 INFO    SenderThread:29024 [sender.py:send_request_defer():248] send defer: 6
2021-02-01 12:36:39,671 DEBUG   HandlerThread:29024 [handler.py:handle_request():55] handle_request: defer
2021-02-01 12:36:39,671 INFO    HandlerThread:29024 [handler.py:handle_request_defer():69] handle defer: 6
2021-02-01 12:36:39,671 DEBUG   SenderThread:29024 [sender.py:send():117] send: request
2021-02-01 12:36:39,671 DEBUG   SenderThread:29024 [sender.py:send_request():126] send_request: defer
2021-02-01 12:36:39,671 INFO    SenderThread:29024 [sender.py:send_request_defer():212] handle sender defer: 6
2021-02-01 12:36:39,855 DEBUG   Thread-5  :29024 [connectionpool.py:_make_request():393] https://api.wandb.ai:443 "POST /files/pfrodedelaforet/huggingface/2jftdun1/file_stream HTTP/1.1" 200 None
2021-02-01 12:36:39,869 DEBUG   Thread-12 :29024 [connectionpool.py:_make_request():393] https://api.wandb.ai:443 "POST /graphql HTTP/1.1" 200 None
2021-02-01 12:36:39,873 DEBUG   Thread-14 :29024 [connectionpool.py:_make_request():393] https://api.wandb.ai:443 "POST /graphql HTTP/1.1" 200 None
2021-02-01 12:36:39,877 DEBUG   Thread-12 :29024 [connectionpool.py:_new_conn():813] Starting new HTTPS connection (1): storage.googleapis.com:443
2021-02-01 12:36:39,883 DEBUG   Thread-14 :29024 [connectionpool.py:_new_conn():813] Starting new HTTPS connection (1): storage.googleapis.com:443
2021-02-01 12:36:39,883 DEBUG   Thread-13 :29024 [connectionpool.py:_make_request():393] https://api.wandb.ai:443 "POST /graphql HTTP/1.1" 200 None
2021-02-01 12:36:39,884 DEBUG   Thread-15 :29024 [connectionpool.py:_make_request():393] https://api.wandb.ai:443 "POST /graphql HTTP/1.1" 200 None
2021-02-01 12:36:39,895 DEBUG   Thread-13 :29024 [connectionpool.py:_new_conn():813] Starting new HTTPS connection (1): storage.googleapis.com:443
2021-02-01 12:36:39,898 DEBUG   Thread-15 :29024 [connectionpool.py:_new_conn():813] Starting new HTTPS connection (1): storage.googleapis.com:443
2021-02-01 12:36:40,037 DEBUG   Thread-5  :29024 [connectionpool.py:_make_request():393] https://api.wandb.ai:443 "POST /files/pfrodedelaforet/huggingface/2jftdun1/file_stream HTTP/1.1" 200 None
2021-02-01 12:36:40,040 INFO    SenderThread:29024 [sender.py:send_request_defer():248] send defer: 7
2021-02-01 12:36:40,041 DEBUG   HandlerThread:29024 [handler.py:handle_request():55] handle_request: defer
2021-02-01 12:36:40,041 INFO    HandlerThread:29024 [handler.py:handle_request_defer():69] handle defer: 7
2021-02-01 12:36:40,041 DEBUG   SenderThread:29024 [sender.py:send():117] send: request
2021-02-01 12:36:40,041 DEBUG   SenderThread:29024 [sender.py:send_request():126] send_request: defer
2021-02-01 12:36:40,042 INFO    SenderThread:29024 [sender.py:send_request_defer():212] handle sender defer: 7
2021-02-01 12:36:40,042 INFO    SenderThread:29024 [sender.py:send_request_defer():248] send defer: 8
2021-02-01 12:36:40,043 DEBUG   HandlerThread:29024 [handler.py:handle_request():55] handle_request: defer
2021-02-01 12:36:40,043 DEBUG   SenderThread:29024 [sender.py:send():117] send: final
2021-02-01 12:36:40,043 INFO    HandlerThread:29024 [handler.py:handle_request_defer():69] handle defer: 8
2021-02-01 12:36:40,043 DEBUG   SenderThread:29024 [sender.py:send():117] send: footer
2021-02-01 12:36:40,044 DEBUG   SenderThread:29024 [sender.py:send():117] send: request
2021-02-01 12:36:40,044 DEBUG   SenderThread:29024 [sender.py:send_request():126] send_request: defer
2021-02-01 12:36:40,044 INFO    SenderThread:29024 [sender.py:send_request_defer():212] handle sender defer: 8
2021-02-01 12:36:40,227 DEBUG   Thread-12 :29024 [connectionpool.py:_make_request():393] https://storage.googleapis.com:443 "PUT /wandb-production.appspot.com/pfrodedelaforet/huggingface/2jftdun1/config.yaml?Expires=1612265799&GoogleAccessId=wandb-production%40appspot.gserviceaccount.com&Signature=QeH4tFLPplQFsO7AsdJwFbrXjdSeMy6R1w9bt8KY6Fh57nWI59YDqonQXKNlBRWBB39k%2BVOENfFK7Pa%2BU2eQ7upDaQRKoYA3dt%2BbA%2F9GULXuhy%2BXih%2BxmpThI7Rlg0nGc0rHcD%2By%2FlXCG28dkkx9Adt%2Bdj6TNHgJZI062NJFuj30kp1MpsneJ2rdxguwQ7HoKRcwe7iKnUif%2FkboYhr1EGSL%2FBy1BEMAYRCijNYfswaVgeu2O%2F6N4DWWRBAswCqrZORaGq8v7o3CzxXwHZIAvbBS20Aoax9vVPIATwHcxurF8MDCzogNkvnMz7d4OGRUKDnyEqzAjgDUJoNsmuPa8w%3D%3D HTTP/1.1" 200 0
2021-02-01 12:36:40,230 INFO    Thread-12 :29024 [upload_job.py:push():133] Uploaded file /home/pfrod/architectures/wandb/run-20210201_123634-2jftdun1/files/config.yaml
2021-02-01 12:36:40,231 DEBUG   Thread-14 :29024 [connectionpool.py:_make_request():393] https://storage.googleapis.com:443 "PUT /wandb-production.appspot.com/pfrodedelaforet/huggingface/2jftdun1/requirements.txt?Expires=1612265799&GoogleAccessId=wandb-production%40appspot.gserviceaccount.com&Signature=mAaaQoC4T8feZ2Iy387cmUCWfmeFLbOiE2TDgJSCMfMnADAxb1bbpL5D%2BVFdaxiMQYAoEtjPNV18iBrZiJtTmUmF6mtFGyfN9I2Rcp6keQvsKwzfmWsF2qOxXPlmzMoTm%2F%2B5G6iZf7TfUyZEe9DsfcA6GhB0%2B2LfZ29mU7fiDUMBPFdUTOnavkuckXtimz83IJ4pxPipIPNdJF5pLXwXM%2B88T6vGQr69VHZx3oythjpDWGu8rrRPXFqO7Ah3fWktOYQTNOr3xqEQyvYkWuV7X8cpgXrOOYDH9ddGwRAL06iEwWTun2P%2FPwVfQYExEnn0hfqVEQHyyvwog%2B8VxRw4Ig%3D%3D HTTP/1.1" 200 0
2021-02-01 12:36:40,233 INFO    Thread-14 :29024 [upload_job.py:push():133] Uploaded file /home/pfrod/architectures/wandb/run-20210201_123634-2jftdun1/files/requirements.txt
2021-02-01 12:36:40,298 DEBUG   Thread-13 :29024 [connectionpool.py:_make_request():393] https://storage.googleapis.com:443 "PUT /wandb-production.appspot.com/pfrodedelaforet/huggingface/2jftdun1/wandb-summary.json?Expires=1612265799&GoogleAccessId=wandb-production%40appspot.gserviceaccount.com&Signature=Q8wuuVDkdOJGH%2BpnWwO2KTigEjsonUcJbs0z1N%2FgQpMItnrWvWVu96YgW7%2BIqkQPlAZju94fBdmf64JpqwEUHw%2BFaykBASPQoKE%2Bp8hmH3kozvSzfQi7t9QTLqRcEYFxgAWZ23TmHdoUH8fWmCMORD2%2FOUNl9tihbIB7NzgjWg0xAtG6N1dkuSanA5xFGybn3RXfMk9fQlR45ePHFxqGnjLBQjMMDEI4qleKfZLsUNeIvcO%2BestUQ0ZE9IPMCuEqkrU1rNqftnxdk1Miw9d02sF6wQWKlm0luHTXQL62CFJEWmVVjXlQa4mGiWEBbIxlgIp2OntdZ2%2FjdPN7g7SJcg%3D%3D HTTP/1.1" 200 0
2021-02-01 12:36:40,300 INFO    Thread-13 :29024 [upload_job.py:push():133] Uploaded file /home/pfrod/architectures/wandb/run-20210201_123634-2jftdun1/files/wandb-summary.json
2021-02-01 12:36:40,332 DEBUG   Thread-15 :29024 [connectionpool.py:_make_request():393] https://storage.googleapis.com:443 "PUT /wandb-production.appspot.com/pfrodedelaforet/huggingface/2jftdun1/output.log?Expires=1612265799&GoogleAccessId=wandb-production%40appspot.gserviceaccount.com&Signature=lMZAAisXm2QZLhi8yG%2Fxx%2FSAI2zvL2drueVgv%2F%2BHLFNwj%2FQRiXDxkFnvHqAIrwxGWzRoHFhfM6piWA6pyEhpCKJ1k6HSVAXd6wdijDOuKWPcu%2FOEswV11xFkIo8%2BhQkKEWWcpDK7nZlOg4ozPGXmAOK37DlgmmyfZmJf0Wlm7GcdfG1gUIhrjuMDpLVaPOrzUCHL2SvUdLqn8vGP0ROxNbWyB0Ni1ndIfGGTQyaPKlSoP8EUIZfdBlL4TFrO%2FHmA5WZdkziAo1E2fTSTDBRdPey4RFhCaWKSu8J7UbfIJazYg008zCXLUkq1mBRTFTOl6KSmKk3cP%2B1mzondq8yNpw%3D%3D HTTP/1.1" 200 0
2021-02-01 12:36:40,334 INFO    Thread-15 :29024 [upload_job.py:push():133] Uploaded file /home/pfrod/architectures/wandb/run-20210201_123634-2jftdun1/files/output.log
2021-02-01 12:36:41,418 DEBUG   HandlerThread:29024 [handler.py:handle_request():55] handle_request: poll_exit
2021-02-01 12:36:41,418 DEBUG   SenderThread:29024 [sender.py:send():117] send: request
2021-02-01 12:36:41,419 DEBUG   SenderThread:29024 [sender.py:send_request():126] send_request: poll_exit
2021-02-01 12:36:41,419 INFO    SenderThread:29024 [file_pusher.py:join():179] waiting for file pusher
2021-02-01 12:36:41,421 DEBUG   HandlerThread:29024 [handler.py:handle_request():55] handle_request: get_summary
2021-02-01 12:36:41,422 DEBUG   HandlerThread:29024 [handler.py:handle_request():55] handle_request: sampled_history
2021-02-01 12:36:41,423 DEBUG   HandlerThread:29024 [handler.py:handle_request():55] handle_request: shutdown
2021-02-01 12:36:41,424 INFO    HandlerThread:29024 [handler.py:finish():274] shutting down handler
2021-02-01 12:36:42,044 INFO    WriterThread:29024 [datastore.py:close():258] close: /home/pfrod/architectures/wandb/run-20210201_123634-2jftdun1/run-2jftdun1.wandb
2021-02-01 12:36:42,419 INFO    SenderThread:29024 [sender.py:finish():756] shutting down sender
2021-02-01 12:36:42,419 INFO    SenderThread:29024 [file_pusher.py:finish():174] shutting down file pusher
2021-02-01 12:36:42,420 INFO    SenderThread:29024 [file_pusher.py:join():179] waiting for file pusher
2021-02-01 12:36:42,421 INFO    MainThread:29024 [internal.py:handle_exit():139] Internal process exited
