2021-02-01 09:41:18,212 INFO    MainThread:22765 [internal.py:wandb_internal():64] W&B internal server running at pid: 22765
2021-02-01 09:41:18,214 INFO    WriterThread:22765 [datastore.py:open_for_write():77] open: /home/pfrod/architectures/wandb/offline-run-20210201_094117-b59rcb6w/run-b59rcb6w.wandb
2021-02-01 09:41:18,215 DEBUG   HandlerThread:22765 [handler.py:handle_request():55] handle_request: run_start
2021-02-01 09:41:18,904 DEBUG   HandlerThread:22765 [tpu_cluster_resolver.py:<module>():36] Falling back to TensorFlow client; we recommended you install the Cloud TPU client directly with pip install cloud-tpu-client.
2021-02-01 09:41:19,910 DEBUG   HandlerThread:22765 [meta.py:__init__():34] meta init
2021-02-01 09:41:19,910 DEBUG   HandlerThread:22765 [meta.py:__init__():48] meta init done
2021-02-01 09:41:19,911 DEBUG   HandlerThread:22765 [meta.py:probe():190] probe
2021-02-01 09:41:19,916 DEBUG   HandlerThread:22765 [git.py:repo():33] git repository is invalid
2021-02-01 09:41:19,916 DEBUG   HandlerThread:22765 [meta.py:_save_pip():52] save pip
2021-02-01 09:41:19,917 DEBUG   HandlerThread:22765 [meta.py:_save_pip():66] save pip done
2021-02-01 09:41:19,917 DEBUG   HandlerThread:22765 [meta.py:probe():231] probe done
2021-02-01 09:41:20,469 DEBUG   HandlerThread:22765 [handler.py:handle_request():55] handle_request: poll_exit
2021-02-01 09:41:20,470 DEBUG   SenderThread:22765 [sender.py:send():117] send: exit
2021-02-01 09:41:20,470 INFO    SenderThread:22765 [sender.py:send_exit():195] handling exit code: 1
2021-02-01 09:41:20,471 INFO    SenderThread:22765 [sender.py:send_exit():203] send defer
2021-02-01 09:41:20,471 DEBUG   SenderThread:22765 [sender.py:send():117] send: request
2021-02-01 09:41:20,471 DEBUG   SenderThread:22765 [sender.py:send_request():126] send_request: poll_exit
2021-02-01 09:41:20,471 DEBUG   HandlerThread:22765 [handler.py:handle_request():55] handle_request: defer
2021-02-01 09:41:20,472 INFO    HandlerThread:22765 [handler.py:handle_request_defer():69] handle defer: 0
2021-02-01 09:41:20,472 DEBUG   SenderThread:22765 [sender.py:send():117] send: request
2021-02-01 09:41:20,472 DEBUG   SenderThread:22765 [sender.py:send_request():126] send_request: defer
2021-02-01 09:41:20,472 INFO    SenderThread:22765 [sender.py:send_request_defer():212] handle sender defer: 0
2021-02-01 09:41:20,472 INFO    SenderThread:22765 [sender.py:send_request_defer():248] send defer: 1
2021-02-01 09:41:20,473 DEBUG   HandlerThread:22765 [handler.py:handle_request():55] handle_request: defer
2021-02-01 09:41:20,473 INFO    HandlerThread:22765 [handler.py:handle_request_defer():69] handle defer: 1
2021-02-01 09:41:20,578 DEBUG   SenderThread:22765 [sender.py:send():117] send: request
2021-02-01 09:41:20,579 DEBUG   SenderThread:22765 [sender.py:send_request():126] send_request: defer
2021-02-01 09:41:20,579 INFO    SenderThread:22765 [sender.py:send_request_defer():212] handle sender defer: 1
2021-02-01 09:41:20,579 INFO    SenderThread:22765 [sender.py:send_request_defer():248] send defer: 2
2021-02-01 09:41:20,579 DEBUG   HandlerThread:22765 [handler.py:handle_request():55] handle_request: defer
2021-02-01 09:41:20,580 INFO    HandlerThread:22765 [handler.py:handle_request_defer():69] handle defer: 2
2021-02-01 09:41:20,580 DEBUG   SenderThread:22765 [sender.py:send():117] send: request
2021-02-01 09:41:20,580 DEBUG   SenderThread:22765 [sender.py:send_request():126] send_request: defer
2021-02-01 09:41:20,580 INFO    SenderThread:22765 [sender.py:send_request_defer():212] handle sender defer: 2
2021-02-01 09:41:20,580 INFO    SenderThread:22765 [sender.py:send_request_defer():248] send defer: 3
2021-02-01 09:41:20,580 DEBUG   HandlerThread:22765 [handler.py:handle_request():55] handle_request: defer
2021-02-01 09:41:20,581 INFO    HandlerThread:22765 [handler.py:handle_request_defer():69] handle defer: 3
2021-02-01 09:41:20,581 DEBUG   SenderThread:22765 [sender.py:send():117] send: request
2021-02-01 09:41:20,581 DEBUG   SenderThread:22765 [sender.py:send_request():126] send_request: defer
2021-02-01 09:41:20,581 INFO    SenderThread:22765 [sender.py:send_request_defer():212] handle sender defer: 3
2021-02-01 09:41:20,581 INFO    SenderThread:22765 [sender.py:send_request_defer():248] send defer: 4
2021-02-01 09:41:20,582 DEBUG   HandlerThread:22765 [handler.py:handle_request():55] handle_request: defer
2021-02-01 09:41:20,582 INFO    HandlerThread:22765 [handler.py:handle_request_defer():69] handle defer: 4
2021-02-01 09:41:20,582 DEBUG   SenderThread:22765 [sender.py:send():117] send: request
2021-02-01 09:41:20,582 DEBUG   SenderThread:22765 [sender.py:send_request():126] send_request: defer
2021-02-01 09:41:20,582 INFO    SenderThread:22765 [sender.py:send_request_defer():212] handle sender defer: 4
2021-02-01 09:41:20,583 INFO    SenderThread:22765 [sender.py:send_request_defer():248] send defer: 5
2021-02-01 09:41:20,583 DEBUG   HandlerThread:22765 [handler.py:handle_request():55] handle_request: defer
2021-02-01 09:41:20,583 INFO    HandlerThread:22765 [handler.py:handle_request_defer():69] handle defer: 5
2021-02-01 09:41:20,583 DEBUG   SenderThread:22765 [sender.py:send():117] send: request
2021-02-01 09:41:20,583 DEBUG   SenderThread:22765 [sender.py:send_request():126] send_request: defer
2021-02-01 09:41:20,584 INFO    SenderThread:22765 [sender.py:send_request_defer():212] handle sender defer: 5
2021-02-01 09:41:20,584 INFO    SenderThread:22765 [sender.py:send_request_defer():248] send defer: 6
2021-02-01 09:41:20,584 DEBUG   HandlerThread:22765 [handler.py:handle_request():55] handle_request: defer
2021-02-01 09:41:20,584 INFO    HandlerThread:22765 [handler.py:handle_request_defer():69] handle defer: 6
2021-02-01 09:41:20,584 DEBUG   SenderThread:22765 [sender.py:send():117] send: request
2021-02-01 09:41:20,584 DEBUG   SenderThread:22765 [sender.py:send_request():126] send_request: defer
2021-02-01 09:41:20,585 INFO    SenderThread:22765 [sender.py:send_request_defer():212] handle sender defer: 6
2021-02-01 09:41:20,585 INFO    SenderThread:22765 [sender.py:send_request_defer():248] send defer: 7
2021-02-01 09:41:20,585 DEBUG   HandlerThread:22765 [handler.py:handle_request():55] handle_request: defer
2021-02-01 09:41:20,585 INFO    HandlerThread:22765 [handler.py:handle_request_defer():69] handle defer: 7
2021-02-01 09:41:20,585 DEBUG   SenderThread:22765 [sender.py:send():117] send: request
2021-02-01 09:41:20,585 DEBUG   SenderThread:22765 [sender.py:send_request():126] send_request: defer
2021-02-01 09:41:20,586 INFO    SenderThread:22765 [sender.py:send_request_defer():212] handle sender defer: 7
2021-02-01 09:41:20,586 INFO    SenderThread:22765 [sender.py:send_request_defer():248] send defer: 8
2021-02-01 09:41:20,586 DEBUG   HandlerThread:22765 [handler.py:handle_request():55] handle_request: defer
2021-02-01 09:41:20,587 DEBUG   SenderThread:22765 [sender.py:send():117] send: final
2021-02-01 09:41:20,587 INFO    HandlerThread:22765 [handler.py:handle_request_defer():69] handle defer: 8
2021-02-01 09:41:20,587 DEBUG   SenderThread:22765 [sender.py:send():117] send: request
2021-02-01 09:41:20,587 DEBUG   SenderThread:22765 [sender.py:send_request():126] send_request: defer
2021-02-01 09:41:20,587 INFO    SenderThread:22765 [sender.py:send_request_defer():212] handle sender defer: 8
2021-02-01 09:41:22,477 DEBUG   HandlerThread:22765 [handler.py:handle_request():55] handle_request: poll_exit
2021-02-01 09:41:22,478 DEBUG   SenderThread:22765 [sender.py:send():117] send: request
2021-02-01 09:41:22,478 DEBUG   SenderThread:22765 [sender.py:send_request():126] send_request: poll_exit
2021-02-01 09:41:22,482 DEBUG   HandlerThread:22765 [handler.py:handle_request():55] handle_request: get_summary
2021-02-01 09:41:22,484 DEBUG   HandlerThread:22765 [handler.py:handle_request():55] handle_request: sampled_history
2021-02-01 09:41:22,486 DEBUG   HandlerThread:22765 [handler.py:handle_request():55] handle_request: shutdown
2021-02-01 09:41:22,487 INFO    HandlerThread:22765 [handler.py:finish():274] shutting down handler
2021-02-01 09:41:22,587 INFO    WriterThread:22765 [datastore.py:close():258] close: /home/pfrod/architectures/wandb/offline-run-20210201_094117-b59rcb6w/run-b59rcb6w.wandb
2021-02-01 09:41:23,478 INFO    SenderThread:22765 [sender.py:finish():756] shutting down sender
2021-02-01 09:41:23,479 INFO    MainThread:22765 [internal.py:handle_exit():139] Internal process exited
