2021-02-01 15:54:42,783 INFO    MainThread:38119 [internal.py:wandb_internal():64] W&B internal server running at pid: 38119
2021-02-01 15:54:42,786 DEBUG   HandlerThread:38119 [handler.py:handle_request():55] handle_request: check_version
2021-02-01 15:54:42,786 INFO    WriterThread:38119 [datastore.py:open_for_write():77] open: /home/pfrod/architectures/wandb/run-20210201_155442-1qhlvkrb/run-1qhlvkrb.wandb
2021-02-01 15:54:42,789 DEBUG   SenderThread:38119 [sender.py:send():117] send: header
2021-02-01 15:54:42,789 DEBUG   SenderThread:38119 [sender.py:send():117] send: request
2021-02-01 15:54:42,789 DEBUG   SenderThread:38119 [sender.py:send_request():126] send_request: check_version
2021-02-01 15:54:42,794 DEBUG   Thread-4  :38119 [connectionpool.py:_new_conn():813] Starting new HTTPS connection (1): pypi.org:443
2021-02-01 15:54:42,879 DEBUG   Thread-4  :38119 [connectionpool.py:_make_request():393] https://pypi.org:443 "GET /pypi/wandb/json HTTP/1.1" 200 53088
2021-02-01 15:54:42,915 DEBUG   SenderThread:38119 [sender.py:send():117] send: run
2021-02-01 15:54:42,954 DEBUG   SenderThread:38119 [git.py:repo():33] git repository is invalid
2021-02-01 15:54:42,960 DEBUG   SenderThread:38119 [connectionpool.py:_new_conn():813] Starting new HTTPS connection (1): api.wandb.ai:443
2021-02-01 15:54:43,207 DEBUG   SenderThread:38119 [connectionpool.py:_make_request():393] https://api.wandb.ai:443 "POST /graphql HTTP/1.1" 200 None
2021-02-01 15:54:43,216 INFO    SenderThread:38119 [dir_watcher.py:__init__():165] watching files in: /home/pfrod/architectures/wandb/run-20210201_155442-1qhlvkrb/files
2021-02-01 15:54:43,217 INFO    SenderThread:38119 [sender.py:_start_run_threads():596] run started: 1qhlvkrb with start time 1612191282
2021-02-01 15:54:43,219 DEBUG   SenderThread:38119 [sender.py:send():117] send: summary
2021-02-01 15:54:43,220 INFO    SenderThread:38119 [sender.py:_save_file():682] saving file wandb-summary.json with policy end
2021-02-01 15:54:43,221 DEBUG   HandlerThread:38119 [handler.py:handle_request():55] handle_request: run_start
2021-02-01 15:54:43,769 DEBUG   HandlerThread:38119 [tpu_cluster_resolver.py:<module>():36] Falling back to TensorFlow client; we recommended you install the Cloud TPU client directly with pip install cloud-tpu-client.
2021-02-01 15:54:44,222 INFO    Thread-8  :38119 [dir_watcher.py:_on_file_created():213] file/dir created: /home/pfrod/architectures/wandb/run-20210201_155442-1qhlvkrb/files/wandb-summary.json
2021-02-01 15:54:44,722 DEBUG   HandlerThread:38119 [meta.py:__init__():34] meta init
2021-02-01 15:54:44,722 DEBUG   HandlerThread:38119 [meta.py:__init__():48] meta init done
2021-02-01 15:54:44,723 DEBUG   HandlerThread:38119 [meta.py:probe():190] probe
2021-02-01 15:54:44,729 DEBUG   HandlerThread:38119 [git.py:repo():33] git repository is invalid
2021-02-01 15:54:44,729 DEBUG   HandlerThread:38119 [meta.py:_save_pip():52] save pip
2021-02-01 15:54:44,730 DEBUG   HandlerThread:38119 [meta.py:_save_pip():66] save pip done
2021-02-01 15:54:44,730 DEBUG   HandlerThread:38119 [meta.py:probe():231] probe done
2021-02-01 15:54:44,732 DEBUG   SenderThread:38119 [sender.py:send():117] send: files
2021-02-01 15:54:44,733 INFO    SenderThread:38119 [sender.py:_save_file():682] saving file wandb-metadata.json with policy now
2021-02-01 15:54:44,743 DEBUG   HandlerThread:38119 [handler.py:handle_request():55] handle_request: status
2021-02-01 15:54:44,744 DEBUG   Thread-11 :38119 [connectionpool.py:_new_conn():813] Starting new HTTPS connection (1): api.wandb.ai:443
2021-02-01 15:54:44,744 DEBUG   SenderThread:38119 [sender.py:send():117] send: request
2021-02-01 15:54:44,745 DEBUG   SenderThread:38119 [sender.py:send_request():126] send_request: status
2021-02-01 15:54:44,749 DEBUG   SenderThread:38119 [connectionpool.py:_new_conn():813] Starting new HTTPS connection (1): api.wandb.ai:443
2021-02-01 15:54:44,943 DEBUG   SenderThread:38119 [connectionpool.py:_make_request():393] https://api.wandb.ai:443 "POST /graphql HTTP/1.1" 200 None
2021-02-01 15:54:44,984 DEBUG   Thread-11 :38119 [connectionpool.py:_make_request():393] https://api.wandb.ai:443 "POST /graphql HTTP/1.1" 200 None
2021-02-01 15:54:44,991 DEBUG   Thread-11 :38119 [connectionpool.py:_new_conn():813] Starting new HTTPS connection (1): storage.googleapis.com:443
2021-02-01 15:54:45,220 INFO    Thread-8  :38119 [dir_watcher.py:_on_file_created():213] file/dir created: /home/pfrod/architectures/wandb/run-20210201_155442-1qhlvkrb/files/output.log
2021-02-01 15:54:45,221 INFO    Thread-8  :38119 [dir_watcher.py:_on_file_created():213] file/dir created: /home/pfrod/architectures/wandb/run-20210201_155442-1qhlvkrb/files/requirements.txt
2021-02-01 15:54:45,221 INFO    Thread-8  :38119 [dir_watcher.py:_on_file_created():213] file/dir created: /home/pfrod/architectures/wandb/run-20210201_155442-1qhlvkrb/files/wandb-metadata.json
2021-02-01 15:54:45,339 DEBUG   Thread-11 :38119 [connectionpool.py:_make_request():393] https://storage.googleapis.com:443 "PUT /wandb-production.appspot.com/pfrodedelaforet/huggingface/1qhlvkrb/wandb-metadata.json?Expires=1612277684&GoogleAccessId=wandb-production%40appspot.gserviceaccount.com&Signature=ioKheVov4i1Pobm318TmhkRlbf14CHWhLdn3ToW25hXfvvASBk888Ik%2Bk%2FGRplhilTX5o2FLfgzk109q1fzUbhhpRAzn4afbDdZHW5S%2B3tQZ6Pb8Sxqck0iiuP4FuOaFg1uZc70wc70ictJpg%2FOKOEadrVRiIThmETfZaVaUUgo%2Fcx1bjLte6byG%2BJhbvjY5SzbS5Gmk5RLBkgKN3%2BJXBaPvoogfwIy%2Ff%2FWt%2BrzNwjb8anskXU4vEDYAUz2jjOGThLd%2B7AQvbBxQws7pHucD112TF4EsB7lQqWYRJtzNfsp43Vylu1Lp%2BzciMymSLM2tuLhS9V7H3oUQkaMebtevhA%3D%3D HTTP/1.1" 200 0
2021-02-01 15:54:45,342 INFO    Thread-11 :38119 [upload_job.py:push():133] Uploaded file /tmp/tmpk7bdjkgzwandb/3esrnpk6-wandb-metadata.json
2021-02-01 15:54:46,927 DEBUG   Thread-5  :38119 [connectionpool.py:_new_conn():813] Starting new HTTPS connection (1): api.wandb.ai:443
2021-02-01 15:54:46,948 DEBUG   SenderThread:38119 [sender.py:send():117] send: telemetry
2021-02-01 15:54:46,955 DEBUG   HandlerThread:38119 [handler.py:handle_request():55] handle_request: poll_exit
2021-02-01 15:54:46,955 DEBUG   SenderThread:38119 [connectionpool.py:_new_conn():813] Starting new HTTPS connection (1): api.wandb.ai:443
2021-02-01 15:54:47,168 DEBUG   Thread-5  :38119 [connectionpool.py:_make_request():393] https://api.wandb.ai:443 "POST /files/pfrodedelaforet/huggingface/1qhlvkrb/file_stream HTTP/1.1" 200 None
2021-02-01 15:54:47,216 DEBUG   SenderThread:38119 [connectionpool.py:_make_request():393] https://api.wandb.ai:443 "POST /graphql HTTP/1.1" 200 None
2021-02-01 15:54:47,258 DEBUG   SenderThread:38119 [sender.py:send():117] send: exit
2021-02-01 15:54:47,258 INFO    Thread-8  :38119 [dir_watcher.py:_on_file_modified():226] file/dir modified: /home/pfrod/architectures/wandb/run-20210201_155442-1qhlvkrb/files/config.yaml
2021-02-01 15:54:47,258 INFO    SenderThread:38119 [sender.py:send_exit():195] handling exit code: 1
2021-02-01 15:54:47,259 INFO    SenderThread:38119 [sender.py:send_exit():203] send defer
2021-02-01 15:54:47,259 INFO    Thread-8  :38119 [dir_watcher.py:_on_file_modified():226] file/dir modified: /home/pfrod/architectures/wandb/run-20210201_155442-1qhlvkrb/files/output.log
2021-02-01 15:54:47,259 DEBUG   SenderThread:38119 [sender.py:send():117] send: request
2021-02-01 15:54:47,260 DEBUG   HandlerThread:38119 [handler.py:handle_request():55] handle_request: defer
2021-02-01 15:54:47,260 DEBUG   SenderThread:38119 [sender.py:send_request():126] send_request: poll_exit
2021-02-01 15:54:47,260 INFO    HandlerThread:38119 [handler.py:handle_request_defer():69] handle defer: 0
2021-02-01 15:54:47,261 DEBUG   SenderThread:38119 [sender.py:send():117] send: request
2021-02-01 15:54:47,261 DEBUG   SenderThread:38119 [sender.py:send_request():126] send_request: defer
2021-02-01 15:54:47,261 INFO    SenderThread:38119 [sender.py:send_request_defer():212] handle sender defer: 0
2021-02-01 15:54:47,261 INFO    SenderThread:38119 [sender.py:send_request_defer():248] send defer: 1
2021-02-01 15:54:47,262 DEBUG   HandlerThread:38119 [handler.py:handle_request():55] handle_request: defer
2021-02-01 15:54:47,262 INFO    HandlerThread:38119 [handler.py:handle_request_defer():69] handle defer: 1
2021-02-01 15:54:47,378 DEBUG   SenderThread:38119 [sender.py:send():117] send: request
2021-02-01 15:54:47,378 DEBUG   SenderThread:38119 [sender.py:send_request():126] send_request: defer
2021-02-01 15:54:47,379 INFO    SenderThread:38119 [sender.py:send_request_defer():212] handle sender defer: 1
2021-02-01 15:54:47,379 INFO    SenderThread:38119 [sender.py:send_request_defer():248] send defer: 2
2021-02-01 15:54:47,379 DEBUG   SenderThread:38119 [sender.py:send():117] send: stats
2021-02-01 15:54:47,380 DEBUG   HandlerThread:38119 [handler.py:handle_request():55] handle_request: defer
2021-02-01 15:54:47,380 INFO    HandlerThread:38119 [handler.py:handle_request_defer():69] handle defer: 2
2021-02-01 15:54:47,380 DEBUG   SenderThread:38119 [sender.py:send():117] send: request
2021-02-01 15:54:47,380 DEBUG   SenderThread:38119 [sender.py:send_request():126] send_request: defer
2021-02-01 15:54:47,380 INFO    SenderThread:38119 [sender.py:send_request_defer():212] handle sender defer: 2
2021-02-01 15:54:47,380 INFO    SenderThread:38119 [sender.py:send_request_defer():248] send defer: 3
2021-02-01 15:54:47,381 DEBUG   HandlerThread:38119 [handler.py:handle_request():55] handle_request: defer
2021-02-01 15:54:47,381 INFO    HandlerThread:38119 [handler.py:handle_request_defer():69] handle defer: 3
2021-02-01 15:54:47,381 DEBUG   SenderThread:38119 [sender.py:send():117] send: summary
2021-02-01 15:54:47,382 INFO    SenderThread:38119 [sender.py:_save_file():682] saving file wandb-summary.json with policy end
2021-02-01 15:54:47,382 DEBUG   SenderThread:38119 [sender.py:send():117] send: request
2021-02-01 15:54:47,382 DEBUG   SenderThread:38119 [sender.py:send_request():126] send_request: defer
2021-02-01 15:54:47,382 INFO    SenderThread:38119 [sender.py:send_request_defer():212] handle sender defer: 3
2021-02-01 15:54:47,382 INFO    SenderThread:38119 [sender.py:send_request_defer():248] send defer: 4
2021-02-01 15:54:47,383 DEBUG   HandlerThread:38119 [handler.py:handle_request():55] handle_request: defer
2021-02-01 15:54:47,383 INFO    HandlerThread:38119 [handler.py:handle_request_defer():69] handle defer: 4
2021-02-01 15:54:47,383 DEBUG   SenderThread:38119 [sender.py:send():117] send: request
2021-02-01 15:54:47,383 DEBUG   SenderThread:38119 [sender.py:send_request():126] send_request: defer
2021-02-01 15:54:47,383 INFO    SenderThread:38119 [sender.py:send_request_defer():212] handle sender defer: 4
2021-02-01 15:54:47,383 INFO    SenderThread:38119 [dir_watcher.py:finish():279] shutting down directory watcher
2021-02-01 15:54:48,258 INFO    Thread-8  :38119 [dir_watcher.py:_on_file_modified():226] file/dir modified: /home/pfrod/architectures/wandb/run-20210201_155442-1qhlvkrb/files/config.yaml
2021-02-01 15:54:48,259 INFO    SenderThread:38119 [dir_watcher.py:_on_file_modified():226] file/dir modified: /home/pfrod/architectures/wandb/run-20210201_155442-1qhlvkrb/files/wandb-summary.json
2021-02-01 15:54:48,259 INFO    SenderThread:38119 [dir_watcher.py:finish():309] scan: /home/pfrod/architectures/wandb/run-20210201_155442-1qhlvkrb/files
2021-02-01 15:54:48,260 INFO    SenderThread:38119 [dir_watcher.py:finish():315] scan save: /home/pfrod/architectures/wandb/run-20210201_155442-1qhlvkrb/files/config.yaml config.yaml
2021-02-01 15:54:48,260 INFO    SenderThread:38119 [dir_watcher.py:finish():315] scan save: /home/pfrod/architectures/wandb/run-20210201_155442-1qhlvkrb/files/wandb-summary.json wandb-summary.json
2021-02-01 15:54:48,260 INFO    SenderThread:38119 [dir_watcher.py:finish():315] scan save: /home/pfrod/architectures/wandb/run-20210201_155442-1qhlvkrb/files/requirements.txt requirements.txt
2021-02-01 15:54:48,261 INFO    SenderThread:38119 [dir_watcher.py:finish():315] scan save: /home/pfrod/architectures/wandb/run-20210201_155442-1qhlvkrb/files/wandb-metadata.json wandb-metadata.json
2021-02-01 15:54:48,261 INFO    SenderThread:38119 [dir_watcher.py:finish():315] scan save: /home/pfrod/architectures/wandb/run-20210201_155442-1qhlvkrb/files/output.log output.log
2021-02-01 15:54:48,275 INFO    SenderThread:38119 [sender.py:send_request_defer():248] send defer: 5
2021-02-01 15:54:48,275 DEBUG   Thread-13 :38119 [connectionpool.py:_new_conn():813] Starting new HTTPS connection (1): api.wandb.ai:443
2021-02-01 15:54:48,276 DEBUG   HandlerThread:38119 [handler.py:handle_request():55] handle_request: defer
2021-02-01 15:54:48,276 DEBUG   Thread-12 :38119 [connectionpool.py:_new_conn():813] Starting new HTTPS connection (1): api.wandb.ai:443
2021-02-01 15:54:48,283 INFO    HandlerThread:38119 [handler.py:handle_request_defer():69] handle defer: 5
2021-02-01 15:54:48,284 DEBUG   Thread-14 :38119 [connectionpool.py:_new_conn():813] Starting new HTTPS connection (1): api.wandb.ai:443
2021-02-01 15:54:48,290 DEBUG   Thread-15 :38119 [connectionpool.py:_new_conn():813] Starting new HTTPS connection (1): api.wandb.ai:443
2021-02-01 15:54:48,291 DEBUG   SenderThread:38119 [sender.py:send():117] send: request
2021-02-01 15:54:48,291 DEBUG   SenderThread:38119 [sender.py:send_request():126] send_request: defer
2021-02-01 15:54:48,291 INFO    SenderThread:38119 [sender.py:send_request_defer():212] handle sender defer: 5
2021-02-01 15:54:48,291 INFO    SenderThread:38119 [file_pusher.py:finish():174] shutting down file pusher
2021-02-01 15:54:48,292 INFO    SenderThread:38119 [sender.py:send_request_defer():248] send defer: 6
2021-02-01 15:54:48,292 DEBUG   HandlerThread:38119 [handler.py:handle_request():55] handle_request: defer
2021-02-01 15:54:48,292 INFO    HandlerThread:38119 [handler.py:handle_request_defer():69] handle defer: 6
2021-02-01 15:54:48,293 DEBUG   SenderThread:38119 [sender.py:send():117] send: request
2021-02-01 15:54:48,293 DEBUG   SenderThread:38119 [sender.py:send_request():126] send_request: defer
2021-02-01 15:54:48,293 INFO    SenderThread:38119 [sender.py:send_request_defer():212] handle sender defer: 6
2021-02-01 15:54:48,469 DEBUG   Thread-5  :38119 [connectionpool.py:_make_request():393] https://api.wandb.ai:443 "POST /files/pfrodedelaforet/huggingface/1qhlvkrb/file_stream HTTP/1.1" 200 None
2021-02-01 15:54:48,490 DEBUG   Thread-13 :38119 [connectionpool.py:_make_request():393] https://api.wandb.ai:443 "POST /graphql HTTP/1.1" 200 None
2021-02-01 15:54:48,496 DEBUG   Thread-13 :38119 [connectionpool.py:_new_conn():813] Starting new HTTPS connection (1): storage.googleapis.com:443
2021-02-01 15:54:48,498 DEBUG   Thread-14 :38119 [connectionpool.py:_make_request():393] https://api.wandb.ai:443 "POST /graphql HTTP/1.1" 200 None
2021-02-01 15:54:48,502 DEBUG   Thread-14 :38119 [connectionpool.py:_new_conn():813] Starting new HTTPS connection (1): storage.googleapis.com:443
2021-02-01 15:54:48,504 DEBUG   Thread-15 :38119 [connectionpool.py:_make_request():393] https://api.wandb.ai:443 "POST /graphql HTTP/1.1" 200 None
2021-02-01 15:54:48,509 DEBUG   Thread-15 :38119 [connectionpool.py:_new_conn():813] Starting new HTTPS connection (1): storage.googleapis.com:443
2021-02-01 15:54:48,518 DEBUG   Thread-12 :38119 [connectionpool.py:_make_request():393] https://api.wandb.ai:443 "POST /graphql HTTP/1.1" 200 None
2021-02-01 15:54:48,523 DEBUG   Thread-12 :38119 [connectionpool.py:_new_conn():813] Starting new HTTPS connection (1): storage.googleapis.com:443
2021-02-01 15:54:48,621 DEBUG   Thread-5  :38119 [connectionpool.py:_make_request():393] https://api.wandb.ai:443 "POST /files/pfrodedelaforet/huggingface/1qhlvkrb/file_stream HTTP/1.1" 200 None
2021-02-01 15:54:48,623 INFO    SenderThread:38119 [sender.py:send_request_defer():248] send defer: 7
2021-02-01 15:54:48,624 DEBUG   HandlerThread:38119 [handler.py:handle_request():55] handle_request: defer
2021-02-01 15:54:48,624 INFO    HandlerThread:38119 [handler.py:handle_request_defer():69] handle defer: 7
2021-02-01 15:54:48,624 DEBUG   SenderThread:38119 [sender.py:send():117] send: request
2021-02-01 15:54:48,625 DEBUG   SenderThread:38119 [sender.py:send_request():126] send_request: defer
2021-02-01 15:54:48,625 INFO    SenderThread:38119 [sender.py:send_request_defer():212] handle sender defer: 7
2021-02-01 15:54:48,625 INFO    SenderThread:38119 [sender.py:send_request_defer():248] send defer: 8
2021-02-01 15:54:48,626 DEBUG   SenderThread:38119 [sender.py:send():117] send: final
2021-02-01 15:54:48,626 DEBUG   HandlerThread:38119 [handler.py:handle_request():55] handle_request: defer
2021-02-01 15:54:48,626 DEBUG   SenderThread:38119 [sender.py:send():117] send: footer
2021-02-01 15:54:48,626 INFO    HandlerThread:38119 [handler.py:handle_request_defer():69] handle defer: 8
2021-02-01 15:54:48,627 DEBUG   SenderThread:38119 [sender.py:send():117] send: request
2021-02-01 15:54:48,627 DEBUG   SenderThread:38119 [sender.py:send_request():126] send_request: defer
2021-02-01 15:54:48,627 INFO    SenderThread:38119 [sender.py:send_request_defer():212] handle sender defer: 8
2021-02-01 15:54:48,845 DEBUG   Thread-14 :38119 [connectionpool.py:_make_request():393] https://storage.googleapis.com:443 "PUT /wandb-production.appspot.com/pfrodedelaforet/huggingface/1qhlvkrb/requirements.txt?Expires=1612277688&GoogleAccessId=wandb-production%40appspot.gserviceaccount.com&Signature=cwLuXC9xgVFE16V19SEbL7%2Bh9m8IRJfjqB6jgsXWkvAMU8QPTZNrA5ojTrUI3BOwySFRKfXrNH9LkyjeEckut4KQYtw3PGMFa1FRkXJigPbd1Sy1bjMsEloIPChzz4mzf3Ei1AK56Rq31lbZNPbULXFDbTIXjGxCOKx06GMIra288%2FymX2BeZHr4ktjKz9A3zElvZFgBKDBe0oH5d04YS%2FBBI2ik2DTA0cd%2Bil%2FWs4rxmyAl2ZVxnksASZ1vIiwMMgjcXr4pYrBN709966BzlaY6OcSDLO%2FsTKCQ%2Fi9bZcDqEd0RLvk58%2BqQp6z8cyDwF5ftHhMRMIderpUFoLpFaA%3D%3D HTTP/1.1" 200 0
2021-02-01 15:54:48,848 INFO    Thread-14 :38119 [upload_job.py:push():133] Uploaded file /home/pfrod/architectures/wandb/run-20210201_155442-1qhlvkrb/files/requirements.txt
2021-02-01 15:54:48,882 DEBUG   Thread-13 :38119 [connectionpool.py:_make_request():393] https://storage.googleapis.com:443 "PUT /wandb-production.appspot.com/pfrodedelaforet/huggingface/1qhlvkrb/wandb-summary.json?Expires=1612277688&GoogleAccessId=wandb-production%40appspot.gserviceaccount.com&Signature=mHR3I6d%2FB92T4eHm9dxqtwSQJgaA3wqGj4bZ2ow1YlUyFzt5V8RVVX1OC2%2Fhnf3iYd5YLWQ0zWZEf4Gxy3ool%2BtBCPNtOzWalqlK8y8thffhbez%2BfoWTngkV1AEIfwf8wGnoKa%2FhqaqqwtqzavSwTJ219rZOaU1iWyeZ7dbEFNNEMHzDhAsyxLCtLMfQLvZcFP1OiwlxoEONQbbC4KmnUuDsOrNEfwETlvP37U5YoqAdE5qveCRT5FwPPyOZ60ykCvyEfWZfTNhCwUUH8SBJ5z9Z1%2FVjxxx0F5wfOuSeKOC5s9UfXDYEXZ1Ynw4BQ%2Fxi46BgMZ3rID5XWSMNyp6AaA%3D%3D HTTP/1.1" 200 0
2021-02-01 15:54:48,885 INFO    Thread-13 :38119 [upload_job.py:push():133] Uploaded file /home/pfrod/architectures/wandb/run-20210201_155442-1qhlvkrb/files/wandb-summary.json
2021-02-01 15:54:48,911 DEBUG   Thread-15 :38119 [connectionpool.py:_make_request():393] https://storage.googleapis.com:443 "PUT /wandb-production.appspot.com/pfrodedelaforet/huggingface/1qhlvkrb/output.log?Expires=1612277688&GoogleAccessId=wandb-production%40appspot.gserviceaccount.com&Signature=NmaqDGgCQ763huHwm5wgRMbiPIFpU2g60VCvZccjypdSzu33GBZkwLpi%2Fg6V3e8pNBYLgGAq0%2BOa0vWrhJ0jHp9VEr3%2FHyvIAj%2F3TS1X934ufICM3BWdctPHOOrVSW65DStAZcDO8uScy9%2FaHTLlbaB7T8pMhsBLrgY9PrhPcUoowLQ7xhHDjkGDGiTLSMOtrA1llaX6BGc%2BcEJ6CWbf88tstGjOgEkVJKCurG2JR40LqQgAvG%2BVsP9EkBtN34leBjjkqJHsIP6uhLVnDy474jJkohn4uhL6JZU0pksMGuLXk6vfWpTcbZBMhKaDxfh1n5JTnm0xuRuJHfbdWhHJdQ%3D%3D HTTP/1.1" 200 0
2021-02-01 15:54:48,913 INFO    Thread-15 :38119 [upload_job.py:push():133] Uploaded file /home/pfrod/architectures/wandb/run-20210201_155442-1qhlvkrb/files/output.log
2021-02-01 15:54:48,940 DEBUG   Thread-12 :38119 [connectionpool.py:_make_request():393] https://storage.googleapis.com:443 "PUT /wandb-production.appspot.com/pfrodedelaforet/huggingface/1qhlvkrb/config.yaml?Expires=1612277688&GoogleAccessId=wandb-production%40appspot.gserviceaccount.com&Signature=WA5a2vlzVfpY5NqX4ACZHf272GxFqW%2BWsw24mgp6uN85QUSI%2BBQCJh24vuHq77HyepVdfbld5npeaESenOxAjRTdoQytXbDVL%2F3ZQdYJLlLt%2Fx1cibQiB6L%2B3b6xDaDTJC47UENRZR5NwiVRijHZC3jxvCdEoO0UF4F0Dc8%2Bbtr9JtWKQTNIkuobcZq81SfsPVYKOIcRfI8fJewWaVlcS2Dth6U1vVxLuGsU25FYUtyX8Ir%2F65rywp1eJo9Qf5%2FJdnIZzLQEadlfmUedgpPSApzNqW8jF0FJQl%2FzT4UpQXasJpW0JyfrzTjDLePEPJX2SjwSOGc9gO5YdniYHeFxJw%3D%3D HTTP/1.1" 200 0
2021-02-01 15:54:48,942 INFO    Thread-12 :38119 [upload_job.py:push():133] Uploaded file /home/pfrod/architectures/wandb/run-20210201_155442-1qhlvkrb/files/config.yaml
2021-02-01 15:54:49,265 DEBUG   HandlerThread:38119 [handler.py:handle_request():55] handle_request: poll_exit
2021-02-01 15:54:49,266 DEBUG   SenderThread:38119 [sender.py:send():117] send: request
2021-02-01 15:54:49,266 DEBUG   SenderThread:38119 [sender.py:send_request():126] send_request: poll_exit
2021-02-01 15:54:49,266 INFO    SenderThread:38119 [file_pusher.py:join():179] waiting for file pusher
2021-02-01 15:54:49,268 DEBUG   HandlerThread:38119 [handler.py:handle_request():55] handle_request: get_summary
2021-02-01 15:54:49,269 DEBUG   HandlerThread:38119 [handler.py:handle_request():55] handle_request: sampled_history
2021-02-01 15:54:49,270 DEBUG   HandlerThread:38119 [handler.py:handle_request():55] handle_request: shutdown
2021-02-01 15:54:49,270 INFO    HandlerThread:38119 [handler.py:finish():274] shutting down handler
2021-02-01 15:54:49,626 INFO    WriterThread:38119 [datastore.py:close():258] close: /home/pfrod/architectures/wandb/run-20210201_155442-1qhlvkrb/run-1qhlvkrb.wandb
2021-02-01 15:54:50,266 INFO    SenderThread:38119 [sender.py:finish():756] shutting down sender
2021-02-01 15:54:50,267 INFO    SenderThread:38119 [file_pusher.py:finish():174] shutting down file pusher
2021-02-01 15:54:50,267 INFO    SenderThread:38119 [file_pusher.py:join():179] waiting for file pusher
2021-02-01 15:54:50,268 INFO    MainThread:38119 [internal.py:handle_exit():139] Internal process exited
