2021-02-01 15:54:42,078 INFO    MainThread:37697 [wandb_setup.py:_flush():70] setting env: {}
2021-02-01 15:54:42,078 INFO    MainThread:37697 [wandb_setup.py:_flush():70] multiprocessing start_methods=fork,spawn,forkserver
2021-02-01 15:54:42,078 INFO    MainThread:37697 [wandb_setup.py:_flush():70] setting login settings: {}
2021-02-01 15:54:42,078 INFO    MainThread:37697 [wandb_init.py:_log_setup():318] Logging user logs to /home/pfrod/architectures/wandb/run-20210201_155442-1qhlvkrb/logs/debug.log
2021-02-01 15:54:42,079 INFO    MainThread:37697 [wandb_init.py:_log_setup():319] Logging internal logs to /home/pfrod/architectures/wandb/run-20210201_155442-1qhlvkrb/logs/debug-internal.log
2021-02-01 15:54:44,737 INFO    MainThread:37697 [wandb_run.py:_console_start():1396] atexit reg
2021-02-01 15:54:44,738 INFO    MainThread:37697 [wandb_run.py:_redirect():1259] redirect: SettingsConsole.REDIRECT
2021-02-01 15:54:44,738 INFO    MainThread:37697 [wandb_run.py:_redirect():1264] Redirecting console.
2021-02-01 15:54:44,738 INFO    MainThread:37697 [redirect.py:install():213] install start
2021-02-01 15:54:44,738 INFO    MainThread:37697 [redirect.py:install():228] install stop
2021-02-01 15:54:44,739 INFO    MainThread:37697 [redirect.py:install():213] install start
2021-02-01 15:54:44,739 INFO    MainThread:37697 [redirect.py:install():228] install stop
2021-02-01 15:54:44,739 INFO    MainThread:37697 [wandb_run.py:_redirect():1310] Redirects installed.
2021-02-01 15:54:46,944 INFO    MainThread:37697 [wandb_run.py:_atexit_cleanup():1366] got exitcode: 1
2021-02-01 15:54:46,944 INFO    MainThread:37697 [wandb_run.py:_restore():1338] restore
2021-02-01 15:54:46,945 INFO    MainThread:37697 [redirect.py:uninstall():232] uninstall start
2021-02-01 15:54:46,945 INFO    MainThread:37697 [redirect.py:_stop():287] _stop: stdout
2021-02-01 15:54:46,945 INFO    MainThread:37697 [redirect.py:_stop():293] _stop closed: stdout
2021-02-01 15:54:46,945 INFO    stdout    :37697 [redirect.py:_pipe_relay():129] relay done saw last write: stdout
2021-02-01 15:54:46,946 INFO    stdout    :37697 [redirect.py:_pipe_relay():145] relay done done: stdout
2021-02-01 15:54:46,946 INFO    MainThread:37697 [redirect.py:_stop():299] _stop joined: stdout
2021-02-01 15:54:46,946 INFO    MainThread:37697 [redirect.py:_stop():301] _stop rd closed: stdout
2021-02-01 15:54:46,946 INFO    MainThread:37697 [redirect.py:uninstall():236] uninstall done
2021-02-01 15:54:46,946 INFO    MainThread:37697 [redirect.py:uninstall():232] uninstall start
2021-02-01 15:54:46,946 INFO    MainThread:37697 [redirect.py:_stop():287] _stop: stderr
2021-02-01 15:54:46,946 INFO    MainThread:37697 [redirect.py:_stop():293] _stop closed: stderr
2021-02-01 15:54:46,946 INFO    stderr    :37697 [redirect.py:_pipe_relay():129] relay done saw last write: stderr
2021-02-01 15:54:46,947 INFO    stderr    :37697 [redirect.py:_pipe_relay():145] relay done done: stderr
2021-02-01 15:54:46,947 INFO    MainThread:37697 [redirect.py:_stop():299] _stop joined: stderr
2021-02-01 15:54:46,947 INFO    MainThread:37697 [redirect.py:_stop():301] _stop rd closed: stderr
2021-02-01 15:54:46,947 INFO    MainThread:37697 [redirect.py:uninstall():236] uninstall done
2021-02-01 15:54:47,261 INFO    MainThread:37697 [wandb_run.py:_wait_for_finish():1489] got exit ret: file_counts {
  wandb_count: 1
}
pusher_stats {
  uploaded_bytes: 556
  total_bytes: 556
}

2021-02-01 15:54:49,267 INFO    MainThread:37697 [wandb_run.py:_wait_for_finish():1489] got exit ret: done: true
exit_result {
}
file_counts {
  wandb_count: 5
}
pusher_stats {
  uploaded_bytes: 16146
  total_bytes: 16146
}

2021-02-01 15:54:50,641 INFO    MainThread:37697 [wandb_run.py:_show_files():1711] logging synced files
2021-02-01 15:54:50,645 INFO    MainThread:37697 [internal.py:handle_exit():139] Internal process exited
