2021-02-01 10:09:43,503 INFO    MainThread:36563 [internal.py:wandb_internal():64] W&B internal server running at pid: 36563
2021-02-01 10:09:43,507 DEBUG   HandlerThread:36563 [handler.py:handle_request():55] handle_request: run_start
2021-02-01 10:09:43,507 INFO    WriterThread:36563 [datastore.py:open_for_write():77] open: /home/pfrod/architectures/wandb/offline-run-20210201_100942-2abw61sa/run-2abw61sa.wandb
2021-02-01 10:09:44,030 DEBUG   HandlerThread:36563 [tpu_cluster_resolver.py:<module>():36] Falling back to TensorFlow client; we recommended you install the Cloud TPU client directly with pip install cloud-tpu-client.
2021-02-01 10:09:44,911 DEBUG   HandlerThread:36563 [meta.py:__init__():34] meta init
2021-02-01 10:09:44,911 DEBUG   HandlerThread:36563 [meta.py:__init__():48] meta init done
2021-02-01 10:09:44,911 DEBUG   HandlerThread:36563 [meta.py:probe():190] probe
2021-02-01 10:09:44,917 DEBUG   HandlerThread:36563 [git.py:repo():33] git repository is invalid
2021-02-01 10:09:44,917 DEBUG   HandlerThread:36563 [meta.py:_save_pip():52] save pip
2021-02-01 10:09:44,918 DEBUG   HandlerThread:36563 [meta.py:_save_pip():66] save pip done
2021-02-01 10:09:44,918 DEBUG   HandlerThread:36563 [meta.py:probe():231] probe done
2021-02-01 10:09:46,953 DEBUG   HandlerThread:36563 [handler.py:handle_request():55] handle_request: poll_exit
2021-02-01 10:09:46,953 DEBUG   SenderThread:36563 [sender.py:send():117] send: exit
2021-02-01 10:09:46,954 INFO    SenderThread:36563 [sender.py:send_exit():195] handling exit code: 1
2021-02-01 10:09:46,954 INFO    SenderThread:36563 [sender.py:send_exit():203] send defer
2021-02-01 10:09:46,955 DEBUG   SenderThread:36563 [sender.py:send():117] send: request
2021-02-01 10:09:46,955 DEBUG   SenderThread:36563 [sender.py:send_request():126] send_request: poll_exit
2021-02-01 10:09:46,955 DEBUG   HandlerThread:36563 [handler.py:handle_request():55] handle_request: defer
2021-02-01 10:09:46,956 INFO    HandlerThread:36563 [handler.py:handle_request_defer():69] handle defer: 0
2021-02-01 10:09:46,956 DEBUG   SenderThread:36563 [sender.py:send():117] send: request
2021-02-01 10:09:46,956 DEBUG   SenderThread:36563 [sender.py:send_request():126] send_request: defer
2021-02-01 10:09:46,956 INFO    SenderThread:36563 [sender.py:send_request_defer():212] handle sender defer: 0
2021-02-01 10:09:46,956 INFO    SenderThread:36563 [sender.py:send_request_defer():248] send defer: 1
2021-02-01 10:09:46,957 DEBUG   HandlerThread:36563 [handler.py:handle_request():55] handle_request: defer
2021-02-01 10:09:46,957 INFO    HandlerThread:36563 [handler.py:handle_request_defer():69] handle defer: 1
2021-02-01 10:09:46,993 DEBUG   SenderThread:36563 [sender.py:send():117] send: request
2021-02-01 10:09:46,993 DEBUG   SenderThread:36563 [sender.py:send_request():126] send_request: defer
2021-02-01 10:09:46,994 INFO    SenderThread:36563 [sender.py:send_request_defer():212] handle sender defer: 1
2021-02-01 10:09:46,994 INFO    SenderThread:36563 [sender.py:send_request_defer():248] send defer: 2
2021-02-01 10:09:46,994 DEBUG   HandlerThread:36563 [handler.py:handle_request():55] handle_request: defer
2021-02-01 10:09:46,995 INFO    HandlerThread:36563 [handler.py:handle_request_defer():69] handle defer: 2
2021-02-01 10:09:46,995 DEBUG   SenderThread:36563 [sender.py:send():117] send: request
2021-02-01 10:09:46,995 DEBUG   SenderThread:36563 [sender.py:send_request():126] send_request: defer
2021-02-01 10:09:46,995 INFO    SenderThread:36563 [sender.py:send_request_defer():212] handle sender defer: 2
2021-02-01 10:09:46,995 INFO    SenderThread:36563 [sender.py:send_request_defer():248] send defer: 3
2021-02-01 10:09:46,996 DEBUG   HandlerThread:36563 [handler.py:handle_request():55] handle_request: defer
2021-02-01 10:09:46,996 INFO    HandlerThread:36563 [handler.py:handle_request_defer():69] handle defer: 3
2021-02-01 10:09:46,996 DEBUG   SenderThread:36563 [sender.py:send():117] send: request
2021-02-01 10:09:46,996 DEBUG   SenderThread:36563 [sender.py:send_request():126] send_request: defer
2021-02-01 10:09:46,996 INFO    SenderThread:36563 [sender.py:send_request_defer():212] handle sender defer: 3
2021-02-01 10:09:46,996 INFO    SenderThread:36563 [sender.py:send_request_defer():248] send defer: 4
2021-02-01 10:09:46,997 DEBUG   HandlerThread:36563 [handler.py:handle_request():55] handle_request: defer
2021-02-01 10:09:46,997 INFO    HandlerThread:36563 [handler.py:handle_request_defer():69] handle defer: 4
2021-02-01 10:09:46,997 DEBUG   SenderThread:36563 [sender.py:send():117] send: request
2021-02-01 10:09:46,997 DEBUG   SenderThread:36563 [sender.py:send_request():126] send_request: defer
2021-02-01 10:09:46,997 INFO    SenderThread:36563 [sender.py:send_request_defer():212] handle sender defer: 4
2021-02-01 10:09:46,997 INFO    SenderThread:36563 [sender.py:send_request_defer():248] send defer: 5
2021-02-01 10:09:46,998 DEBUG   HandlerThread:36563 [handler.py:handle_request():55] handle_request: defer
2021-02-01 10:09:46,998 INFO    HandlerThread:36563 [handler.py:handle_request_defer():69] handle defer: 5
2021-02-01 10:09:46,998 DEBUG   SenderThread:36563 [sender.py:send():117] send: request
2021-02-01 10:09:46,998 DEBUG   SenderThread:36563 [sender.py:send_request():126] send_request: defer
2021-02-01 10:09:46,998 INFO    SenderThread:36563 [sender.py:send_request_defer():212] handle sender defer: 5
2021-02-01 10:09:46,998 INFO    SenderThread:36563 [sender.py:send_request_defer():248] send defer: 6
2021-02-01 10:09:46,999 DEBUG   HandlerThread:36563 [handler.py:handle_request():55] handle_request: defer
2021-02-01 10:09:46,999 INFO    HandlerThread:36563 [handler.py:handle_request_defer():69] handle defer: 6
2021-02-01 10:09:46,999 DEBUG   SenderThread:36563 [sender.py:send():117] send: request
2021-02-01 10:09:46,999 DEBUG   SenderThread:36563 [sender.py:send_request():126] send_request: defer
2021-02-01 10:09:46,999 INFO    SenderThread:36563 [sender.py:send_request_defer():212] handle sender defer: 6
2021-02-01 10:09:46,999 INFO    SenderThread:36563 [sender.py:send_request_defer():248] send defer: 7
2021-02-01 10:09:47,000 DEBUG   HandlerThread:36563 [handler.py:handle_request():55] handle_request: defer
2021-02-01 10:09:47,000 INFO    HandlerThread:36563 [handler.py:handle_request_defer():69] handle defer: 7
2021-02-01 10:09:47,000 DEBUG   SenderThread:36563 [sender.py:send():117] send: request
2021-02-01 10:09:47,000 DEBUG   SenderThread:36563 [sender.py:send_request():126] send_request: defer
2021-02-01 10:09:47,000 INFO    SenderThread:36563 [sender.py:send_request_defer():212] handle sender defer: 7
2021-02-01 10:09:47,000 INFO    SenderThread:36563 [sender.py:send_request_defer():248] send defer: 8
2021-02-01 10:09:47,001 DEBUG   SenderThread:36563 [sender.py:send():117] send: final
2021-02-01 10:09:47,001 DEBUG   HandlerThread:36563 [handler.py:handle_request():55] handle_request: defer
2021-02-01 10:09:47,002 INFO    HandlerThread:36563 [handler.py:handle_request_defer():69] handle defer: 8
2021-02-01 10:09:47,002 DEBUG   SenderThread:36563 [sender.py:send():117] send: request
2021-02-01 10:09:47,002 DEBUG   SenderThread:36563 [sender.py:send_request():126] send_request: defer
2021-02-01 10:09:47,002 INFO    SenderThread:36563 [sender.py:send_request_defer():212] handle sender defer: 8
2021-02-01 10:09:48,959 DEBUG   HandlerThread:36563 [handler.py:handle_request():55] handle_request: poll_exit
2021-02-01 10:09:48,960 DEBUG   SenderThread:36563 [sender.py:send():117] send: request
2021-02-01 10:09:48,960 DEBUG   SenderThread:36563 [sender.py:send_request():126] send_request: poll_exit
2021-02-01 10:09:48,962 DEBUG   HandlerThread:36563 [handler.py:handle_request():55] handle_request: get_summary
2021-02-01 10:09:48,963 DEBUG   HandlerThread:36563 [handler.py:handle_request():55] handle_request: sampled_history
2021-02-01 10:09:48,964 DEBUG   HandlerThread:36563 [handler.py:handle_request():55] handle_request: shutdown
2021-02-01 10:09:48,964 INFO    HandlerThread:36563 [handler.py:finish():274] shutting down handler
2021-02-01 10:09:49,002 INFO    WriterThread:36563 [datastore.py:close():258] close: /home/pfrod/architectures/wandb/offline-run-20210201_100942-2abw61sa/run-2abw61sa.wandb
2021-02-01 10:09:49,961 INFO    SenderThread:36563 [sender.py:finish():756] shutting down sender
2021-02-01 10:09:49,962 INFO    MainThread:36563 [internal.py:handle_exit():139] Internal process exited
