2021-02-01 19:38:13,642 INFO    MainThread:39479 [internal.py:wandb_internal():64] W&B internal server running at pid: 39479
2021-02-01 19:38:13,645 DEBUG   HandlerThread:39479 [handler.py:handle_request():55] handle_request: check_version
2021-02-01 19:38:13,646 INFO    WriterThread:39479 [datastore.py:open_for_write():77] open: /home/pfrod/architectures/wandb/run-20210201_193812-35g56gam/run-35g56gam.wandb
2021-02-01 19:38:13,647 DEBUG   SenderThread:39479 [sender.py:send():117] send: header
2021-02-01 19:38:13,647 DEBUG   SenderThread:39479 [sender.py:send():117] send: request
2021-02-01 19:38:13,648 DEBUG   SenderThread:39479 [sender.py:send_request():126] send_request: check_version
2021-02-01 19:38:13,652 DEBUG   Thread-4  :39479 [connectionpool.py:_new_conn():813] Starting new HTTPS connection (1): pypi.org:443
2021-02-01 19:38:13,736 DEBUG   Thread-4  :39479 [connectionpool.py:_make_request():393] https://pypi.org:443 "GET /pypi/wandb/json HTTP/1.1" 200 53088
2021-02-01 19:38:13,772 DEBUG   SenderThread:39479 [sender.py:send():117] send: run
2021-02-01 19:38:13,798 DEBUG   SenderThread:39479 [git.py:repo():33] git repository is invalid
2021-02-01 19:38:13,802 DEBUG   SenderThread:39479 [connectionpool.py:_new_conn():813] Starting new HTTPS connection (1): api.wandb.ai:443
2021-02-01 19:38:14,044 DEBUG   SenderThread:39479 [connectionpool.py:_make_request():393] https://api.wandb.ai:443 "POST /graphql HTTP/1.1" 200 None
2021-02-01 19:38:14,051 INFO    SenderThread:39479 [dir_watcher.py:__init__():165] watching files in: /home/pfrod/architectures/wandb/run-20210201_193812-35g56gam/files
2021-02-01 19:38:14,051 INFO    SenderThread:39479 [sender.py:_start_run_threads():596] run started: 35g56gam with start time 1612204693
2021-02-01 19:38:14,056 DEBUG   SenderThread:39479 [sender.py:send():117] send: summary
2021-02-01 19:38:14,056 INFO    SenderThread:39479 [sender.py:_save_file():682] saving file wandb-summary.json with policy end
2021-02-01 19:38:14,058 DEBUG   HandlerThread:39479 [handler.py:handle_request():55] handle_request: run_start
2021-02-01 19:38:14,580 DEBUG   HandlerThread:39479 [tpu_cluster_resolver.py:<module>():36] Falling back to TensorFlow client; we recommended you install the Cloud TPU client directly with pip install cloud-tpu-client.
2021-02-01 19:38:15,058 INFO    Thread-8  :39479 [dir_watcher.py:_on_file_created():213] file/dir created: /home/pfrod/architectures/wandb/run-20210201_193812-35g56gam/files/wandb-summary.json
2021-02-01 19:38:15,434 DEBUG   HandlerThread:39479 [meta.py:__init__():34] meta init
2021-02-01 19:38:15,434 DEBUG   HandlerThread:39479 [meta.py:__init__():48] meta init done
2021-02-01 19:38:15,434 DEBUG   HandlerThread:39479 [meta.py:probe():190] probe
2021-02-01 19:38:15,440 DEBUG   HandlerThread:39479 [git.py:repo():33] git repository is invalid
2021-02-01 19:38:15,440 DEBUG   HandlerThread:39479 [meta.py:_save_pip():52] save pip
2021-02-01 19:38:15,440 DEBUG   HandlerThread:39479 [meta.py:_save_pip():66] save pip done
2021-02-01 19:38:15,441 DEBUG   HandlerThread:39479 [meta.py:probe():231] probe done
2021-02-01 19:38:15,443 DEBUG   SenderThread:39479 [sender.py:send():117] send: files
2021-02-01 19:38:15,443 INFO    SenderThread:39479 [sender.py:_save_file():682] saving file wandb-metadata.json with policy now
2021-02-01 19:38:15,450 DEBUG   HandlerThread:39479 [handler.py:handle_request():55] handle_request: status
2021-02-01 19:38:15,453 DEBUG   Thread-11 :39479 [connectionpool.py:_new_conn():813] Starting new HTTPS connection (1): api.wandb.ai:443
2021-02-01 19:38:15,454 DEBUG   SenderThread:39479 [sender.py:send():117] send: request
2021-02-01 19:38:15,455 DEBUG   SenderThread:39479 [sender.py:send_request():126] send_request: status
2021-02-01 19:38:15,460 DEBUG   SenderThread:39479 [connectionpool.py:_new_conn():813] Starting new HTTPS connection (1): api.wandb.ai:443
2021-02-01 19:38:15,676 DEBUG   Thread-11 :39479 [connectionpool.py:_make_request():393] https://api.wandb.ai:443 "POST /graphql HTTP/1.1" 200 None
2021-02-01 19:38:15,682 DEBUG   Thread-11 :39479 [connectionpool.py:_new_conn():813] Starting new HTTPS connection (1): storage.googleapis.com:443
2021-02-01 19:38:16,030 DEBUG   SenderThread:39479 [connectionpool.py:_make_request():393] https://api.wandb.ai:443 "POST /graphql HTTP/1.1" 200 None
2021-02-01 19:38:16,056 INFO    Thread-8  :39479 [dir_watcher.py:_on_file_created():213] file/dir created: /home/pfrod/architectures/wandb/run-20210201_193812-35g56gam/files/requirements.txt
2021-02-01 19:38:16,056 INFO    Thread-8  :39479 [dir_watcher.py:_on_file_created():213] file/dir created: /home/pfrod/architectures/wandb/run-20210201_193812-35g56gam/files/wandb-metadata.json
2021-02-01 19:38:16,057 INFO    Thread-8  :39479 [dir_watcher.py:_on_file_created():213] file/dir created: /home/pfrod/architectures/wandb/run-20210201_193812-35g56gam/files/output.log
2021-02-01 19:38:16,068 DEBUG   Thread-11 :39479 [connectionpool.py:_make_request():393] https://storage.googleapis.com:443 "PUT /wandb-production.appspot.com/pfrodedelaforet/huggingface/35g56gam/wandb-metadata.json?Expires=1612291095&GoogleAccessId=wandb-production%40appspot.gserviceaccount.com&Signature=f%2Fn%2BydlSsFLtz7oQVtGI2ZJCmAsp4SbpxgXbVbkTUJ%2B8iAqlL0a0DeLv9MrfW%2BiiM%2B2UmOhdz5d%2BPceZR%2Blv0ZmWC8lP1A%2FEPPvexG4mznsbpTAEA90tnHWduFkC3VmFaubGIJmfBKOW0nrKQu4v6%2Bw12%2FGmHGVR6%2FWOCZ%2FFF9YOPbdnh4eiyGdYvVn%2Fac%2Fsf%2BJOkmv9h5E3XEGVQl8gF1T2NnmoGdAMv0Y9q%2BTlgF06Z9bHg0P6J2ZuUeRvIColhlRn16tUZn3NmPDBLw7Qlp%2B6u87HaRs9zD%2BqcRiSrR1FjiReV4vHRONuyuBSOVy1l1GZjZ0Q7sHV3y5iJ0Fx%2Bw%3D%3D HTTP/1.1" 200 0
2021-02-01 19:38:16,071 INFO    Thread-11 :39479 [upload_job.py:push():133] Uploaded file /tmp/tmpf2kys5qkwandb/20w4oqen-wandb-metadata.json
2021-02-01 19:38:17,530 DEBUG   Thread-5  :39479 [connectionpool.py:_new_conn():813] Starting new HTTPS connection (1): api.wandb.ai:443
2021-02-01 19:38:17,796 DEBUG   Thread-5  :39479 [connectionpool.py:_make_request():393] https://api.wandb.ai:443 "POST /files/pfrodedelaforet/huggingface/35g56gam/file_stream HTTP/1.1" 200 None
2021-02-01 19:38:18,056 INFO    Thread-8  :39479 [dir_watcher.py:_on_file_modified():226] file/dir modified: /home/pfrod/architectures/wandb/run-20210201_193812-35g56gam/files/output.log
2021-02-01 19:38:18,880 DEBUG   SenderThread:39479 [sender.py:send():117] send: stats
2021-02-01 19:38:19,057 INFO    Thread-8  :39479 [dir_watcher.py:_on_file_modified():226] file/dir modified: /home/pfrod/architectures/wandb/run-20210201_193812-35g56gam/files/output.log
2021-02-01 19:38:21,165 DEBUG   Thread-5  :39479 [connectionpool.py:_make_request():393] https://api.wandb.ai:443 "POST /files/pfrodedelaforet/huggingface/35g56gam/file_stream HTTP/1.1" 200 None
2021-02-01 19:38:22,059 INFO    Thread-8  :39479 [dir_watcher.py:_on_file_modified():226] file/dir modified: /home/pfrod/architectures/wandb/run-20210201_193812-35g56gam/files/output.log
2021-02-01 19:38:23,060 INFO    Thread-8  :39479 [dir_watcher.py:_on_file_modified():226] file/dir modified: /home/pfrod/architectures/wandb/run-20210201_193812-35g56gam/files/output.log
2021-02-01 19:38:23,401 DEBUG   SenderThread:39479 [sender.py:send():117] send: stats
2021-02-01 19:38:23,414 DEBUG   Thread-5  :39479 [connectionpool.py:_make_request():393] https://api.wandb.ai:443 "POST /files/pfrodedelaforet/huggingface/35g56gam/file_stream HTTP/1.1" 200 None
2021-02-01 19:38:24,060 INFO    Thread-8  :39479 [dir_watcher.py:_on_file_modified():226] file/dir modified: /home/pfrod/architectures/wandb/run-20210201_193812-35g56gam/files/output.log
2021-02-01 19:38:25,061 INFO    Thread-8  :39479 [dir_watcher.py:_on_file_modified():226] file/dir modified: /home/pfrod/architectures/wandb/run-20210201_193812-35g56gam/files/output.log
2021-02-01 19:38:25,652 DEBUG   Thread-5  :39479 [connectionpool.py:_make_request():393] https://api.wandb.ai:443 "POST /files/pfrodedelaforet/huggingface/35g56gam/file_stream HTTP/1.1" 200 None
2021-02-01 19:38:26,062 INFO    Thread-8  :39479 [dir_watcher.py:_on_file_modified():226] file/dir modified: /home/pfrod/architectures/wandb/run-20210201_193812-35g56gam/files/output.log
2021-02-01 19:38:27,062 INFO    Thread-8  :39479 [dir_watcher.py:_on_file_modified():226] file/dir modified: /home/pfrod/architectures/wandb/run-20210201_193812-35g56gam/files/output.log
2021-02-01 19:38:27,802 DEBUG   Thread-5  :39479 [connectionpool.py:_make_request():393] https://api.wandb.ai:443 "POST /files/pfrodedelaforet/huggingface/35g56gam/file_stream HTTP/1.1" 200 None
2021-02-01 19:38:27,921 DEBUG   SenderThread:39479 [sender.py:send():117] send: stats
2021-02-01 19:38:28,063 INFO    Thread-8  :39479 [dir_watcher.py:_on_file_modified():226] file/dir modified: /home/pfrod/architectures/wandb/run-20210201_193812-35g56gam/files/output.log
2021-02-01 19:38:29,063 INFO    Thread-8  :39479 [dir_watcher.py:_on_file_modified():226] file/dir modified: /home/pfrod/architectures/wandb/run-20210201_193812-35g56gam/files/output.log
2021-02-01 19:38:29,831 DEBUG   Thread-5  :39479 [connectionpool.py:_make_request():393] https://api.wandb.ai:443 "POST /files/pfrodedelaforet/huggingface/35g56gam/file_stream HTTP/1.1" 200 None
2021-02-01 19:38:30,064 INFO    Thread-8  :39479 [dir_watcher.py:_on_file_modified():226] file/dir modified: /home/pfrod/architectures/wandb/run-20210201_193812-35g56gam/files/output.log
2021-02-01 19:38:31,037 DEBUG   HandlerThread:39479 [handler.py:handle_request():55] handle_request: status
2021-02-01 19:38:31,037 DEBUG   SenderThread:39479 [sender.py:send():117] send: request
2021-02-01 19:38:31,037 DEBUG   SenderThread:39479 [sender.py:send_request():126] send_request: status
2021-02-01 19:38:31,042 DEBUG   SenderThread:39479 [connectionpool.py:_new_conn():813] Starting new HTTPS connection (1): api.wandb.ai:443
2021-02-01 19:38:31,235 DEBUG   SenderThread:39479 [connectionpool.py:_make_request():393] https://api.wandb.ai:443 "POST /graphql HTTP/1.1" 200 None
2021-02-01 19:38:32,007 DEBUG   Thread-5  :39479 [connectionpool.py:_make_request():393] https://api.wandb.ai:443 "POST /files/pfrodedelaforet/huggingface/35g56gam/file_stream HTTP/1.1" 200 None
2021-02-01 19:38:32,445 DEBUG   SenderThread:39479 [sender.py:send():117] send: stats
2021-02-01 19:38:34,623 DEBUG   Thread-5  :39479 [connectionpool.py:_make_request():393] https://api.wandb.ai:443 "POST /files/pfrodedelaforet/huggingface/35g56gam/file_stream HTTP/1.1" 200 None
2021-02-01 19:38:36,967 DEBUG   SenderThread:39479 [sender.py:send():117] send: stats
2021-02-01 19:38:37,142 DEBUG   Thread-5  :39479 [connectionpool.py:_make_request():393] https://api.wandb.ai:443 "POST /files/pfrodedelaforet/huggingface/35g56gam/file_stream HTTP/1.1" 200 None
2021-02-01 19:38:41,488 DEBUG   SenderThread:39479 [sender.py:send():117] send: stats
2021-02-01 19:38:41,660 DEBUG   Thread-5  :39479 [connectionpool.py:_make_request():393] https://api.wandb.ai:443 "POST /files/pfrodedelaforet/huggingface/35g56gam/file_stream HTTP/1.1" 200 None
2021-02-01 19:38:44,120 DEBUG   SenderThread:39479 [sender.py:send():117] send: telemetry
2021-02-01 19:38:44,121 DEBUG   HandlerThread:39479 [handler.py:handle_request():55] handle_request: poll_exit
2021-02-01 19:38:44,132 DEBUG   SenderThread:39479 [connectionpool.py:_new_conn():813] Starting new HTTPS connection (1): api.wandb.ai:443
2021-02-01 19:38:44,282 DEBUG   Thread-5  :39479 [connectionpool.py:_make_request():393] https://api.wandb.ai:443 "POST /files/pfrodedelaforet/huggingface/35g56gam/file_stream HTTP/1.1" 200 None
2021-02-01 19:38:44,357 DEBUG   SenderThread:39479 [connectionpool.py:_make_request():393] https://api.wandb.ai:443 "POST /graphql HTTP/1.1" 200 None
2021-02-01 19:38:44,388 DEBUG   SenderThread:39479 [sender.py:send():117] send: exit
2021-02-01 19:38:44,388 INFO    SenderThread:39479 [sender.py:send_exit():195] handling exit code: 1
2021-02-01 19:38:44,388 INFO    SenderThread:39479 [sender.py:send_exit():203] send defer
2021-02-01 19:38:44,388 DEBUG   SenderThread:39479 [sender.py:send():117] send: request
2021-02-01 19:38:44,389 DEBUG   SenderThread:39479 [sender.py:send_request():126] send_request: poll_exit
2021-02-01 19:38:44,389 DEBUG   HandlerThread:39479 [handler.py:handle_request():55] handle_request: defer
2021-02-01 19:38:44,390 INFO    HandlerThread:39479 [handler.py:handle_request_defer():69] handle defer: 0
2021-02-01 19:38:44,390 DEBUG   SenderThread:39479 [sender.py:send():117] send: request
2021-02-01 19:38:44,390 DEBUG   SenderThread:39479 [sender.py:send_request():126] send_request: defer
2021-02-01 19:38:44,390 INFO    SenderThread:39479 [sender.py:send_request_defer():212] handle sender defer: 0
2021-02-01 19:38:44,390 INFO    SenderThread:39479 [sender.py:send_request_defer():248] send defer: 1
2021-02-01 19:38:44,391 DEBUG   HandlerThread:39479 [handler.py:handle_request():55] handle_request: defer
2021-02-01 19:38:44,391 INFO    HandlerThread:39479 [handler.py:handle_request_defer():69] handle defer: 1
2021-02-01 19:38:44,464 DEBUG   SenderThread:39479 [sender.py:send():117] send: request
2021-02-01 19:38:44,465 DEBUG   SenderThread:39479 [sender.py:send_request():126] send_request: defer
2021-02-01 19:38:44,465 INFO    SenderThread:39479 [sender.py:send_request_defer():212] handle sender defer: 1
2021-02-01 19:38:44,465 INFO    SenderThread:39479 [sender.py:send_request_defer():248] send defer: 2
2021-02-01 19:38:44,466 DEBUG   SenderThread:39479 [sender.py:send():117] send: stats
2021-02-01 19:38:44,466 DEBUG   HandlerThread:39479 [handler.py:handle_request():55] handle_request: defer
2021-02-01 19:38:44,467 INFO    HandlerThread:39479 [handler.py:handle_request_defer():69] handle defer: 2
2021-02-01 19:38:44,467 DEBUG   SenderThread:39479 [sender.py:send():117] send: request
2021-02-01 19:38:44,467 DEBUG   SenderThread:39479 [sender.py:send_request():126] send_request: defer
2021-02-01 19:38:44,467 INFO    SenderThread:39479 [sender.py:send_request_defer():212] handle sender defer: 2
2021-02-01 19:38:44,467 INFO    SenderThread:39479 [sender.py:send_request_defer():248] send defer: 3
2021-02-01 19:38:44,468 DEBUG   HandlerThread:39479 [handler.py:handle_request():55] handle_request: defer
2021-02-01 19:38:44,468 INFO    HandlerThread:39479 [handler.py:handle_request_defer():69] handle defer: 3
2021-02-01 19:38:44,468 DEBUG   SenderThread:39479 [sender.py:send():117] send: summary
2021-02-01 19:38:44,469 INFO    SenderThread:39479 [sender.py:_save_file():682] saving file wandb-summary.json with policy end
2021-02-01 19:38:44,470 DEBUG   SenderThread:39479 [sender.py:send():117] send: request
2021-02-01 19:38:44,470 DEBUG   SenderThread:39479 [sender.py:send_request():126] send_request: defer
2021-02-01 19:38:44,470 INFO    SenderThread:39479 [sender.py:send_request_defer():212] handle sender defer: 3
2021-02-01 19:38:44,470 INFO    SenderThread:39479 [sender.py:send_request_defer():248] send defer: 4
2021-02-01 19:38:44,470 DEBUG   HandlerThread:39479 [handler.py:handle_request():55] handle_request: defer
2021-02-01 19:38:44,471 INFO    HandlerThread:39479 [handler.py:handle_request_defer():69] handle defer: 4
2021-02-01 19:38:44,471 DEBUG   SenderThread:39479 [sender.py:send():117] send: request
2021-02-01 19:38:44,471 DEBUG   SenderThread:39479 [sender.py:send_request():126] send_request: defer
2021-02-01 19:38:44,471 INFO    SenderThread:39479 [sender.py:send_request_defer():212] handle sender defer: 4
2021-02-01 19:38:44,471 INFO    SenderThread:39479 [dir_watcher.py:finish():279] shutting down directory watcher
2021-02-01 19:38:45,069 INFO    SenderThread:39479 [dir_watcher.py:_on_file_modified():226] file/dir modified: /home/pfrod/architectures/wandb/run-20210201_193812-35g56gam/files/wandb-summary.json
2021-02-01 19:38:45,070 INFO    SenderThread:39479 [dir_watcher.py:_on_file_modified():226] file/dir modified: /home/pfrod/architectures/wandb/run-20210201_193812-35g56gam/files/config.yaml
2021-02-01 19:38:45,070 INFO    SenderThread:39479 [dir_watcher.py:_on_file_modified():226] file/dir modified: /home/pfrod/architectures/wandb/run-20210201_193812-35g56gam/files/output.log
2021-02-01 19:38:45,070 INFO    SenderThread:39479 [dir_watcher.py:finish():309] scan: /home/pfrod/architectures/wandb/run-20210201_193812-35g56gam/files
2021-02-01 19:38:45,071 INFO    SenderThread:39479 [dir_watcher.py:finish():315] scan save: /home/pfrod/architectures/wandb/run-20210201_193812-35g56gam/files/config.yaml config.yaml
2021-02-01 19:38:45,071 INFO    SenderThread:39479 [dir_watcher.py:finish():315] scan save: /home/pfrod/architectures/wandb/run-20210201_193812-35g56gam/files/wandb-summary.json wandb-summary.json
2021-02-01 19:38:45,072 INFO    SenderThread:39479 [dir_watcher.py:finish():315] scan save: /home/pfrod/architectures/wandb/run-20210201_193812-35g56gam/files/requirements.txt requirements.txt
2021-02-01 19:38:45,079 DEBUG   Thread-12 :39479 [connectionpool.py:_new_conn():813] Starting new HTTPS connection (1): api.wandb.ai:443
2021-02-01 19:38:45,080 INFO    SenderThread:39479 [dir_watcher.py:finish():315] scan save: /home/pfrod/architectures/wandb/run-20210201_193812-35g56gam/files/wandb-metadata.json wandb-metadata.json
2021-02-01 19:38:45,087 DEBUG   Thread-13 :39479 [connectionpool.py:_new_conn():813] Starting new HTTPS connection (1): api.wandb.ai:443
2021-02-01 19:38:45,087 INFO    SenderThread:39479 [dir_watcher.py:finish():315] scan save: /home/pfrod/architectures/wandb/run-20210201_193812-35g56gam/files/output.log output.log
2021-02-01 19:38:45,094 DEBUG   Thread-14 :39479 [connectionpool.py:_new_conn():813] Starting new HTTPS connection (1): api.wandb.ai:443
2021-02-01 19:38:45,095 INFO    SenderThread:39479 [sender.py:send_request_defer():248] send defer: 5
2021-02-01 19:38:45,102 DEBUG   Thread-15 :39479 [connectionpool.py:_new_conn():813] Starting new HTTPS connection (1): api.wandb.ai:443
2021-02-01 19:38:45,103 DEBUG   HandlerThread:39479 [handler.py:handle_request():55] handle_request: defer
2021-02-01 19:38:45,103 INFO    HandlerThread:39479 [handler.py:handle_request_defer():69] handle defer: 5
2021-02-01 19:38:45,103 DEBUG   SenderThread:39479 [sender.py:send():117] send: request
2021-02-01 19:38:45,104 DEBUG   SenderThread:39479 [sender.py:send_request():126] send_request: defer
2021-02-01 19:38:45,104 INFO    SenderThread:39479 [sender.py:send_request_defer():212] handle sender defer: 5
2021-02-01 19:38:45,104 INFO    SenderThread:39479 [file_pusher.py:finish():174] shutting down file pusher
2021-02-01 19:38:45,104 INFO    SenderThread:39479 [sender.py:send_request_defer():248] send defer: 6
2021-02-01 19:38:45,105 DEBUG   HandlerThread:39479 [handler.py:handle_request():55] handle_request: defer
2021-02-01 19:38:45,105 INFO    HandlerThread:39479 [handler.py:handle_request_defer():69] handle defer: 6
2021-02-01 19:38:45,105 DEBUG   SenderThread:39479 [sender.py:send():117] send: request
2021-02-01 19:38:45,106 DEBUG   SenderThread:39479 [sender.py:send_request():126] send_request: defer
2021-02-01 19:38:45,106 INFO    SenderThread:39479 [sender.py:send_request_defer():212] handle sender defer: 6
2021-02-01 19:38:45,281 DEBUG   Thread-5  :39479 [connectionpool.py:_make_request():393] https://api.wandb.ai:443 "POST /files/pfrodedelaforet/huggingface/35g56gam/file_stream HTTP/1.1" 200 None
2021-02-01 19:38:45,301 DEBUG   Thread-12 :39479 [connectionpool.py:_make_request():393] https://api.wandb.ai:443 "POST /graphql HTTP/1.1" 200 None
2021-02-01 19:38:45,307 DEBUG   Thread-12 :39479 [connectionpool.py:_new_conn():813] Starting new HTTPS connection (1): storage.googleapis.com:443
2021-02-01 19:38:45,309 DEBUG   Thread-13 :39479 [connectionpool.py:_make_request():393] https://api.wandb.ai:443 "POST /graphql HTTP/1.1" 200 None
2021-02-01 19:38:45,313 DEBUG   Thread-14 :39479 [connectionpool.py:_make_request():393] https://api.wandb.ai:443 "POST /graphql HTTP/1.1" 200 None
2021-02-01 19:38:45,317 DEBUG   Thread-13 :39479 [connectionpool.py:_new_conn():813] Starting new HTTPS connection (1): storage.googleapis.com:443
2021-02-01 19:38:45,321 DEBUG   Thread-15 :39479 [connectionpool.py:_make_request():393] https://api.wandb.ai:443 "POST /graphql HTTP/1.1" 200 None
2021-02-01 19:38:45,323 DEBUG   Thread-14 :39479 [connectionpool.py:_new_conn():813] Starting new HTTPS connection (1): storage.googleapis.com:443
2021-02-01 19:38:45,327 DEBUG   Thread-15 :39479 [connectionpool.py:_new_conn():813] Starting new HTTPS connection (1): storage.googleapis.com:443
2021-02-01 19:38:45,432 DEBUG   Thread-5  :39479 [connectionpool.py:_make_request():393] https://api.wandb.ai:443 "POST /files/pfrodedelaforet/huggingface/35g56gam/file_stream HTTP/1.1" 200 None
2021-02-01 19:38:45,435 INFO    SenderThread:39479 [sender.py:send_request_defer():248] send defer: 7
2021-02-01 19:38:45,435 DEBUG   HandlerThread:39479 [handler.py:handle_request():55] handle_request: defer
2021-02-01 19:38:45,436 INFO    HandlerThread:39479 [handler.py:handle_request_defer():69] handle defer: 7
2021-02-01 19:38:45,436 DEBUG   SenderThread:39479 [sender.py:send():117] send: request
2021-02-01 19:38:45,436 DEBUG   SenderThread:39479 [sender.py:send_request():126] send_request: defer
2021-02-01 19:38:45,436 INFO    SenderThread:39479 [sender.py:send_request_defer():212] handle sender defer: 7
2021-02-01 19:38:45,436 INFO    SenderThread:39479 [sender.py:send_request_defer():248] send defer: 8
2021-02-01 19:38:45,437 DEBUG   HandlerThread:39479 [handler.py:handle_request():55] handle_request: defer
2021-02-01 19:38:45,438 DEBUG   SenderThread:39479 [sender.py:send():117] send: final
2021-02-01 19:38:45,438 INFO    HandlerThread:39479 [handler.py:handle_request_defer():69] handle defer: 8
2021-02-01 19:38:45,438 DEBUG   SenderThread:39479 [sender.py:send():117] send: footer
2021-02-01 19:38:45,438 DEBUG   SenderThread:39479 [sender.py:send():117] send: request
2021-02-01 19:38:45,438 DEBUG   SenderThread:39479 [sender.py:send_request():126] send_request: defer
2021-02-01 19:38:45,439 INFO    SenderThread:39479 [sender.py:send_request_defer():212] handle sender defer: 8
2021-02-01 19:38:45,667 DEBUG   Thread-13 :39479 [connectionpool.py:_make_request():393] https://storage.googleapis.com:443 "PUT /wandb-production.appspot.com/pfrodedelaforet/huggingface/35g56gam/wandb-summary.json?Expires=1612291125&GoogleAccessId=wandb-production%40appspot.gserviceaccount.com&Signature=SQq%2BigwX0vJPu6StLUnGXMVQtM3sLCek0D0VI04%2B5%2BM63EPMgNNEUCdE44r4nR4rjT0b3uxF2xxDwg7%2BR3336jFOopOtBqM4YnYUzF8y3rNljeaX5TTVzhAQDt5qWfv%2B0YUQuWCyfFy3pUkx1SP3V0vPmwHI1QLm4D7%2FxXwmScE7%2FWAyJos3qQmWbTKzARE23PYSb3583H%2F4xSiNoklMPujugm2dA%2Fbsv8TCNDU6InGoWsyyTBTkd%2BSOhqHzknQnk7aXxw0F%2BMe8WO7qnNw%2FTtOlbPGiKjnLgVYxq%2F04qESr%2FnBWo%2F6vV2AWhmdkRTHGwiOA4NuaZB76vyCAksj1Bg%3D%3D HTTP/1.1" 200 0
2021-02-01 19:38:45,669 INFO    Thread-13 :39479 [upload_job.py:push():133] Uploaded file /home/pfrod/architectures/wandb/run-20210201_193812-35g56gam/files/wandb-summary.json
2021-02-01 19:38:45,680 DEBUG   Thread-15 :39479 [connectionpool.py:_make_request():393] https://storage.googleapis.com:443 "PUT /wandb-production.appspot.com/pfrodedelaforet/huggingface/35g56gam/output.log?Expires=1612291125&GoogleAccessId=wandb-production%40appspot.gserviceaccount.com&Signature=R3vqbdXGNxmxdcmkgKQLuEXgPMi%2BFOEsAvlRlFvDk6bbZq5Qua9KY6wLk0%2F8XnH8Lb2bJ1DG67dKak%2FxLglI71LvnORrhv8jkrAhicmIIwY653t6ax8VYQOgltWViiyseBB%2BYmjbGzC%2Fw%2FSebqkJqszv5boIBYpZofnnWR8VzC6Id5%2BtHH9DIJ0pTu1gTXXzu2jSeaHgzPQxdKWAzsBP9sF96pTjQU3mJ5Yco4CLL%2BFCycgvPURyJtSnEeGThF7mIkFIsmNZGowLnNe3Wlukfyi0FeP8lZ3mBw64zYMPaUjAMsM6s8eMfHMHLjLfvLvh6V%2F%2FPDMm6vSeL8aRmVky0w%3D%3D HTTP/1.1" 200 0
2021-02-01 19:38:45,683 INFO    Thread-15 :39479 [upload_job.py:push():133] Uploaded file /home/pfrod/architectures/wandb/run-20210201_193812-35g56gam/files/output.log
2021-02-01 19:38:45,699 DEBUG   Thread-12 :39479 [connectionpool.py:_make_request():393] https://storage.googleapis.com:443 "PUT /wandb-production.appspot.com/pfrodedelaforet/huggingface/35g56gam/config.yaml?Expires=1612291125&GoogleAccessId=wandb-production%40appspot.gserviceaccount.com&Signature=YobDs7qQBVAyt17H%2FAGXRrIgqN2o3RbIcNHPGJR%2B3bwPSuv%2FTYXNTIEazKQoE1M1qcLh4PRpeu1XCFY1NlrteJt6wSAARyh7gFlOkmPUIXjzFmw9fEnIwXcUz7T9JI7nT%2B4Qzc5rBrnLL7mCwEPxOIiQRKyrPq6aWVmsccUeFpQIDu3P4s2WC5xBYpBoeWVnkPGt1dWyvgVp9giWfG%2FqtiNKO4P5MS8wT4JZRstgIU7j%2FxPgPU8BNpIsL9kJV4vZe8Nd0GsWeuMPcfb5QXy50glSpDPrG1ggQcEbBTC1152X6Ntyrtp2U6oDSVWZpDGm1fIx1oHP9H6BFRheDrn1ew%3D%3D HTTP/1.1" 200 0
2021-02-01 19:38:45,701 INFO    Thread-12 :39479 [upload_job.py:push():133] Uploaded file /home/pfrod/architectures/wandb/run-20210201_193812-35g56gam/files/config.yaml
2021-02-01 19:38:45,715 DEBUG   Thread-14 :39479 [connectionpool.py:_make_request():393] https://storage.googleapis.com:443 "PUT /wandb-production.appspot.com/pfrodedelaforet/huggingface/35g56gam/requirements.txt?Expires=1612291125&GoogleAccessId=wandb-production%40appspot.gserviceaccount.com&Signature=Y6XT5p8Lg6y%2B8Z%2BKiEHRu13EABkme3DASLg3aR%2Fcvu5y2dEMJh2%2F%2FhZyY96UAUdAnzcCi9aTI5tbOqp29nECbc2YqiDPu%2FSPytRKGYYtZmC%2B6%2FO1Z%2FoHNvqiDUw7rUEGSLWlJUE5GazR0PONOauP1tctGUtGH%2FXLk4mCPmXrUunJpxtM1bxMTsWrb4lQ5kjI4KXZdhW8L%2F4Aq%2BSTTPVb7cI9kwrmxBK0b6tuhNGNF0lVKgOSbnr6Dipc5Z6creWuvq0VS1hzL4iLn%2FEJtFo7KCrTsrb9BzM%2BOiH%2FGN1GmSd0TrZf1BpgQ4JNU4LnxWE5cwzcO%2Fe2qZPxZOyTWcbufA%3D%3D HTTP/1.1" 200 0
2021-02-01 19:38:45,717 INFO    Thread-14 :39479 [upload_job.py:push():133] Uploaded file /home/pfrod/architectures/wandb/run-20210201_193812-35g56gam/files/requirements.txt
2021-02-01 19:38:46,393 DEBUG   HandlerThread:39479 [handler.py:handle_request():55] handle_request: poll_exit
2021-02-01 19:38:46,394 DEBUG   SenderThread:39479 [sender.py:send():117] send: request
2021-02-01 19:38:46,394 DEBUG   SenderThread:39479 [sender.py:send_request():126] send_request: poll_exit
2021-02-01 19:38:46,394 INFO    SenderThread:39479 [file_pusher.py:join():179] waiting for file pusher
2021-02-01 19:38:46,396 DEBUG   HandlerThread:39479 [handler.py:handle_request():55] handle_request: get_summary
2021-02-01 19:38:46,397 DEBUG   HandlerThread:39479 [handler.py:handle_request():55] handle_request: sampled_history
2021-02-01 19:38:46,398 DEBUG   HandlerThread:39479 [handler.py:handle_request():55] handle_request: shutdown
2021-02-01 19:38:46,398 INFO    HandlerThread:39479 [handler.py:finish():274] shutting down handler
2021-02-01 19:38:46,438 INFO    WriterThread:39479 [datastore.py:close():258] close: /home/pfrod/architectures/wandb/run-20210201_193812-35g56gam/run-35g56gam.wandb
2021-02-01 19:38:47,394 INFO    SenderThread:39479 [sender.py:finish():756] shutting down sender
2021-02-01 19:38:47,395 INFO    SenderThread:39479 [file_pusher.py:finish():174] shutting down file pusher
2021-02-01 19:38:47,395 INFO    SenderThread:39479 [file_pusher.py:join():179] waiting for file pusher
2021-02-01 19:38:47,396 INFO    MainThread:39479 [internal.py:handle_exit():139] Internal process exited
