2021-02-01 10:55:28,155 INFO    MainThread:20680 [wandb_setup.py:_flush():70] setting env: {}
2021-02-01 10:55:28,155 INFO    MainThread:20680 [wandb_setup.py:_flush():70] multiprocessing start_methods=fork,spawn,forkserver
2021-02-01 10:55:28,155 INFO    MainThread:20680 [wandb_setup.py:_flush():70] setting login settings: {}
2021-02-01 10:55:28,155 INFO    MainThread:20680 [wandb_setup.py:_flush():70] setting login settings: {'mode': 'offline'}
2021-02-01 10:55:28,155 INFO    MainThread:20680 [wandb_init.py:_log_setup():318] Logging user logs to /home/pfrod/architectures/wandb/offline-run-20210201_105528-tzr88esb/logs/debug.log
2021-02-01 10:55:28,155 INFO    MainThread:20680 [wandb_init.py:_log_setup():319] Logging internal logs to /home/pfrod/architectures/wandb/offline-run-20210201_105528-tzr88esb/logs/debug-internal.log
2021-02-01 10:55:30,889 INFO    MainThread:20680 [wandb_run.py:_console_start():1396] atexit reg
2021-02-01 10:55:30,890 INFO    MainThread:20680 [wandb_run.py:_redirect():1259] redirect: SettingsConsole.REDIRECT
2021-02-01 10:55:30,891 INFO    MainThread:20680 [wandb_run.py:_redirect():1264] Redirecting console.
2021-02-01 10:55:30,892 INFO    MainThread:20680 [redirect.py:install():213] install start
2021-02-01 10:55:30,892 INFO    MainThread:20680 [redirect.py:install():228] install stop
2021-02-01 10:55:30,892 INFO    MainThread:20680 [redirect.py:install():213] install start
2021-02-01 10:55:30,893 INFO    MainThread:20680 [redirect.py:install():228] install stop
2021-02-01 10:55:30,893 INFO    MainThread:20680 [wandb_run.py:_redirect():1310] Redirects installed.
2021-02-01 10:55:33,436 INFO    MainThread:20680 [wandb_run.py:_atexit_cleanup():1366] got exitcode: 1
2021-02-01 10:55:33,437 INFO    MainThread:20680 [wandb_run.py:_restore():1338] restore
2021-02-01 10:55:33,437 INFO    MainThread:20680 [redirect.py:uninstall():232] uninstall start
2021-02-01 10:55:33,437 INFO    MainThread:20680 [redirect.py:_stop():287] _stop: stdout
2021-02-01 10:55:33,437 INFO    MainThread:20680 [redirect.py:_stop():293] _stop closed: stdout
2021-02-01 10:55:33,437 INFO    stdout    :20680 [redirect.py:_pipe_relay():129] relay done saw last write: stdout
2021-02-01 10:55:33,438 INFO    stdout    :20680 [redirect.py:_pipe_relay():145] relay done done: stdout
2021-02-01 10:55:33,438 INFO    MainThread:20680 [redirect.py:_stop():299] _stop joined: stdout
2021-02-01 10:55:33,438 INFO    MainThread:20680 [redirect.py:_stop():301] _stop rd closed: stdout
2021-02-01 10:55:33,438 INFO    MainThread:20680 [redirect.py:uninstall():236] uninstall done
2021-02-01 10:55:33,438 INFO    MainThread:20680 [redirect.py:uninstall():232] uninstall start
2021-02-01 10:55:33,438 INFO    MainThread:20680 [redirect.py:_stop():287] _stop: stderr
2021-02-01 10:55:33,438 INFO    MainThread:20680 [redirect.py:_stop():293] _stop closed: stderr
2021-02-01 10:55:33,438 INFO    stderr    :20680 [redirect.py:_pipe_relay():129] relay done saw last write: stderr
2021-02-01 10:55:33,438 INFO    stderr    :20680 [redirect.py:_pipe_relay():145] relay done done: stderr
2021-02-01 10:55:33,439 INFO    MainThread:20680 [redirect.py:_stop():299] _stop joined: stderr
2021-02-01 10:55:33,439 INFO    MainThread:20680 [redirect.py:_stop():301] _stop rd closed: stderr
2021-02-01 10:55:33,439 INFO    MainThread:20680 [redirect.py:uninstall():236] uninstall done
2021-02-01 10:55:33,443 INFO    MainThread:20680 [wandb_run.py:_wait_for_finish():1489] got exit ret: 
2021-02-01 10:55:35,447 INFO    MainThread:20680 [wandb_run.py:_wait_for_finish():1489] got exit ret: done: true
exit_result {
}

2021-02-01 10:55:36,873 INFO    MainThread:20680 [internal.py:handle_exit():139] Internal process exited
