2021-02-01 19:54:25,352 INFO    MainThread:8473 [internal.py:wandb_internal():64] W&B internal server running at pid: 8473
2021-02-01 19:54:25,355 DEBUG   HandlerThread:8473 [handler.py:handle_request():55] handle_request: check_version
2021-02-01 19:54:25,355 INFO    WriterThread:8473 [datastore.py:open_for_write():77] open: /home/pfrod/architectures/wandb/run-20210201_195424-1lt68ofu/run-1lt68ofu.wandb
2021-02-01 19:54:25,357 DEBUG   SenderThread:8473 [sender.py:send():117] send: header
2021-02-01 19:54:25,358 DEBUG   SenderThread:8473 [sender.py:send():117] send: request
2021-02-01 19:54:25,358 DEBUG   SenderThread:8473 [sender.py:send_request():126] send_request: check_version
2021-02-01 19:54:25,362 DEBUG   Thread-4  :8473 [connectionpool.py:_new_conn():813] Starting new HTTPS connection (1): pypi.org:443
2021-02-01 19:54:25,446 DEBUG   Thread-4  :8473 [connectionpool.py:_make_request():393] https://pypi.org:443 "GET /pypi/wandb/json HTTP/1.1" 200 53088
2021-02-01 19:54:25,482 DEBUG   SenderThread:8473 [sender.py:send():117] send: run
2021-02-01 19:54:25,509 DEBUG   SenderThread:8473 [git.py:repo():33] git repository is invalid
2021-02-01 19:54:25,513 DEBUG   SenderThread:8473 [connectionpool.py:_new_conn():813] Starting new HTTPS connection (1): api.wandb.ai:443
2021-02-01 19:54:25,752 DEBUG   SenderThread:8473 [connectionpool.py:_make_request():393] https://api.wandb.ai:443 "POST /graphql HTTP/1.1" 200 None
2021-02-01 19:54:25,764 INFO    SenderThread:8473 [dir_watcher.py:__init__():165] watching files in: /home/pfrod/architectures/wandb/run-20210201_195424-1lt68ofu/files
2021-02-01 19:54:25,764 INFO    SenderThread:8473 [sender.py:_start_run_threads():596] run started: 1lt68ofu with start time 1612205664
2021-02-01 19:54:25,768 DEBUG   SenderThread:8473 [sender.py:send():117] send: summary
2021-02-01 19:54:25,769 INFO    SenderThread:8473 [sender.py:_save_file():682] saving file wandb-summary.json with policy end
2021-02-01 19:54:25,771 DEBUG   HandlerThread:8473 [handler.py:handle_request():55] handle_request: run_start
2021-02-01 19:54:26,303 DEBUG   HandlerThread:8473 [tpu_cluster_resolver.py:<module>():36] Falling back to TensorFlow client; we recommended you install the Cloud TPU client directly with pip install cloud-tpu-client.
2021-02-01 19:54:26,768 INFO    Thread-8  :8473 [dir_watcher.py:_on_file_created():213] file/dir created: /home/pfrod/architectures/wandb/run-20210201_195424-1lt68ofu/files/wandb-summary.json
2021-02-01 19:54:27,147 DEBUG   HandlerThread:8473 [meta.py:__init__():34] meta init
2021-02-01 19:54:27,147 DEBUG   HandlerThread:8473 [meta.py:__init__():48] meta init done
2021-02-01 19:54:27,147 DEBUG   HandlerThread:8473 [meta.py:probe():190] probe
2021-02-01 19:54:27,153 DEBUG   HandlerThread:8473 [git.py:repo():33] git repository is invalid
2021-02-01 19:54:27,153 DEBUG   HandlerThread:8473 [meta.py:_save_pip():52] save pip
2021-02-01 19:54:27,154 DEBUG   HandlerThread:8473 [meta.py:_save_pip():66] save pip done
2021-02-01 19:54:27,154 DEBUG   HandlerThread:8473 [meta.py:probe():231] probe done
2021-02-01 19:54:27,156 DEBUG   SenderThread:8473 [sender.py:send():117] send: files
2021-02-01 19:54:27,156 INFO    SenderThread:8473 [sender.py:_save_file():682] saving file wandb-metadata.json with policy now
2021-02-01 19:54:27,166 DEBUG   HandlerThread:8473 [handler.py:handle_request():55] handle_request: status
2021-02-01 19:54:27,166 DEBUG   Thread-11 :8473 [connectionpool.py:_new_conn():813] Starting new HTTPS connection (1): api.wandb.ai:443
2021-02-01 19:54:27,166 DEBUG   SenderThread:8473 [sender.py:send():117] send: request
2021-02-01 19:54:27,167 DEBUG   SenderThread:8473 [sender.py:send_request():126] send_request: status
2021-02-01 19:54:27,172 DEBUG   SenderThread:8473 [connectionpool.py:_new_conn():813] Starting new HTTPS connection (1): api.wandb.ai:443
2021-02-01 19:54:27,382 DEBUG   SenderThread:8473 [connectionpool.py:_make_request():393] https://api.wandb.ai:443 "POST /graphql HTTP/1.1" 200 None
2021-02-01 19:54:27,394 DEBUG   Thread-11 :8473 [connectionpool.py:_make_request():393] https://api.wandb.ai:443 "POST /graphql HTTP/1.1" 200 None
2021-02-01 19:54:27,401 DEBUG   Thread-11 :8473 [connectionpool.py:_new_conn():813] Starting new HTTPS connection (1): storage.googleapis.com:443
2021-02-01 19:54:27,765 INFO    Thread-8  :8473 [dir_watcher.py:_on_file_created():213] file/dir created: /home/pfrod/architectures/wandb/run-20210201_195424-1lt68ofu/files/output.log
2021-02-01 19:54:27,766 INFO    Thread-8  :8473 [dir_watcher.py:_on_file_created():213] file/dir created: /home/pfrod/architectures/wandb/run-20210201_195424-1lt68ofu/files/requirements.txt
2021-02-01 19:54:27,767 INFO    Thread-8  :8473 [dir_watcher.py:_on_file_created():213] file/dir created: /home/pfrod/architectures/wandb/run-20210201_195424-1lt68ofu/files/wandb-metadata.json
2021-02-01 19:54:27,793 DEBUG   Thread-11 :8473 [connectionpool.py:_make_request():393] https://storage.googleapis.com:443 "PUT /wandb-production.appspot.com/pfrodedelaforet/huggingface/1lt68ofu/wandb-metadata.json?Expires=1612292067&GoogleAccessId=wandb-production%40appspot.gserviceaccount.com&Signature=V76dpz9GuA6RCkL0ZHdWjrBHXN9jLqCETtVVpE5nGrLSgARGaa2TTbR5ye2YOpe7vu%2Fa3hOvESJZM5mOI2ZL50PM7xEYinSLmMpo8QW6UhToiaWZoDStkY%2B9sGNiHIgyoGbOL99tX1g16G4iaFgGnkMWxl0C7GkCHvtHpArUSghfAZ2nt4%2B4kV0FPlRHcF9qv3xo%2FR%2FkeZgPu90FTyMn2Sd4mEK9qWuu4LIbsoPslpn69U%2BHh3FRt04F2dSqLLzgBVPYbLwQhcSuuMo1h1%2BWoFbF%2FwZVxoJo7fhieihCGrTz5U6V2BG3zCf75AG54PnQWN998%2F3WSubvuVZP9F7uOg%3D%3D HTTP/1.1" 200 0
2021-02-01 19:54:27,795 INFO    Thread-11 :8473 [upload_job.py:push():133] Uploaded file /tmp/tmp1xb78rt7wandb/x2w4b6d0-wandb-metadata.json
2021-02-01 19:54:29,164 DEBUG   Thread-5  :8473 [connectionpool.py:_new_conn():813] Starting new HTTPS connection (1): api.wandb.ai:443
2021-02-01 19:54:29,399 DEBUG   Thread-5  :8473 [connectionpool.py:_make_request():393] https://api.wandb.ai:443 "POST /files/pfrodedelaforet/huggingface/1lt68ofu/file_stream HTTP/1.1" 200 None
2021-02-01 19:54:29,767 INFO    Thread-8  :8473 [dir_watcher.py:_on_file_modified():226] file/dir modified: /home/pfrod/architectures/wandb/run-20210201_195424-1lt68ofu/files/output.log
2021-02-01 19:54:30,598 DEBUG   SenderThread:8473 [sender.py:send():117] send: stats
2021-02-01 19:54:30,767 INFO    Thread-8  :8473 [dir_watcher.py:_on_file_modified():226] file/dir modified: /home/pfrod/architectures/wandb/run-20210201_195424-1lt68ofu/files/output.log
2021-02-01 19:54:32,768 INFO    Thread-8  :8473 [dir_watcher.py:_on_file_modified():226] file/dir modified: /home/pfrod/architectures/wandb/run-20210201_195424-1lt68ofu/files/output.log
2021-02-01 19:54:32,814 DEBUG   Thread-5  :8473 [connectionpool.py:_make_request():393] https://api.wandb.ai:443 "POST /files/pfrodedelaforet/huggingface/1lt68ofu/file_stream HTTP/1.1" 200 None
2021-02-01 19:54:33,769 INFO    Thread-8  :8473 [dir_watcher.py:_on_file_modified():226] file/dir modified: /home/pfrod/architectures/wandb/run-20210201_195424-1lt68ofu/files/output.log
2021-02-01 19:54:34,770 INFO    Thread-8  :8473 [dir_watcher.py:_on_file_modified():226] file/dir modified: /home/pfrod/architectures/wandb/run-20210201_195424-1lt68ofu/files/output.log
2021-02-01 19:54:35,019 DEBUG   Thread-5  :8473 [connectionpool.py:_make_request():393] https://api.wandb.ai:443 "POST /files/pfrodedelaforet/huggingface/1lt68ofu/file_stream HTTP/1.1" 200 None
2021-02-01 19:54:35,118 DEBUG   SenderThread:8473 [sender.py:send():117] send: stats
2021-02-01 19:54:35,770 INFO    Thread-8  :8473 [dir_watcher.py:_on_file_modified():226] file/dir modified: /home/pfrod/architectures/wandb/run-20210201_195424-1lt68ofu/files/output.log
2021-02-01 19:54:36,771 INFO    Thread-8  :8473 [dir_watcher.py:_on_file_modified():226] file/dir modified: /home/pfrod/architectures/wandb/run-20210201_195424-1lt68ofu/files/output.log
2021-02-01 19:54:37,252 DEBUG   Thread-5  :8473 [connectionpool.py:_make_request():393] https://api.wandb.ai:443 "POST /files/pfrodedelaforet/huggingface/1lt68ofu/file_stream HTTP/1.1" 200 None
2021-02-01 19:54:37,772 INFO    Thread-8  :8473 [dir_watcher.py:_on_file_modified():226] file/dir modified: /home/pfrod/architectures/wandb/run-20210201_195424-1lt68ofu/files/output.log
2021-02-01 19:54:38,772 INFO    Thread-8  :8473 [dir_watcher.py:_on_file_modified():226] file/dir modified: /home/pfrod/architectures/wandb/run-20210201_195424-1lt68ofu/files/output.log
2021-02-01 19:54:39,520 DEBUG   Thread-5  :8473 [connectionpool.py:_make_request():393] https://api.wandb.ai:443 "POST /files/pfrodedelaforet/huggingface/1lt68ofu/file_stream HTTP/1.1" 200 None
2021-02-01 19:54:39,639 DEBUG   SenderThread:8473 [sender.py:send():117] send: stats
2021-02-01 19:54:39,773 INFO    Thread-8  :8473 [dir_watcher.py:_on_file_modified():226] file/dir modified: /home/pfrod/architectures/wandb/run-20210201_195424-1lt68ofu/files/output.log
2021-02-01 19:54:40,774 INFO    Thread-8  :8473 [dir_watcher.py:_on_file_modified():226] file/dir modified: /home/pfrod/architectures/wandb/run-20210201_195424-1lt68ofu/files/output.log
2021-02-01 19:54:41,445 DEBUG   Thread-5  :8473 [connectionpool.py:_make_request():393] https://api.wandb.ai:443 "POST /files/pfrodedelaforet/huggingface/1lt68ofu/file_stream HTTP/1.1" 200 None
2021-02-01 19:54:41,774 INFO    Thread-8  :8473 [dir_watcher.py:_on_file_modified():226] file/dir modified: /home/pfrod/architectures/wandb/run-20210201_195424-1lt68ofu/files/output.log
2021-02-01 19:54:42,390 DEBUG   HandlerThread:8473 [handler.py:handle_request():55] handle_request: status
2021-02-01 19:54:42,391 DEBUG   SenderThread:8473 [sender.py:send():117] send: request
2021-02-01 19:54:42,391 DEBUG   SenderThread:8473 [sender.py:send_request():126] send_request: status
2021-02-01 19:54:42,395 DEBUG   SenderThread:8473 [connectionpool.py:_new_conn():813] Starting new HTTPS connection (1): api.wandb.ai:443
2021-02-01 19:54:42,605 DEBUG   SenderThread:8473 [connectionpool.py:_make_request():393] https://api.wandb.ai:443 "POST /graphql HTTP/1.1" 200 None
2021-02-01 19:54:44,167 DEBUG   SenderThread:8473 [sender.py:send():117] send: stats
2021-02-01 19:54:44,343 DEBUG   Thread-5  :8473 [connectionpool.py:_make_request():393] https://api.wandb.ai:443 "POST /files/pfrodedelaforet/huggingface/1lt68ofu/file_stream HTTP/1.1" 200 None
2021-02-01 19:54:48,689 DEBUG   SenderThread:8473 [sender.py:send():117] send: stats
2021-02-01 19:54:48,866 DEBUG   Thread-5  :8473 [connectionpool.py:_make_request():393] https://api.wandb.ai:443 "POST /files/pfrodedelaforet/huggingface/1lt68ofu/file_stream HTTP/1.1" 200 None
2021-02-01 19:54:53,211 DEBUG   SenderThread:8473 [sender.py:send():117] send: stats
2021-02-01 19:54:53,395 DEBUG   Thread-5  :8473 [connectionpool.py:_make_request():393] https://api.wandb.ai:443 "POST /files/pfrodedelaforet/huggingface/1lt68ofu/file_stream HTTP/1.1" 200 None
2021-02-01 19:54:55,582 DEBUG   HandlerThread:8473 [handler.py:handle_request():55] handle_request: poll_exit
2021-02-01 19:54:55,582 DEBUG   SenderThread:8473 [sender.py:send():117] send: telemetry
2021-02-01 19:54:55,594 DEBUG   SenderThread:8473 [connectionpool.py:_new_conn():813] Starting new HTTPS connection (1): api.wandb.ai:443
2021-02-01 19:54:55,750 DEBUG   Thread-5  :8473 [connectionpool.py:_make_request():393] https://api.wandb.ai:443 "POST /files/pfrodedelaforet/huggingface/1lt68ofu/file_stream HTTP/1.1" 200 None
2021-02-01 19:54:55,782 INFO    Thread-8  :8473 [dir_watcher.py:_on_file_modified():226] file/dir modified: /home/pfrod/architectures/wandb/run-20210201_195424-1lt68ofu/files/output.log
2021-02-01 19:54:55,833 DEBUG   SenderThread:8473 [connectionpool.py:_make_request():393] https://api.wandb.ai:443 "POST /graphql HTTP/1.1" 200 None
2021-02-01 19:54:55,864 DEBUG   SenderThread:8473 [sender.py:send():117] send: exit
2021-02-01 19:54:55,864 INFO    SenderThread:8473 [sender.py:send_exit():195] handling exit code: 1
2021-02-01 19:54:55,864 INFO    SenderThread:8473 [sender.py:send_exit():203] send defer
2021-02-01 19:54:55,864 DEBUG   SenderThread:8473 [sender.py:send():117] send: request
2021-02-01 19:54:55,864 DEBUG   SenderThread:8473 [sender.py:send_request():126] send_request: poll_exit
2021-02-01 19:54:55,865 DEBUG   HandlerThread:8473 [handler.py:handle_request():55] handle_request: defer
2021-02-01 19:54:55,865 INFO    HandlerThread:8473 [handler.py:handle_request_defer():69] handle defer: 0
2021-02-01 19:54:55,865 DEBUG   SenderThread:8473 [sender.py:send():117] send: request
2021-02-01 19:54:55,865 DEBUG   SenderThread:8473 [sender.py:send_request():126] send_request: defer
2021-02-01 19:54:55,865 INFO    SenderThread:8473 [sender.py:send_request_defer():212] handle sender defer: 0
2021-02-01 19:54:55,865 INFO    SenderThread:8473 [sender.py:send_request_defer():248] send defer: 1
2021-02-01 19:54:55,866 DEBUG   HandlerThread:8473 [handler.py:handle_request():55] handle_request: defer
2021-02-01 19:54:55,866 INFO    HandlerThread:8473 [handler.py:handle_request_defer():69] handle defer: 1
2021-02-01 19:54:55,991 DEBUG   SenderThread:8473 [sender.py:send():117] send: request
2021-02-01 19:54:55,991 DEBUG   SenderThread:8473 [sender.py:send_request():126] send_request: defer
2021-02-01 19:54:55,991 INFO    SenderThread:8473 [sender.py:send_request_defer():212] handle sender defer: 1
2021-02-01 19:54:55,991 INFO    SenderThread:8473 [sender.py:send_request_defer():248] send defer: 2
2021-02-01 19:54:55,992 DEBUG   SenderThread:8473 [sender.py:send():117] send: stats
2021-02-01 19:54:55,993 DEBUG   HandlerThread:8473 [handler.py:handle_request():55] handle_request: defer
2021-02-01 19:54:55,993 INFO    HandlerThread:8473 [handler.py:handle_request_defer():69] handle defer: 2
2021-02-01 19:54:55,993 DEBUG   SenderThread:8473 [sender.py:send():117] send: request
2021-02-01 19:54:55,994 DEBUG   SenderThread:8473 [sender.py:send_request():126] send_request: defer
2021-02-01 19:54:55,994 INFO    SenderThread:8473 [sender.py:send_request_defer():212] handle sender defer: 2
2021-02-01 19:54:55,994 INFO    SenderThread:8473 [sender.py:send_request_defer():248] send defer: 3
2021-02-01 19:54:55,994 DEBUG   HandlerThread:8473 [handler.py:handle_request():55] handle_request: defer
2021-02-01 19:54:55,995 INFO    HandlerThread:8473 [handler.py:handle_request_defer():69] handle defer: 3
2021-02-01 19:54:55,995 DEBUG   SenderThread:8473 [sender.py:send():117] send: summary
2021-02-01 19:54:55,996 INFO    SenderThread:8473 [sender.py:_save_file():682] saving file wandb-summary.json with policy end
2021-02-01 19:54:55,996 DEBUG   SenderThread:8473 [sender.py:send():117] send: request
2021-02-01 19:54:55,996 DEBUG   SenderThread:8473 [sender.py:send_request():126] send_request: defer
2021-02-01 19:54:55,996 INFO    SenderThread:8473 [sender.py:send_request_defer():212] handle sender defer: 3
2021-02-01 19:54:55,997 INFO    SenderThread:8473 [sender.py:send_request_defer():248] send defer: 4
2021-02-01 19:54:55,997 DEBUG   HandlerThread:8473 [handler.py:handle_request():55] handle_request: defer
2021-02-01 19:54:55,997 INFO    HandlerThread:8473 [handler.py:handle_request_defer():69] handle defer: 4
2021-02-01 19:54:55,997 DEBUG   SenderThread:8473 [sender.py:send():117] send: request
2021-02-01 19:54:55,998 DEBUG   SenderThread:8473 [sender.py:send_request():126] send_request: defer
2021-02-01 19:54:55,998 INFO    SenderThread:8473 [sender.py:send_request_defer():212] handle sender defer: 4
2021-02-01 19:54:55,998 INFO    SenderThread:8473 [dir_watcher.py:finish():279] shutting down directory watcher
2021-02-01 19:54:56,782 INFO    Thread-8  :8473 [dir_watcher.py:_on_file_modified():226] file/dir modified: /home/pfrod/architectures/wandb/run-20210201_195424-1lt68ofu/files/wandb-summary.json
2021-02-01 19:54:56,784 INFO    SenderThread:8473 [dir_watcher.py:_on_file_modified():226] file/dir modified: /home/pfrod/architectures/wandb/run-20210201_195424-1lt68ofu/files/config.yaml
2021-02-01 19:54:56,784 INFO    SenderThread:8473 [dir_watcher.py:finish():309] scan: /home/pfrod/architectures/wandb/run-20210201_195424-1lt68ofu/files
2021-02-01 19:54:56,785 INFO    SenderThread:8473 [dir_watcher.py:finish():315] scan save: /home/pfrod/architectures/wandb/run-20210201_195424-1lt68ofu/files/config.yaml config.yaml
2021-02-01 19:54:56,785 INFO    SenderThread:8473 [dir_watcher.py:finish():315] scan save: /home/pfrod/architectures/wandb/run-20210201_195424-1lt68ofu/files/wandb-summary.json wandb-summary.json
2021-02-01 19:54:56,785 INFO    SenderThread:8473 [dir_watcher.py:finish():315] scan save: /home/pfrod/architectures/wandb/run-20210201_195424-1lt68ofu/files/requirements.txt requirements.txt
2021-02-01 19:54:56,786 INFO    SenderThread:8473 [dir_watcher.py:finish():315] scan save: /home/pfrod/architectures/wandb/run-20210201_195424-1lt68ofu/files/wandb-metadata.json wandb-metadata.json
2021-02-01 19:54:56,791 INFO    SenderThread:8473 [dir_watcher.py:finish():315] scan save: /home/pfrod/architectures/wandb/run-20210201_195424-1lt68ofu/files/output.log output.log
2021-02-01 19:54:56,793 DEBUG   Thread-12 :8473 [connectionpool.py:_new_conn():813] Starting new HTTPS connection (1): api.wandb.ai:443
2021-02-01 19:54:56,806 DEBUG   Thread-14 :8473 [connectionpool.py:_new_conn():813] Starting new HTTPS connection (1): api.wandb.ai:443
2021-02-01 19:54:56,807 DEBUG   Thread-13 :8473 [connectionpool.py:_new_conn():813] Starting new HTTPS connection (1): api.wandb.ai:443
2021-02-01 19:54:56,807 INFO    SenderThread:8473 [sender.py:send_request_defer():248] send defer: 5
2021-02-01 19:54:56,815 DEBUG   Thread-15 :8473 [connectionpool.py:_new_conn():813] Starting new HTTPS connection (1): api.wandb.ai:443
2021-02-01 19:54:56,816 DEBUG   HandlerThread:8473 [handler.py:handle_request():55] handle_request: defer
2021-02-01 19:54:56,816 INFO    HandlerThread:8473 [handler.py:handle_request_defer():69] handle defer: 5
2021-02-01 19:54:56,816 DEBUG   SenderThread:8473 [sender.py:send():117] send: request
2021-02-01 19:54:56,817 DEBUG   SenderThread:8473 [sender.py:send_request():126] send_request: defer
2021-02-01 19:54:56,817 INFO    SenderThread:8473 [sender.py:send_request_defer():212] handle sender defer: 5
2021-02-01 19:54:56,817 INFO    SenderThread:8473 [file_pusher.py:finish():174] shutting down file pusher
2021-02-01 19:54:56,817 INFO    SenderThread:8473 [sender.py:send_request_defer():248] send defer: 6
2021-02-01 19:54:56,818 DEBUG   HandlerThread:8473 [handler.py:handle_request():55] handle_request: defer
2021-02-01 19:54:56,818 INFO    HandlerThread:8473 [handler.py:handle_request_defer():69] handle defer: 6
2021-02-01 19:54:56,818 DEBUG   SenderThread:8473 [sender.py:send():117] send: request
2021-02-01 19:54:56,818 DEBUG   SenderThread:8473 [sender.py:send_request():126] send_request: defer
2021-02-01 19:54:56,818 INFO    SenderThread:8473 [sender.py:send_request_defer():212] handle sender defer: 6
2021-02-01 19:54:56,991 DEBUG   Thread-5  :8473 [connectionpool.py:_make_request():393] https://api.wandb.ai:443 "POST /files/pfrodedelaforet/huggingface/1lt68ofu/file_stream HTTP/1.1" 200 None
2021-02-01 19:54:57,025 DEBUG   Thread-14 :8473 [connectionpool.py:_make_request():393] https://api.wandb.ai:443 "POST /graphql HTTP/1.1" 200 None
2021-02-01 19:54:57,027 DEBUG   Thread-15 :8473 [connectionpool.py:_make_request():393] https://api.wandb.ai:443 "POST /graphql HTTP/1.1" 200 None
2021-02-01 19:54:57,028 DEBUG   Thread-12 :8473 [connectionpool.py:_make_request():393] https://api.wandb.ai:443 "POST /graphql HTTP/1.1" 200 None
2021-02-01 19:54:57,041 DEBUG   Thread-14 :8473 [connectionpool.py:_new_conn():813] Starting new HTTPS connection (1): storage.googleapis.com:443
2021-02-01 19:54:57,045 DEBUG   Thread-15 :8473 [connectionpool.py:_new_conn():813] Starting new HTTPS connection (1): storage.googleapis.com:443
2021-02-01 19:54:57,046 DEBUG   Thread-13 :8473 [connectionpool.py:_make_request():393] https://api.wandb.ai:443 "POST /graphql HTTP/1.1" 200 None
2021-02-01 19:54:57,049 DEBUG   Thread-12 :8473 [connectionpool.py:_new_conn():813] Starting new HTTPS connection (1): storage.googleapis.com:443
2021-02-01 19:54:57,055 DEBUG   Thread-13 :8473 [connectionpool.py:_new_conn():813] Starting new HTTPS connection (1): storage.googleapis.com:443
2021-02-01 19:54:57,148 DEBUG   Thread-5  :8473 [connectionpool.py:_make_request():393] https://api.wandb.ai:443 "POST /files/pfrodedelaforet/huggingface/1lt68ofu/file_stream HTTP/1.1" 200 None
2021-02-01 19:54:57,151 INFO    SenderThread:8473 [sender.py:send_request_defer():248] send defer: 7
2021-02-01 19:54:57,151 DEBUG   HandlerThread:8473 [handler.py:handle_request():55] handle_request: defer
2021-02-01 19:54:57,152 INFO    HandlerThread:8473 [handler.py:handle_request_defer():69] handle defer: 7
2021-02-01 19:54:57,152 DEBUG   SenderThread:8473 [sender.py:send():117] send: request
2021-02-01 19:54:57,152 DEBUG   SenderThread:8473 [sender.py:send_request():126] send_request: defer
2021-02-01 19:54:57,152 INFO    SenderThread:8473 [sender.py:send_request_defer():212] handle sender defer: 7
2021-02-01 19:54:57,152 INFO    SenderThread:8473 [sender.py:send_request_defer():248] send defer: 8
2021-02-01 19:54:57,153 DEBUG   HandlerThread:8473 [handler.py:handle_request():55] handle_request: defer
2021-02-01 19:54:57,154 DEBUG   SenderThread:8473 [sender.py:send():117] send: final
2021-02-01 19:54:57,154 INFO    HandlerThread:8473 [handler.py:handle_request_defer():69] handle defer: 8
2021-02-01 19:54:57,154 DEBUG   SenderThread:8473 [sender.py:send():117] send: footer
2021-02-01 19:54:57,154 DEBUG   SenderThread:8473 [sender.py:send():117] send: request
2021-02-01 19:54:57,154 DEBUG   SenderThread:8473 [sender.py:send_request():126] send_request: defer
2021-02-01 19:54:57,154 INFO    SenderThread:8473 [sender.py:send_request_defer():212] handle sender defer: 8
2021-02-01 19:54:57,423 DEBUG   Thread-14 :8473 [connectionpool.py:_make_request():393] https://storage.googleapis.com:443 "PUT /wandb-production.appspot.com/pfrodedelaforet/huggingface/1lt68ofu/requirements.txt?Expires=1612292096&GoogleAccessId=wandb-production%40appspot.gserviceaccount.com&Signature=TLl1O2dEB8FssEDse6hrSA6UVJcsZa9otp1tAotqT6OS9yLRssKwg%2F4nqpPZj6ZtApAAqhy26gFek2NclCMMnC%2Fv1h0qe4sYvQuQhdQpWEcxHuFnlEhIwIieiK59L478YhwXZBvxLIaCUk%2Fbjg2sSM7xC6O9f%2FxdSzVBu4K8x1TM%2BTEjyX5CIh7uMAHGs2PRsbFRmWFydQSQCM989X2C9GnuEUlF81p8kU3ytmNSd8%2BsqN2VCf9TQl31tes1EJiWmcMoc3BU3CeMefFwGfY0RVKk17wgVBJapWGPiN7quqIxu7B4ODBu%2BW1X3atufmEPOuflW1eUhTya5F0lPN0Vxw%3D%3D HTTP/1.1" 200 0
2021-02-01 19:54:57,425 INFO    Thread-14 :8473 [upload_job.py:push():133] Uploaded file /home/pfrod/architectures/wandb/run-20210201_195424-1lt68ofu/files/requirements.txt
2021-02-01 19:54:57,428 DEBUG   Thread-15 :8473 [connectionpool.py:_make_request():393] https://storage.googleapis.com:443 "PUT /wandb-production.appspot.com/pfrodedelaforet/huggingface/1lt68ofu/output.log?Expires=1612292096&GoogleAccessId=wandb-production%40appspot.gserviceaccount.com&Signature=B6x3t0lDMjCs%2F8%2BHLxLyGUshHAXoa7G21KkC3Bkq2d8cxKP8TKqJfI%2FfTrTuYdsQg7kFeq40G2Vn0jW5JvdL4%2BG5G%2Be%2BngyIZl0YyEZRn6bBGFhISDoiif4WxOkcUnsXq6%2FNMjgZupAOR8CASdia6tonh49BAhVedH%2B4BZdr7LUl%2FM%2Bv9gV6pjEr7JrQYpziKIyNPlB6slFJNUuDivF17QaBu1qzODzTdtRgXEFN4scl%2FSBZkz7yw0VoYLSlMFjXlDLwVoPhD4EB72ugsibyjXc7VD1NQoajh6ZXsdmN5G6ECGSDtNhztJRKG2v0657NBgIjgk1ZPgwSey0HrL9UIg%3D%3D HTTP/1.1" 200 0
2021-02-01 19:54:57,430 INFO    Thread-15 :8473 [upload_job.py:push():133] Uploaded file /home/pfrod/architectures/wandb/run-20210201_195424-1lt68ofu/files/output.log
2021-02-01 19:54:57,443 DEBUG   Thread-12 :8473 [connectionpool.py:_make_request():393] https://storage.googleapis.com:443 "PUT /wandb-production.appspot.com/pfrodedelaforet/huggingface/1lt68ofu/config.yaml?Expires=1612292096&GoogleAccessId=wandb-production%40appspot.gserviceaccount.com&Signature=BJr0C5HfMQOEF9q7wI841MVdTYBDx8r2Rc9YUuOZyf8eqjswuwAlZebVRX8Gey6AT0DL4b157dPmA7XXqf%2BEwJMfda1bofgZxO5lMR4vf1zG%2F0XYhu8CJltWxruU94tXjWhhr8gvwGu%2B33OxzQjDJfCaU%2B2mibesYxd%2FeRhMB9aHHUAxAsGVqChSYJs8dfPJPb%2FiAkgVFVD4RbBScEoKdfjOhaIUYPKuC9Vh1QN9nrH0Sr95yBaVtcVpBdDadFaaTbXjFfPwaQiZdtoAo%2FgsnqTrTZ5Ir%2FtU44zHrqTPF%2FBELstCwdYJSQKBfjI1R3DS%2FLlBXyevhnuIVnUtTnhfkQ%3D%3D HTTP/1.1" 200 0
2021-02-01 19:54:57,446 DEBUG   Thread-13 :8473 [connectionpool.py:_make_request():393] https://storage.googleapis.com:443 "PUT /wandb-production.appspot.com/pfrodedelaforet/huggingface/1lt68ofu/wandb-summary.json?Expires=1612292096&GoogleAccessId=wandb-production%40appspot.gserviceaccount.com&Signature=ROK1%2BQviyX%2BqRJXNjbqg97Cjw%2FDlukFlndlKexU1mOe65ik8KmD49fWDNAnyOsH7XlbtkfJeuKh%2FPd%2Bi1HOqaqpOIKGXOiX%2FzO%2F%2BMcnhPtDjGMIOYie13oQ8Wcs8LWOXNPNagKeC8mGUFZCoFwg%2FIcrPaPGBB0Y%2Bll%2Bk08njXyGMWru7t%2F8FptWiogrd9c3VNnNUATSPAAKjx3lAnpDA%2FZa%2FR2PnUAUu24eXlxqc1VkEpmD05F3mjQ9Mh5dAOvyLjtrRLyAkz99flsK8NAGIdr0kwPT3McH%2BTvjWavCaX5udxy0RBg3BRI0QDTbLE%2FYJio73KIB9tL5b4BrLI5GO9Q%3D%3D HTTP/1.1" 200 0
2021-02-01 19:54:57,447 INFO    Thread-12 :8473 [upload_job.py:push():133] Uploaded file /home/pfrod/architectures/wandb/run-20210201_195424-1lt68ofu/files/config.yaml
2021-02-01 19:54:57,449 INFO    Thread-13 :8473 [upload_job.py:push():133] Uploaded file /home/pfrod/architectures/wandb/run-20210201_195424-1lt68ofu/files/wandb-summary.json
2021-02-01 19:54:57,868 DEBUG   HandlerThread:8473 [handler.py:handle_request():55] handle_request: poll_exit
2021-02-01 19:54:57,869 DEBUG   SenderThread:8473 [sender.py:send():117] send: request
2021-02-01 19:54:57,869 DEBUG   SenderThread:8473 [sender.py:send_request():126] send_request: poll_exit
2021-02-01 19:54:57,869 INFO    SenderThread:8473 [file_pusher.py:join():179] waiting for file pusher
2021-02-01 19:54:57,871 DEBUG   HandlerThread:8473 [handler.py:handle_request():55] handle_request: get_summary
2021-02-01 19:54:57,872 DEBUG   HandlerThread:8473 [handler.py:handle_request():55] handle_request: sampled_history
2021-02-01 19:54:57,873 DEBUG   HandlerThread:8473 [handler.py:handle_request():55] handle_request: shutdown
2021-02-01 19:54:57,873 INFO    HandlerThread:8473 [handler.py:finish():274] shutting down handler
2021-02-01 19:54:58,154 INFO    WriterThread:8473 [datastore.py:close():258] close: /home/pfrod/architectures/wandb/run-20210201_195424-1lt68ofu/run-1lt68ofu.wandb
2021-02-01 19:54:58,870 INFO    SenderThread:8473 [sender.py:finish():756] shutting down sender
2021-02-01 19:54:58,870 INFO    SenderThread:8473 [file_pusher.py:finish():174] shutting down file pusher
2021-02-01 19:54:58,870 INFO    SenderThread:8473 [file_pusher.py:join():179] waiting for file pusher
2021-02-01 19:54:58,871 INFO    MainThread:8473 [internal.py:handle_exit():139] Internal process exited
