2021-02-01 19:54:24,701 INFO    MainThread:8124 [wandb_setup.py:_flush():70] setting env: {}
2021-02-01 19:54:24,701 INFO    MainThread:8124 [wandb_setup.py:_flush():70] multiprocessing start_methods=fork,spawn,forkserver
2021-02-01 19:54:24,701 INFO    MainThread:8124 [wandb_setup.py:_flush():70] setting login settings: {}
2021-02-01 19:54:24,702 INFO    MainThread:8124 [wandb_init.py:_log_setup():318] Logging user logs to /home/pfrod/architectures/wandb/run-20210201_195424-1lt68ofu/logs/debug.log
2021-02-01 19:54:24,702 INFO    MainThread:8124 [wandb_init.py:_log_setup():319] Logging internal logs to /home/pfrod/architectures/wandb/run-20210201_195424-1lt68ofu/logs/debug-internal.log
2021-02-01 19:54:27,163 INFO    MainThread:8124 [wandb_run.py:_console_start():1396] atexit reg
2021-02-01 19:54:27,164 INFO    MainThread:8124 [wandb_run.py:_redirect():1259] redirect: SettingsConsole.REDIRECT
2021-02-01 19:54:27,165 INFO    MainThread:8124 [wandb_run.py:_redirect():1264] Redirecting console.
2021-02-01 19:54:27,165 INFO    MainThread:8124 [redirect.py:install():213] install start
2021-02-01 19:54:27,166 INFO    MainThread:8124 [redirect.py:install():228] install stop
2021-02-01 19:54:27,166 INFO    MainThread:8124 [redirect.py:install():213] install start
2021-02-01 19:54:27,166 INFO    MainThread:8124 [redirect.py:install():228] install stop
2021-02-01 19:54:27,166 INFO    MainThread:8124 [wandb_run.py:_redirect():1310] Redirects installed.
2021-02-01 19:54:55,578 INFO    MainThread:8124 [wandb_run.py:_atexit_cleanup():1366] got exitcode: 1
2021-02-01 19:54:55,578 INFO    MainThread:8124 [wandb_run.py:_restore():1338] restore
2021-02-01 19:54:55,579 INFO    MainThread:8124 [redirect.py:uninstall():232] uninstall start
2021-02-01 19:54:55,579 INFO    MainThread:8124 [redirect.py:_stop():287] _stop: stdout
2021-02-01 19:54:55,579 INFO    MainThread:8124 [redirect.py:_stop():293] _stop closed: stdout
2021-02-01 19:54:55,579 INFO    stdout    :8124 [redirect.py:_pipe_relay():129] relay done saw last write: stdout
2021-02-01 19:54:55,580 INFO    stdout    :8124 [redirect.py:_pipe_relay():145] relay done done: stdout
2021-02-01 19:54:55,580 INFO    MainThread:8124 [redirect.py:_stop():299] _stop joined: stdout
2021-02-01 19:54:55,580 INFO    MainThread:8124 [redirect.py:_stop():301] _stop rd closed: stdout
2021-02-01 19:54:55,580 INFO    MainThread:8124 [redirect.py:uninstall():236] uninstall done
2021-02-01 19:54:55,580 INFO    MainThread:8124 [redirect.py:uninstall():232] uninstall start
2021-02-01 19:54:55,580 INFO    MainThread:8124 [redirect.py:_stop():287] _stop: stderr
2021-02-01 19:54:55,580 INFO    MainThread:8124 [redirect.py:_stop():293] _stop closed: stderr
2021-02-01 19:54:55,580 INFO    stderr    :8124 [redirect.py:_pipe_relay():129] relay done saw last write: stderr
2021-02-01 19:54:55,581 INFO    stderr    :8124 [redirect.py:_pipe_relay():145] relay done done: stderr
2021-02-01 19:54:55,581 INFO    MainThread:8124 [redirect.py:_stop():299] _stop joined: stderr
2021-02-01 19:54:55,581 INFO    MainThread:8124 [redirect.py:_stop():301] _stop rd closed: stderr
2021-02-01 19:54:55,581 INFO    MainThread:8124 [redirect.py:uninstall():236] uninstall done
2021-02-01 19:54:55,865 INFO    MainThread:8124 [wandb_run.py:_wait_for_finish():1489] got exit ret: file_counts {
  wandb_count: 1
}
pusher_stats {
  uploaded_bytes: 556
  total_bytes: 556
}

2021-02-01 19:54:57,870 INFO    MainThread:8124 [wandb_run.py:_wait_for_finish():1489] got exit ret: done: true
exit_result {
}
file_counts {
  wandb_count: 5
}
pusher_stats {
  uploaded_bytes: 17110
  total_bytes: 17110
}

2021-02-01 19:54:59,217 INFO    MainThread:8124 [wandb_run.py:_show_files():1711] logging synced files
2021-02-01 19:54:59,221 INFO    MainThread:8124 [internal.py:handle_exit():139] Internal process exited
