2021-01-31 21:48:02,847 INFO    MainThread:7786 [wandb_setup.py:_flush():70] setting env: {}
2021-01-31 21:48:02,847 INFO    MainThread:7786 [wandb_setup.py:_flush():70] multiprocessing start_methods=fork,spawn,forkserver
2021-01-31 21:48:02,847 INFO    MainThread:7786 [wandb_setup.py:_flush():70] setting login settings: {}
2021-01-31 21:48:02,847 INFO    MainThread:7786 [wandb_setup.py:_flush():70] setting login settings: {'mode': 'offline'}
2021-01-31 21:48:02,848 INFO    MainThread:7786 [wandb_init.py:_log_setup():318] Logging user logs to /home/pfrod/architectures/wandb/offline-run-20210131_214802-2o5g8mrm/logs/debug.log
2021-01-31 21:48:02,848 INFO    MainThread:7786 [wandb_init.py:_log_setup():319] Logging internal logs to /home/pfrod/architectures/wandb/offline-run-20210131_214802-2o5g8mrm/logs/debug-internal.log
2021-01-31 21:48:05,050 INFO    MainThread:7786 [wandb_run.py:_console_start():1396] atexit reg
2021-01-31 21:48:05,051 INFO    MainThread:7786 [wandb_run.py:_redirect():1259] redirect: SettingsConsole.REDIRECT
2021-01-31 21:48:05,053 INFO    MainThread:7786 [wandb_run.py:_redirect():1264] Redirecting console.
2021-01-31 21:48:05,053 INFO    MainThread:7786 [redirect.py:install():213] install start
2021-01-31 21:48:05,054 INFO    MainThread:7786 [redirect.py:install():228] install stop
2021-01-31 21:48:05,054 INFO    MainThread:7786 [redirect.py:install():213] install start
2021-01-31 21:48:05,054 INFO    MainThread:7786 [redirect.py:install():228] install stop
2021-01-31 21:48:05,055 INFO    MainThread:7786 [wandb_run.py:_redirect():1310] Redirects installed.
2021-01-31 21:48:05,058 INFO    MainThread:7786 [wandb_run.py:_atexit_cleanup():1366] got exitcode: 0
2021-01-31 21:48:05,059 INFO    MainThread:7786 [wandb_run.py:_restore():1338] restore
2021-01-31 21:48:05,059 INFO    MainThread:7786 [redirect.py:uninstall():232] uninstall start
2021-01-31 21:48:05,059 INFO    MainThread:7786 [redirect.py:_stop():287] _stop: stdout
2021-01-31 21:48:05,059 INFO    MainThread:7786 [redirect.py:_stop():293] _stop closed: stdout
2021-01-31 21:48:05,059 INFO    stdout    :7786 [redirect.py:_pipe_relay():129] relay done saw last write: stdout
2021-01-31 21:48:05,059 INFO    stdout    :7786 [redirect.py:_pipe_relay():145] relay done done: stdout
2021-01-31 21:48:05,060 INFO    MainThread:7786 [redirect.py:_stop():299] _stop joined: stdout
2021-01-31 21:48:05,060 INFO    MainThread:7786 [redirect.py:_stop():301] _stop rd closed: stdout
2021-01-31 21:48:05,060 INFO    MainThread:7786 [redirect.py:uninstall():236] uninstall done
2021-01-31 21:48:05,060 INFO    MainThread:7786 [redirect.py:uninstall():232] uninstall start
2021-01-31 21:48:05,060 INFO    MainThread:7786 [redirect.py:_stop():287] _stop: stderr
2021-01-31 21:48:05,060 INFO    MainThread:7786 [redirect.py:_stop():293] _stop closed: stderr
2021-01-31 21:48:05,060 INFO    stderr    :7786 [redirect.py:_pipe_relay():129] relay done saw last write: stderr
2021-01-31 21:48:05,060 INFO    stderr    :7786 [redirect.py:_pipe_relay():145] relay done done: stderr
2021-01-31 21:48:05,060 INFO    MainThread:7786 [redirect.py:_stop():299] _stop joined: stderr
2021-01-31 21:48:05,060 INFO    MainThread:7786 [redirect.py:_stop():301] _stop rd closed: stderr
2021-01-31 21:48:05,060 INFO    MainThread:7786 [redirect.py:uninstall():236] uninstall done
2021-01-31 21:48:05,065 INFO    MainThread:7786 [wandb_run.py:_wait_for_finish():1489] got exit ret: 
2021-01-31 21:48:07,070 INFO    MainThread:7786 [wandb_run.py:_wait_for_finish():1489] got exit ret: done: true
exit_result {
}

2021-01-31 21:48:08,529 INFO    MainThread:7786 [internal.py:handle_exit():139] Internal process exited
