2021-01-31 23:38:23,102 INFO    MainThread:10427 [internal.py:wandb_internal():64] W&B internal server running at pid: 10427
2021-01-31 23:38:23,107 DEBUG   HandlerThread:10427 [handler.py:handle_request():55] handle_request: run_start
2021-01-31 23:38:23,107 INFO    WriterThread:10427 [datastore.py:open_for_write():77] open: /home/pfrod/architectures/wandb/offline-run-20210131_233822-29np21bi/run-29np21bi.wandb
2021-01-31 23:38:23,680 DEBUG   HandlerThread:10427 [tpu_cluster_resolver.py:<module>():36] Falling back to TensorFlow client; we recommended you install the Cloud TPU client directly with pip install cloud-tpu-client.
2021-01-31 23:38:24,679 DEBUG   HandlerThread:10427 [meta.py:__init__():34] meta init
2021-01-31 23:38:24,679 DEBUG   HandlerThread:10427 [meta.py:__init__():48] meta init done
2021-01-31 23:38:24,679 DEBUG   HandlerThread:10427 [meta.py:probe():190] probe
2021-01-31 23:38:24,685 DEBUG   HandlerThread:10427 [git.py:repo():33] git repository is invalid
2021-01-31 23:38:24,685 DEBUG   HandlerThread:10427 [meta.py:_save_pip():52] save pip
2021-01-31 23:38:24,686 DEBUG   HandlerThread:10427 [meta.py:_save_pip():66] save pip done
2021-01-31 23:38:24,686 DEBUG   HandlerThread:10427 [meta.py:probe():231] probe done
2021-01-31 23:38:25,279 DEBUG   HandlerThread:10427 [handler.py:handle_request():55] handle_request: poll_exit
2021-01-31 23:38:25,280 DEBUG   SenderThread:10427 [sender.py:send():117] send: exit
2021-01-31 23:38:25,280 INFO    SenderThread:10427 [sender.py:send_exit():195] handling exit code: 1
2021-01-31 23:38:25,280 INFO    SenderThread:10427 [sender.py:send_exit():203] send defer
2021-01-31 23:38:25,281 DEBUG   SenderThread:10427 [sender.py:send():117] send: request
2021-01-31 23:38:25,281 DEBUG   SenderThread:10427 [sender.py:send_request():126] send_request: poll_exit
2021-01-31 23:38:25,282 DEBUG   HandlerThread:10427 [handler.py:handle_request():55] handle_request: defer
2021-01-31 23:38:25,282 INFO    HandlerThread:10427 [handler.py:handle_request_defer():69] handle defer: 0
2021-01-31 23:38:25,282 DEBUG   SenderThread:10427 [sender.py:send():117] send: request
2021-01-31 23:38:25,282 DEBUG   SenderThread:10427 [sender.py:send_request():126] send_request: defer
2021-01-31 23:38:25,282 INFO    SenderThread:10427 [sender.py:send_request_defer():212] handle sender defer: 0
2021-01-31 23:38:25,282 INFO    SenderThread:10427 [sender.py:send_request_defer():248] send defer: 1
2021-01-31 23:38:25,283 DEBUG   HandlerThread:10427 [handler.py:handle_request():55] handle_request: defer
2021-01-31 23:38:25,283 INFO    HandlerThread:10427 [handler.py:handle_request_defer():69] handle defer: 1
2021-01-31 23:38:25,336 DEBUG   SenderThread:10427 [sender.py:send():117] send: request
2021-01-31 23:38:25,336 DEBUG   SenderThread:10427 [sender.py:send_request():126] send_request: defer
2021-01-31 23:38:25,337 INFO    SenderThread:10427 [sender.py:send_request_defer():212] handle sender defer: 1
2021-01-31 23:38:25,337 INFO    SenderThread:10427 [sender.py:send_request_defer():248] send defer: 2
2021-01-31 23:38:25,337 DEBUG   HandlerThread:10427 [handler.py:handle_request():55] handle_request: defer
2021-01-31 23:38:25,337 INFO    HandlerThread:10427 [handler.py:handle_request_defer():69] handle defer: 2
2021-01-31 23:38:25,338 DEBUG   SenderThread:10427 [sender.py:send():117] send: request
2021-01-31 23:38:25,338 DEBUG   SenderThread:10427 [sender.py:send_request():126] send_request: defer
2021-01-31 23:38:25,338 INFO    SenderThread:10427 [sender.py:send_request_defer():212] handle sender defer: 2
2021-01-31 23:38:25,338 INFO    SenderThread:10427 [sender.py:send_request_defer():248] send defer: 3
2021-01-31 23:38:25,338 DEBUG   HandlerThread:10427 [handler.py:handle_request():55] handle_request: defer
2021-01-31 23:38:25,338 INFO    HandlerThread:10427 [handler.py:handle_request_defer():69] handle defer: 3
2021-01-31 23:38:25,339 DEBUG   SenderThread:10427 [sender.py:send():117] send: request
2021-01-31 23:38:25,339 DEBUG   SenderThread:10427 [sender.py:send_request():126] send_request: defer
2021-01-31 23:38:25,339 INFO    SenderThread:10427 [sender.py:send_request_defer():212] handle sender defer: 3
2021-01-31 23:38:25,339 INFO    SenderThread:10427 [sender.py:send_request_defer():248] send defer: 4
2021-01-31 23:38:25,339 DEBUG   HandlerThread:10427 [handler.py:handle_request():55] handle_request: defer
2021-01-31 23:38:25,339 INFO    HandlerThread:10427 [handler.py:handle_request_defer():69] handle defer: 4
2021-01-31 23:38:25,340 DEBUG   SenderThread:10427 [sender.py:send():117] send: request
2021-01-31 23:38:25,340 DEBUG   SenderThread:10427 [sender.py:send_request():126] send_request: defer
2021-01-31 23:38:25,340 INFO    SenderThread:10427 [sender.py:send_request_defer():212] handle sender defer: 4
2021-01-31 23:38:25,340 INFO    SenderThread:10427 [sender.py:send_request_defer():248] send defer: 5
2021-01-31 23:38:25,340 DEBUG   HandlerThread:10427 [handler.py:handle_request():55] handle_request: defer
2021-01-31 23:38:25,340 INFO    HandlerThread:10427 [handler.py:handle_request_defer():69] handle defer: 5
2021-01-31 23:38:25,341 DEBUG   SenderThread:10427 [sender.py:send():117] send: request
2021-01-31 23:38:25,341 DEBUG   SenderThread:10427 [sender.py:send_request():126] send_request: defer
2021-01-31 23:38:25,341 INFO    SenderThread:10427 [sender.py:send_request_defer():212] handle sender defer: 5
2021-01-31 23:38:25,341 INFO    SenderThread:10427 [sender.py:send_request_defer():248] send defer: 6
2021-01-31 23:38:25,341 DEBUG   HandlerThread:10427 [handler.py:handle_request():55] handle_request: defer
2021-01-31 23:38:25,341 INFO    HandlerThread:10427 [handler.py:handle_request_defer():69] handle defer: 6
2021-01-31 23:38:25,341 DEBUG   SenderThread:10427 [sender.py:send():117] send: request
2021-01-31 23:38:25,341 DEBUG   SenderThread:10427 [sender.py:send_request():126] send_request: defer
2021-01-31 23:38:25,342 INFO    SenderThread:10427 [sender.py:send_request_defer():212] handle sender defer: 6
2021-01-31 23:38:25,342 INFO    SenderThread:10427 [sender.py:send_request_defer():248] send defer: 7
2021-01-31 23:38:25,342 DEBUG   HandlerThread:10427 [handler.py:handle_request():55] handle_request: defer
2021-01-31 23:38:25,342 INFO    HandlerThread:10427 [handler.py:handle_request_defer():69] handle defer: 7
2021-01-31 23:38:25,342 DEBUG   SenderThread:10427 [sender.py:send():117] send: request
2021-01-31 23:38:25,342 DEBUG   SenderThread:10427 [sender.py:send_request():126] send_request: defer
2021-01-31 23:38:25,342 INFO    SenderThread:10427 [sender.py:send_request_defer():212] handle sender defer: 7
2021-01-31 23:38:25,342 INFO    SenderThread:10427 [sender.py:send_request_defer():248] send defer: 8
2021-01-31 23:38:25,343 DEBUG   SenderThread:10427 [sender.py:send():117] send: final
2021-01-31 23:38:25,343 DEBUG   HandlerThread:10427 [handler.py:handle_request():55] handle_request: defer
2021-01-31 23:38:25,344 INFO    HandlerThread:10427 [handler.py:handle_request_defer():69] handle defer: 8
2021-01-31 23:38:25,344 DEBUG   SenderThread:10427 [sender.py:send():117] send: request
2021-01-31 23:38:25,344 DEBUG   SenderThread:10427 [sender.py:send_request():126] send_request: defer
2021-01-31 23:38:25,344 INFO    SenderThread:10427 [sender.py:send_request_defer():212] handle sender defer: 8
2021-01-31 23:38:27,285 DEBUG   HandlerThread:10427 [handler.py:handle_request():55] handle_request: poll_exit
2021-01-31 23:38:27,286 DEBUG   SenderThread:10427 [sender.py:send():117] send: request
2021-01-31 23:38:27,286 DEBUG   SenderThread:10427 [sender.py:send_request():126] send_request: poll_exit
2021-01-31 23:38:27,288 DEBUG   HandlerThread:10427 [handler.py:handle_request():55] handle_request: get_summary
2021-01-31 23:38:27,289 DEBUG   HandlerThread:10427 [handler.py:handle_request():55] handle_request: sampled_history
2021-01-31 23:38:27,289 DEBUG   HandlerThread:10427 [handler.py:handle_request():55] handle_request: shutdown
2021-01-31 23:38:27,289 INFO    HandlerThread:10427 [handler.py:finish():274] shutting down handler
2021-01-31 23:38:27,344 INFO    WriterThread:10427 [datastore.py:close():258] close: /home/pfrod/architectures/wandb/offline-run-20210131_233822-29np21bi/run-29np21bi.wandb
2021-01-31 23:38:28,286 INFO    SenderThread:10427 [sender.py:finish():756] shutting down sender
2021-01-31 23:38:28,288 INFO    MainThread:10427 [internal.py:handle_exit():139] Internal process exited
