2021-01-31 21:49:12,099 INFO    MainThread:8845 [internal.py:wandb_internal():64] W&B internal server running at pid: 8845
2021-01-31 21:49:12,103 DEBUG   HandlerThread:8845 [handler.py:handle_request():55] handle_request: run_start
2021-01-31 21:49:12,103 INFO    WriterThread:8845 [datastore.py:open_for_write():77] open: /home/pfrod/architectures/wandb/offline-run-20210131_214911-ezesykgf/run-ezesykgf.wandb
2021-01-31 21:49:12,605 DEBUG   HandlerThread:8845 [tpu_cluster_resolver.py:<module>():36] Falling back to TensorFlow client; we recommended you install the Cloud TPU client directly with pip install cloud-tpu-client.
2021-01-31 21:49:13,494 DEBUG   HandlerThread:8845 [meta.py:__init__():34] meta init
2021-01-31 21:49:13,494 DEBUG   HandlerThread:8845 [meta.py:__init__():48] meta init done
2021-01-31 21:49:13,494 DEBUG   HandlerThread:8845 [meta.py:probe():190] probe
2021-01-31 21:49:13,500 DEBUG   HandlerThread:8845 [git.py:repo():33] git repository is invalid
2021-01-31 21:49:13,501 DEBUG   HandlerThread:8845 [meta.py:_save_pip():52] save pip
2021-01-31 21:49:13,501 DEBUG   HandlerThread:8845 [meta.py:_save_pip():66] save pip done
2021-01-31 21:49:13,501 DEBUG   HandlerThread:8845 [meta.py:probe():231] probe done
2021-01-31 21:49:13,516 DEBUG   HandlerThread:8845 [handler.py:handle_request():55] handle_request: poll_exit
2021-01-31 21:49:13,517 DEBUG   SenderThread:8845 [sender.py:send():117] send: exit
2021-01-31 21:49:13,517 INFO    SenderThread:8845 [sender.py:send_exit():195] handling exit code: 1
2021-01-31 21:49:13,518 INFO    SenderThread:8845 [sender.py:send_exit():203] send defer
2021-01-31 21:49:13,518 DEBUG   SenderThread:8845 [sender.py:send():117] send: request
2021-01-31 21:49:13,518 DEBUG   SenderThread:8845 [sender.py:send_request():126] send_request: poll_exit
2021-01-31 21:49:13,519 DEBUG   HandlerThread:8845 [handler.py:handle_request():55] handle_request: defer
2021-01-31 21:49:13,519 INFO    HandlerThread:8845 [handler.py:handle_request_defer():69] handle defer: 0
2021-01-31 21:49:13,519 DEBUG   SenderThread:8845 [sender.py:send():117] send: request
2021-01-31 21:49:13,519 DEBUG   SenderThread:8845 [sender.py:send_request():126] send_request: defer
2021-01-31 21:49:13,520 INFO    SenderThread:8845 [sender.py:send_request_defer():212] handle sender defer: 0
2021-01-31 21:49:13,520 INFO    SenderThread:8845 [sender.py:send_request_defer():248] send defer: 1
2021-01-31 21:49:13,520 DEBUG   HandlerThread:8845 [handler.py:handle_request():55] handle_request: defer
2021-01-31 21:49:13,520 INFO    HandlerThread:8845 [handler.py:handle_request_defer():69] handle defer: 1
2021-01-31 21:49:13,546 DEBUG   SenderThread:8845 [sender.py:send():117] send: request
2021-01-31 21:49:13,546 DEBUG   SenderThread:8845 [sender.py:send_request():126] send_request: defer
2021-01-31 21:49:13,547 INFO    SenderThread:8845 [sender.py:send_request_defer():212] handle sender defer: 1
2021-01-31 21:49:13,547 INFO    SenderThread:8845 [sender.py:send_request_defer():248] send defer: 2
2021-01-31 21:49:13,547 DEBUG   HandlerThread:8845 [handler.py:handle_request():55] handle_request: defer
2021-01-31 21:49:13,547 INFO    HandlerThread:8845 [handler.py:handle_request_defer():69] handle defer: 2
2021-01-31 21:49:13,547 DEBUG   SenderThread:8845 [sender.py:send():117] send: request
2021-01-31 21:49:13,548 DEBUG   SenderThread:8845 [sender.py:send_request():126] send_request: defer
2021-01-31 21:49:13,548 INFO    SenderThread:8845 [sender.py:send_request_defer():212] handle sender defer: 2
2021-01-31 21:49:13,548 INFO    SenderThread:8845 [sender.py:send_request_defer():248] send defer: 3
2021-01-31 21:49:13,548 DEBUG   HandlerThread:8845 [handler.py:handle_request():55] handle_request: defer
2021-01-31 21:49:13,548 INFO    HandlerThread:8845 [handler.py:handle_request_defer():69] handle defer: 3
2021-01-31 21:49:13,548 DEBUG   SenderThread:8845 [sender.py:send():117] send: request
2021-01-31 21:49:13,549 DEBUG   SenderThread:8845 [sender.py:send_request():126] send_request: defer
2021-01-31 21:49:13,549 INFO    SenderThread:8845 [sender.py:send_request_defer():212] handle sender defer: 3
2021-01-31 21:49:13,549 INFO    SenderThread:8845 [sender.py:send_request_defer():248] send defer: 4
2021-01-31 21:49:13,549 DEBUG   HandlerThread:8845 [handler.py:handle_request():55] handle_request: defer
2021-01-31 21:49:13,549 INFO    HandlerThread:8845 [handler.py:handle_request_defer():69] handle defer: 4
2021-01-31 21:49:13,550 DEBUG   SenderThread:8845 [sender.py:send():117] send: request
2021-01-31 21:49:13,550 DEBUG   SenderThread:8845 [sender.py:send_request():126] send_request: defer
2021-01-31 21:49:13,550 INFO    SenderThread:8845 [sender.py:send_request_defer():212] handle sender defer: 4
2021-01-31 21:49:13,550 INFO    SenderThread:8845 [sender.py:send_request_defer():248] send defer: 5
2021-01-31 21:49:13,550 DEBUG   HandlerThread:8845 [handler.py:handle_request():55] handle_request: defer
2021-01-31 21:49:13,550 INFO    HandlerThread:8845 [handler.py:handle_request_defer():69] handle defer: 5
2021-01-31 21:49:13,550 DEBUG   SenderThread:8845 [sender.py:send():117] send: request
2021-01-31 21:49:13,551 DEBUG   SenderThread:8845 [sender.py:send_request():126] send_request: defer
2021-01-31 21:49:13,551 INFO    SenderThread:8845 [sender.py:send_request_defer():212] handle sender defer: 5
2021-01-31 21:49:13,551 INFO    SenderThread:8845 [sender.py:send_request_defer():248] send defer: 6
2021-01-31 21:49:13,551 DEBUG   HandlerThread:8845 [handler.py:handle_request():55] handle_request: defer
2021-01-31 21:49:13,551 INFO    HandlerThread:8845 [handler.py:handle_request_defer():69] handle defer: 6
2021-01-31 21:49:13,551 DEBUG   SenderThread:8845 [sender.py:send():117] send: request
2021-01-31 21:49:13,551 DEBUG   SenderThread:8845 [sender.py:send_request():126] send_request: defer
2021-01-31 21:49:13,552 INFO    SenderThread:8845 [sender.py:send_request_defer():212] handle sender defer: 6
2021-01-31 21:49:13,552 INFO    SenderThread:8845 [sender.py:send_request_defer():248] send defer: 7
2021-01-31 21:49:13,552 DEBUG   HandlerThread:8845 [handler.py:handle_request():55] handle_request: defer
2021-01-31 21:49:13,552 INFO    HandlerThread:8845 [handler.py:handle_request_defer():69] handle defer: 7
2021-01-31 21:49:13,552 DEBUG   SenderThread:8845 [sender.py:send():117] send: request
2021-01-31 21:49:13,552 DEBUG   SenderThread:8845 [sender.py:send_request():126] send_request: defer
2021-01-31 21:49:13,552 INFO    SenderThread:8845 [sender.py:send_request_defer():212] handle sender defer: 7
2021-01-31 21:49:13,552 INFO    SenderThread:8845 [sender.py:send_request_defer():248] send defer: 8
2021-01-31 21:49:13,553 DEBUG   SenderThread:8845 [sender.py:send():117] send: final
2021-01-31 21:49:13,553 DEBUG   HandlerThread:8845 [handler.py:handle_request():55] handle_request: defer
2021-01-31 21:49:13,553 INFO    HandlerThread:8845 [handler.py:handle_request_defer():69] handle defer: 8
2021-01-31 21:49:13,554 DEBUG   SenderThread:8845 [sender.py:send():117] send: request
2021-01-31 21:49:13,554 DEBUG   SenderThread:8845 [sender.py:send_request():126] send_request: defer
2021-01-31 21:49:13,554 INFO    SenderThread:8845 [sender.py:send_request_defer():212] handle sender defer: 8
2021-01-31 21:49:15,522 DEBUG   HandlerThread:8845 [handler.py:handle_request():55] handle_request: poll_exit
2021-01-31 21:49:15,523 DEBUG   SenderThread:8845 [sender.py:send():117] send: request
2021-01-31 21:49:15,523 DEBUG   SenderThread:8845 [sender.py:send_request():126] send_request: poll_exit
2021-01-31 21:49:15,525 DEBUG   HandlerThread:8845 [handler.py:handle_request():55] handle_request: get_summary
2021-01-31 21:49:15,526 DEBUG   HandlerThread:8845 [handler.py:handle_request():55] handle_request: sampled_history
2021-01-31 21:49:15,527 DEBUG   HandlerThread:8845 [handler.py:handle_request():55] handle_request: shutdown
2021-01-31 21:49:15,527 INFO    HandlerThread:8845 [handler.py:finish():274] shutting down handler
2021-01-31 21:49:15,554 INFO    WriterThread:8845 [datastore.py:close():258] close: /home/pfrod/architectures/wandb/offline-run-20210131_214911-ezesykgf/run-ezesykgf.wandb
2021-01-31 21:49:16,524 INFO    SenderThread:8845 [sender.py:finish():756] shutting down sender
2021-01-31 21:49:16,525 INFO    MainThread:8845 [internal.py:handle_exit():139] Internal process exited
