2021-01-31 21:49:11,444 INFO    MainThread:8615 [wandb_setup.py:_flush():70] setting env: {}
2021-01-31 21:49:11,444 INFO    MainThread:8615 [wandb_setup.py:_flush():70] multiprocessing start_methods=fork,spawn,forkserver
2021-01-31 21:49:11,445 INFO    MainThread:8615 [wandb_setup.py:_flush():70] setting login settings: {}
2021-01-31 21:49:11,445 INFO    MainThread:8615 [wandb_setup.py:_flush():70] setting login settings: {'mode': 'offline'}
2021-01-31 21:49:11,445 INFO    MainThread:8615 [wandb_init.py:_log_setup():318] Logging user logs to /home/pfrod/architectures/wandb/offline-run-20210131_214911-ezesykgf/logs/debug.log
2021-01-31 21:49:11,445 INFO    MainThread:8615 [wandb_init.py:_log_setup():319] Logging internal logs to /home/pfrod/architectures/wandb/offline-run-20210131_214911-ezesykgf/logs/debug-internal.log
2021-01-31 21:49:13,504 INFO    MainThread:8615 [wandb_run.py:_console_start():1396] atexit reg
2021-01-31 21:49:13,505 INFO    MainThread:8615 [wandb_run.py:_redirect():1259] redirect: SettingsConsole.REDIRECT
2021-01-31 21:49:13,507 INFO    MainThread:8615 [wandb_run.py:_redirect():1264] Redirecting console.
2021-01-31 21:49:13,507 INFO    MainThread:8615 [redirect.py:install():213] install start
2021-01-31 21:49:13,508 INFO    MainThread:8615 [redirect.py:install():228] install stop
2021-01-31 21:49:13,508 INFO    MainThread:8615 [redirect.py:install():213] install start
2021-01-31 21:49:13,508 INFO    MainThread:8615 [redirect.py:install():228] install stop
2021-01-31 21:49:13,508 INFO    MainThread:8615 [wandb_run.py:_redirect():1310] Redirects installed.
2021-01-31 21:49:13,513 INFO    MainThread:8615 [wandb_run.py:_atexit_cleanup():1366] got exitcode: 1
2021-01-31 21:49:13,513 INFO    MainThread:8615 [wandb_run.py:_restore():1338] restore
2021-01-31 21:49:13,513 INFO    MainThread:8615 [redirect.py:uninstall():232] uninstall start
2021-01-31 21:49:13,514 INFO    MainThread:8615 [redirect.py:_stop():287] _stop: stdout
2021-01-31 21:49:13,514 INFO    MainThread:8615 [redirect.py:_stop():293] _stop closed: stdout
2021-01-31 21:49:13,514 INFO    stdout    :8615 [redirect.py:_pipe_relay():129] relay done saw last write: stdout
2021-01-31 21:49:13,515 INFO    stdout    :8615 [redirect.py:_pipe_relay():145] relay done done: stdout
2021-01-31 21:49:13,515 INFO    MainThread:8615 [redirect.py:_stop():299] _stop joined: stdout
2021-01-31 21:49:13,515 INFO    MainThread:8615 [redirect.py:_stop():301] _stop rd closed: stdout
2021-01-31 21:49:13,515 INFO    MainThread:8615 [redirect.py:uninstall():236] uninstall done
2021-01-31 21:49:13,515 INFO    MainThread:8615 [redirect.py:uninstall():232] uninstall start
2021-01-31 21:49:13,515 INFO    MainThread:8615 [redirect.py:_stop():287] _stop: stderr
2021-01-31 21:49:13,515 INFO    MainThread:8615 [redirect.py:_stop():293] _stop closed: stderr
2021-01-31 21:49:13,515 INFO    stderr    :8615 [redirect.py:_pipe_relay():129] relay done saw last write: stderr
2021-01-31 21:49:13,515 INFO    stderr    :8615 [redirect.py:_pipe_relay():145] relay done done: stderr
2021-01-31 21:49:13,515 INFO    MainThread:8615 [redirect.py:_stop():299] _stop joined: stderr
2021-01-31 21:49:13,516 INFO    MainThread:8615 [redirect.py:_stop():301] _stop rd closed: stderr
2021-01-31 21:49:13,516 INFO    MainThread:8615 [redirect.py:uninstall():236] uninstall done
2021-01-31 21:49:13,519 INFO    MainThread:8615 [wandb_run.py:_wait_for_finish():1489] got exit ret: 
2021-01-31 21:49:15,524 INFO    MainThread:8615 [wandb_run.py:_wait_for_finish():1489] got exit ret: done: true
exit_result {
}

2021-01-31 21:49:16,857 INFO    MainThread:8615 [internal.py:handle_exit():139] Internal process exited
