2021-02-01 20:06:05,510 INFO    MainThread:15669 [internal.py:wandb_internal():64] W&B internal server running at pid: 15669
2021-02-01 20:06:05,514 DEBUG   HandlerThread:15669 [handler.py:handle_request():55] handle_request: check_version
2021-02-01 20:06:05,514 INFO    WriterThread:15669 [datastore.py:open_for_write():77] open: /home/pfrod/architectures/wandb/run-20210201_200604-kjvhfb2h/run-kjvhfb2h.wandb
2021-02-01 20:06:05,516 DEBUG   SenderThread:15669 [sender.py:send():117] send: header
2021-02-01 20:06:05,516 DEBUG   SenderThread:15669 [sender.py:send():117] send: request
2021-02-01 20:06:05,517 DEBUG   SenderThread:15669 [sender.py:send_request():126] send_request: check_version
2021-02-01 20:06:05,522 DEBUG   Thread-4  :15669 [connectionpool.py:_new_conn():813] Starting new HTTPS connection (1): pypi.org:443
2021-02-01 20:06:05,600 DEBUG   Thread-4  :15669 [connectionpool.py:_make_request():393] https://pypi.org:443 "GET /pypi/wandb/json HTTP/1.1" 200 53088
2021-02-01 20:06:05,634 DEBUG   SenderThread:15669 [sender.py:send():117] send: run
2021-02-01 20:06:05,661 DEBUG   SenderThread:15669 [git.py:repo():33] git repository is invalid
2021-02-01 20:06:05,666 DEBUG   SenderThread:15669 [connectionpool.py:_new_conn():813] Starting new HTTPS connection (1): api.wandb.ai:443
2021-02-01 20:06:05,903 DEBUG   SenderThread:15669 [connectionpool.py:_make_request():393] https://api.wandb.ai:443 "POST /graphql HTTP/1.1" 200 None
2021-02-01 20:06:05,915 INFO    SenderThread:15669 [dir_watcher.py:__init__():165] watching files in: /home/pfrod/architectures/wandb/run-20210201_200604-kjvhfb2h/files
2021-02-01 20:06:05,915 INFO    SenderThread:15669 [sender.py:_start_run_threads():596] run started: kjvhfb2h with start time 1612206364
2021-02-01 20:06:05,920 DEBUG   SenderThread:15669 [sender.py:send():117] send: summary
2021-02-01 20:06:05,921 INFO    SenderThread:15669 [sender.py:_save_file():682] saving file wandb-summary.json with policy end
2021-02-01 20:06:05,923 DEBUG   HandlerThread:15669 [handler.py:handle_request():55] handle_request: run_start
2021-02-01 20:06:06,486 DEBUG   HandlerThread:15669 [tpu_cluster_resolver.py:<module>():36] Falling back to TensorFlow client; we recommended you install the Cloud TPU client directly with pip install cloud-tpu-client.
2021-02-01 20:06:06,920 INFO    Thread-8  :15669 [dir_watcher.py:_on_file_created():213] file/dir created: /home/pfrod/architectures/wandb/run-20210201_200604-kjvhfb2h/files/wandb-summary.json
2021-02-01 20:06:07,404 DEBUG   HandlerThread:15669 [meta.py:__init__():34] meta init
2021-02-01 20:06:07,404 DEBUG   HandlerThread:15669 [meta.py:__init__():48] meta init done
2021-02-01 20:06:07,404 DEBUG   HandlerThread:15669 [meta.py:probe():190] probe
2021-02-01 20:06:07,410 DEBUG   HandlerThread:15669 [git.py:repo():33] git repository is invalid
2021-02-01 20:06:07,410 DEBUG   HandlerThread:15669 [meta.py:_save_pip():52] save pip
2021-02-01 20:06:07,411 DEBUG   HandlerThread:15669 [meta.py:_save_pip():66] save pip done
2021-02-01 20:06:07,411 DEBUG   HandlerThread:15669 [meta.py:probe():231] probe done
2021-02-01 20:06:07,413 DEBUG   SenderThread:15669 [sender.py:send():117] send: files
2021-02-01 20:06:07,414 INFO    SenderThread:15669 [sender.py:_save_file():682] saving file wandb-metadata.json with policy now
2021-02-01 20:06:07,421 DEBUG   Thread-11 :15669 [connectionpool.py:_new_conn():813] Starting new HTTPS connection (1): api.wandb.ai:443
2021-02-01 20:06:07,422 DEBUG   HandlerThread:15669 [handler.py:handle_request():55] handle_request: status
2021-02-01 20:06:07,422 DEBUG   SenderThread:15669 [sender.py:send():117] send: request
2021-02-01 20:06:07,423 DEBUG   SenderThread:15669 [sender.py:send_request():126] send_request: status
2021-02-01 20:06:07,428 DEBUG   SenderThread:15669 [connectionpool.py:_new_conn():813] Starting new HTTPS connection (1): api.wandb.ai:443
2021-02-01 20:06:07,630 DEBUG   SenderThread:15669 [connectionpool.py:_make_request():393] https://api.wandb.ai:443 "POST /graphql HTTP/1.1" 200 None
2021-02-01 20:06:07,640 DEBUG   Thread-11 :15669 [connectionpool.py:_make_request():393] https://api.wandb.ai:443 "POST /graphql HTTP/1.1" 200 None
2021-02-01 20:06:07,647 DEBUG   Thread-11 :15669 [connectionpool.py:_new_conn():813] Starting new HTTPS connection (1): storage.googleapis.com:443
2021-02-01 20:06:07,918 INFO    Thread-8  :15669 [dir_watcher.py:_on_file_created():213] file/dir created: /home/pfrod/architectures/wandb/run-20210201_200604-kjvhfb2h/files/output.log
2021-02-01 20:06:07,918 INFO    Thread-8  :15669 [dir_watcher.py:_on_file_created():213] file/dir created: /home/pfrod/architectures/wandb/run-20210201_200604-kjvhfb2h/files/requirements.txt
2021-02-01 20:06:07,919 INFO    Thread-8  :15669 [dir_watcher.py:_on_file_created():213] file/dir created: /home/pfrod/architectures/wandb/run-20210201_200604-kjvhfb2h/files/wandb-metadata.json
2021-02-01 20:06:08,032 DEBUG   Thread-11 :15669 [connectionpool.py:_make_request():393] https://storage.googleapis.com:443 "PUT /wandb-production.appspot.com/pfrodedelaforet/huggingface/kjvhfb2h/wandb-metadata.json?Expires=1612292767&GoogleAccessId=wandb-production%40appspot.gserviceaccount.com&Signature=BPyu%2B25yicKkEbwnZk4WdGDVmhVPTDVWkgpgtN%2Bmra9M%2BjidSeR1HaNlMhV4YRjDys0ufkMzgmAwMxnq%2B6VixPsEkK7gc8sbmZaGCOh5MgE0srz5hbdcUbSpGsAv530GiZZMvYg4SpV4bCpyg%2FAxO0dbsTtcYnV51oQ9ifNuJC%2FffoOB6SRltrdiK41YJE0aKt4XzOjR2D9Txdlnx97flzOlOE5cKYFWsc5Qf3SylNISVWq%2BQIHGSYugaOq5IkWGXHw7b01N6tc6mzf%2BohwQ1rKd5syqC3o4eMpOUxt40n7YmQwtnWBkEfPshQbLZsVEgPDmmvAW4HqzdNz41vZ8Kg%3D%3D HTTP/1.1" 200 0
2021-02-01 20:06:08,034 INFO    Thread-11 :15669 [upload_job.py:push():133] Uploaded file /tmp/tmp4zy4flmewandb/ak9iur9c-wandb-metadata.json
2021-02-01 20:06:09,426 DEBUG   Thread-5  :15669 [connectionpool.py:_new_conn():813] Starting new HTTPS connection (1): api.wandb.ai:443
2021-02-01 20:06:09,651 DEBUG   Thread-5  :15669 [connectionpool.py:_make_request():393] https://api.wandb.ai:443 "POST /files/pfrodedelaforet/huggingface/kjvhfb2h/file_stream HTTP/1.1" 200 None
2021-02-01 20:06:09,918 INFO    Thread-8  :15669 [dir_watcher.py:_on_file_modified():226] file/dir modified: /home/pfrod/architectures/wandb/run-20210201_200604-kjvhfb2h/files/output.log
2021-02-01 20:06:10,850 DEBUG   SenderThread:15669 [sender.py:send():117] send: stats
2021-02-01 20:06:10,919 INFO    Thread-8  :15669 [dir_watcher.py:_on_file_modified():226] file/dir modified: /home/pfrod/architectures/wandb/run-20210201_200604-kjvhfb2h/files/output.log
2021-02-01 20:06:13,060 DEBUG   Thread-5  :15669 [connectionpool.py:_make_request():393] https://api.wandb.ai:443 "POST /files/pfrodedelaforet/huggingface/kjvhfb2h/file_stream HTTP/1.1" 200 None
2021-02-01 20:06:13,920 INFO    Thread-8  :15669 [dir_watcher.py:_on_file_modified():226] file/dir modified: /home/pfrod/architectures/wandb/run-20210201_200604-kjvhfb2h/files/output.log
2021-02-01 20:06:14,920 INFO    Thread-8  :15669 [dir_watcher.py:_on_file_modified():226] file/dir modified: /home/pfrod/architectures/wandb/run-20210201_200604-kjvhfb2h/files/output.log
2021-02-01 20:06:15,180 DEBUG   Thread-5  :15669 [connectionpool.py:_make_request():393] https://api.wandb.ai:443 "POST /files/pfrodedelaforet/huggingface/kjvhfb2h/file_stream HTTP/1.1" 200 None
2021-02-01 20:06:15,373 DEBUG   SenderThread:15669 [sender.py:send():117] send: stats
2021-02-01 20:06:15,921 INFO    Thread-8  :15669 [dir_watcher.py:_on_file_modified():226] file/dir modified: /home/pfrod/architectures/wandb/run-20210201_200604-kjvhfb2h/files/output.log
2021-02-01 20:06:16,921 INFO    Thread-8  :15669 [dir_watcher.py:_on_file_modified():226] file/dir modified: /home/pfrod/architectures/wandb/run-20210201_200604-kjvhfb2h/files/output.log
2021-02-01 20:06:17,287 DEBUG   Thread-5  :15669 [connectionpool.py:_make_request():393] https://api.wandb.ai:443 "POST /files/pfrodedelaforet/huggingface/kjvhfb2h/file_stream HTTP/1.1" 200 None
2021-02-01 20:06:17,922 INFO    Thread-8  :15669 [dir_watcher.py:_on_file_modified():226] file/dir modified: /home/pfrod/architectures/wandb/run-20210201_200604-kjvhfb2h/files/output.log
2021-02-01 20:06:18,922 INFO    Thread-8  :15669 [dir_watcher.py:_on_file_modified():226] file/dir modified: /home/pfrod/architectures/wandb/run-20210201_200604-kjvhfb2h/files/output.log
2021-02-01 20:06:19,288 DEBUG   Thread-5  :15669 [connectionpool.py:_make_request():393] https://api.wandb.ai:443 "POST /files/pfrodedelaforet/huggingface/kjvhfb2h/file_stream HTTP/1.1" 200 None
2021-02-01 20:06:19,896 DEBUG   SenderThread:15669 [sender.py:send():117] send: stats
2021-02-01 20:06:19,923 INFO    Thread-8  :15669 [dir_watcher.py:_on_file_modified():226] file/dir modified: /home/pfrod/architectures/wandb/run-20210201_200604-kjvhfb2h/files/output.log
2021-02-01 20:06:20,923 INFO    Thread-8  :15669 [dir_watcher.py:_on_file_modified():226] file/dir modified: /home/pfrod/architectures/wandb/run-20210201_200604-kjvhfb2h/files/output.log
2021-02-01 20:06:21,497 DEBUG   Thread-5  :15669 [connectionpool.py:_make_request():393] https://api.wandb.ai:443 "POST /files/pfrodedelaforet/huggingface/kjvhfb2h/file_stream HTTP/1.1" 200 None
2021-02-01 20:06:21,924 INFO    Thread-8  :15669 [dir_watcher.py:_on_file_modified():226] file/dir modified: /home/pfrod/architectures/wandb/run-20210201_200604-kjvhfb2h/files/output.log
2021-02-01 20:06:22,320 DEBUG   HandlerThread:15669 [handler.py:handle_request():55] handle_request: poll_exit
2021-02-01 20:06:22,320 DEBUG   SenderThread:15669 [sender.py:send():117] send: telemetry
2021-02-01 20:06:22,332 DEBUG   SenderThread:15669 [connectionpool.py:_new_conn():813] Starting new HTTPS connection (1): api.wandb.ai:443
2021-02-01 20:06:22,556 DEBUG   SenderThread:15669 [connectionpool.py:_make_request():393] https://api.wandb.ai:443 "POST /graphql HTTP/1.1" 200 None
2021-02-01 20:06:22,588 DEBUG   SenderThread:15669 [sender.py:send():117] send: exit
2021-02-01 20:06:22,588 INFO    SenderThread:15669 [sender.py:send_exit():195] handling exit code: 1
2021-02-01 20:06:22,589 INFO    SenderThread:15669 [sender.py:send_exit():203] send defer
2021-02-01 20:06:22,589 DEBUG   SenderThread:15669 [sender.py:send():117] send: request
2021-02-01 20:06:22,589 DEBUG   SenderThread:15669 [sender.py:send_request():126] send_request: poll_exit
2021-02-01 20:06:22,589 DEBUG   HandlerThread:15669 [handler.py:handle_request():55] handle_request: defer
2021-02-01 20:06:22,589 INFO    HandlerThread:15669 [handler.py:handle_request_defer():69] handle defer: 0
2021-02-01 20:06:22,590 DEBUG   SenderThread:15669 [sender.py:send():117] send: request
2021-02-01 20:06:22,590 DEBUG   SenderThread:15669 [sender.py:send_request():126] send_request: defer
2021-02-01 20:06:22,590 INFO    SenderThread:15669 [sender.py:send_request_defer():212] handle sender defer: 0
2021-02-01 20:06:22,590 INFO    SenderThread:15669 [sender.py:send_request_defer():248] send defer: 1
2021-02-01 20:06:22,590 DEBUG   HandlerThread:15669 [handler.py:handle_request():55] handle_request: defer
2021-02-01 20:06:22,590 INFO    HandlerThread:15669 [handler.py:handle_request_defer():69] handle defer: 1
2021-02-01 20:06:22,674 DEBUG   SenderThread:15669 [sender.py:send():117] send: request
2021-02-01 20:06:22,674 DEBUG   SenderThread:15669 [sender.py:send_request():126] send_request: defer
2021-02-01 20:06:22,674 INFO    SenderThread:15669 [sender.py:send_request_defer():212] handle sender defer: 1
2021-02-01 20:06:22,675 INFO    SenderThread:15669 [sender.py:send_request_defer():248] send defer: 2
2021-02-01 20:06:22,675 DEBUG   SenderThread:15669 [sender.py:send():117] send: stats
2021-02-01 20:06:22,676 DEBUG   HandlerThread:15669 [handler.py:handle_request():55] handle_request: defer
2021-02-01 20:06:22,676 INFO    HandlerThread:15669 [handler.py:handle_request_defer():69] handle defer: 2
2021-02-01 20:06:22,676 DEBUG   SenderThread:15669 [sender.py:send():117] send: request
2021-02-01 20:06:22,676 DEBUG   SenderThread:15669 [sender.py:send_request():126] send_request: defer
2021-02-01 20:06:22,676 INFO    SenderThread:15669 [sender.py:send_request_defer():212] handle sender defer: 2
2021-02-01 20:06:22,676 INFO    SenderThread:15669 [sender.py:send_request_defer():248] send defer: 3
2021-02-01 20:06:22,677 DEBUG   HandlerThread:15669 [handler.py:handle_request():55] handle_request: defer
2021-02-01 20:06:22,677 INFO    HandlerThread:15669 [handler.py:handle_request_defer():69] handle defer: 3
2021-02-01 20:06:22,677 DEBUG   SenderThread:15669 [sender.py:send():117] send: summary
2021-02-01 20:06:22,678 INFO    SenderThread:15669 [sender.py:_save_file():682] saving file wandb-summary.json with policy end
2021-02-01 20:06:22,678 DEBUG   SenderThread:15669 [sender.py:send():117] send: request
2021-02-01 20:06:22,678 DEBUG   SenderThread:15669 [sender.py:send_request():126] send_request: defer
2021-02-01 20:06:22,678 INFO    SenderThread:15669 [sender.py:send_request_defer():212] handle sender defer: 3
2021-02-01 20:06:22,679 INFO    SenderThread:15669 [sender.py:send_request_defer():248] send defer: 4
2021-02-01 20:06:22,679 DEBUG   HandlerThread:15669 [handler.py:handle_request():55] handle_request: defer
2021-02-01 20:06:22,679 INFO    HandlerThread:15669 [handler.py:handle_request_defer():69] handle defer: 4
2021-02-01 20:06:22,679 DEBUG   SenderThread:15669 [sender.py:send():117] send: request
2021-02-01 20:06:22,679 DEBUG   SenderThread:15669 [sender.py:send_request():126] send_request: defer
2021-02-01 20:06:22,680 INFO    SenderThread:15669 [sender.py:send_request_defer():212] handle sender defer: 4
2021-02-01 20:06:22,680 INFO    SenderThread:15669 [dir_watcher.py:finish():279] shutting down directory watcher
2021-02-01 20:06:22,924 INFO    Thread-8  :15669 [dir_watcher.py:_on_file_modified():226] file/dir modified: /home/pfrod/architectures/wandb/run-20210201_200604-kjvhfb2h/files/config.yaml
2021-02-01 20:06:22,925 INFO    SenderThread:15669 [dir_watcher.py:_on_file_modified():226] file/dir modified: /home/pfrod/architectures/wandb/run-20210201_200604-kjvhfb2h/files/output.log
2021-02-01 20:06:22,926 INFO    SenderThread:15669 [dir_watcher.py:_on_file_modified():226] file/dir modified: /home/pfrod/architectures/wandb/run-20210201_200604-kjvhfb2h/files/wandb-summary.json
2021-02-01 20:06:22,926 INFO    SenderThread:15669 [dir_watcher.py:finish():309] scan: /home/pfrod/architectures/wandb/run-20210201_200604-kjvhfb2h/files
2021-02-01 20:06:22,926 INFO    SenderThread:15669 [dir_watcher.py:finish():315] scan save: /home/pfrod/architectures/wandb/run-20210201_200604-kjvhfb2h/files/config.yaml config.yaml
2021-02-01 20:06:22,927 INFO    SenderThread:15669 [dir_watcher.py:finish():315] scan save: /home/pfrod/architectures/wandb/run-20210201_200604-kjvhfb2h/files/wandb-summary.json wandb-summary.json
2021-02-01 20:06:22,927 INFO    SenderThread:15669 [dir_watcher.py:finish():315] scan save: /home/pfrod/architectures/wandb/run-20210201_200604-kjvhfb2h/files/requirements.txt requirements.txt
2021-02-01 20:06:22,934 DEBUG   Thread-12 :15669 [connectionpool.py:_new_conn():813] Starting new HTTPS connection (1): api.wandb.ai:443
2021-02-01 20:06:22,940 INFO    SenderThread:15669 [dir_watcher.py:finish():315] scan save: /home/pfrod/architectures/wandb/run-20210201_200604-kjvhfb2h/files/wandb-metadata.json wandb-metadata.json
2021-02-01 20:06:22,942 DEBUG   Thread-13 :15669 [connectionpool.py:_new_conn():813] Starting new HTTPS connection (1): api.wandb.ai:443
2021-02-01 20:06:22,948 INFO    SenderThread:15669 [dir_watcher.py:finish():315] scan save: /home/pfrod/architectures/wandb/run-20210201_200604-kjvhfb2h/files/output.log output.log
2021-02-01 20:06:22,949 DEBUG   Thread-14 :15669 [connectionpool.py:_new_conn():813] Starting new HTTPS connection (1): api.wandb.ai:443
2021-02-01 20:06:22,950 INFO    SenderThread:15669 [sender.py:send_request_defer():248] send defer: 5
2021-02-01 20:06:22,958 DEBUG   HandlerThread:15669 [handler.py:handle_request():55] handle_request: defer
2021-02-01 20:06:22,958 INFO    HandlerThread:15669 [handler.py:handle_request_defer():69] handle defer: 5
2021-02-01 20:06:22,958 DEBUG   Thread-15 :15669 [connectionpool.py:_new_conn():813] Starting new HTTPS connection (1): api.wandb.ai:443
2021-02-01 20:06:22,959 DEBUG   SenderThread:15669 [sender.py:send():117] send: request
2021-02-01 20:06:22,959 DEBUG   SenderThread:15669 [sender.py:send_request():126] send_request: defer
2021-02-01 20:06:22,959 INFO    SenderThread:15669 [sender.py:send_request_defer():212] handle sender defer: 5
2021-02-01 20:06:22,959 INFO    SenderThread:15669 [file_pusher.py:finish():174] shutting down file pusher
2021-02-01 20:06:22,959 INFO    SenderThread:15669 [sender.py:send_request_defer():248] send defer: 6
2021-02-01 20:06:22,960 DEBUG   HandlerThread:15669 [handler.py:handle_request():55] handle_request: defer
2021-02-01 20:06:22,960 INFO    HandlerThread:15669 [handler.py:handle_request_defer():69] handle defer: 6
2021-02-01 20:06:22,960 DEBUG   SenderThread:15669 [sender.py:send():117] send: request
2021-02-01 20:06:22,961 DEBUG   SenderThread:15669 [sender.py:send_request():126] send_request: defer
2021-02-01 20:06:22,961 INFO    SenderThread:15669 [sender.py:send_request_defer():212] handle sender defer: 6
2021-02-01 20:06:23,130 DEBUG   Thread-5  :15669 [connectionpool.py:_make_request():393] https://api.wandb.ai:443 "POST /files/pfrodedelaforet/huggingface/kjvhfb2h/file_stream HTTP/1.1" 200 None
2021-02-01 20:06:23,148 DEBUG   Thread-12 :15669 [connectionpool.py:_make_request():393] https://api.wandb.ai:443 "POST /graphql HTTP/1.1" 200 None
2021-02-01 20:06:23,154 DEBUG   Thread-12 :15669 [connectionpool.py:_new_conn():813] Starting new HTTPS connection (1): storage.googleapis.com:443
2021-02-01 20:06:23,160 DEBUG   Thread-13 :15669 [connectionpool.py:_make_request():393] https://api.wandb.ai:443 "POST /graphql HTTP/1.1" 200 None
2021-02-01 20:06:23,163 DEBUG   Thread-14 :15669 [connectionpool.py:_make_request():393] https://api.wandb.ai:443 "POST /graphql HTTP/1.1" 200 None
2021-02-01 20:06:23,166 DEBUG   Thread-13 :15669 [connectionpool.py:_new_conn():813] Starting new HTTPS connection (1): storage.googleapis.com:443
2021-02-01 20:06:23,171 DEBUG   Thread-14 :15669 [connectionpool.py:_new_conn():813] Starting new HTTPS connection (1): storage.googleapis.com:443
2021-02-01 20:06:23,174 DEBUG   Thread-15 :15669 [connectionpool.py:_make_request():393] https://api.wandb.ai:443 "POST /graphql HTTP/1.1" 200 None
2021-02-01 20:06:23,179 DEBUG   Thread-15 :15669 [connectionpool.py:_new_conn():813] Starting new HTTPS connection (1): storage.googleapis.com:443
2021-02-01 20:06:23,281 DEBUG   Thread-5  :15669 [connectionpool.py:_make_request():393] https://api.wandb.ai:443 "POST /files/pfrodedelaforet/huggingface/kjvhfb2h/file_stream HTTP/1.1" 200 None
2021-02-01 20:06:23,284 INFO    SenderThread:15669 [sender.py:send_request_defer():248] send defer: 7
2021-02-01 20:06:23,285 DEBUG   HandlerThread:15669 [handler.py:handle_request():55] handle_request: defer
2021-02-01 20:06:23,285 INFO    HandlerThread:15669 [handler.py:handle_request_defer():69] handle defer: 7
2021-02-01 20:06:23,286 DEBUG   SenderThread:15669 [sender.py:send():117] send: request
2021-02-01 20:06:23,286 DEBUG   SenderThread:15669 [sender.py:send_request():126] send_request: defer
2021-02-01 20:06:23,286 INFO    SenderThread:15669 [sender.py:send_request_defer():212] handle sender defer: 7
2021-02-01 20:06:23,286 INFO    SenderThread:15669 [sender.py:send_request_defer():248] send defer: 8
2021-02-01 20:06:23,287 DEBUG   HandlerThread:15669 [handler.py:handle_request():55] handle_request: defer
2021-02-01 20:06:23,287 DEBUG   SenderThread:15669 [sender.py:send():117] send: final
2021-02-01 20:06:23,288 INFO    HandlerThread:15669 [handler.py:handle_request_defer():69] handle defer: 8
2021-02-01 20:06:23,288 DEBUG   SenderThread:15669 [sender.py:send():117] send: footer
2021-02-01 20:06:23,288 DEBUG   SenderThread:15669 [sender.py:send():117] send: request
2021-02-01 20:06:23,288 DEBUG   SenderThread:15669 [sender.py:send_request():126] send_request: defer
2021-02-01 20:06:23,288 INFO    SenderThread:15669 [sender.py:send_request_defer():212] handle sender defer: 8
2021-02-01 20:06:23,516 DEBUG   Thread-12 :15669 [connectionpool.py:_make_request():393] https://storage.googleapis.com:443 "PUT /wandb-production.appspot.com/pfrodedelaforet/huggingface/kjvhfb2h/config.yaml?Expires=1612292783&GoogleAccessId=wandb-production%40appspot.gserviceaccount.com&Signature=hNQVUYpKFk4175%2Fta7ry8hBzdtxRsXJjtqds5I699xV6MWG4XjHJ8W4%2FipPhkPamOoL3BVkbL0VyNUAI%2BLeYHWrPYEm8D3kXgVk8oCaJZ0klROlQelax4o42rftX6TYF1Kk6rw8BAjQN5L%2FxulWlN1fgrwwZ9zGquRlfjyd2II2t1NxatDMqTDmbeGYxzxsv4661Oo9oGfhFt8ubt%2FIT0RkauzGRk%2B6TuhBmpZJFPWhxcCEOStdjcbJAOnkC6gBT%2FapcBsMrk7O55JiNv9IauFvjmjmqd7mVf%2FFpaLQ3N0Bq3RQem6OqGpwfzSOiWo3uomKoMmoz1rSCEtOYAKueTw%3D%3D HTTP/1.1" 200 0
2021-02-01 20:06:23,518 INFO    Thread-12 :15669 [upload_job.py:push():133] Uploaded file /home/pfrod/architectures/wandb/run-20210201_200604-kjvhfb2h/files/config.yaml
2021-02-01 20:06:23,531 DEBUG   Thread-15 :15669 [connectionpool.py:_make_request():393] https://storage.googleapis.com:443 "PUT /wandb-production.appspot.com/pfrodedelaforet/huggingface/kjvhfb2h/output.log?Expires=1612292783&GoogleAccessId=wandb-production%40appspot.gserviceaccount.com&Signature=TmelZ2vxMWZAhAQcMPCoGejpLrWVGAyOA3ZQ7NZbPO7Y87%2BJJVlZYY1GB6ZSF0ZRvlGhSZx7Ju62Ofi7zhU%2FSqYQpioUfd7Y9ZYJHGoxp9tG%2B0VhkhNndChyawswuNfu1j%2BWugglzhBjemOyMfKlCP5a0Rjeil2VtmrBbf0hLvqQLpkuzKR0zTN5zzPyF5wDEduGTtNGiYc%2Fc9NS8uIveLcqtKIf7Ip%2F1J2K32tpS2aGyVqkTcJ8nWMe%2B8G3u%2Frm4aUyLP%2BxpCtJGnkLfYH%2BOynKTQjQHRxMSQ949COdhlAtN7mdDVM4rkACuy9Iukqvz6wDlWiXfbcMGAACaaH42Q%3D%3D HTTP/1.1" 200 0
2021-02-01 20:06:23,534 INFO    Thread-15 :15669 [upload_job.py:push():133] Uploaded file /home/pfrod/architectures/wandb/run-20210201_200604-kjvhfb2h/files/output.log
2021-02-01 20:06:23,549 DEBUG   Thread-13 :15669 [connectionpool.py:_make_request():393] https://storage.googleapis.com:443 "PUT /wandb-production.appspot.com/pfrodedelaforet/huggingface/kjvhfb2h/wandb-summary.json?Expires=1612292783&GoogleAccessId=wandb-production%40appspot.gserviceaccount.com&Signature=QuDImO1mAHnvx55blMrRitx6EwU3liT8ePHDeblNgGBp0tM0O8SJvUa%2BAF%2FMgVdhCW1vjDWjOJhgzKOtozO0%2BdUR3%2BLAaBNBezoxgOK21IZ6aejuoT21f1Z4pp9ibAgvCv%2FRt%2F3UMRw%2Fd7QiPD9Mmckn6fW0ltqUYB2B2b7yuRpcTJCzRwsJAPgLgruaKVSsQB63E4xlZ4yNoHhZAMKRbfYLzELJcJU188wU%2FQIV%2Fj%2BTUpBxHmL04Pt5kPW%2BtVm3qjf9gPDyUTCPtbg%2BLJ%2BSGrJjhC9y7ISJGj42fGsZ%2FGh5ms2cIzP4w5ndXvjR7oBY7EW1W48fcR13jV4zFPqtnQ%3D%3D HTTP/1.1" 200 0
2021-02-01 20:06:23,551 INFO    Thread-13 :15669 [upload_job.py:push():133] Uploaded file /home/pfrod/architectures/wandb/run-20210201_200604-kjvhfb2h/files/wandb-summary.json
2021-02-01 20:06:23,553 DEBUG   Thread-14 :15669 [connectionpool.py:_make_request():393] https://storage.googleapis.com:443 "PUT /wandb-production.appspot.com/pfrodedelaforet/huggingface/kjvhfb2h/requirements.txt?Expires=1612292783&GoogleAccessId=wandb-production%40appspot.gserviceaccount.com&Signature=kbNaGyYF1uJ95MdiaOY%2BStjSBu7DxHjAAb0dnPxRkJnaAg7pOmbYDhwVEWSqPqowV754WSpUYitfV%2FLQpaLEPJW%2FOj7n%2FQyYTADP0txRzAIzCj0Jtjofy8zPQmNuvzGxpjAYwnvt0mIqQZN%2BoLdzTCf3AtBKQZFtY3lDHlhjpqLLjIdDS6HgRiP8NDWDV20cJGa5kwQB1wHUAofKJyJggwUwz04D53qkDIfDOo9gkXWYHRzUbpT6HQRRXrQNfAXBnM9nRbw9xAKK3165kAQmsacEQ1lfYtyvf3Xo1fispS3NLwt4h%2B8ZvInLxFiyPNOj287W8gLd5pSpUu3Ah42GBA%3D%3D HTTP/1.1" 200 0
2021-02-01 20:06:23,555 INFO    Thread-14 :15669 [upload_job.py:push():133] Uploaded file /home/pfrod/architectures/wandb/run-20210201_200604-kjvhfb2h/files/requirements.txt
2021-02-01 20:06:24,594 DEBUG   HandlerThread:15669 [handler.py:handle_request():55] handle_request: poll_exit
2021-02-01 20:06:24,594 DEBUG   SenderThread:15669 [sender.py:send():117] send: request
2021-02-01 20:06:24,594 DEBUG   SenderThread:15669 [sender.py:send_request():126] send_request: poll_exit
2021-02-01 20:06:24,595 INFO    SenderThread:15669 [file_pusher.py:join():179] waiting for file pusher
2021-02-01 20:06:24,597 DEBUG   HandlerThread:15669 [handler.py:handle_request():55] handle_request: get_summary
2021-02-01 20:06:24,598 DEBUG   HandlerThread:15669 [handler.py:handle_request():55] handle_request: sampled_history
2021-02-01 20:06:24,598 DEBUG   HandlerThread:15669 [handler.py:handle_request():55] handle_request: shutdown
2021-02-01 20:06:24,599 INFO    HandlerThread:15669 [handler.py:finish():274] shutting down handler
2021-02-01 20:06:25,288 INFO    WriterThread:15669 [datastore.py:close():258] close: /home/pfrod/architectures/wandb/run-20210201_200604-kjvhfb2h/run-kjvhfb2h.wandb
2021-02-01 20:06:25,595 INFO    SenderThread:15669 [sender.py:finish():756] shutting down sender
2021-02-01 20:06:25,595 INFO    SenderThread:15669 [file_pusher.py:finish():174] shutting down file pusher
2021-02-01 20:06:25,596 INFO    SenderThread:15669 [file_pusher.py:join():179] waiting for file pusher
2021-02-01 20:06:25,597 INFO    MainThread:15669 [internal.py:handle_exit():139] Internal process exited
