2021-02-01 14:05:53,824 INFO    MainThread:5431 [internal.py:wandb_internal():64] W&B internal server running at pid: 5431
2021-02-01 14:05:53,828 DEBUG   HandlerThread:5431 [handler.py:handle_request():55] handle_request: check_version
2021-02-01 14:05:53,828 INFO    WriterThread:5431 [datastore.py:open_for_write():77] open: /home/pfrod/architectures/wandb/run-20210201_140553-a7qrh7ma/run-a7qrh7ma.wandb
2021-02-01 14:05:53,829 DEBUG   SenderThread:5431 [sender.py:send():117] send: header
2021-02-01 14:05:53,830 DEBUG   SenderThread:5431 [sender.py:send():117] send: request
2021-02-01 14:05:53,830 DEBUG   SenderThread:5431 [sender.py:send_request():126] send_request: check_version
2021-02-01 14:05:53,835 DEBUG   Thread-4  :5431 [connectionpool.py:_new_conn():813] Starting new HTTPS connection (1): pypi.org:443
2021-02-01 14:05:53,945 DEBUG   Thread-4  :5431 [connectionpool.py:_make_request():393] https://pypi.org:443 "GET /pypi/wandb/json HTTP/1.1" 200 53088
2021-02-01 14:05:53,981 DEBUG   SenderThread:5431 [sender.py:send():117] send: run
2021-02-01 14:05:54,009 DEBUG   SenderThread:5431 [git.py:repo():33] git repository is invalid
2021-02-01 14:05:54,013 DEBUG   SenderThread:5431 [connectionpool.py:_new_conn():813] Starting new HTTPS connection (1): api.wandb.ai:443
2021-02-01 14:05:54,254 DEBUG   SenderThread:5431 [connectionpool.py:_make_request():393] https://api.wandb.ai:443 "POST /graphql HTTP/1.1" 200 None
2021-02-01 14:05:54,267 INFO    SenderThread:5431 [dir_watcher.py:__init__():165] watching files in: /home/pfrod/architectures/wandb/run-20210201_140553-a7qrh7ma/files
2021-02-01 14:05:54,267 INFO    SenderThread:5431 [sender.py:_start_run_threads():596] run started: a7qrh7ma with start time 1612184753
2021-02-01 14:05:54,270 DEBUG   SenderThread:5431 [sender.py:send():117] send: summary
2021-02-01 14:05:54,271 INFO    SenderThread:5431 [sender.py:_save_file():682] saving file wandb-summary.json with policy end
2021-02-01 14:05:54,273 DEBUG   HandlerThread:5431 [handler.py:handle_request():55] handle_request: run_start
2021-02-01 14:05:54,819 DEBUG   HandlerThread:5431 [tpu_cluster_resolver.py:<module>():36] Falling back to TensorFlow client; we recommended you install the Cloud TPU client directly with pip install cloud-tpu-client.
2021-02-01 14:05:55,270 INFO    Thread-8  :5431 [dir_watcher.py:_on_file_created():213] file/dir created: /home/pfrod/architectures/wandb/run-20210201_140553-a7qrh7ma/files/wandb-summary.json
2021-02-01 14:05:55,732 DEBUG   HandlerThread:5431 [meta.py:__init__():34] meta init
2021-02-01 14:05:55,732 DEBUG   HandlerThread:5431 [meta.py:__init__():48] meta init done
2021-02-01 14:05:55,732 DEBUG   HandlerThread:5431 [meta.py:probe():190] probe
2021-02-01 14:05:55,738 DEBUG   HandlerThread:5431 [git.py:repo():33] git repository is invalid
2021-02-01 14:05:55,738 DEBUG   HandlerThread:5431 [meta.py:_save_pip():52] save pip
2021-02-01 14:05:55,738 DEBUG   HandlerThread:5431 [meta.py:_save_pip():66] save pip done
2021-02-01 14:05:55,739 DEBUG   HandlerThread:5431 [meta.py:probe():231] probe done
2021-02-01 14:05:55,741 DEBUG   SenderThread:5431 [sender.py:send():117] send: files
2021-02-01 14:05:55,742 INFO    SenderThread:5431 [sender.py:_save_file():682] saving file wandb-metadata.json with policy now
2021-02-01 14:05:55,750 DEBUG   HandlerThread:5431 [handler.py:handle_request():55] handle_request: status
2021-02-01 14:05:55,753 DEBUG   Thread-11 :5431 [connectionpool.py:_new_conn():813] Starting new HTTPS connection (1): api.wandb.ai:443
2021-02-01 14:05:55,754 DEBUG   SenderThread:5431 [sender.py:send():117] send: request
2021-02-01 14:05:55,754 DEBUG   SenderThread:5431 [sender.py:send_request():126] send_request: status
2021-02-01 14:05:55,759 DEBUG   SenderThread:5431 [connectionpool.py:_new_conn():813] Starting new HTTPS connection (1): api.wandb.ai:443
2021-02-01 14:05:55,957 DEBUG   SenderThread:5431 [connectionpool.py:_make_request():393] https://api.wandb.ai:443 "POST /graphql HTTP/1.1" 200 None
2021-02-01 14:05:55,973 DEBUG   Thread-11 :5431 [connectionpool.py:_make_request():393] https://api.wandb.ai:443 "POST /graphql HTTP/1.1" 200 None
2021-02-01 14:05:55,978 DEBUG   Thread-11 :5431 [connectionpool.py:_new_conn():813] Starting new HTTPS connection (1): storage.googleapis.com:443
2021-02-01 14:05:56,269 INFO    Thread-8  :5431 [dir_watcher.py:_on_file_created():213] file/dir created: /home/pfrod/architectures/wandb/run-20210201_140553-a7qrh7ma/files/output.log
2021-02-01 14:05:56,270 INFO    Thread-8  :5431 [dir_watcher.py:_on_file_created():213] file/dir created: /home/pfrod/architectures/wandb/run-20210201_140553-a7qrh7ma/files/wandb-metadata.json
2021-02-01 14:05:56,270 INFO    Thread-8  :5431 [dir_watcher.py:_on_file_created():213] file/dir created: /home/pfrod/architectures/wandb/run-20210201_140553-a7qrh7ma/files/requirements.txt
2021-02-01 14:05:56,443 DEBUG   Thread-11 :5431 [connectionpool.py:_make_request():393] https://storage.googleapis.com:443 "PUT /wandb-production.appspot.com/pfrodedelaforet/huggingface/a7qrh7ma/wandb-metadata.json?Expires=1612271155&GoogleAccessId=wandb-production%40appspot.gserviceaccount.com&Signature=YoGvd692KA1GlCQZ61dHkpPqGYgo52qfSBIpJa5sZOv1zJNJmvvsUGZoisprBgE8pJunMqtO35MaoRj4PqKXMGWcoWdfX2rDny%2BCKKvEqSAhoy4sUH02R6Z7rwnLyoICZYUTfIHAytNh4WhxNqWGnZJ8RXcX6KDPZaAUOsfwiIT63lD557iocQ4mbW06GsT0jWNNp%2FfFLEUC%2FS06psd0rMliG6hPLFhkQChLQ%2Bseq3oclhoCAjIJEjaVHHdoB5QbPoVO67rqAMoUDDyS0pV6JfNmu2%2FiGh1bZKCeleahTpd6ymRFcshzPBcccd2JHmbqE7JgNe42BoQCDL6JQAopnw%3D%3D HTTP/1.1" 200 0
2021-02-01 14:05:56,445 INFO    Thread-11 :5431 [upload_job.py:push():133] Uploaded file /tmp/tmpao7x54fdwandb/1bfi7r0x-wandb-metadata.json
2021-02-01 14:05:57,778 DEBUG   Thread-5  :5431 [connectionpool.py:_new_conn():813] Starting new HTTPS connection (1): api.wandb.ai:443
2021-02-01 14:05:57,779 DEBUG   HandlerThread:5431 [handler.py:handle_request():55] handle_request: poll_exit
2021-02-01 14:05:57,780 DEBUG   SenderThread:5431 [sender.py:send():117] send: telemetry
2021-02-01 14:05:57,787 DEBUG   SenderThread:5431 [connectionpool.py:_new_conn():813] Starting new HTTPS connection (1): api.wandb.ai:443
2021-02-01 14:05:58,038 DEBUG   Thread-5  :5431 [connectionpool.py:_make_request():393] https://api.wandb.ai:443 "POST /files/pfrodedelaforet/huggingface/a7qrh7ma/file_stream HTTP/1.1" 200 None
2021-02-01 14:05:58,041 DEBUG   SenderThread:5431 [connectionpool.py:_make_request():393] https://api.wandb.ai:443 "POST /graphql HTTP/1.1" 200 None
2021-02-01 14:05:58,071 DEBUG   SenderThread:5431 [sender.py:send():117] send: exit
2021-02-01 14:05:58,072 INFO    SenderThread:5431 [sender.py:send_exit():195] handling exit code: 1
2021-02-01 14:05:58,072 INFO    SenderThread:5431 [sender.py:send_exit():203] send defer
2021-02-01 14:05:58,072 DEBUG   SenderThread:5431 [sender.py:send():117] send: request
2021-02-01 14:05:58,072 DEBUG   SenderThread:5431 [sender.py:send_request():126] send_request: poll_exit
2021-02-01 14:05:58,073 DEBUG   HandlerThread:5431 [handler.py:handle_request():55] handle_request: defer
2021-02-01 14:05:58,073 INFO    HandlerThread:5431 [handler.py:handle_request_defer():69] handle defer: 0
2021-02-01 14:05:58,073 DEBUG   SenderThread:5431 [sender.py:send():117] send: request
2021-02-01 14:05:58,074 DEBUG   SenderThread:5431 [sender.py:send_request():126] send_request: defer
2021-02-01 14:05:58,074 INFO    SenderThread:5431 [sender.py:send_request_defer():212] handle sender defer: 0
2021-02-01 14:05:58,074 INFO    SenderThread:5431 [sender.py:send_request_defer():248] send defer: 1
2021-02-01 14:05:58,074 DEBUG   HandlerThread:5431 [handler.py:handle_request():55] handle_request: defer
2021-02-01 14:05:58,074 INFO    HandlerThread:5431 [handler.py:handle_request_defer():69] handle defer: 1
2021-02-01 14:05:58,102 DEBUG   SenderThread:5431 [sender.py:send():117] send: request
2021-02-01 14:05:58,103 DEBUG   SenderThread:5431 [sender.py:send_request():126] send_request: defer
2021-02-01 14:05:58,103 INFO    SenderThread:5431 [sender.py:send_request_defer():212] handle sender defer: 1
2021-02-01 14:05:58,103 INFO    SenderThread:5431 [sender.py:send_request_defer():248] send defer: 2
2021-02-01 14:05:58,103 DEBUG   SenderThread:5431 [sender.py:send():117] send: stats
2021-02-01 14:05:58,104 DEBUG   HandlerThread:5431 [handler.py:handle_request():55] handle_request: defer
2021-02-01 14:05:58,104 INFO    HandlerThread:5431 [handler.py:handle_request_defer():69] handle defer: 2
2021-02-01 14:05:58,104 DEBUG   SenderThread:5431 [sender.py:send():117] send: request
2021-02-01 14:05:58,105 DEBUG   SenderThread:5431 [sender.py:send_request():126] send_request: defer
2021-02-01 14:05:58,105 INFO    SenderThread:5431 [sender.py:send_request_defer():212] handle sender defer: 2
2021-02-01 14:05:58,105 INFO    SenderThread:5431 [sender.py:send_request_defer():248] send defer: 3
2021-02-01 14:05:58,105 DEBUG   HandlerThread:5431 [handler.py:handle_request():55] handle_request: defer
2021-02-01 14:05:58,105 INFO    HandlerThread:5431 [handler.py:handle_request_defer():69] handle defer: 3
2021-02-01 14:05:58,106 DEBUG   SenderThread:5431 [sender.py:send():117] send: summary
2021-02-01 14:05:58,106 INFO    SenderThread:5431 [sender.py:_save_file():682] saving file wandb-summary.json with policy end
2021-02-01 14:05:58,107 DEBUG   SenderThread:5431 [sender.py:send():117] send: request
2021-02-01 14:05:58,107 DEBUG   SenderThread:5431 [sender.py:send_request():126] send_request: defer
2021-02-01 14:05:58,107 INFO    SenderThread:5431 [sender.py:send_request_defer():212] handle sender defer: 3
2021-02-01 14:05:58,107 INFO    SenderThread:5431 [sender.py:send_request_defer():248] send defer: 4
2021-02-01 14:05:58,107 DEBUG   HandlerThread:5431 [handler.py:handle_request():55] handle_request: defer
2021-02-01 14:05:58,108 INFO    HandlerThread:5431 [handler.py:handle_request_defer():69] handle defer: 4
2021-02-01 14:05:58,108 DEBUG   SenderThread:5431 [sender.py:send():117] send: request
2021-02-01 14:05:58,108 DEBUG   SenderThread:5431 [sender.py:send_request():126] send_request: defer
2021-02-01 14:05:58,108 INFO    SenderThread:5431 [sender.py:send_request_defer():212] handle sender defer: 4
2021-02-01 14:05:58,108 INFO    SenderThread:5431 [dir_watcher.py:finish():279] shutting down directory watcher
2021-02-01 14:05:58,270 INFO    Thread-8  :5431 [dir_watcher.py:_on_file_modified():226] file/dir modified: /home/pfrod/architectures/wandb/run-20210201_140553-a7qrh7ma/files/output.log
2021-02-01 14:05:58,271 INFO    SenderThread:5431 [dir_watcher.py:_on_file_modified():226] file/dir modified: /home/pfrod/architectures/wandb/run-20210201_140553-a7qrh7ma/files/config.yaml
2021-02-01 14:05:58,272 INFO    SenderThread:5431 [dir_watcher.py:_on_file_modified():226] file/dir modified: /home/pfrod/architectures/wandb/run-20210201_140553-a7qrh7ma/files/wandb-summary.json
2021-02-01 14:05:58,272 INFO    SenderThread:5431 [dir_watcher.py:finish():309] scan: /home/pfrod/architectures/wandb/run-20210201_140553-a7qrh7ma/files
2021-02-01 14:05:58,272 INFO    SenderThread:5431 [dir_watcher.py:finish():315] scan save: /home/pfrod/architectures/wandb/run-20210201_140553-a7qrh7ma/files/config.yaml config.yaml
2021-02-01 14:05:58,273 INFO    SenderThread:5431 [dir_watcher.py:finish():315] scan save: /home/pfrod/architectures/wandb/run-20210201_140553-a7qrh7ma/files/wandb-summary.json wandb-summary.json
2021-02-01 14:05:58,273 INFO    SenderThread:5431 [dir_watcher.py:finish():315] scan save: /home/pfrod/architectures/wandb/run-20210201_140553-a7qrh7ma/files/requirements.txt requirements.txt
2021-02-01 14:05:58,281 INFO    SenderThread:5431 [dir_watcher.py:finish():315] scan save: /home/pfrod/architectures/wandb/run-20210201_140553-a7qrh7ma/files/wandb-metadata.json wandb-metadata.json
2021-02-01 14:05:58,281 DEBUG   Thread-12 :5431 [connectionpool.py:_new_conn():813] Starting new HTTPS connection (1): api.wandb.ai:443
2021-02-01 14:05:58,288 DEBUG   Thread-13 :5431 [connectionpool.py:_new_conn():813] Starting new HTTPS connection (1): api.wandb.ai:443
2021-02-01 14:05:58,288 INFO    SenderThread:5431 [dir_watcher.py:finish():315] scan save: /home/pfrod/architectures/wandb/run-20210201_140553-a7qrh7ma/files/output.log output.log
2021-02-01 14:05:58,296 DEBUG   Thread-14 :5431 [connectionpool.py:_new_conn():813] Starting new HTTPS connection (1): api.wandb.ai:443
2021-02-01 14:05:58,297 INFO    SenderThread:5431 [sender.py:send_request_defer():248] send defer: 5
2021-02-01 14:05:58,304 DEBUG   HandlerThread:5431 [handler.py:handle_request():55] handle_request: defer
2021-02-01 14:05:58,304 INFO    HandlerThread:5431 [handler.py:handle_request_defer():69] handle defer: 5
2021-02-01 14:05:58,304 DEBUG   Thread-15 :5431 [connectionpool.py:_new_conn():813] Starting new HTTPS connection (1): api.wandb.ai:443
2021-02-01 14:05:58,305 DEBUG   SenderThread:5431 [sender.py:send():117] send: request
2021-02-01 14:05:58,305 DEBUG   SenderThread:5431 [sender.py:send_request():126] send_request: defer
2021-02-01 14:05:58,305 INFO    SenderThread:5431 [sender.py:send_request_defer():212] handle sender defer: 5
2021-02-01 14:05:58,305 INFO    SenderThread:5431 [file_pusher.py:finish():174] shutting down file pusher
2021-02-01 14:05:58,306 INFO    SenderThread:5431 [sender.py:send_request_defer():248] send defer: 6
2021-02-01 14:05:58,306 DEBUG   HandlerThread:5431 [handler.py:handle_request():55] handle_request: defer
2021-02-01 14:05:58,307 INFO    HandlerThread:5431 [handler.py:handle_request_defer():69] handle defer: 6
2021-02-01 14:05:58,307 DEBUG   SenderThread:5431 [sender.py:send():117] send: request
2021-02-01 14:05:58,307 DEBUG   SenderThread:5431 [sender.py:send_request():126] send_request: defer
2021-02-01 14:05:58,307 INFO    SenderThread:5431 [sender.py:send_request_defer():212] handle sender defer: 6
2021-02-01 14:05:58,505 DEBUG   Thread-12 :5431 [connectionpool.py:_make_request():393] https://api.wandb.ai:443 "POST /graphql HTTP/1.1" 200 None
2021-02-01 14:05:58,506 DEBUG   Thread-14 :5431 [connectionpool.py:_make_request():393] https://api.wandb.ai:443 "POST /graphql HTTP/1.1" 200 None
2021-02-01 14:05:58,511 DEBUG   Thread-5  :5431 [connectionpool.py:_make_request():393] https://api.wandb.ai:443 "POST /files/pfrodedelaforet/huggingface/a7qrh7ma/file_stream HTTP/1.1" 200 None
2021-02-01 14:05:58,518 DEBUG   Thread-13 :5431 [connectionpool.py:_make_request():393] https://api.wandb.ai:443 "POST /graphql HTTP/1.1" 200 None
2021-02-01 14:05:58,521 DEBUG   Thread-12 :5431 [connectionpool.py:_new_conn():813] Starting new HTTPS connection (1): storage.googleapis.com:443
2021-02-01 14:05:58,523 DEBUG   Thread-15 :5431 [connectionpool.py:_make_request():393] https://api.wandb.ai:443 "POST /graphql HTTP/1.1" 200 None
2021-02-01 14:05:58,529 DEBUG   Thread-14 :5431 [connectionpool.py:_new_conn():813] Starting new HTTPS connection (1): storage.googleapis.com:443
2021-02-01 14:05:58,534 DEBUG   Thread-13 :5431 [connectionpool.py:_new_conn():813] Starting new HTTPS connection (1): storage.googleapis.com:443
2021-02-01 14:05:58,540 DEBUG   Thread-15 :5431 [connectionpool.py:_new_conn():813] Starting new HTTPS connection (1): storage.googleapis.com:443
2021-02-01 14:05:58,734 DEBUG   Thread-5  :5431 [connectionpool.py:_make_request():393] https://api.wandb.ai:443 "POST /files/pfrodedelaforet/huggingface/a7qrh7ma/file_stream HTTP/1.1" 200 None
2021-02-01 14:05:58,738 INFO    SenderThread:5431 [sender.py:send_request_defer():248] send defer: 7
2021-02-01 14:05:58,739 DEBUG   HandlerThread:5431 [handler.py:handle_request():55] handle_request: defer
2021-02-01 14:05:58,739 INFO    HandlerThread:5431 [handler.py:handle_request_defer():69] handle defer: 7
2021-02-01 14:05:58,739 DEBUG   SenderThread:5431 [sender.py:send():117] send: request
2021-02-01 14:05:58,739 DEBUG   SenderThread:5431 [sender.py:send_request():126] send_request: defer
2021-02-01 14:05:58,740 INFO    SenderThread:5431 [sender.py:send_request_defer():212] handle sender defer: 7
2021-02-01 14:05:58,740 INFO    SenderThread:5431 [sender.py:send_request_defer():248] send defer: 8
2021-02-01 14:05:58,741 DEBUG   HandlerThread:5431 [handler.py:handle_request():55] handle_request: defer
2021-02-01 14:05:58,741 DEBUG   SenderThread:5431 [sender.py:send():117] send: final
2021-02-01 14:05:58,741 INFO    HandlerThread:5431 [handler.py:handle_request_defer():69] handle defer: 8
2021-02-01 14:05:58,741 DEBUG   SenderThread:5431 [sender.py:send():117] send: footer
2021-02-01 14:05:58,741 DEBUG   SenderThread:5431 [sender.py:send():117] send: request
2021-02-01 14:05:58,742 DEBUG   SenderThread:5431 [sender.py:send_request():126] send_request: defer
2021-02-01 14:05:58,742 INFO    SenderThread:5431 [sender.py:send_request_defer():212] handle sender defer: 8
2021-02-01 14:05:58,891 DEBUG   Thread-15 :5431 [connectionpool.py:_make_request():393] https://storage.googleapis.com:443 "PUT /wandb-production.appspot.com/pfrodedelaforet/huggingface/a7qrh7ma/output.log?Expires=1612271158&GoogleAccessId=wandb-production%40appspot.gserviceaccount.com&Signature=AzQh4PBAkeUIoyv5omSLWeXf8ZU3iELMYsgRP1YrIWNBCl2pArGBWiK5YkCtCp7Sy%2FLWTr0bwgfeptV4vPsafNET7erlXRrRbf7dbV01dJtYq6WBgEGcaJoky8iQPehfowoU0seM1tA7yxchDTyPE9pz4IhpDQB9HnWrswXtg%2BNR%2BNA6x1WeqRoyYr%2FksgllJpe8wWdLAxmpdnnT0YRhdrx6h37t12EjL1VLnOM6hP0HNZ4PIU8%2BRnDYN0H1KRmFOUOAXX6jcCA7Q54NTf%2BWkZtpwCAEnRKxrGk5oYX4CeOQlY10SVGI5PqAwfXfx3sqjzyKd0fcGoSHGLK8Tac%2FaQ%3D%3D HTTP/1.1" 200 0
2021-02-01 14:05:58,893 INFO    Thread-15 :5431 [upload_job.py:push():133] Uploaded file /home/pfrod/architectures/wandb/run-20210201_140553-a7qrh7ma/files/output.log
2021-02-01 14:05:58,907 DEBUG   Thread-14 :5431 [connectionpool.py:_make_request():393] https://storage.googleapis.com:443 "PUT /wandb-production.appspot.com/pfrodedelaforet/huggingface/a7qrh7ma/requirements.txt?Expires=1612271158&GoogleAccessId=wandb-production%40appspot.gserviceaccount.com&Signature=Ff08SDY1YlEJtar%2F0zedURWyPTh%2FI6B0KcPxEDHYlBeS7HJHjqP1Ia9RZ%2B1iwR1KJs2ygugQh9l2kQeQNliZ6lOutN0g88lkqsRmHqlL80zYOyrrr%2BLhITt3UHsQiYrHalwobuk7hvjvc%2FY9vwRTs8YzWyHYjTsydcmu4DUyW1yrjyHhlS1pjqgyOftAGUgaTlVhqqe0pX2FBU%2F0BlCU90rNEH5hG83nf%2FR%2BUkbEz6oNBr%2FZ0vrmf%2FglvBrm9M%2B6f9mK028c4FqHKSSIYezye1K%2B5ZjuEjnuHAiozO1cN96MukMpUMWsnstJuYOPl590CohkphZtt6yTVSehUO6WwA%3D%3D HTTP/1.1" 200 0
2021-02-01 14:05:58,910 INFO    Thread-14 :5431 [upload_job.py:push():133] Uploaded file /home/pfrod/architectures/wandb/run-20210201_140553-a7qrh7ma/files/requirements.txt
2021-02-01 14:05:58,947 DEBUG   Thread-12 :5431 [connectionpool.py:_make_request():393] https://storage.googleapis.com:443 "PUT /wandb-production.appspot.com/pfrodedelaforet/huggingface/a7qrh7ma/config.yaml?Expires=1612271158&GoogleAccessId=wandb-production%40appspot.gserviceaccount.com&Signature=O3fh2KxqWAJRGF9Zse%2FPSWQrF9rn5EwfyIV1BFv4CYQXvN5cbZB1yH5cTx8O483sXMgzjZgXpiLH9ST%2BgURXPsHQntyfdmNEz8Xf1K5VnrZoWkM41HiRQSSeMkVAE9IcCdoFqSSrkSihjJppvXyeqqdIIilRbxW6hxxDSb8nBQ5niMLCVy%2BT8XGJy9NaSdnLbqgr2BzIU14FEsFBQOoF9eNmS6H%2BKgqs93oV9kCWUcAM9lb0X0PhrUbvYojYQWKlVpIggnEsH3FGrGm%2Fg%2FOJyLgVVn7xQbPjhZXFG%2BiU9d6DLQoWLa1DOkHKHM5veQpC6Hk5%2B593sb%2F3FVi%2Fi6kclg%3D%3D HTTP/1.1" 200 0
2021-02-01 14:05:58,949 INFO    Thread-12 :5431 [upload_job.py:push():133] Uploaded file /home/pfrod/architectures/wandb/run-20210201_140553-a7qrh7ma/files/config.yaml
2021-02-01 14:05:59,036 DEBUG   Thread-13 :5431 [connectionpool.py:_make_request():393] https://storage.googleapis.com:443 "PUT /wandb-production.appspot.com/pfrodedelaforet/huggingface/a7qrh7ma/wandb-summary.json?Expires=1612271158&GoogleAccessId=wandb-production%40appspot.gserviceaccount.com&Signature=FcD1POSwLE%2BLHVUOxsWkB0r3KmPVY%2FsYUvxt0QInf4LmO7%2BIMl1HkY%2BqucrK2RUpB2Humo%2Bh4tWJj8nA%2FR4Uaj4DsMmWXUnOZaugcWxWAEzgm6Yxo6w0VKIV2pSd6uK45ZIJrsZIwXblXQDDeNi2j3zyFZAVrvP8znh%2BryboQCMaMjhLBsANd4mrOJKmr2LTyjS5V8I1lOKtqBTyzEbp6fpywpYkjgkbLSkrtx3zAOkd%2Fl%2FlLjWgBRWVpEFifL%2FdZi8Vj2MJ%2BW7YJUaYfdxUOfl4OfvmWJ8JlQb%2FjYINZuU2AIlTr%2FzwFuUUyw5MY%2BSDBZ0xvCcb2kfvuxCndyeqvA%3D%3D HTTP/1.1" 200 0
2021-02-01 14:05:59,039 INFO    Thread-13 :5431 [upload_job.py:push():133] Uploaded file /home/pfrod/architectures/wandb/run-20210201_140553-a7qrh7ma/files/wandb-summary.json
2021-02-01 14:06:00,078 DEBUG   HandlerThread:5431 [handler.py:handle_request():55] handle_request: poll_exit
2021-02-01 14:06:00,078 DEBUG   SenderThread:5431 [sender.py:send():117] send: request
2021-02-01 14:06:00,079 DEBUG   SenderThread:5431 [sender.py:send_request():126] send_request: poll_exit
2021-02-01 14:06:00,079 INFO    SenderThread:5431 [file_pusher.py:join():179] waiting for file pusher
2021-02-01 14:06:00,081 DEBUG   HandlerThread:5431 [handler.py:handle_request():55] handle_request: get_summary
2021-02-01 14:06:00,082 DEBUG   HandlerThread:5431 [handler.py:handle_request():55] handle_request: sampled_history
2021-02-01 14:06:00,083 DEBUG   HandlerThread:5431 [handler.py:handle_request():55] handle_request: shutdown
2021-02-01 14:06:00,083 INFO    HandlerThread:5431 [handler.py:finish():274] shutting down handler
2021-02-01 14:06:00,741 INFO    WriterThread:5431 [datastore.py:close():258] close: /home/pfrod/architectures/wandb/run-20210201_140553-a7qrh7ma/run-a7qrh7ma.wandb
2021-02-01 14:06:01,079 INFO    SenderThread:5431 [sender.py:finish():756] shutting down sender
2021-02-01 14:06:01,080 INFO    SenderThread:5431 [file_pusher.py:finish():174] shutting down file pusher
2021-02-01 14:06:01,080 INFO    SenderThread:5431 [file_pusher.py:join():179] waiting for file pusher
2021-02-01 14:06:01,081 INFO    MainThread:5431 [internal.py:handle_exit():139] Internal process exited
