2021-02-01 17:00:25,299 INFO    MainThread:40637 [internal.py:wandb_internal():64] W&B internal server running at pid: 40637
2021-02-01 17:00:25,302 DEBUG   HandlerThread:40637 [handler.py:handle_request():55] handle_request: check_version
2021-02-01 17:00:25,302 INFO    WriterThread:40637 [datastore.py:open_for_write():77] open: /home/pfrod/architectures/wandb/run-20210201_170024-2psapu7d/run-2psapu7d.wandb
2021-02-01 17:00:25,304 DEBUG   SenderThread:40637 [sender.py:send():117] send: header
2021-02-01 17:00:25,305 DEBUG   SenderThread:40637 [sender.py:send():117] send: request
2021-02-01 17:00:25,305 DEBUG   SenderThread:40637 [sender.py:send_request():126] send_request: check_version
2021-02-01 17:00:25,309 DEBUG   Thread-4  :40637 [connectionpool.py:_new_conn():813] Starting new HTTPS connection (1): pypi.org:443
2021-02-01 17:00:25,394 DEBUG   Thread-4  :40637 [connectionpool.py:_make_request():393] https://pypi.org:443 "GET /pypi/wandb/json HTTP/1.1" 200 53088
2021-02-01 17:00:25,430 DEBUG   SenderThread:40637 [sender.py:send():117] send: run
2021-02-01 17:00:25,460 DEBUG   SenderThread:40637 [git.py:repo():33] git repository is invalid
2021-02-01 17:00:25,464 DEBUG   SenderThread:40637 [connectionpool.py:_new_conn():813] Starting new HTTPS connection (1): api.wandb.ai:443
2021-02-01 17:00:25,692 DEBUG   SenderThread:40637 [connectionpool.py:_make_request():393] https://api.wandb.ai:443 "POST /graphql HTTP/1.1" 200 None
2021-02-01 17:00:25,706 INFO    SenderThread:40637 [dir_watcher.py:__init__():165] watching files in: /home/pfrod/architectures/wandb/run-20210201_170024-2psapu7d/files
2021-02-01 17:00:25,707 INFO    SenderThread:40637 [sender.py:_start_run_threads():596] run started: 2psapu7d with start time 1612195224
2021-02-01 17:00:25,710 DEBUG   SenderThread:40637 [sender.py:send():117] send: summary
2021-02-01 17:00:25,710 INFO    SenderThread:40637 [sender.py:_save_file():682] saving file wandb-summary.json with policy end
2021-02-01 17:00:25,712 DEBUG   HandlerThread:40637 [handler.py:handle_request():55] handle_request: run_start
2021-02-01 17:00:26,273 DEBUG   HandlerThread:40637 [tpu_cluster_resolver.py:<module>():36] Falling back to TensorFlow client; we recommended you install the Cloud TPU client directly with pip install cloud-tpu-client.
2021-02-01 17:00:26,711 INFO    Thread-8  :40637 [dir_watcher.py:_on_file_created():213] file/dir created: /home/pfrod/architectures/wandb/run-20210201_170024-2psapu7d/files/wandb-summary.json
2021-02-01 17:00:27,225 DEBUG   HandlerThread:40637 [meta.py:__init__():34] meta init
2021-02-01 17:00:27,225 DEBUG   HandlerThread:40637 [meta.py:__init__():48] meta init done
2021-02-01 17:00:27,225 DEBUG   HandlerThread:40637 [meta.py:probe():190] probe
2021-02-01 17:00:27,231 DEBUG   HandlerThread:40637 [git.py:repo():33] git repository is invalid
2021-02-01 17:00:27,231 DEBUG   HandlerThread:40637 [meta.py:_save_pip():52] save pip
2021-02-01 17:00:27,232 DEBUG   HandlerThread:40637 [meta.py:_save_pip():66] save pip done
2021-02-01 17:00:27,232 DEBUG   HandlerThread:40637 [meta.py:probe():231] probe done
2021-02-01 17:00:27,234 DEBUG   SenderThread:40637 [sender.py:send():117] send: files
2021-02-01 17:00:27,234 INFO    SenderThread:40637 [sender.py:_save_file():682] saving file wandb-metadata.json with policy now
2021-02-01 17:00:27,241 DEBUG   Thread-11 :40637 [connectionpool.py:_new_conn():813] Starting new HTTPS connection (1): api.wandb.ai:443
2021-02-01 17:00:27,245 DEBUG   HandlerThread:40637 [handler.py:handle_request():55] handle_request: status
2021-02-01 17:00:27,245 DEBUG   SenderThread:40637 [sender.py:send():117] send: request
2021-02-01 17:00:27,246 DEBUG   SenderThread:40637 [sender.py:send_request():126] send_request: status
2021-02-01 17:00:27,251 DEBUG   SenderThread:40637 [connectionpool.py:_new_conn():813] Starting new HTTPS connection (1): api.wandb.ai:443
2021-02-01 17:00:27,456 DEBUG   SenderThread:40637 [connectionpool.py:_make_request():393] https://api.wandb.ai:443 "POST /graphql HTTP/1.1" 200 None
2021-02-01 17:00:27,459 DEBUG   Thread-11 :40637 [connectionpool.py:_make_request():393] https://api.wandb.ai:443 "POST /graphql HTTP/1.1" 200 None
2021-02-01 17:00:27,469 DEBUG   Thread-11 :40637 [connectionpool.py:_new_conn():813] Starting new HTTPS connection (1): storage.googleapis.com:443
2021-02-01 17:00:27,709 INFO    Thread-8  :40637 [dir_watcher.py:_on_file_created():213] file/dir created: /home/pfrod/architectures/wandb/run-20210201_170024-2psapu7d/files/wandb-metadata.json
2021-02-01 17:00:27,710 INFO    Thread-8  :40637 [dir_watcher.py:_on_file_created():213] file/dir created: /home/pfrod/architectures/wandb/run-20210201_170024-2psapu7d/files/requirements.txt
2021-02-01 17:00:27,710 INFO    Thread-8  :40637 [dir_watcher.py:_on_file_created():213] file/dir created: /home/pfrod/architectures/wandb/run-20210201_170024-2psapu7d/files/output.log
2021-02-01 17:00:27,854 DEBUG   Thread-11 :40637 [connectionpool.py:_make_request():393] https://storage.googleapis.com:443 "PUT /wandb-production.appspot.com/pfrodedelaforet/huggingface/2psapu7d/wandb-metadata.json?Expires=1612281627&GoogleAccessId=wandb-production%40appspot.gserviceaccount.com&Signature=Fn2gBxW%2Fk8rJfE45y4jjCTIWTee2MExKv7ybOADl8XtwAPjI9U2mtDM1%2BDjLYPJPkBua6%2B8i8YQjSqxhf%2Fe%2FuKo1Kve7I7WQoYhl%2BDqrxK%2Br8gP%2F4ns2I1tXSofRI0tSZyvXOKpVXawzFEl5YrtL2boZAoi4ScwBsfD1oOteH5RajfD7e4OhgUw14NkczPsV0njmgUvKd5%2ByuaQn5qsc3pxL%2BTL8ufkEsWc10EuTYItrdSMPiEhxIh1oxGXAz6ubIiyfcOeKxHO8QFqjHwMWnEKfaEII%2F7d9vdqc3HpkC2eflACPiKf7pr72RIvxBD5Quuof%2BAG2Bqzbi6oq8Qu%2BUw%3D%3D HTTP/1.1" 200 0
2021-02-01 17:00:27,856 INFO    Thread-11 :40637 [upload_job.py:push():133] Uploaded file /tmp/tmpu1k2doaywandb/2s5x2xbc-wandb-metadata.json
2021-02-01 17:00:29,405 DEBUG   Thread-5  :40637 [connectionpool.py:_new_conn():813] Starting new HTTPS connection (1): api.wandb.ai:443
2021-02-01 17:00:29,422 DEBUG   HandlerThread:40637 [handler.py:handle_request():55] handle_request: poll_exit
2021-02-01 17:00:29,423 DEBUG   SenderThread:40637 [sender.py:send():117] send: telemetry
2021-02-01 17:00:29,436 DEBUG   SenderThread:40637 [connectionpool.py:_new_conn():813] Starting new HTTPS connection (1): api.wandb.ai:443
2021-02-01 17:00:29,642 DEBUG   Thread-5  :40637 [connectionpool.py:_make_request():393] https://api.wandb.ai:443 "POST /files/pfrodedelaforet/huggingface/2psapu7d/file_stream HTTP/1.1" 200 None
2021-02-01 17:00:29,656 DEBUG   SenderThread:40637 [connectionpool.py:_make_request():393] https://api.wandb.ai:443 "POST /graphql HTTP/1.1" 200 None
2021-02-01 17:00:29,690 DEBUG   SenderThread:40637 [sender.py:send():117] send: exit
2021-02-01 17:00:29,690 INFO    SenderThread:40637 [sender.py:send_exit():195] handling exit code: 1
2021-02-01 17:00:29,690 INFO    SenderThread:40637 [sender.py:send_exit():203] send defer
2021-02-01 17:00:29,690 DEBUG   SenderThread:40637 [sender.py:send():117] send: request
2021-02-01 17:00:29,690 DEBUG   SenderThread:40637 [sender.py:send_request():126] send_request: poll_exit
2021-02-01 17:00:29,691 DEBUG   HandlerThread:40637 [handler.py:handle_request():55] handle_request: defer
2021-02-01 17:00:29,691 INFO    HandlerThread:40637 [handler.py:handle_request_defer():69] handle defer: 0
2021-02-01 17:00:29,692 DEBUG   SenderThread:40637 [sender.py:send():117] send: request
2021-02-01 17:00:29,692 DEBUG   SenderThread:40637 [sender.py:send_request():126] send_request: defer
2021-02-01 17:00:29,692 INFO    SenderThread:40637 [sender.py:send_request_defer():212] handle sender defer: 0
2021-02-01 17:00:29,692 INFO    SenderThread:40637 [sender.py:send_request_defer():248] send defer: 1
2021-02-01 17:00:29,692 DEBUG   HandlerThread:40637 [handler.py:handle_request():55] handle_request: defer
2021-02-01 17:00:29,692 INFO    HandlerThread:40637 [handler.py:handle_request_defer():69] handle defer: 1
2021-02-01 17:00:29,710 INFO    Thread-8  :40637 [dir_watcher.py:_on_file_modified():226] file/dir modified: /home/pfrod/architectures/wandb/run-20210201_170024-2psapu7d/files/config.yaml
2021-02-01 17:00:29,710 INFO    Thread-8  :40637 [dir_watcher.py:_on_file_modified():226] file/dir modified: /home/pfrod/architectures/wandb/run-20210201_170024-2psapu7d/files/output.log
2021-02-01 17:00:29,759 DEBUG   SenderThread:40637 [sender.py:send():117] send: request
2021-02-01 17:00:29,759 DEBUG   SenderThread:40637 [sender.py:send_request():126] send_request: defer
2021-02-01 17:00:29,760 INFO    SenderThread:40637 [sender.py:send_request_defer():212] handle sender defer: 1
2021-02-01 17:00:29,760 INFO    SenderThread:40637 [sender.py:send_request_defer():248] send defer: 2
2021-02-01 17:00:29,760 DEBUG   SenderThread:40637 [sender.py:send():117] send: stats
2021-02-01 17:00:29,761 DEBUG   HandlerThread:40637 [handler.py:handle_request():55] handle_request: defer
2021-02-01 17:00:29,761 INFO    HandlerThread:40637 [handler.py:handle_request_defer():69] handle defer: 2
2021-02-01 17:00:29,762 DEBUG   SenderThread:40637 [sender.py:send():117] send: request
2021-02-01 17:00:29,762 DEBUG   SenderThread:40637 [sender.py:send_request():126] send_request: defer
2021-02-01 17:00:29,762 INFO    SenderThread:40637 [sender.py:send_request_defer():212] handle sender defer: 2
2021-02-01 17:00:29,762 INFO    SenderThread:40637 [sender.py:send_request_defer():248] send defer: 3
2021-02-01 17:00:29,763 DEBUG   HandlerThread:40637 [handler.py:handle_request():55] handle_request: defer
2021-02-01 17:00:29,763 INFO    HandlerThread:40637 [handler.py:handle_request_defer():69] handle defer: 3
2021-02-01 17:00:29,763 DEBUG   SenderThread:40637 [sender.py:send():117] send: summary
2021-02-01 17:00:29,764 INFO    SenderThread:40637 [sender.py:_save_file():682] saving file wandb-summary.json with policy end
2021-02-01 17:00:29,764 DEBUG   SenderThread:40637 [sender.py:send():117] send: request
2021-02-01 17:00:29,764 DEBUG   SenderThread:40637 [sender.py:send_request():126] send_request: defer
2021-02-01 17:00:29,764 INFO    SenderThread:40637 [sender.py:send_request_defer():212] handle sender defer: 3
2021-02-01 17:00:29,765 INFO    SenderThread:40637 [sender.py:send_request_defer():248] send defer: 4
2021-02-01 17:00:29,765 DEBUG   HandlerThread:40637 [handler.py:handle_request():55] handle_request: defer
2021-02-01 17:00:29,765 INFO    HandlerThread:40637 [handler.py:handle_request_defer():69] handle defer: 4
2021-02-01 17:00:29,766 DEBUG   SenderThread:40637 [sender.py:send():117] send: request
2021-02-01 17:00:29,766 DEBUG   SenderThread:40637 [sender.py:send_request():126] send_request: defer
2021-02-01 17:00:29,766 INFO    SenderThread:40637 [sender.py:send_request_defer():212] handle sender defer: 4
2021-02-01 17:00:29,766 INFO    SenderThread:40637 [dir_watcher.py:finish():279] shutting down directory watcher
2021-02-01 17:00:30,710 INFO    Thread-8  :40637 [dir_watcher.py:_on_file_modified():226] file/dir modified: /home/pfrod/architectures/wandb/run-20210201_170024-2psapu7d/files/wandb-summary.json
2021-02-01 17:00:30,711 INFO    SenderThread:40637 [dir_watcher.py:finish():309] scan: /home/pfrod/architectures/wandb/run-20210201_170024-2psapu7d/files
2021-02-01 17:00:30,712 INFO    SenderThread:40637 [dir_watcher.py:finish():315] scan save: /home/pfrod/architectures/wandb/run-20210201_170024-2psapu7d/files/config.yaml config.yaml
2021-02-01 17:00:30,712 INFO    SenderThread:40637 [dir_watcher.py:finish():315] scan save: /home/pfrod/architectures/wandb/run-20210201_170024-2psapu7d/files/wandb-summary.json wandb-summary.json
2021-02-01 17:00:30,713 INFO    SenderThread:40637 [dir_watcher.py:finish():315] scan save: /home/pfrod/architectures/wandb/run-20210201_170024-2psapu7d/files/requirements.txt requirements.txt
2021-02-01 17:00:30,720 DEBUG   Thread-12 :40637 [connectionpool.py:_new_conn():813] Starting new HTTPS connection (1): api.wandb.ai:443
2021-02-01 17:00:30,727 INFO    SenderThread:40637 [dir_watcher.py:finish():315] scan save: /home/pfrod/architectures/wandb/run-20210201_170024-2psapu7d/files/wandb-metadata.json wandb-metadata.json
2021-02-01 17:00:30,727 DEBUG   Thread-13 :40637 [connectionpool.py:_new_conn():813] Starting new HTTPS connection (1): api.wandb.ai:443
2021-02-01 17:00:30,728 INFO    SenderThread:40637 [dir_watcher.py:finish():315] scan save: /home/pfrod/architectures/wandb/run-20210201_170024-2psapu7d/files/output.log output.log
2021-02-01 17:00:30,735 DEBUG   Thread-14 :40637 [connectionpool.py:_new_conn():813] Starting new HTTPS connection (1): api.wandb.ai:443
2021-02-01 17:00:30,736 INFO    SenderThread:40637 [sender.py:send_request_defer():248] send defer: 5
2021-02-01 17:00:30,737 DEBUG   HandlerThread:40637 [handler.py:handle_request():55] handle_request: defer
2021-02-01 17:00:30,737 INFO    HandlerThread:40637 [handler.py:handle_request_defer():69] handle defer: 5
2021-02-01 17:00:30,744 DEBUG   Thread-15 :40637 [connectionpool.py:_new_conn():813] Starting new HTTPS connection (1): api.wandb.ai:443
2021-02-01 17:00:30,744 DEBUG   SenderThread:40637 [sender.py:send():117] send: request
2021-02-01 17:00:30,744 DEBUG   SenderThread:40637 [sender.py:send_request():126] send_request: defer
2021-02-01 17:00:30,745 INFO    SenderThread:40637 [sender.py:send_request_defer():212] handle sender defer: 5
2021-02-01 17:00:30,745 INFO    SenderThread:40637 [file_pusher.py:finish():174] shutting down file pusher
2021-02-01 17:00:30,745 INFO    SenderThread:40637 [sender.py:send_request_defer():248] send defer: 6
2021-02-01 17:00:30,746 DEBUG   HandlerThread:40637 [handler.py:handle_request():55] handle_request: defer
2021-02-01 17:00:30,746 INFO    HandlerThread:40637 [handler.py:handle_request_defer():69] handle defer: 6
2021-02-01 17:00:30,746 DEBUG   SenderThread:40637 [sender.py:send():117] send: request
2021-02-01 17:00:30,746 DEBUG   SenderThread:40637 [sender.py:send_request():126] send_request: defer
2021-02-01 17:00:30,746 INFO    SenderThread:40637 [sender.py:send_request_defer():212] handle sender defer: 6
2021-02-01 17:00:30,924 DEBUG   Thread-5  :40637 [connectionpool.py:_make_request():393] https://api.wandb.ai:443 "POST /files/pfrodedelaforet/huggingface/2psapu7d/file_stream HTTP/1.1" 200 None
2021-02-01 17:00:30,946 DEBUG   Thread-12 :40637 [connectionpool.py:_make_request():393] https://api.wandb.ai:443 "POST /graphql HTTP/1.1" 200 None
2021-02-01 17:00:30,953 DEBUG   Thread-12 :40637 [connectionpool.py:_new_conn():813] Starting new HTTPS connection (1): storage.googleapis.com:443
2021-02-01 17:00:30,955 DEBUG   Thread-14 :40637 [connectionpool.py:_make_request():393] https://api.wandb.ai:443 "POST /graphql HTTP/1.1" 200 None
2021-02-01 17:00:30,961 DEBUG   Thread-14 :40637 [connectionpool.py:_new_conn():813] Starting new HTTPS connection (1): storage.googleapis.com:443
2021-02-01 17:00:30,963 DEBUG   Thread-13 :40637 [connectionpool.py:_make_request():393] https://api.wandb.ai:443 "POST /graphql HTTP/1.1" 200 None
2021-02-01 17:00:30,969 DEBUG   Thread-13 :40637 [connectionpool.py:_new_conn():813] Starting new HTTPS connection (1): storage.googleapis.com:443
2021-02-01 17:00:30,970 DEBUG   Thread-15 :40637 [connectionpool.py:_make_request():393] https://api.wandb.ai:443 "POST /graphql HTTP/1.1" 200 None
2021-02-01 17:00:30,976 DEBUG   Thread-15 :40637 [connectionpool.py:_new_conn():813] Starting new HTTPS connection (1): storage.googleapis.com:443
2021-02-01 17:00:31,083 DEBUG   Thread-5  :40637 [connectionpool.py:_make_request():393] https://api.wandb.ai:443 "POST /files/pfrodedelaforet/huggingface/2psapu7d/file_stream HTTP/1.1" 200 None
2021-02-01 17:00:31,086 INFO    SenderThread:40637 [sender.py:send_request_defer():248] send defer: 7
2021-02-01 17:00:31,087 DEBUG   HandlerThread:40637 [handler.py:handle_request():55] handle_request: defer
2021-02-01 17:00:31,087 INFO    HandlerThread:40637 [handler.py:handle_request_defer():69] handle defer: 7
2021-02-01 17:00:31,087 DEBUG   SenderThread:40637 [sender.py:send():117] send: request
2021-02-01 17:00:31,088 DEBUG   SenderThread:40637 [sender.py:send_request():126] send_request: defer
2021-02-01 17:00:31,088 INFO    SenderThread:40637 [sender.py:send_request_defer():212] handle sender defer: 7
2021-02-01 17:00:31,088 INFO    SenderThread:40637 [sender.py:send_request_defer():248] send defer: 8
2021-02-01 17:00:31,088 DEBUG   SenderThread:40637 [sender.py:send():117] send: final
2021-02-01 17:00:31,089 DEBUG   HandlerThread:40637 [handler.py:handle_request():55] handle_request: defer
2021-02-01 17:00:31,089 DEBUG   SenderThread:40637 [sender.py:send():117] send: footer
2021-02-01 17:00:31,089 INFO    HandlerThread:40637 [handler.py:handle_request_defer():69] handle defer: 8
2021-02-01 17:00:31,090 DEBUG   SenderThread:40637 [sender.py:send():117] send: request
2021-02-01 17:00:31,090 DEBUG   SenderThread:40637 [sender.py:send_request():126] send_request: defer
2021-02-01 17:00:31,090 INFO    SenderThread:40637 [sender.py:send_request_defer():212] handle sender defer: 8
2021-02-01 17:00:31,357 DEBUG   Thread-12 :40637 [connectionpool.py:_make_request():393] https://storage.googleapis.com:443 "PUT /wandb-production.appspot.com/pfrodedelaforet/huggingface/2psapu7d/config.yaml?Expires=1612281630&GoogleAccessId=wandb-production%40appspot.gserviceaccount.com&Signature=IkWSfkQtf9pTkTksACzjQ3xDOpHeiVhTdOgPFPxDSj5RjqLevqdEoMh6jt%2BA136DbyJ9CJvwdGWVIS8nih164UT98Az7mykLY5YwQNqwDC4vKQjvREpG5XsSMSfBxw7UVAdAMlL4z9IZBlsnHHoLkue6dDF3GGNTbnPSmCoIsfVxJHfXYifOFKeh06rc2Dm%2BqJ9lOa31ldJ%2Fx5fYMfltfTKPxq8ED9Nt4vufPMCBCW4HE2SEqZ3EbkdvLjwMZcZORR1Ls3C7E1xM17kddR%2BOrdOh4YKpItbA4Q5Po9w7rjKM%2Bka7DEGf8vCbMO4rzVyNw2H8SiBAlV7UNckw6JcMHA%3D%3D HTTP/1.1" 200 0
2021-02-01 17:00:31,360 INFO    Thread-12 :40637 [upload_job.py:push():133] Uploaded file /home/pfrod/architectures/wandb/run-20210201_170024-2psapu7d/files/config.yaml
2021-02-01 17:00:31,455 DEBUG   Thread-15 :40637 [connectionpool.py:_make_request():393] https://storage.googleapis.com:443 "PUT /wandb-production.appspot.com/pfrodedelaforet/huggingface/2psapu7d/output.log?Expires=1612281630&GoogleAccessId=wandb-production%40appspot.gserviceaccount.com&Signature=SIf29AVkBnEKomUpE%2FWww2wRVdzIK48a42Y7hQf66Bh2z3R6IMKs52N9oIZ0s1Ga1XQPnwukodkAX9ua0iuqN6dddKtUmwuvt33Q%2BAe4L1Umd%2FP3nOeCM7Yo8%2FFPJEw2Nf%2FWg58jUapY9rFkP0Rl1N1BhHVVS04pg%2FdYma7pitAKEVS31kWmwDD7PE0tMTdxf2JkG%2F2rzW6iBMkQeaf4r8KVe%2BPt%2BeXFIET%2FfmJfBq9wLQtzjmkK%2BlBvkC35mWrlZwLQtf0SOsarhsa%2FbpKRnNkrCqd%2FA0C%2B13hQvARWUWHwSkuIrxPC3%2B8rS%2FJkjAMxFHDpPXJ7Sz%2FfeJJyX4400w%3D%3D HTTP/1.1" 200 0
2021-02-01 17:00:31,458 INFO    Thread-15 :40637 [upload_job.py:push():133] Uploaded file /home/pfrod/architectures/wandb/run-20210201_170024-2psapu7d/files/output.log
2021-02-01 17:00:31,589 DEBUG   Thread-14 :40637 [connectionpool.py:_make_request():393] https://storage.googleapis.com:443 "PUT /wandb-production.appspot.com/pfrodedelaforet/huggingface/2psapu7d/requirements.txt?Expires=1612281630&GoogleAccessId=wandb-production%40appspot.gserviceaccount.com&Signature=HrfcXtvOG5pYoe5ntS2AzE21d%2B0GflqEC7D0UHv4KflZ6GVKDGgIurS5olw0trMBpryC59nCCdvEw3OmceoNmQjBxag8SECdqseE7sIHytKBJmkp6XEVo%2FzJ2mmDGEQQ1qD0e4RvZ0jtCj25DFioTED97HZiDoC0roAufmHx%2Fa0V%2FuDSn3jUaWz2oTj7k8KakaccM%2BJpi%2Btrg1JUVSYt7ZMkzWxbIk%2B%2FXyvbft04W%2FSVOvDiL9KO%2FBSrt%2Bzd7Y8hv6%2Bj7o5bJV5rzvjmy0Ajafp1Re83AhuvuqM4VrHhQtVhLbodvpZlr6P5QDIcrzmlk0MqShESO89VsyJt%2BCVUng%3D%3D HTTP/1.1" 200 0
2021-02-01 17:00:31,591 INFO    Thread-14 :40637 [upload_job.py:push():133] Uploaded file /home/pfrod/architectures/wandb/run-20210201_170024-2psapu7d/files/requirements.txt
2021-02-01 17:00:31,695 DEBUG   HandlerThread:40637 [handler.py:handle_request():55] handle_request: poll_exit
2021-02-01 17:00:31,695 DEBUG   SenderThread:40637 [sender.py:send():117] send: request
2021-02-01 17:00:31,695 DEBUG   SenderThread:40637 [sender.py:send_request():126] send_request: poll_exit
2021-02-01 17:00:32,395 DEBUG   Thread-13 :40637 [connectionpool.py:_make_request():393] https://storage.googleapis.com:443 "PUT /wandb-production.appspot.com/pfrodedelaforet/huggingface/2psapu7d/wandb-summary.json?Expires=1612281630&GoogleAccessId=wandb-production%40appspot.gserviceaccount.com&Signature=aQgvxYFID7F4T2ZFHI6ECEab1Ws8yvm59Z3vh4X96dRgdJuMqgQ0rvAkIpJFurscRoeXRxizeVvo9qdo8%2FU9esVyoiYPhhVFSIix65KV1R1tra7M3OTdnzkBEM%2FpI9SVf7OGRXgJ0j7aVyy%2FYotA%2BPsIPaixR8DBaxSWhwdtnNdfHaWjfDrhL8YU1GJd8KmiFzP%2BTsRfGwCQrkf5h%2F2bsJ%2F9q2paxOAxrZDQFLtK1RUSvGe2KIUtocjijCM3fuf1gCh1mORD%2BeuawERW3PbBBKHuQ151taUIRwUlovCaAJ6Y70O4s92zsvSVkgpNlp%2F8iNmzvG7eOTXazUW7PbfX3A%3D%3D HTTP/1.1" 200 0
2021-02-01 17:00:32,398 INFO    Thread-13 :40637 [upload_job.py:push():133] Uploaded file /home/pfrod/architectures/wandb/run-20210201_170024-2psapu7d/files/wandb-summary.json
2021-02-01 17:00:33,699 DEBUG   HandlerThread:40637 [handler.py:handle_request():55] handle_request: poll_exit
2021-02-01 17:00:33,700 DEBUG   SenderThread:40637 [sender.py:send():117] send: request
2021-02-01 17:00:33,700 DEBUG   SenderThread:40637 [sender.py:send_request():126] send_request: poll_exit
2021-02-01 17:00:33,700 INFO    SenderThread:40637 [file_pusher.py:join():179] waiting for file pusher
2021-02-01 17:00:33,702 DEBUG   HandlerThread:40637 [handler.py:handle_request():55] handle_request: get_summary
2021-02-01 17:00:33,703 DEBUG   HandlerThread:40637 [handler.py:handle_request():55] handle_request: sampled_history
2021-02-01 17:00:33,704 DEBUG   HandlerThread:40637 [handler.py:handle_request():55] handle_request: shutdown
2021-02-01 17:00:33,704 INFO    HandlerThread:40637 [handler.py:finish():274] shutting down handler
2021-02-01 17:00:34,090 INFO    WriterThread:40637 [datastore.py:close():258] close: /home/pfrod/architectures/wandb/run-20210201_170024-2psapu7d/run-2psapu7d.wandb
2021-02-01 17:00:34,701 INFO    SenderThread:40637 [sender.py:finish():756] shutting down sender
2021-02-01 17:00:34,701 INFO    SenderThread:40637 [file_pusher.py:finish():174] shutting down file pusher
2021-02-01 17:00:34,701 INFO    SenderThread:40637 [file_pusher.py:join():179] waiting for file pusher
2021-02-01 17:00:34,702 INFO    MainThread:40637 [internal.py:handle_exit():139] Internal process exited
