2021-02-01 10:04:26,319 INFO    MainThread:33159 [internal.py:wandb_internal():64] W&B internal server running at pid: 33159
2021-02-01 10:04:26,324 DEBUG   HandlerThread:33159 [handler.py:handle_request():55] handle_request: run_start
2021-02-01 10:04:26,324 INFO    WriterThread:33159 [datastore.py:open_for_write():77] open: /home/pfrod/architectures/wandb/offline-run-20210201_100425-27e9swhk/run-27e9swhk.wandb
2021-02-01 10:04:26,917 DEBUG   HandlerThread:33159 [tpu_cluster_resolver.py:<module>():36] Falling back to TensorFlow client; we recommended you install the Cloud TPU client directly with pip install cloud-tpu-client.
2021-02-01 10:04:27,916 DEBUG   HandlerThread:33159 [meta.py:__init__():34] meta init
2021-02-01 10:04:27,916 DEBUG   HandlerThread:33159 [meta.py:__init__():48] meta init done
2021-02-01 10:04:27,916 DEBUG   HandlerThread:33159 [meta.py:probe():190] probe
2021-02-01 10:04:27,922 DEBUG   HandlerThread:33159 [git.py:repo():33] git repository is invalid
2021-02-01 10:04:27,922 DEBUG   HandlerThread:33159 [meta.py:_save_pip():52] save pip
2021-02-01 10:04:27,922 DEBUG   HandlerThread:33159 [meta.py:_save_pip():66] save pip done
2021-02-01 10:04:27,922 DEBUG   HandlerThread:33159 [meta.py:probe():231] probe done
2021-02-01 10:04:29,848 DEBUG   HandlerThread:33159 [handler.py:handle_request():55] handle_request: poll_exit
2021-02-01 10:04:29,848 DEBUG   SenderThread:33159 [sender.py:send():117] send: exit
2021-02-01 10:04:29,849 INFO    SenderThread:33159 [sender.py:send_exit():195] handling exit code: 1
2021-02-01 10:04:29,849 INFO    SenderThread:33159 [sender.py:send_exit():203] send defer
2021-02-01 10:04:29,849 DEBUG   SenderThread:33159 [sender.py:send():117] send: request
2021-02-01 10:04:29,850 DEBUG   SenderThread:33159 [sender.py:send_request():126] send_request: poll_exit
2021-02-01 10:04:29,850 DEBUG   HandlerThread:33159 [handler.py:handle_request():55] handle_request: defer
2021-02-01 10:04:29,851 INFO    HandlerThread:33159 [handler.py:handle_request_defer():69] handle defer: 0
2021-02-01 10:04:29,851 DEBUG   SenderThread:33159 [sender.py:send():117] send: request
2021-02-01 10:04:29,851 DEBUG   SenderThread:33159 [sender.py:send_request():126] send_request: defer
2021-02-01 10:04:29,851 INFO    SenderThread:33159 [sender.py:send_request_defer():212] handle sender defer: 0
2021-02-01 10:04:29,852 INFO    SenderThread:33159 [sender.py:send_request_defer():248] send defer: 1
2021-02-01 10:04:29,852 DEBUG   HandlerThread:33159 [handler.py:handle_request():55] handle_request: defer
2021-02-01 10:04:29,852 INFO    HandlerThread:33159 [handler.py:handle_request_defer():69] handle defer: 1
2021-02-01 10:04:29,900 DEBUG   SenderThread:33159 [sender.py:send():117] send: request
2021-02-01 10:04:29,901 DEBUG   SenderThread:33159 [sender.py:send_request():126] send_request: defer
2021-02-01 10:04:29,901 INFO    SenderThread:33159 [sender.py:send_request_defer():212] handle sender defer: 1
2021-02-01 10:04:29,901 INFO    SenderThread:33159 [sender.py:send_request_defer():248] send defer: 2
2021-02-01 10:04:29,901 DEBUG   HandlerThread:33159 [handler.py:handle_request():55] handle_request: defer
2021-02-01 10:04:29,901 INFO    HandlerThread:33159 [handler.py:handle_request_defer():69] handle defer: 2
2021-02-01 10:04:29,902 DEBUG   SenderThread:33159 [sender.py:send():117] send: request
2021-02-01 10:04:29,902 DEBUG   SenderThread:33159 [sender.py:send_request():126] send_request: defer
2021-02-01 10:04:29,902 INFO    SenderThread:33159 [sender.py:send_request_defer():212] handle sender defer: 2
2021-02-01 10:04:29,902 INFO    SenderThread:33159 [sender.py:send_request_defer():248] send defer: 3
2021-02-01 10:04:29,902 DEBUG   HandlerThread:33159 [handler.py:handle_request():55] handle_request: defer
2021-02-01 10:04:29,902 INFO    HandlerThread:33159 [handler.py:handle_request_defer():69] handle defer: 3
2021-02-01 10:04:29,903 DEBUG   SenderThread:33159 [sender.py:send():117] send: request
2021-02-01 10:04:29,903 DEBUG   SenderThread:33159 [sender.py:send_request():126] send_request: defer
2021-02-01 10:04:29,903 INFO    SenderThread:33159 [sender.py:send_request_defer():212] handle sender defer: 3
2021-02-01 10:04:29,903 INFO    SenderThread:33159 [sender.py:send_request_defer():248] send defer: 4
2021-02-01 10:04:29,904 DEBUG   HandlerThread:33159 [handler.py:handle_request():55] handle_request: defer
2021-02-01 10:04:29,904 INFO    HandlerThread:33159 [handler.py:handle_request_defer():69] handle defer: 4
2021-02-01 10:04:29,904 DEBUG   SenderThread:33159 [sender.py:send():117] send: request
2021-02-01 10:04:29,904 DEBUG   SenderThread:33159 [sender.py:send_request():126] send_request: defer
2021-02-01 10:04:29,904 INFO    SenderThread:33159 [sender.py:send_request_defer():212] handle sender defer: 4
2021-02-01 10:04:29,904 INFO    SenderThread:33159 [sender.py:send_request_defer():248] send defer: 5
2021-02-01 10:04:29,904 DEBUG   HandlerThread:33159 [handler.py:handle_request():55] handle_request: defer
2021-02-01 10:04:29,905 INFO    HandlerThread:33159 [handler.py:handle_request_defer():69] handle defer: 5
2021-02-01 10:04:29,905 DEBUG   SenderThread:33159 [sender.py:send():117] send: request
2021-02-01 10:04:29,905 DEBUG   SenderThread:33159 [sender.py:send_request():126] send_request: defer
2021-02-01 10:04:29,905 INFO    SenderThread:33159 [sender.py:send_request_defer():212] handle sender defer: 5
2021-02-01 10:04:29,905 INFO    SenderThread:33159 [sender.py:send_request_defer():248] send defer: 6
2021-02-01 10:04:29,905 DEBUG   HandlerThread:33159 [handler.py:handle_request():55] handle_request: defer
2021-02-01 10:04:29,905 INFO    HandlerThread:33159 [handler.py:handle_request_defer():69] handle defer: 6
2021-02-01 10:04:29,906 DEBUG   SenderThread:33159 [sender.py:send():117] send: request
2021-02-01 10:04:29,906 DEBUG   SenderThread:33159 [sender.py:send_request():126] send_request: defer
2021-02-01 10:04:29,906 INFO    SenderThread:33159 [sender.py:send_request_defer():212] handle sender defer: 6
2021-02-01 10:04:29,906 INFO    SenderThread:33159 [sender.py:send_request_defer():248] send defer: 7
2021-02-01 10:04:29,906 DEBUG   HandlerThread:33159 [handler.py:handle_request():55] handle_request: defer
2021-02-01 10:04:29,906 INFO    HandlerThread:33159 [handler.py:handle_request_defer():69] handle defer: 7
2021-02-01 10:04:29,907 DEBUG   SenderThread:33159 [sender.py:send():117] send: request
2021-02-01 10:04:29,907 DEBUG   SenderThread:33159 [sender.py:send_request():126] send_request: defer
2021-02-01 10:04:29,907 INFO    SenderThread:33159 [sender.py:send_request_defer():212] handle sender defer: 7
2021-02-01 10:04:29,907 INFO    SenderThread:33159 [sender.py:send_request_defer():248] send defer: 8
2021-02-01 10:04:29,907 DEBUG   SenderThread:33159 [sender.py:send():117] send: final
2021-02-01 10:04:29,908 DEBUG   HandlerThread:33159 [handler.py:handle_request():55] handle_request: defer
2021-02-01 10:04:29,908 INFO    HandlerThread:33159 [handler.py:handle_request_defer():69] handle defer: 8
2021-02-01 10:04:29,908 DEBUG   SenderThread:33159 [sender.py:send():117] send: request
2021-02-01 10:04:29,908 DEBUG   SenderThread:33159 [sender.py:send_request():126] send_request: defer
2021-02-01 10:04:29,908 INFO    SenderThread:33159 [sender.py:send_request_defer():212] handle sender defer: 8
2021-02-01 10:04:31,854 DEBUG   HandlerThread:33159 [handler.py:handle_request():55] handle_request: poll_exit
2021-02-01 10:04:31,855 DEBUG   SenderThread:33159 [sender.py:send():117] send: request
2021-02-01 10:04:31,855 DEBUG   SenderThread:33159 [sender.py:send_request():126] send_request: poll_exit
2021-02-01 10:04:31,857 DEBUG   HandlerThread:33159 [handler.py:handle_request():55] handle_request: get_summary
2021-02-01 10:04:31,858 DEBUG   HandlerThread:33159 [handler.py:handle_request():55] handle_request: sampled_history
2021-02-01 10:04:31,859 DEBUG   HandlerThread:33159 [handler.py:handle_request():55] handle_request: shutdown
2021-02-01 10:04:31,859 INFO    HandlerThread:33159 [handler.py:finish():274] shutting down handler
2021-02-01 10:04:31,908 INFO    WriterThread:33159 [datastore.py:close():258] close: /home/pfrod/architectures/wandb/offline-run-20210201_100425-27e9swhk/run-27e9swhk.wandb
2021-02-01 10:04:32,856 INFO    SenderThread:33159 [sender.py:finish():756] shutting down sender
2021-02-01 10:04:32,857 INFO    MainThread:33159 [internal.py:handle_exit():139] Internal process exited
