2021-02-02 09:47:23,051 INFO    MainThread:7934 [internal.py:wandb_internal():64] W&B internal server running at pid: 7934
2021-02-02 09:47:23,054 DEBUG   HandlerThread:7934 [handler.py:handle_request():55] handle_request: check_version
2021-02-02 09:47:23,054 INFO    WriterThread:7934 [datastore.py:open_for_write():77] open: /home/pfrod/architectures/wandb/run-20210202_094722-11pu6dtj/run-11pu6dtj.wandb
2021-02-02 09:47:23,056 DEBUG   SenderThread:7934 [sender.py:send():117] send: header
2021-02-02 09:47:23,057 DEBUG   SenderThread:7934 [sender.py:send():117] send: request
2021-02-02 09:47:23,057 DEBUG   SenderThread:7934 [sender.py:send_request():126] send_request: check_version
2021-02-02 09:47:23,062 DEBUG   Thread-4  :7934 [connectionpool.py:_new_conn():813] Starting new HTTPS connection (1): pypi.org:443
2021-02-02 09:47:23,147 DEBUG   Thread-4  :7934 [connectionpool.py:_make_request():393] https://pypi.org:443 "GET /pypi/wandb/json HTTP/1.1" 200 53641
2021-02-02 09:47:23,184 DEBUG   SenderThread:7934 [sender.py:send():117] send: run
2021-02-02 09:47:23,211 DEBUG   SenderThread:7934 [git.py:repo():33] git repository is invalid
2021-02-02 09:47:23,215 DEBUG   SenderThread:7934 [connectionpool.py:_new_conn():813] Starting new HTTPS connection (1): api.wandb.ai:443
2021-02-02 09:47:23,454 DEBUG   SenderThread:7934 [connectionpool.py:_make_request():393] https://api.wandb.ai:443 "POST /graphql HTTP/1.1" 200 None
2021-02-02 09:47:23,466 INFO    SenderThread:7934 [dir_watcher.py:__init__():165] watching files in: /home/pfrod/architectures/wandb/run-20210202_094722-11pu6dtj/files
2021-02-02 09:47:23,467 INFO    SenderThread:7934 [sender.py:_start_run_threads():596] run started: 11pu6dtj with start time 1612255642
2021-02-02 09:47:23,471 DEBUG   SenderThread:7934 [sender.py:send():117] send: summary
2021-02-02 09:47:23,471 INFO    SenderThread:7934 [sender.py:_save_file():682] saving file wandb-summary.json with policy end
2021-02-02 09:47:23,473 DEBUG   HandlerThread:7934 [handler.py:handle_request():55] handle_request: run_start
2021-02-02 09:47:24,048 DEBUG   HandlerThread:7934 [tpu_cluster_resolver.py:<module>():36] Falling back to TensorFlow client; we recommended you install the Cloud TPU client directly with pip install cloud-tpu-client.
2021-02-02 09:47:24,474 INFO    Thread-8  :7934 [dir_watcher.py:_on_file_created():213] file/dir created: /home/pfrod/architectures/wandb/run-20210202_094722-11pu6dtj/files/wandb-summary.json
2021-02-02 09:47:25,031 DEBUG   HandlerThread:7934 [meta.py:__init__():34] meta init
2021-02-02 09:47:25,031 DEBUG   HandlerThread:7934 [meta.py:__init__():48] meta init done
2021-02-02 09:47:25,031 DEBUG   HandlerThread:7934 [meta.py:probe():190] probe
2021-02-02 09:47:25,037 DEBUG   HandlerThread:7934 [git.py:repo():33] git repository is invalid
2021-02-02 09:47:25,037 DEBUG   HandlerThread:7934 [meta.py:_save_pip():52] save pip
2021-02-02 09:47:25,038 DEBUG   HandlerThread:7934 [meta.py:_save_pip():66] save pip done
2021-02-02 09:47:25,038 DEBUG   HandlerThread:7934 [meta.py:probe():231] probe done
2021-02-02 09:47:25,043 DEBUG   SenderThread:7934 [sender.py:send():117] send: files
2021-02-02 09:47:25,044 INFO    SenderThread:7934 [sender.py:_save_file():682] saving file wandb-metadata.json with policy now
2021-02-02 09:47:25,060 DEBUG   HandlerThread:7934 [handler.py:handle_request():55] handle_request: status
2021-02-02 09:47:25,069 DEBUG   Thread-11 :7934 [connectionpool.py:_new_conn():813] Starting new HTTPS connection (1): api.wandb.ai:443
2021-02-02 09:47:25,070 DEBUG   SenderThread:7934 [sender.py:send():117] send: request
2021-02-02 09:47:25,070 DEBUG   SenderThread:7934 [sender.py:send_request():126] send_request: status
2021-02-02 09:47:25,074 DEBUG   SenderThread:7934 [connectionpool.py:_new_conn():813] Starting new HTTPS connection (1): api.wandb.ai:443
2021-02-02 09:47:25,268 DEBUG   SenderThread:7934 [connectionpool.py:_make_request():393] https://api.wandb.ai:443 "POST /graphql HTTP/1.1" 200 None
2021-02-02 09:47:25,277 DEBUG   Thread-11 :7934 [connectionpool.py:_make_request():393] https://api.wandb.ai:443 "POST /graphql HTTP/1.1" 200 None
2021-02-02 09:47:25,284 DEBUG   Thread-11 :7934 [connectionpool.py:_new_conn():813] Starting new HTTPS connection (1): storage.googleapis.com:443
2021-02-02 09:47:25,471 INFO    Thread-8  :7934 [dir_watcher.py:_on_file_created():213] file/dir created: /home/pfrod/architectures/wandb/run-20210202_094722-11pu6dtj/files/wandb-metadata.json
2021-02-02 09:47:25,472 INFO    Thread-8  :7934 [dir_watcher.py:_on_file_created():213] file/dir created: /home/pfrod/architectures/wandb/run-20210202_094722-11pu6dtj/files/output.log
2021-02-02 09:47:25,472 INFO    Thread-8  :7934 [dir_watcher.py:_on_file_created():213] file/dir created: /home/pfrod/architectures/wandb/run-20210202_094722-11pu6dtj/files/requirements.txt
2021-02-02 09:47:25,628 DEBUG   Thread-11 :7934 [connectionpool.py:_make_request():393] https://storage.googleapis.com:443 "PUT /wandb-production.appspot.com/pfrodedelaforet/huggingface/11pu6dtj/wandb-metadata.json?Expires=1612342045&GoogleAccessId=wandb-production%40appspot.gserviceaccount.com&Signature=S9ZdVYK%2BsZZnGqIgjftW%2FtuPpwpu1SH8tknigyIbWWSIDzOkCtR7kIp%2F0h2cLN5BdSdYaAixFJEbdTJBtqlXk8TEWEwuvPbh9V8xklwQonLVxxn23roKq8xW5MNqhZkUQXy3Dn1X4YxBDR8YdCotDHk%2FUr9WGf%2FJL7IaU5X8Mhjijr3ACGRKtwyY4tHivk42ht2lm0AHsVGYc5bkhvNdGf3z3NHmt2vgbp8CoztsgqWErmE0uZWXaQW47M8kkwHavUQNUWwQ2prVcyENq0dtnHqP4kxxNZk9mPnVsaQshZyqi2xJVmkhWFTOoEiplRojr3zVdH3j2MYIpEsulUXJyA%3D%3D HTTP/1.1" 200 0
2021-02-02 09:47:25,631 INFO    Thread-11 :7934 [upload_job.py:push():133] Uploaded file /tmp/tmp2m09_2tywandb/2ywzde3y-wandb-metadata.json
2021-02-02 09:47:27,213 DEBUG   Thread-5  :7934 [connectionpool.py:_new_conn():813] Starting new HTTPS connection (1): api.wandb.ai:443
2021-02-02 09:47:27,472 INFO    Thread-8  :7934 [dir_watcher.py:_on_file_modified():226] file/dir modified: /home/pfrod/architectures/wandb/run-20210202_094722-11pu6dtj/files/output.log
2021-02-02 09:47:27,517 DEBUG   Thread-5  :7934 [connectionpool.py:_make_request():393] https://api.wandb.ai:443 "POST /files/pfrodedelaforet/huggingface/11pu6dtj/file_stream HTTP/1.1" 200 None
2021-02-02 09:47:28,485 DEBUG   SenderThread:7934 [sender.py:send():117] send: stats
2021-02-02 09:47:29,474 INFO    Thread-8  :7934 [dir_watcher.py:_on_file_modified():226] file/dir modified: /home/pfrod/architectures/wandb/run-20210202_094722-11pu6dtj/files/output.log
2021-02-02 09:47:30,992 DEBUG   Thread-5  :7934 [connectionpool.py:_make_request():393] https://api.wandb.ai:443 "POST /files/pfrodedelaforet/huggingface/11pu6dtj/file_stream HTTP/1.1" 200 None
2021-02-02 09:47:31,475 INFO    Thread-8  :7934 [dir_watcher.py:_on_file_modified():226] file/dir modified: /home/pfrod/architectures/wandb/run-20210202_094722-11pu6dtj/files/output.log
2021-02-02 09:47:32,476 INFO    Thread-8  :7934 [dir_watcher.py:_on_file_modified():226] file/dir modified: /home/pfrod/architectures/wandb/run-20210202_094722-11pu6dtj/files/output.log
2021-02-02 09:47:33,001 DEBUG   SenderThread:7934 [sender.py:send():117] send: stats
2021-02-02 09:47:33,163 DEBUG   Thread-5  :7934 [connectionpool.py:_make_request():393] https://api.wandb.ai:443 "POST /files/pfrodedelaforet/huggingface/11pu6dtj/file_stream HTTP/1.1" 200 None
2021-02-02 09:47:33,476 INFO    Thread-8  :7934 [dir_watcher.py:_on_file_modified():226] file/dir modified: /home/pfrod/architectures/wandb/run-20210202_094722-11pu6dtj/files/output.log
2021-02-02 09:47:34,477 INFO    Thread-8  :7934 [dir_watcher.py:_on_file_modified():226] file/dir modified: /home/pfrod/architectures/wandb/run-20210202_094722-11pu6dtj/files/output.log
2021-02-02 09:47:35,204 DEBUG   Thread-5  :7934 [connectionpool.py:_make_request():393] https://api.wandb.ai:443 "POST /files/pfrodedelaforet/huggingface/11pu6dtj/file_stream HTTP/1.1" 200 None
2021-02-02 09:47:35,477 INFO    Thread-8  :7934 [dir_watcher.py:_on_file_modified():226] file/dir modified: /home/pfrod/architectures/wandb/run-20210202_094722-11pu6dtj/files/output.log
2021-02-02 09:47:36,478 INFO    Thread-8  :7934 [dir_watcher.py:_on_file_modified():226] file/dir modified: /home/pfrod/architectures/wandb/run-20210202_094722-11pu6dtj/files/output.log
2021-02-02 09:47:37,230 DEBUG   Thread-5  :7934 [connectionpool.py:_make_request():393] https://api.wandb.ai:443 "POST /files/pfrodedelaforet/huggingface/11pu6dtj/file_stream HTTP/1.1" 200 None
2021-02-02 09:47:37,479 INFO    Thread-8  :7934 [dir_watcher.py:_on_file_modified():226] file/dir modified: /home/pfrod/architectures/wandb/run-20210202_094722-11pu6dtj/files/output.log
2021-02-02 09:47:37,523 DEBUG   SenderThread:7934 [sender.py:send():117] send: stats
2021-02-02 09:47:38,479 INFO    Thread-8  :7934 [dir_watcher.py:_on_file_modified():226] file/dir modified: /home/pfrod/architectures/wandb/run-20210202_094722-11pu6dtj/files/output.log
2021-02-02 09:47:39,458 DEBUG   Thread-5  :7934 [connectionpool.py:_make_request():393] https://api.wandb.ai:443 "POST /files/pfrodedelaforet/huggingface/11pu6dtj/file_stream HTTP/1.1" 200 None
2021-02-02 09:47:39,480 INFO    Thread-8  :7934 [dir_watcher.py:_on_file_modified():226] file/dir modified: /home/pfrod/architectures/wandb/run-20210202_094722-11pu6dtj/files/output.log
2021-02-02 09:47:40,326 DEBUG   HandlerThread:7934 [handler.py:handle_request():55] handle_request: status
2021-02-02 09:47:40,327 DEBUG   SenderThread:7934 [sender.py:send():117] send: request
2021-02-02 09:47:40,327 DEBUG   SenderThread:7934 [sender.py:send_request():126] send_request: status
2021-02-02 09:47:40,332 DEBUG   SenderThread:7934 [connectionpool.py:_new_conn():813] Starting new HTTPS connection (1): api.wandb.ai:443
2021-02-02 09:47:40,481 INFO    Thread-8  :7934 [dir_watcher.py:_on_file_modified():226] file/dir modified: /home/pfrod/architectures/wandb/run-20210202_094722-11pu6dtj/files/output.log
2021-02-02 09:47:40,530 DEBUG   SenderThread:7934 [connectionpool.py:_make_request():393] https://api.wandb.ai:443 "POST /graphql HTTP/1.1" 200 None
2021-02-02 09:47:42,040 DEBUG   SenderThread:7934 [sender.py:send():117] send: stats
2021-02-02 09:47:42,212 DEBUG   Thread-5  :7934 [connectionpool.py:_make_request():393] https://api.wandb.ai:443 "POST /files/pfrodedelaforet/huggingface/11pu6dtj/file_stream HTTP/1.1" 200 None
2021-02-02 09:47:46,558 DEBUG   SenderThread:7934 [sender.py:send():117] send: stats
2021-02-02 09:47:46,728 DEBUG   Thread-5  :7934 [connectionpool.py:_make_request():393] https://api.wandb.ai:443 "POST /files/pfrodedelaforet/huggingface/11pu6dtj/file_stream HTTP/1.1" 200 None
2021-02-02 09:47:51,081 DEBUG   SenderThread:7934 [sender.py:send():117] send: stats
2021-02-02 09:47:51,257 DEBUG   Thread-5  :7934 [connectionpool.py:_make_request():393] https://api.wandb.ai:443 "POST /files/pfrodedelaforet/huggingface/11pu6dtj/file_stream HTTP/1.1" 200 None
2021-02-02 09:47:55,537 DEBUG   HandlerThread:7934 [handler.py:handle_request():55] handle_request: status
2021-02-02 09:47:55,537 DEBUG   SenderThread:7934 [sender.py:send():117] send: request
2021-02-02 09:47:55,537 DEBUG   SenderThread:7934 [sender.py:send_request():126] send_request: status
2021-02-02 09:47:55,542 DEBUG   SenderThread:7934 [connectionpool.py:_new_conn():813] Starting new HTTPS connection (1): api.wandb.ai:443
2021-02-02 09:47:55,739 DEBUG   SenderThread:7934 [connectionpool.py:_make_request():393] https://api.wandb.ai:443 "POST /graphql HTTP/1.1" 200 None
2021-02-02 09:47:55,742 DEBUG   SenderThread:7934 [sender.py:send():117] send: stats
2021-02-02 09:47:55,905 DEBUG   HandlerThread:7934 [handler.py:handle_request():55] handle_request: poll_exit
2021-02-02 09:47:55,905 DEBUG   SenderThread:7934 [sender.py:send():117] send: telemetry
2021-02-02 09:47:55,914 DEBUG   Thread-5  :7934 [connectionpool.py:_make_request():393] https://api.wandb.ai:443 "POST /files/pfrodedelaforet/huggingface/11pu6dtj/file_stream HTTP/1.1" 200 None
2021-02-02 09:47:55,922 DEBUG   SenderThread:7934 [connectionpool.py:_new_conn():813] Starting new HTTPS connection (1): api.wandb.ai:443
2021-02-02 09:47:56,143 DEBUG   SenderThread:7934 [connectionpool.py:_make_request():393] https://api.wandb.ai:443 "POST /graphql HTTP/1.1" 200 None
2021-02-02 09:47:56,175 DEBUG   SenderThread:7934 [sender.py:send():117] send: exit
2021-02-02 09:47:56,176 INFO    SenderThread:7934 [sender.py:send_exit():195] handling exit code: 1
2021-02-02 09:47:56,176 INFO    SenderThread:7934 [sender.py:send_exit():203] send defer
2021-02-02 09:47:56,176 DEBUG   SenderThread:7934 [sender.py:send():117] send: request
2021-02-02 09:47:56,176 DEBUG   SenderThread:7934 [sender.py:send_request():126] send_request: poll_exit
2021-02-02 09:47:56,177 DEBUG   HandlerThread:7934 [handler.py:handle_request():55] handle_request: defer
2021-02-02 09:47:56,177 INFO    HandlerThread:7934 [handler.py:handle_request_defer():69] handle defer: 0
2021-02-02 09:47:56,177 DEBUG   SenderThread:7934 [sender.py:send():117] send: request
2021-02-02 09:47:56,177 DEBUG   SenderThread:7934 [sender.py:send_request():126] send_request: defer
2021-02-02 09:47:56,177 INFO    SenderThread:7934 [sender.py:send_request_defer():212] handle sender defer: 0
2021-02-02 09:47:56,177 INFO    SenderThread:7934 [sender.py:send_request_defer():248] send defer: 1
2021-02-02 09:47:56,178 DEBUG   HandlerThread:7934 [handler.py:handle_request():55] handle_request: defer
2021-02-02 09:47:56,178 INFO    HandlerThread:7934 [handler.py:handle_request_defer():69] handle defer: 1
2021-02-02 09:47:56,226 DEBUG   SenderThread:7934 [sender.py:send():117] send: request
2021-02-02 09:47:56,226 DEBUG   SenderThread:7934 [sender.py:send_request():126] send_request: defer
2021-02-02 09:47:56,227 INFO    SenderThread:7934 [sender.py:send_request_defer():212] handle sender defer: 1
2021-02-02 09:47:56,227 INFO    SenderThread:7934 [sender.py:send_request_defer():248] send defer: 2
2021-02-02 09:47:56,227 DEBUG   SenderThread:7934 [sender.py:send():117] send: stats
2021-02-02 09:47:56,228 DEBUG   HandlerThread:7934 [handler.py:handle_request():55] handle_request: defer
2021-02-02 09:47:56,228 INFO    HandlerThread:7934 [handler.py:handle_request_defer():69] handle defer: 2
2021-02-02 09:47:56,228 DEBUG   SenderThread:7934 [sender.py:send():117] send: request
2021-02-02 09:47:56,228 DEBUG   SenderThread:7934 [sender.py:send_request():126] send_request: defer
2021-02-02 09:47:56,229 INFO    SenderThread:7934 [sender.py:send_request_defer():212] handle sender defer: 2
2021-02-02 09:47:56,229 INFO    SenderThread:7934 [sender.py:send_request_defer():248] send defer: 3
2021-02-02 09:47:56,229 DEBUG   HandlerThread:7934 [handler.py:handle_request():55] handle_request: defer
2021-02-02 09:47:56,229 INFO    HandlerThread:7934 [handler.py:handle_request_defer():69] handle defer: 3
2021-02-02 09:47:56,229 DEBUG   SenderThread:7934 [sender.py:send():117] send: summary
2021-02-02 09:47:56,230 INFO    SenderThread:7934 [sender.py:_save_file():682] saving file wandb-summary.json with policy end
2021-02-02 09:47:56,231 DEBUG   SenderThread:7934 [sender.py:send():117] send: request
2021-02-02 09:47:56,231 DEBUG   SenderThread:7934 [sender.py:send_request():126] send_request: defer
2021-02-02 09:47:56,231 INFO    SenderThread:7934 [sender.py:send_request_defer():212] handle sender defer: 3
2021-02-02 09:47:56,231 INFO    SenderThread:7934 [sender.py:send_request_defer():248] send defer: 4
2021-02-02 09:47:56,231 DEBUG   HandlerThread:7934 [handler.py:handle_request():55] handle_request: defer
2021-02-02 09:47:56,232 INFO    HandlerThread:7934 [handler.py:handle_request_defer():69] handle defer: 4
2021-02-02 09:47:56,232 DEBUG   SenderThread:7934 [sender.py:send():117] send: request
2021-02-02 09:47:56,232 DEBUG   SenderThread:7934 [sender.py:send_request():126] send_request: defer
2021-02-02 09:47:56,232 INFO    SenderThread:7934 [sender.py:send_request_defer():212] handle sender defer: 4
2021-02-02 09:47:56,232 INFO    SenderThread:7934 [dir_watcher.py:finish():279] shutting down directory watcher
2021-02-02 09:47:56,485 INFO    SenderThread:7934 [dir_watcher.py:_on_file_modified():226] file/dir modified: /home/pfrod/architectures/wandb/run-20210202_094722-11pu6dtj/files/output.log
2021-02-02 09:47:56,485 INFO    SenderThread:7934 [dir_watcher.py:_on_file_modified():226] file/dir modified: /home/pfrod/architectures/wandb/run-20210202_094722-11pu6dtj/files/wandb-summary.json
2021-02-02 09:47:56,485 INFO    SenderThread:7934 [dir_watcher.py:_on_file_modified():226] file/dir modified: /home/pfrod/architectures/wandb/run-20210202_094722-11pu6dtj/files/config.yaml
2021-02-02 09:47:56,486 INFO    SenderThread:7934 [dir_watcher.py:finish():309] scan: /home/pfrod/architectures/wandb/run-20210202_094722-11pu6dtj/files
2021-02-02 09:47:56,486 INFO    SenderThread:7934 [dir_watcher.py:finish():315] scan save: /home/pfrod/architectures/wandb/run-20210202_094722-11pu6dtj/files/config.yaml config.yaml
2021-02-02 09:47:56,486 INFO    SenderThread:7934 [dir_watcher.py:finish():315] scan save: /home/pfrod/architectures/wandb/run-20210202_094722-11pu6dtj/files/wandb-summary.json wandb-summary.json
2021-02-02 09:47:56,487 INFO    SenderThread:7934 [dir_watcher.py:finish():315] scan save: /home/pfrod/architectures/wandb/run-20210202_094722-11pu6dtj/files/requirements.txt requirements.txt
2021-02-02 09:47:56,488 INFO    SenderThread:7934 [dir_watcher.py:finish():315] scan save: /home/pfrod/architectures/wandb/run-20210202_094722-11pu6dtj/files/wandb-metadata.json wandb-metadata.json
2021-02-02 09:47:56,493 INFO    SenderThread:7934 [dir_watcher.py:finish():315] scan save: /home/pfrod/architectures/wandb/run-20210202_094722-11pu6dtj/files/output.log output.log
2021-02-02 09:47:56,495 DEBUG   Thread-12 :7934 [connectionpool.py:_new_conn():813] Starting new HTTPS connection (1): api.wandb.ai:443
2021-02-02 09:47:56,503 INFO    SenderThread:7934 [sender.py:send_request_defer():248] send defer: 5
2021-02-02 09:47:56,503 DEBUG   Thread-13 :7934 [connectionpool.py:_new_conn():813] Starting new HTTPS connection (1): api.wandb.ai:443
2021-02-02 09:47:56,510 DEBUG   Thread-14 :7934 [connectionpool.py:_new_conn():813] Starting new HTTPS connection (1): api.wandb.ai:443
2021-02-02 09:47:56,511 DEBUG   HandlerThread:7934 [handler.py:handle_request():55] handle_request: defer
2021-02-02 09:47:56,517 INFO    HandlerThread:7934 [handler.py:handle_request_defer():69] handle defer: 5
2021-02-02 09:47:56,519 DEBUG   SenderThread:7934 [sender.py:send():117] send: request
2021-02-02 09:47:56,519 DEBUG   SenderThread:7934 [sender.py:send_request():126] send_request: defer
2021-02-02 09:47:56,519 DEBUG   Thread-15 :7934 [connectionpool.py:_new_conn():813] Starting new HTTPS connection (1): api.wandb.ai:443
2021-02-02 09:47:56,520 INFO    SenderThread:7934 [sender.py:send_request_defer():212] handle sender defer: 5
2021-02-02 09:47:56,520 INFO    SenderThread:7934 [file_pusher.py:finish():174] shutting down file pusher
2021-02-02 09:47:56,520 INFO    SenderThread:7934 [sender.py:send_request_defer():248] send defer: 6
2021-02-02 09:47:56,521 DEBUG   HandlerThread:7934 [handler.py:handle_request():55] handle_request: defer
2021-02-02 09:47:56,521 INFO    HandlerThread:7934 [handler.py:handle_request_defer():69] handle defer: 6
2021-02-02 09:47:56,521 DEBUG   SenderThread:7934 [sender.py:send():117] send: request
2021-02-02 09:47:56,521 DEBUG   SenderThread:7934 [sender.py:send_request():126] send_request: defer
2021-02-02 09:47:56,521 INFO    SenderThread:7934 [sender.py:send_request_defer():212] handle sender defer: 6
2021-02-02 09:47:56,693 DEBUG   Thread-5  :7934 [connectionpool.py:_make_request():393] https://api.wandb.ai:443 "POST /files/pfrodedelaforet/huggingface/11pu6dtj/file_stream HTTP/1.1" 200 None
2021-02-02 09:47:56,732 DEBUG   Thread-13 :7934 [connectionpool.py:_make_request():393] https://api.wandb.ai:443 "POST /graphql HTTP/1.1" 200 None
2021-02-02 09:47:56,735 DEBUG   Thread-13 :7934 [connectionpool.py:_new_conn():813] Starting new HTTPS connection (1): storage.googleapis.com:443
2021-02-02 09:47:56,737 DEBUG   Thread-12 :7934 [connectionpool.py:_make_request():393] https://api.wandb.ai:443 "POST /graphql HTTP/1.1" 200 None
2021-02-02 09:47:56,738 DEBUG   Thread-14 :7934 [connectionpool.py:_make_request():393] https://api.wandb.ai:443 "POST /graphql HTTP/1.1" 200 None
2021-02-02 09:47:56,742 DEBUG   Thread-12 :7934 [connectionpool.py:_new_conn():813] Starting new HTTPS connection (1): storage.googleapis.com:443
2021-02-02 09:47:56,746 DEBUG   Thread-15 :7934 [connectionpool.py:_make_request():393] https://api.wandb.ai:443 "POST /graphql HTTP/1.1" 200 None
2021-02-02 09:47:56,750 DEBUG   Thread-14 :7934 [connectionpool.py:_new_conn():813] Starting new HTTPS connection (1): storage.googleapis.com:443
2021-02-02 09:47:56,755 DEBUG   Thread-15 :7934 [connectionpool.py:_new_conn():813] Starting new HTTPS connection (1): storage.googleapis.com:443
2021-02-02 09:47:56,846 DEBUG   Thread-5  :7934 [connectionpool.py:_make_request():393] https://api.wandb.ai:443 "POST /files/pfrodedelaforet/huggingface/11pu6dtj/file_stream HTTP/1.1" 200 None
2021-02-02 09:47:56,849 INFO    SenderThread:7934 [sender.py:send_request_defer():248] send defer: 7
2021-02-02 09:47:56,850 DEBUG   HandlerThread:7934 [handler.py:handle_request():55] handle_request: defer
2021-02-02 09:47:56,850 INFO    HandlerThread:7934 [handler.py:handle_request_defer():69] handle defer: 7
2021-02-02 09:47:56,850 DEBUG   SenderThread:7934 [sender.py:send():117] send: request
2021-02-02 09:47:56,850 DEBUG   SenderThread:7934 [sender.py:send_request():126] send_request: defer
2021-02-02 09:47:56,850 INFO    SenderThread:7934 [sender.py:send_request_defer():212] handle sender defer: 7
2021-02-02 09:47:56,851 INFO    SenderThread:7934 [sender.py:send_request_defer():248] send defer: 8
2021-02-02 09:47:56,851 DEBUG   HandlerThread:7934 [handler.py:handle_request():55] handle_request: defer
2021-02-02 09:47:56,851 DEBUG   SenderThread:7934 [sender.py:send():117] send: final
2021-02-02 09:47:56,852 INFO    HandlerThread:7934 [handler.py:handle_request_defer():69] handle defer: 8
2021-02-02 09:47:56,852 DEBUG   SenderThread:7934 [sender.py:send():117] send: footer
2021-02-02 09:47:56,852 DEBUG   SenderThread:7934 [sender.py:send():117] send: request
2021-02-02 09:47:56,852 DEBUG   SenderThread:7934 [sender.py:send_request():126] send_request: defer
2021-02-02 09:47:56,852 INFO    SenderThread:7934 [sender.py:send_request_defer():212] handle sender defer: 8
2021-02-02 09:47:57,087 DEBUG   Thread-13 :7934 [connectionpool.py:_make_request():393] https://storage.googleapis.com:443 "PUT /wandb-production.appspot.com/pfrodedelaforet/huggingface/11pu6dtj/wandb-summary.json?Expires=1612342076&GoogleAccessId=wandb-production%40appspot.gserviceaccount.com&Signature=XwSemRDPXzYilu%2BHrqyO87E676Y%2BHqKcY2qyfrKYYQzIZmaNuZAYszYh05yiXg8ixX6EFuAIQFWCJmA5nP8MEmPvLzika2HQiVPO4OyxdopM9nTX0K3ZR4Mm%2BmqGdtBb3x4eVXhNcBMKGwCDTzGiLuyT1K8qEyIHwMO6BaojboUPhA7pzROvNfNF0y4k%2BoCf%2BhmxZWDju8oBiPnz9MGnqkjNSUc3nUBh%2FnvnYdBQknVQxURvvdeeQkFbW4Fe3rzu6kHH2KV8s80ePkfmhlpcQ1haj%2Bxtt1wwRN%2BKXMud%2FkWCToVZC1i%2FuWYXlthwGHMP2AKPrRH1eHWNCGWhm8iYXw%3D%3D HTTP/1.1" 200 0
2021-02-02 09:47:57,089 INFO    Thread-13 :7934 [upload_job.py:push():133] Uploaded file /home/pfrod/architectures/wandb/run-20210202_094722-11pu6dtj/files/wandb-summary.json
2021-02-02 09:47:57,102 DEBUG   Thread-14 :7934 [connectionpool.py:_make_request():393] https://storage.googleapis.com:443 "PUT /wandb-production.appspot.com/pfrodedelaforet/huggingface/11pu6dtj/requirements.txt?Expires=1612342076&GoogleAccessId=wandb-production%40appspot.gserviceaccount.com&Signature=Mf8wtkKhPe%2BnjTAbLpCjpwXKougXaT4qGKo4ECBbSlWRMNgBBfRowqu7rk3xW3t8ecRxmy6kPeE%2BTP2fETEnvvBksJSMvnNLMq8iZa4en48LNt37gvNDSt6DGP9bXITnkjTJ59ZuZMXhPXB1%2FT2h7xDmzMBZdVh5d0UbcAFVClI45chzp8a2bLvb3sxjCkNTcSkE6H6733pp1uSCHgj4n7WkvvYJN5%2FOORihyyNUOzr1Ba2XA9JkHo4STiwxKPlIsT%2FJJUgwtTRZ8upXPN4Ti3G6ORyAUP23xybLoxsJmuNj3rCrHM7SB2bNVUceenzqO5AUQgalsaH2Rm4eJrMLaQ%3D%3D HTTP/1.1" 200 0
2021-02-02 09:47:57,105 INFO    Thread-14 :7934 [upload_job.py:push():133] Uploaded file /home/pfrod/architectures/wandb/run-20210202_094722-11pu6dtj/files/requirements.txt
2021-02-02 09:47:57,108 DEBUG   Thread-15 :7934 [connectionpool.py:_make_request():393] https://storage.googleapis.com:443 "PUT /wandb-production.appspot.com/pfrodedelaforet/huggingface/11pu6dtj/output.log?Expires=1612342076&GoogleAccessId=wandb-production%40appspot.gserviceaccount.com&Signature=E0aBJ%2F1s9nPadIMFoG49VZ0qo1836c204mINOolp4YXTm6H2GAdTbg1fG1vICCJfoWIrRcK5hTcgr%2BW1bhujQ6eIrNcGorfR4IpCte41chZ0FArYNpXKaEg%2FWVs%2BkGHCrWROo9tafzjNg1L8N7bFa5qaDijIez2RbO%2B2hLbzjfib4ueszduvoTPHJ7Rp4H%2FJ%2FUaTQzaa5oT1lhZwI5xArQ%2BkBRx%2Bt1Fn%2B3si8PoahFynUnUqwNF7npgE778Xy%2Fk7LHPm6NgQlnnxD4bHHmvXBuEpRdONSRrxzto2EYOLWyWOVIlJfkcrlD%2BgfhC7Q4FauO%2BdFUDtNCxWvuniilSt%2BQ%3D%3D HTTP/1.1" 200 0
2021-02-02 09:47:57,111 INFO    Thread-15 :7934 [upload_job.py:push():133] Uploaded file /home/pfrod/architectures/wandb/run-20210202_094722-11pu6dtj/files/output.log
2021-02-02 09:47:57,112 DEBUG   Thread-12 :7934 [connectionpool.py:_make_request():393] https://storage.googleapis.com:443 "PUT /wandb-production.appspot.com/pfrodedelaforet/huggingface/11pu6dtj/config.yaml?Expires=1612342076&GoogleAccessId=wandb-production%40appspot.gserviceaccount.com&Signature=aqkrix8aZ5Gt3FVDC%2FiJS6ANuRPmZBxGOY57vizEFNk1wX1emISUONs69qa6nh5wDt0Wn%2BW41McYB%2Bqpbe1IIKXvBXC22nviZZ2aB2AIA8tbAcFE2OI8BSjf%2FBChXHzA6ENFkL4rFqpfnNvNgDRynQ5ZyZP8VbHZAt5rw%2BMage1bZVa4Z6r8TaSTnEvrSY%2BnTdEByDIJxDuvFujqaxS5yeuFBbHxUQrcocA8%2B63EUmZWyG3M4nvWveg2CmOongxQJ%2FnUvmkTpc8Kuz2DKlmsPc8LnDMkgf2JqI6s8kC0XvyUCNGN3oxrLy9tHE9Jn5BGhAJemRv6FRdAVc0RC%2Fy6kg%3D%3D HTTP/1.1" 200 0
2021-02-02 09:47:57,115 INFO    Thread-12 :7934 [upload_job.py:push():133] Uploaded file /home/pfrod/architectures/wandb/run-20210202_094722-11pu6dtj/files/config.yaml
2021-02-02 09:47:58,180 DEBUG   HandlerThread:7934 [handler.py:handle_request():55] handle_request: poll_exit
2021-02-02 09:47:58,181 DEBUG   SenderThread:7934 [sender.py:send():117] send: request
2021-02-02 09:47:58,181 DEBUG   SenderThread:7934 [sender.py:send_request():126] send_request: poll_exit
2021-02-02 09:47:58,181 INFO    SenderThread:7934 [file_pusher.py:join():179] waiting for file pusher
2021-02-02 09:47:58,183 DEBUG   HandlerThread:7934 [handler.py:handle_request():55] handle_request: get_summary
2021-02-02 09:47:58,184 DEBUG   HandlerThread:7934 [handler.py:handle_request():55] handle_request: sampled_history
2021-02-02 09:47:58,185 DEBUG   HandlerThread:7934 [handler.py:handle_request():55] handle_request: shutdown
2021-02-02 09:47:58,185 INFO    HandlerThread:7934 [handler.py:finish():274] shutting down handler
2021-02-02 09:47:58,852 INFO    WriterThread:7934 [datastore.py:close():258] close: /home/pfrod/architectures/wandb/run-20210202_094722-11pu6dtj/run-11pu6dtj.wandb
2021-02-02 09:47:59,182 INFO    SenderThread:7934 [sender.py:finish():756] shutting down sender
2021-02-02 09:47:59,182 INFO    SenderThread:7934 [file_pusher.py:finish():174] shutting down file pusher
2021-02-02 09:47:59,182 INFO    SenderThread:7934 [file_pusher.py:join():179] waiting for file pusher
2021-02-02 09:47:59,183 INFO    MainThread:7934 [internal.py:handle_exit():139] Internal process exited
