2021-02-02 09:47:22,335 INFO    MainThread:7635 [wandb_setup.py:_flush():70] setting env: {}
2021-02-02 09:47:22,336 INFO    MainThread:7635 [wandb_setup.py:_flush():70] multiprocessing start_methods=fork,spawn,forkserver
2021-02-02 09:47:22,336 INFO    MainThread:7635 [wandb_setup.py:_flush():70] setting login settings: {}
2021-02-02 09:47:22,336 INFO    MainThread:7635 [wandb_init.py:_log_setup():318] Logging user logs to /home/pfrod/architectures/wandb/run-20210202_094722-11pu6dtj/logs/debug.log
2021-02-02 09:47:22,336 INFO    MainThread:7635 [wandb_init.py:_log_setup():319] Logging internal logs to /home/pfrod/architectures/wandb/run-20210202_094722-11pu6dtj/logs/debug-internal.log
2021-02-02 09:47:25,052 INFO    MainThread:7635 [wandb_run.py:_console_start():1396] atexit reg
2021-02-02 09:47:25,053 INFO    MainThread:7635 [wandb_run.py:_redirect():1259] redirect: SettingsConsole.REDIRECT
2021-02-02 09:47:25,053 INFO    MainThread:7635 [wandb_run.py:_redirect():1264] Redirecting console.
2021-02-02 09:47:25,053 INFO    MainThread:7635 [redirect.py:install():213] install start
2021-02-02 09:47:25,056 INFO    MainThread:7635 [redirect.py:install():228] install stop
2021-02-02 09:47:25,056 INFO    MainThread:7635 [redirect.py:install():213] install start
2021-02-02 09:47:25,060 INFO    MainThread:7635 [redirect.py:install():228] install stop
2021-02-02 09:47:25,060 INFO    MainThread:7635 [wandb_run.py:_redirect():1310] Redirects installed.
2021-02-02 09:47:55,902 INFO    MainThread:7635 [wandb_run.py:_atexit_cleanup():1366] got exitcode: 1
2021-02-02 09:47:55,902 INFO    MainThread:7635 [wandb_run.py:_restore():1338] restore
2021-02-02 09:47:55,903 INFO    MainThread:7635 [redirect.py:uninstall():232] uninstall start
2021-02-02 09:47:55,903 INFO    MainThread:7635 [redirect.py:_stop():287] _stop: stdout
2021-02-02 09:47:55,903 INFO    MainThread:7635 [redirect.py:_stop():293] _stop closed: stdout
2021-02-02 09:47:55,903 INFO    stdout    :7635 [redirect.py:_pipe_relay():129] relay done saw last write: stdout
2021-02-02 09:47:55,903 INFO    stdout    :7635 [redirect.py:_pipe_relay():145] relay done done: stdout
2021-02-02 09:47:55,903 INFO    MainThread:7635 [redirect.py:_stop():299] _stop joined: stdout
2021-02-02 09:47:55,903 INFO    MainThread:7635 [redirect.py:_stop():301] _stop rd closed: stdout
2021-02-02 09:47:55,903 INFO    MainThread:7635 [redirect.py:uninstall():236] uninstall done
2021-02-02 09:47:55,903 INFO    MainThread:7635 [redirect.py:uninstall():232] uninstall start
2021-02-02 09:47:55,904 INFO    MainThread:7635 [redirect.py:_stop():287] _stop: stderr
2021-02-02 09:47:55,904 INFO    MainThread:7635 [redirect.py:_stop():293] _stop closed: stderr
2021-02-02 09:47:55,904 INFO    stderr    :7635 [redirect.py:_pipe_relay():129] relay done saw last write: stderr
2021-02-02 09:47:55,904 INFO    stderr    :7635 [redirect.py:_pipe_relay():145] relay done done: stderr
2021-02-02 09:47:55,904 INFO    MainThread:7635 [redirect.py:_stop():299] _stop joined: stderr
2021-02-02 09:47:55,904 INFO    MainThread:7635 [redirect.py:_stop():301] _stop rd closed: stderr
2021-02-02 09:47:55,904 INFO    MainThread:7635 [redirect.py:uninstall():236] uninstall done
2021-02-02 09:47:56,177 INFO    MainThread:7635 [wandb_run.py:_wait_for_finish():1489] got exit ret: file_counts {
  wandb_count: 1
}
pusher_stats {
  uploaded_bytes: 556
  total_bytes: 556
}

2021-02-02 09:47:58,182 INFO    MainThread:7635 [wandb_run.py:_wait_for_finish():1489] got exit ret: done: true
exit_result {
}
file_counts {
  wandb_count: 5
}
pusher_stats {
  uploaded_bytes: 17110
  total_bytes: 17110
}

2021-02-02 09:47:59,617 INFO    MainThread:7635 [wandb_run.py:_show_files():1711] logging synced files
2021-02-02 09:47:59,621 INFO    MainThread:7635 [internal.py:handle_exit():139] Internal process exited
