2021-02-01 20:10:40,316 INFO    MainThread:18425 [internal.py:wandb_internal():64] W&B internal server running at pid: 18425
2021-02-01 20:10:40,319 DEBUG   HandlerThread:18425 [handler.py:handle_request():55] handle_request: check_version
2021-02-01 20:10:40,320 INFO    WriterThread:18425 [datastore.py:open_for_write():77] open: /home/pfrod/architectures/wandb/run-20210201_201039-2qeobnm0/run-2qeobnm0.wandb
2021-02-01 20:10:40,322 DEBUG   SenderThread:18425 [sender.py:send():117] send: header
2021-02-01 20:10:40,322 DEBUG   SenderThread:18425 [sender.py:send():117] send: request
2021-02-01 20:10:40,322 DEBUG   SenderThread:18425 [sender.py:send_request():126] send_request: check_version
2021-02-01 20:10:40,327 DEBUG   Thread-4  :18425 [connectionpool.py:_new_conn():813] Starting new HTTPS connection (1): pypi.org:443
2021-02-01 20:10:40,411 DEBUG   Thread-4  :18425 [connectionpool.py:_make_request():393] https://pypi.org:443 "GET /pypi/wandb/json HTTP/1.1" 200 53088
2021-02-01 20:10:40,446 DEBUG   SenderThread:18425 [sender.py:send():117] send: run
2021-02-01 20:10:40,477 DEBUG   SenderThread:18425 [git.py:repo():33] git repository is invalid
2021-02-01 20:10:40,481 DEBUG   SenderThread:18425 [connectionpool.py:_new_conn():813] Starting new HTTPS connection (1): api.wandb.ai:443
2021-02-01 20:10:40,708 DEBUG   SenderThread:18425 [connectionpool.py:_make_request():393] https://api.wandb.ai:443 "POST /graphql HTTP/1.1" 200 None
2021-02-01 20:10:40,722 INFO    SenderThread:18425 [dir_watcher.py:__init__():165] watching files in: /home/pfrod/architectures/wandb/run-20210201_201039-2qeobnm0/files
2021-02-01 20:10:40,722 INFO    SenderThread:18425 [sender.py:_start_run_threads():596] run started: 2qeobnm0 with start time 1612206639
2021-02-01 20:10:40,726 DEBUG   SenderThread:18425 [sender.py:send():117] send: summary
2021-02-01 20:10:40,727 INFO    SenderThread:18425 [sender.py:_save_file():682] saving file wandb-summary.json with policy end
2021-02-01 20:10:40,729 DEBUG   HandlerThread:18425 [handler.py:handle_request():55] handle_request: run_start
2021-02-01 20:10:41,263 DEBUG   HandlerThread:18425 [tpu_cluster_resolver.py:<module>():36] Falling back to TensorFlow client; we recommended you install the Cloud TPU client directly with pip install cloud-tpu-client.
2021-02-01 20:10:41,743 INFO    Thread-8  :18425 [dir_watcher.py:_on_file_created():213] file/dir created: /home/pfrod/architectures/wandb/run-20210201_201039-2qeobnm0/files/wandb-summary.json
2021-02-01 20:10:42,159 DEBUG   HandlerThread:18425 [meta.py:__init__():34] meta init
2021-02-01 20:10:42,159 DEBUG   HandlerThread:18425 [meta.py:__init__():48] meta init done
2021-02-01 20:10:42,159 DEBUG   HandlerThread:18425 [meta.py:probe():190] probe
2021-02-01 20:10:42,165 DEBUG   HandlerThread:18425 [git.py:repo():33] git repository is invalid
2021-02-01 20:10:42,165 DEBUG   HandlerThread:18425 [meta.py:_save_pip():52] save pip
2021-02-01 20:10:42,165 DEBUG   HandlerThread:18425 [meta.py:_save_pip():66] save pip done
2021-02-01 20:10:42,166 DEBUG   HandlerThread:18425 [meta.py:probe():231] probe done
2021-02-01 20:10:42,168 DEBUG   SenderThread:18425 [sender.py:send():117] send: files
2021-02-01 20:10:42,168 INFO    SenderThread:18425 [sender.py:_save_file():682] saving file wandb-metadata.json with policy now
2021-02-01 20:10:42,176 DEBUG   HandlerThread:18425 [handler.py:handle_request():55] handle_request: status
2021-02-01 20:10:42,179 DEBUG   SenderThread:18425 [sender.py:send():117] send: request
2021-02-01 20:10:42,179 DEBUG   Thread-11 :18425 [connectionpool.py:_new_conn():813] Starting new HTTPS connection (1): api.wandb.ai:443
2021-02-01 20:10:42,179 DEBUG   SenderThread:18425 [sender.py:send_request():126] send_request: status
2021-02-01 20:10:42,185 DEBUG   SenderThread:18425 [connectionpool.py:_new_conn():813] Starting new HTTPS connection (1): api.wandb.ai:443
2021-02-01 20:10:42,186 DEBUG   HandlerThread:18425 [handler.py:handle_request():55] handle_request: poll_exit
2021-02-01 20:10:42,387 DEBUG   SenderThread:18425 [connectionpool.py:_make_request():393] https://api.wandb.ai:443 "POST /graphql HTTP/1.1" 200 None
2021-02-01 20:10:42,391 DEBUG   SenderThread:18425 [sender.py:send():117] send: telemetry
2021-02-01 20:10:42,401 DEBUG   SenderThread:18425 [connectionpool.py:_new_conn():813] Starting new HTTPS connection (1): api.wandb.ai:443
2021-02-01 20:10:42,406 DEBUG   Thread-11 :18425 [connectionpool.py:_make_request():393] https://api.wandb.ai:443 "POST /graphql HTTP/1.1" 200 None
2021-02-01 20:10:42,409 DEBUG   Thread-11 :18425 [connectionpool.py:_new_conn():813] Starting new HTTPS connection (1): storage.googleapis.com:443
2021-02-01 20:10:42,640 DEBUG   SenderThread:18425 [connectionpool.py:_make_request():393] https://api.wandb.ai:443 "POST /graphql HTTP/1.1" 200 None
2021-02-01 20:10:42,673 DEBUG   SenderThread:18425 [sender.py:send():117] send: exit
2021-02-01 20:10:42,673 INFO    SenderThread:18425 [sender.py:send_exit():195] handling exit code: 1
2021-02-01 20:10:42,673 INFO    SenderThread:18425 [sender.py:send_exit():203] send defer
2021-02-01 20:10:42,674 DEBUG   SenderThread:18425 [sender.py:send():117] send: request
2021-02-01 20:10:42,674 DEBUG   SenderThread:18425 [sender.py:send_request():126] send_request: poll_exit
2021-02-01 20:10:42,675 DEBUG   HandlerThread:18425 [handler.py:handle_request():55] handle_request: defer
2021-02-01 20:10:42,675 INFO    HandlerThread:18425 [handler.py:handle_request_defer():69] handle defer: 0
2021-02-01 20:10:42,675 DEBUG   SenderThread:18425 [sender.py:send():117] send: request
2021-02-01 20:10:42,675 DEBUG   SenderThread:18425 [sender.py:send_request():126] send_request: defer
2021-02-01 20:10:42,675 INFO    SenderThread:18425 [sender.py:send_request_defer():212] handle sender defer: 0
2021-02-01 20:10:42,675 INFO    SenderThread:18425 [sender.py:send_request_defer():248] send defer: 1
2021-02-01 20:10:42,676 DEBUG   HandlerThread:18425 [handler.py:handle_request():55] handle_request: defer
2021-02-01 20:10:42,676 INFO    HandlerThread:18425 [handler.py:handle_request_defer():69] handle defer: 1
2021-02-01 20:10:42,737 DEBUG   SenderThread:18425 [sender.py:send():117] send: request
2021-02-01 20:10:42,737 DEBUG   SenderThread:18425 [sender.py:send_request():126] send_request: defer
2021-02-01 20:10:42,737 INFO    SenderThread:18425 [sender.py:send_request_defer():212] handle sender defer: 1
2021-02-01 20:10:42,737 INFO    SenderThread:18425 [sender.py:send_request_defer():248] send defer: 2
2021-02-01 20:10:42,738 DEBUG   SenderThread:18425 [sender.py:send():117] send: stats
2021-02-01 20:10:42,741 DEBUG   Thread-5  :18425 [connectionpool.py:_new_conn():813] Starting new HTTPS connection (1): api.wandb.ai:443
2021-02-01 20:10:42,742 DEBUG   HandlerThread:18425 [handler.py:handle_request():55] handle_request: defer
2021-02-01 20:10:42,742 INFO    HandlerThread:18425 [handler.py:handle_request_defer():69] handle defer: 2
2021-02-01 20:10:42,743 INFO    Thread-8  :18425 [dir_watcher.py:_on_file_modified():226] file/dir modified: /home/pfrod/architectures/wandb/run-20210201_201039-2qeobnm0/files/config.yaml
2021-02-01 20:10:42,743 DEBUG   SenderThread:18425 [sender.py:send():117] send: request
2021-02-01 20:10:42,744 INFO    Thread-8  :18425 [dir_watcher.py:_on_file_created():213] file/dir created: /home/pfrod/architectures/wandb/run-20210201_201039-2qeobnm0/files/requirements.txt
2021-02-01 20:10:42,744 DEBUG   SenderThread:18425 [sender.py:send_request():126] send_request: defer
2021-02-01 20:10:42,744 INFO    Thread-8  :18425 [dir_watcher.py:_on_file_created():213] file/dir created: /home/pfrod/architectures/wandb/run-20210201_201039-2qeobnm0/files/wandb-metadata.json
2021-02-01 20:10:42,745 INFO    SenderThread:18425 [sender.py:send_request_defer():212] handle sender defer: 2
2021-02-01 20:10:42,745 INFO    Thread-8  :18425 [dir_watcher.py:_on_file_created():213] file/dir created: /home/pfrod/architectures/wandb/run-20210201_201039-2qeobnm0/files/output.log
2021-02-01 20:10:42,745 INFO    SenderThread:18425 [sender.py:send_request_defer():248] send defer: 3
2021-02-01 20:10:42,746 DEBUG   HandlerThread:18425 [handler.py:handle_request():55] handle_request: defer
2021-02-01 20:10:42,746 INFO    HandlerThread:18425 [handler.py:handle_request_defer():69] handle defer: 3
2021-02-01 20:10:42,747 DEBUG   SenderThread:18425 [sender.py:send():117] send: summary
2021-02-01 20:10:42,747 INFO    SenderThread:18425 [sender.py:_save_file():682] saving file wandb-summary.json with policy end
2021-02-01 20:10:42,748 DEBUG   SenderThread:18425 [sender.py:send():117] send: request
2021-02-01 20:10:42,748 DEBUG   SenderThread:18425 [sender.py:send_request():126] send_request: defer
2021-02-01 20:10:42,748 INFO    SenderThread:18425 [sender.py:send_request_defer():212] handle sender defer: 3
2021-02-01 20:10:42,748 INFO    SenderThread:18425 [sender.py:send_request_defer():248] send defer: 4
2021-02-01 20:10:42,749 DEBUG   HandlerThread:18425 [handler.py:handle_request():55] handle_request: defer
2021-02-01 20:10:42,749 INFO    HandlerThread:18425 [handler.py:handle_request_defer():69] handle defer: 4
2021-02-01 20:10:42,749 DEBUG   SenderThread:18425 [sender.py:send():117] send: request
2021-02-01 20:10:42,749 DEBUG   SenderThread:18425 [sender.py:send_request():126] send_request: defer
2021-02-01 20:10:42,749 INFO    SenderThread:18425 [sender.py:send_request_defer():212] handle sender defer: 4
2021-02-01 20:10:42,749 INFO    SenderThread:18425 [dir_watcher.py:finish():279] shutting down directory watcher
2021-02-01 20:10:42,761 DEBUG   Thread-11 :18425 [connectionpool.py:_make_request():393] https://storage.googleapis.com:443 "PUT /wandb-production.appspot.com/pfrodedelaforet/huggingface/2qeobnm0/wandb-metadata.json?Expires=1612293042&GoogleAccessId=wandb-production%40appspot.gserviceaccount.com&Signature=VOGEv2WWqMsMI9%2F%2FQxX6wZigjxggbxNX0ZIyiDsx8iqIBFZ3EfMFMJykHJtay1q3tMxiZxgcegBVRXS%2BZIThAjU8mj8e3zO909dJBAab3VefypKnn2HnZNfwxn%2FGoP61u5GiGP9eWgVvJoF%2BQgPD%2BHFA9R7Kb8saTflVMx7d1ItMMtir1YWjAC1zRIUacHPOv496jquVdWGihiiDrzlx%2F4%2Bj4RqRYqBVJ3ehvz9SzC5qCwLPltPj0kGwIePpHkZfP1X%2BnplxBx6nh%2BH7ln9nZGedIV%2B0bmrBf0K%2BuXwk9uJIE%2FpVhsV0pomCJYqwUpOpcthOZOeGcamcxXRtMWuDYw%3D%3D HTTP/1.1" 200 0
2021-02-01 20:10:42,764 INFO    Thread-11 :18425 [upload_job.py:push():133] Uploaded file /tmp/tmpgkyxmmz9wandb/2aeoi578-wandb-metadata.json
2021-02-01 20:10:42,973 DEBUG   Thread-5  :18425 [connectionpool.py:_make_request():393] https://api.wandb.ai:443 "POST /files/pfrodedelaforet/huggingface/2qeobnm0/file_stream HTTP/1.1" 200 None
2021-02-01 20:10:43,743 INFO    Thread-8  :18425 [dir_watcher.py:_on_file_modified():226] file/dir modified: /home/pfrod/architectures/wandb/run-20210201_201039-2qeobnm0/files/wandb-summary.json
2021-02-01 20:10:43,744 INFO    SenderThread:18425 [dir_watcher.py:finish():309] scan: /home/pfrod/architectures/wandb/run-20210201_201039-2qeobnm0/files
2021-02-01 20:10:43,745 INFO    SenderThread:18425 [dir_watcher.py:finish():315] scan save: /home/pfrod/architectures/wandb/run-20210201_201039-2qeobnm0/files/config.yaml config.yaml
2021-02-01 20:10:43,745 INFO    SenderThread:18425 [dir_watcher.py:finish():315] scan save: /home/pfrod/architectures/wandb/run-20210201_201039-2qeobnm0/files/wandb-summary.json wandb-summary.json
2021-02-01 20:10:43,752 DEBUG   Thread-12 :18425 [connectionpool.py:_new_conn():813] Starting new HTTPS connection (1): api.wandb.ai:443
2021-02-01 20:10:43,753 INFO    SenderThread:18425 [dir_watcher.py:finish():315] scan save: /home/pfrod/architectures/wandb/run-20210201_201039-2qeobnm0/files/requirements.txt requirements.txt
2021-02-01 20:10:43,754 INFO    SenderThread:18425 [dir_watcher.py:finish():315] scan save: /home/pfrod/architectures/wandb/run-20210201_201039-2qeobnm0/files/wandb-metadata.json wandb-metadata.json
2021-02-01 20:10:43,760 INFO    SenderThread:18425 [dir_watcher.py:finish():315] scan save: /home/pfrod/architectures/wandb/run-20210201_201039-2qeobnm0/files/output.log output.log
2021-02-01 20:10:43,761 DEBUG   Thread-13 :18425 [connectionpool.py:_new_conn():813] Starting new HTTPS connection (1): api.wandb.ai:443
2021-02-01 20:10:43,768 INFO    SenderThread:18425 [sender.py:send_request_defer():248] send defer: 5
2021-02-01 20:10:43,768 DEBUG   Thread-14 :18425 [connectionpool.py:_new_conn():813] Starting new HTTPS connection (1): api.wandb.ai:443
2021-02-01 20:10:43,770 DEBUG   HandlerThread:18425 [handler.py:handle_request():55] handle_request: defer
2021-02-01 20:10:43,770 INFO    HandlerThread:18425 [handler.py:handle_request_defer():69] handle defer: 5
2021-02-01 20:10:43,776 DEBUG   Thread-15 :18425 [connectionpool.py:_new_conn():813] Starting new HTTPS connection (1): api.wandb.ai:443
2021-02-01 20:10:43,777 DEBUG   SenderThread:18425 [sender.py:send():117] send: request
2021-02-01 20:10:43,777 DEBUG   SenderThread:18425 [sender.py:send_request():126] send_request: defer
2021-02-01 20:10:43,777 INFO    SenderThread:18425 [sender.py:send_request_defer():212] handle sender defer: 5
2021-02-01 20:10:43,778 INFO    SenderThread:18425 [file_pusher.py:finish():174] shutting down file pusher
2021-02-01 20:10:43,778 INFO    SenderThread:18425 [sender.py:send_request_defer():248] send defer: 6
2021-02-01 20:10:43,778 DEBUG   HandlerThread:18425 [handler.py:handle_request():55] handle_request: defer
2021-02-01 20:10:43,779 INFO    HandlerThread:18425 [handler.py:handle_request_defer():69] handle defer: 6
2021-02-01 20:10:43,779 DEBUG   SenderThread:18425 [sender.py:send():117] send: request
2021-02-01 20:10:43,779 DEBUG   SenderThread:18425 [sender.py:send_request():126] send_request: defer
2021-02-01 20:10:43,779 INFO    SenderThread:18425 [sender.py:send_request_defer():212] handle sender defer: 6
2021-02-01 20:10:43,928 DEBUG   Thread-5  :18425 [connectionpool.py:_make_request():393] https://api.wandb.ai:443 "POST /files/pfrodedelaforet/huggingface/2qeobnm0/file_stream HTTP/1.1" 200 None
2021-02-01 20:10:43,970 DEBUG   Thread-12 :18425 [connectionpool.py:_make_request():393] https://api.wandb.ai:443 "POST /graphql HTTP/1.1" 200 None
2021-02-01 20:10:43,974 DEBUG   Thread-13 :18425 [connectionpool.py:_make_request():393] https://api.wandb.ai:443 "POST /graphql HTTP/1.1" 200 None
2021-02-01 20:10:43,977 DEBUG   Thread-12 :18425 [connectionpool.py:_new_conn():813] Starting new HTTPS connection (1): storage.googleapis.com:443
2021-02-01 20:10:43,984 DEBUG   Thread-13 :18425 [connectionpool.py:_new_conn():813] Starting new HTTPS connection (1): storage.googleapis.com:443
2021-02-01 20:10:43,988 DEBUG   Thread-15 :18425 [connectionpool.py:_make_request():393] https://api.wandb.ai:443 "POST /graphql HTTP/1.1" 200 None
2021-02-01 20:10:43,994 DEBUG   Thread-15 :18425 [connectionpool.py:_new_conn():813] Starting new HTTPS connection (1): storage.googleapis.com:443
2021-02-01 20:10:43,995 DEBUG   Thread-14 :18425 [connectionpool.py:_make_request():393] https://api.wandb.ai:443 "POST /graphql HTTP/1.1" 200 None
2021-02-01 20:10:44,001 DEBUG   Thread-14 :18425 [connectionpool.py:_new_conn():813] Starting new HTTPS connection (1): storage.googleapis.com:443
2021-02-01 20:10:44,079 DEBUG   Thread-5  :18425 [connectionpool.py:_make_request():393] https://api.wandb.ai:443 "POST /files/pfrodedelaforet/huggingface/2qeobnm0/file_stream HTTP/1.1" 200 None
2021-02-01 20:10:44,082 INFO    SenderThread:18425 [sender.py:send_request_defer():248] send defer: 7
2021-02-01 20:10:44,083 DEBUG   HandlerThread:18425 [handler.py:handle_request():55] handle_request: defer
2021-02-01 20:10:44,083 INFO    HandlerThread:18425 [handler.py:handle_request_defer():69] handle defer: 7
2021-02-01 20:10:44,083 DEBUG   SenderThread:18425 [sender.py:send():117] send: request
2021-02-01 20:10:44,084 DEBUG   SenderThread:18425 [sender.py:send_request():126] send_request: defer
2021-02-01 20:10:44,084 INFO    SenderThread:18425 [sender.py:send_request_defer():212] handle sender defer: 7
2021-02-01 20:10:44,084 INFO    SenderThread:18425 [sender.py:send_request_defer():248] send defer: 8
2021-02-01 20:10:44,085 DEBUG   HandlerThread:18425 [handler.py:handle_request():55] handle_request: defer
2021-02-01 20:10:44,085 DEBUG   SenderThread:18425 [sender.py:send():117] send: final
2021-02-01 20:10:44,085 INFO    HandlerThread:18425 [handler.py:handle_request_defer():69] handle defer: 8
2021-02-01 20:10:44,085 DEBUG   SenderThread:18425 [sender.py:send():117] send: footer
2021-02-01 20:10:44,086 DEBUG   SenderThread:18425 [sender.py:send():117] send: request
2021-02-01 20:10:44,086 DEBUG   SenderThread:18425 [sender.py:send_request():126] send_request: defer
2021-02-01 20:10:44,086 INFO    SenderThread:18425 [sender.py:send_request_defer():212] handle sender defer: 8
2021-02-01 20:10:44,334 DEBUG   Thread-13 :18425 [connectionpool.py:_make_request():393] https://storage.googleapis.com:443 "PUT /wandb-production.appspot.com/pfrodedelaforet/huggingface/2qeobnm0/wandb-summary.json?Expires=1612293043&GoogleAccessId=wandb-production%40appspot.gserviceaccount.com&Signature=lkBmZ4HZpQS1UDyHIV66BY9nc%2FdRdRKaiXzXSC%2BlBfG8ef3Dnj9vOYf4r2wk8a%2F3AKHLn6RzTzlKMsFfwoRz9JyXHegj95aKJ4mYoPIBxmVMgfFfyLjYhu9RuF3ugRJuCudVxGvfyTbql4qGN9a6MJJDkviJiDav4a8ArGQkBRWE4lztViUN0VReCYLG1hcDdFGqt4pPYzgu4tcXhBgCCOI%2FdbcJAlBR6X3GLGFYHW1b1Lf%2Blpz8Lx%2BAWgTIweNPKevejPaXeAWQXmBL2%2B5wZH2oI%2BvjKv6Wy2ik1pWTZ93a2ahv0D31JtpTr3Mc9JjOcpOqetoH8Onzw0uIrJgcgw%3D%3D HTTP/1.1" 200 0
2021-02-01 20:10:44,336 INFO    Thread-13 :18425 [upload_job.py:push():133] Uploaded file /home/pfrod/architectures/wandb/run-20210201_201039-2qeobnm0/files/wandb-summary.json
2021-02-01 20:10:44,351 DEBUG   Thread-15 :18425 [connectionpool.py:_make_request():393] https://storage.googleapis.com:443 "PUT /wandb-production.appspot.com/pfrodedelaforet/huggingface/2qeobnm0/output.log?Expires=1612293043&GoogleAccessId=wandb-production%40appspot.gserviceaccount.com&Signature=WTDJEfajnZw6azl8Ni%2FWBqJ1G95jTyOsUttD8HJnSVKPDAO%2F%2FDtz89t78YV2WYMRTnRa%2B8T0r2NK3toVB4UPqWgI%2BvLOdKxGE0kGbV9Y4fWzhI6Ka6mJEFCji6lKCmUArNCOLU4XBhWWADNIq0RHynOzXYA6JouvFeJ9VmUpKoidQaFHiRGGBIhBw8aUPIqVlz8u4xf%2BbQcR2b5nZ6EWd6NbaWZwsPomYDfCJLFnXgVSPonhnk0Ce9vVB6yXETdyAXP8EUcGiDVsh4Pin9UWoJJ2s9bd%2BjHz%2BVLHiTyEgtdlrgcXEiJ1LartIilzSAd3n7uFZuFbLZyDD86TV853tA%3D%3D HTTP/1.1" 200 0
2021-02-01 20:10:44,353 INFO    Thread-15 :18425 [upload_job.py:push():133] Uploaded file /home/pfrod/architectures/wandb/run-20210201_201039-2qeobnm0/files/output.log
2021-02-01 20:10:44,354 DEBUG   Thread-14 :18425 [connectionpool.py:_make_request():393] https://storage.googleapis.com:443 "PUT /wandb-production.appspot.com/pfrodedelaforet/huggingface/2qeobnm0/requirements.txt?Expires=1612293043&GoogleAccessId=wandb-production%40appspot.gserviceaccount.com&Signature=kVktGYOBZy3fNp0mAKKGydg3zROWT9d04gTSV%2Fqkk0ONi1OquDms29KF5mlkUcS9SfkwWqZS1wIpBDJ7d1FbR1f%2FfVoA0MfMnYJ0hEcfUJNooNQU8hkaZEFutUN%2BZVoatzhaWkfbXj90JUdKrqCCRo6iEa3OsJloAp94f36ip%2BjbrLmDwAbexXbBjJPiFgjSzNrtq6wZOEwvtcPJQJMO5sR08i8c6wRMifFvj4U%2FMYhMVKjsE490XrC8roxVLLuQTHg5BRFQgGS4dOwg0%2Flr82DIhHXcpYKF1dILAquFWgKxXwJq0NpjKd59REYGKQeRuOelTbrgOBFnCUQ%2F3PG%2F1A%3D%3D HTTP/1.1" 200 0
2021-02-01 20:10:44,357 INFO    Thread-14 :18425 [upload_job.py:push():133] Uploaded file /home/pfrod/architectures/wandb/run-20210201_201039-2qeobnm0/files/requirements.txt
2021-02-01 20:10:44,378 DEBUG   Thread-12 :18425 [connectionpool.py:_make_request():393] https://storage.googleapis.com:443 "PUT /wandb-production.appspot.com/pfrodedelaforet/huggingface/2qeobnm0/config.yaml?Expires=1612293043&GoogleAccessId=wandb-production%40appspot.gserviceaccount.com&Signature=BRC84otSRQ5WaH95J0jiKZtvUR5wipPd%2Bsh1oIc4skQSFeJAkyHl1hY9hIW3SozXZxmM%2BKJoGa52LD4N%2FdGr3imcb5M6BIJhji6qnKhsS4VGexBbLY%2F%2BJIPz%2BhB%2BIWhNxIG6KCr%2B1KygdLNImJaGm7%2B6H%2B4D5grfvGC997hr9mQrR%2B7hgEWxK2qUID%2FuBzVlEdSofhClJOb8fxvmh5At5kKDojvqrngAk6tnwQMGGoao5z5vjwbozdYc1kU%2FmulsQXpsREZ%2FZPRbH3%2FqzKrp%2BZfw3sHvScsgqasd4LfakG1QoLc%2FHeAClYmC%2BY7o9cNTyoLh2OyWhb0SfHXbX1Jw5A%3D%3D HTTP/1.1" 200 0
2021-02-01 20:10:44,381 INFO    Thread-12 :18425 [upload_job.py:push():133] Uploaded file /home/pfrod/architectures/wandb/run-20210201_201039-2qeobnm0/files/config.yaml
2021-02-01 20:10:44,678 DEBUG   HandlerThread:18425 [handler.py:handle_request():55] handle_request: poll_exit
2021-02-01 20:10:44,679 DEBUG   SenderThread:18425 [sender.py:send():117] send: request
2021-02-01 20:10:44,679 DEBUG   SenderThread:18425 [sender.py:send_request():126] send_request: poll_exit
2021-02-01 20:10:44,679 INFO    SenderThread:18425 [file_pusher.py:join():179] waiting for file pusher
2021-02-01 20:10:44,681 DEBUG   HandlerThread:18425 [handler.py:handle_request():55] handle_request: get_summary
2021-02-01 20:10:44,683 DEBUG   HandlerThread:18425 [handler.py:handle_request():55] handle_request: sampled_history
2021-02-01 20:10:44,684 DEBUG   HandlerThread:18425 [handler.py:handle_request():55] handle_request: shutdown
2021-02-01 20:10:44,684 INFO    HandlerThread:18425 [handler.py:finish():274] shutting down handler
2021-02-01 20:10:45,085 INFO    WriterThread:18425 [datastore.py:close():258] close: /home/pfrod/architectures/wandb/run-20210201_201039-2qeobnm0/run-2qeobnm0.wandb
2021-02-01 20:10:45,680 INFO    SenderThread:18425 [sender.py:finish():756] shutting down sender
2021-02-01 20:10:45,680 INFO    SenderThread:18425 [file_pusher.py:finish():174] shutting down file pusher
2021-02-01 20:10:45,680 INFO    SenderThread:18425 [file_pusher.py:join():179] waiting for file pusher
2021-02-01 20:10:45,681 INFO    MainThread:18425 [internal.py:handle_exit():139] Internal process exited
