2021-02-01 15:47:49,059 INFO    MainThread:33308 [internal.py:wandb_internal():64] W&B internal server running at pid: 33308
2021-02-01 15:47:49,062 DEBUG   HandlerThread:33308 [handler.py:handle_request():55] handle_request: check_version
2021-02-01 15:47:49,063 INFO    WriterThread:33308 [datastore.py:open_for_write():77] open: /home/pfrod/architectures/wandb/run-20210201_154748-332g4z5w/run-332g4z5w.wandb
2021-02-01 15:47:49,065 DEBUG   SenderThread:33308 [sender.py:send():117] send: header
2021-02-01 15:47:49,065 DEBUG   SenderThread:33308 [sender.py:send():117] send: request
2021-02-01 15:47:49,065 DEBUG   SenderThread:33308 [sender.py:send_request():126] send_request: check_version
2021-02-01 15:47:49,071 DEBUG   Thread-4  :33308 [connectionpool.py:_new_conn():813] Starting new HTTPS connection (1): pypi.org:443
2021-02-01 15:47:49,155 DEBUG   Thread-4  :33308 [connectionpool.py:_make_request():393] https://pypi.org:443 "GET /pypi/wandb/json HTTP/1.1" 200 53088
2021-02-01 15:47:49,191 DEBUG   SenderThread:33308 [sender.py:send():117] send: run
2021-02-01 15:47:49,218 DEBUG   SenderThread:33308 [git.py:repo():33] git repository is invalid
2021-02-01 15:47:49,223 DEBUG   SenderThread:33308 [connectionpool.py:_new_conn():813] Starting new HTTPS connection (1): api.wandb.ai:443
2021-02-01 15:47:49,466 DEBUG   SenderThread:33308 [connectionpool.py:_make_request():393] https://api.wandb.ai:443 "POST /graphql HTTP/1.1" 200 None
2021-02-01 15:47:49,479 INFO    SenderThread:33308 [dir_watcher.py:__init__():165] watching files in: /home/pfrod/architectures/wandb/run-20210201_154748-332g4z5w/files
2021-02-01 15:47:49,479 INFO    SenderThread:33308 [sender.py:_start_run_threads():596] run started: 332g4z5w with start time 1612190868
2021-02-01 15:47:49,482 DEBUG   SenderThread:33308 [sender.py:send():117] send: summary
2021-02-01 15:47:49,483 INFO    SenderThread:33308 [sender.py:_save_file():682] saving file wandb-summary.json with policy end
2021-02-01 15:47:49,485 DEBUG   HandlerThread:33308 [handler.py:handle_request():55] handle_request: run_start
2021-02-01 15:47:50,099 DEBUG   HandlerThread:33308 [tpu_cluster_resolver.py:<module>():36] Falling back to TensorFlow client; we recommended you install the Cloud TPU client directly with pip install cloud-tpu-client.
2021-02-01 15:47:50,502 INFO    Thread-8  :33308 [dir_watcher.py:_on_file_created():213] file/dir created: /home/pfrod/architectures/wandb/run-20210201_154748-332g4z5w/files/wandb-summary.json
2021-02-01 15:47:51,099 DEBUG   HandlerThread:33308 [meta.py:__init__():34] meta init
2021-02-01 15:47:51,099 DEBUG   HandlerThread:33308 [meta.py:__init__():48] meta init done
2021-02-01 15:47:51,099 DEBUG   HandlerThread:33308 [meta.py:probe():190] probe
2021-02-01 15:47:51,105 DEBUG   HandlerThread:33308 [git.py:repo():33] git repository is invalid
2021-02-01 15:47:51,105 DEBUG   HandlerThread:33308 [meta.py:_save_pip():52] save pip
2021-02-01 15:47:51,105 DEBUG   HandlerThread:33308 [meta.py:_save_pip():66] save pip done
2021-02-01 15:47:51,105 DEBUG   HandlerThread:33308 [meta.py:probe():231] probe done
2021-02-01 15:47:51,108 DEBUG   SenderThread:33308 [sender.py:send():117] send: files
2021-02-01 15:47:51,109 INFO    SenderThread:33308 [sender.py:_save_file():682] saving file wandb-metadata.json with policy now
2021-02-01 15:47:51,118 DEBUG   Thread-11 :33308 [connectionpool.py:_new_conn():813] Starting new HTTPS connection (1): api.wandb.ai:443
2021-02-01 15:47:51,119 DEBUG   HandlerThread:33308 [handler.py:handle_request():55] handle_request: status
2021-02-01 15:47:51,120 DEBUG   SenderThread:33308 [sender.py:send():117] send: request
2021-02-01 15:47:51,120 DEBUG   SenderThread:33308 [sender.py:send_request():126] send_request: status
2021-02-01 15:47:51,125 DEBUG   SenderThread:33308 [connectionpool.py:_new_conn():813] Starting new HTTPS connection (1): api.wandb.ai:443
2021-02-01 15:47:51,323 DEBUG   SenderThread:33308 [connectionpool.py:_make_request():393] https://api.wandb.ai:443 "POST /graphql HTTP/1.1" 200 None
2021-02-01 15:47:51,328 DEBUG   Thread-11 :33308 [connectionpool.py:_make_request():393] https://api.wandb.ai:443 "POST /graphql HTTP/1.1" 200 None
2021-02-01 15:47:51,334 DEBUG   Thread-11 :33308 [connectionpool.py:_new_conn():813] Starting new HTTPS connection (1): storage.googleapis.com:443
2021-02-01 15:47:51,497 INFO    Thread-8  :33308 [dir_watcher.py:_on_file_created():213] file/dir created: /home/pfrod/architectures/wandb/run-20210201_154748-332g4z5w/files/requirements.txt
2021-02-01 15:47:51,498 INFO    Thread-8  :33308 [dir_watcher.py:_on_file_created():213] file/dir created: /home/pfrod/architectures/wandb/run-20210201_154748-332g4z5w/files/output.log
2021-02-01 15:47:51,499 INFO    Thread-8  :33308 [dir_watcher.py:_on_file_created():213] file/dir created: /home/pfrod/architectures/wandb/run-20210201_154748-332g4z5w/files/wandb-metadata.json
2021-02-01 15:47:51,717 DEBUG   Thread-11 :33308 [connectionpool.py:_make_request():393] https://storage.googleapis.com:443 "PUT /wandb-production.appspot.com/pfrodedelaforet/huggingface/332g4z5w/wandb-metadata.json?Expires=1612277271&GoogleAccessId=wandb-production%40appspot.gserviceaccount.com&Signature=b7ZIOVtjj1NHwBrcEIZ2neXMu49vVzQ6NedSg4eFSn8FnkAz358bPj9jy4yGBHNbX%2B0wvn3e5svLZB7buySUrUFab4PyFJYe9ayizBHKg1tDRJ2YIE2eJhRJDI1khrMrJHJP4sYxS%2F7iVJPXBz3EHdj%2BIEDMLt8%2FX%2BXGIPSxtXdhXvSJtyzYVQiAo8n8dvRS8I1RMK7fo2o9JYrKcQF3raKXwDZv2m26i9OMQ1QimdzMuzX3VpCKEsGoyfOPJbeh6VUhVv0nycCymyp8riLmhuXop%2FppuIFuKmpzO8BJgd8XmhxO0LvRd41gJp%2FMCkf27Z71kIofe2oGfKCKieNNMg%3D%3D HTTP/1.1" 200 0
2021-02-01 15:47:51,719 INFO    Thread-11 :33308 [upload_job.py:push():133] Uploaded file /tmp/tmps89twu5owandb/3v9vr7ua-wandb-metadata.json
2021-02-01 15:47:53,212 DEBUG   Thread-5  :33308 [connectionpool.py:_new_conn():813] Starting new HTTPS connection (1): api.wandb.ai:443
2021-02-01 15:47:53,214 DEBUG   HandlerThread:33308 [handler.py:handle_request():55] handle_request: poll_exit
2021-02-01 15:47:53,214 DEBUG   SenderThread:33308 [sender.py:send():117] send: telemetry
2021-02-01 15:47:53,226 DEBUG   SenderThread:33308 [connectionpool.py:_new_conn():813] Starting new HTTPS connection (1): api.wandb.ai:443
2021-02-01 15:47:53,449 DEBUG   Thread-5  :33308 [connectionpool.py:_make_request():393] https://api.wandb.ai:443 "POST /files/pfrodedelaforet/huggingface/332g4z5w/file_stream HTTP/1.1" 200 None
2021-02-01 15:47:53,499 INFO    Thread-8  :33308 [dir_watcher.py:_on_file_modified():226] file/dir modified: /home/pfrod/architectures/wandb/run-20210201_154748-332g4z5w/files/output.log
2021-02-01 15:47:53,547 DEBUG   SenderThread:33308 [connectionpool.py:_make_request():393] https://api.wandb.ai:443 "POST /graphql HTTP/1.1" 200 None
2021-02-01 15:47:53,579 DEBUG   SenderThread:33308 [sender.py:send():117] send: exit
2021-02-01 15:47:53,579 INFO    SenderThread:33308 [sender.py:send_exit():195] handling exit code: 1
2021-02-01 15:47:53,579 INFO    SenderThread:33308 [sender.py:send_exit():203] send defer
2021-02-01 15:47:53,579 DEBUG   SenderThread:33308 [sender.py:send():117] send: request
2021-02-01 15:47:53,580 DEBUG   SenderThread:33308 [sender.py:send_request():126] send_request: poll_exit
2021-02-01 15:47:53,580 DEBUG   HandlerThread:33308 [handler.py:handle_request():55] handle_request: defer
2021-02-01 15:47:53,581 INFO    HandlerThread:33308 [handler.py:handle_request_defer():69] handle defer: 0
2021-02-01 15:47:53,581 DEBUG   SenderThread:33308 [sender.py:send():117] send: request
2021-02-01 15:47:53,581 DEBUG   SenderThread:33308 [sender.py:send_request():126] send_request: defer
2021-02-01 15:47:53,581 INFO    SenderThread:33308 [sender.py:send_request_defer():212] handle sender defer: 0
2021-02-01 15:47:53,581 INFO    SenderThread:33308 [sender.py:send_request_defer():248] send defer: 1
2021-02-01 15:47:53,581 DEBUG   HandlerThread:33308 [handler.py:handle_request():55] handle_request: defer
2021-02-01 15:47:53,582 INFO    HandlerThread:33308 [handler.py:handle_request_defer():69] handle defer: 1
2021-02-01 15:47:53,639 DEBUG   SenderThread:33308 [sender.py:send():117] send: request
2021-02-01 15:47:53,639 DEBUG   SenderThread:33308 [sender.py:send_request():126] send_request: defer
2021-02-01 15:47:53,639 INFO    SenderThread:33308 [sender.py:send_request_defer():212] handle sender defer: 1
2021-02-01 15:47:53,640 INFO    SenderThread:33308 [sender.py:send_request_defer():248] send defer: 2
2021-02-01 15:47:53,640 DEBUG   SenderThread:33308 [sender.py:send():117] send: stats
2021-02-01 15:47:53,641 DEBUG   HandlerThread:33308 [handler.py:handle_request():55] handle_request: defer
2021-02-01 15:47:53,641 INFO    HandlerThread:33308 [handler.py:handle_request_defer():69] handle defer: 2
2021-02-01 15:47:53,641 DEBUG   SenderThread:33308 [sender.py:send():117] send: request
2021-02-01 15:47:53,641 DEBUG   SenderThread:33308 [sender.py:send_request():126] send_request: defer
2021-02-01 15:47:53,642 INFO    SenderThread:33308 [sender.py:send_request_defer():212] handle sender defer: 2
2021-02-01 15:47:53,642 INFO    SenderThread:33308 [sender.py:send_request_defer():248] send defer: 3
2021-02-01 15:47:53,642 DEBUG   HandlerThread:33308 [handler.py:handle_request():55] handle_request: defer
2021-02-01 15:47:53,642 INFO    HandlerThread:33308 [handler.py:handle_request_defer():69] handle defer: 3
2021-02-01 15:47:53,642 DEBUG   SenderThread:33308 [sender.py:send():117] send: summary
2021-02-01 15:47:53,643 INFO    SenderThread:33308 [sender.py:_save_file():682] saving file wandb-summary.json with policy end
2021-02-01 15:47:53,644 DEBUG   SenderThread:33308 [sender.py:send():117] send: request
2021-02-01 15:47:53,644 DEBUG   SenderThread:33308 [sender.py:send_request():126] send_request: defer
2021-02-01 15:47:53,644 INFO    SenderThread:33308 [sender.py:send_request_defer():212] handle sender defer: 3
2021-02-01 15:47:53,644 INFO    SenderThread:33308 [sender.py:send_request_defer():248] send defer: 4
2021-02-01 15:47:53,644 DEBUG   HandlerThread:33308 [handler.py:handle_request():55] handle_request: defer
2021-02-01 15:47:53,645 INFO    HandlerThread:33308 [handler.py:handle_request_defer():69] handle defer: 4
2021-02-01 15:47:53,645 DEBUG   SenderThread:33308 [sender.py:send():117] send: request
2021-02-01 15:47:53,645 DEBUG   SenderThread:33308 [sender.py:send_request():126] send_request: defer
2021-02-01 15:47:53,645 INFO    SenderThread:33308 [sender.py:send_request_defer():212] handle sender defer: 4
2021-02-01 15:47:53,645 INFO    SenderThread:33308 [dir_watcher.py:finish():279] shutting down directory watcher
2021-02-01 15:47:54,499 INFO    Thread-8  :33308 [dir_watcher.py:_on_file_modified():226] file/dir modified: /home/pfrod/architectures/wandb/run-20210201_154748-332g4z5w/files/config.yaml
2021-02-01 15:47:54,500 INFO    SenderThread:33308 [dir_watcher.py:_on_file_modified():226] file/dir modified: /home/pfrod/architectures/wandb/run-20210201_154748-332g4z5w/files/wandb-summary.json
2021-02-01 15:47:54,501 INFO    SenderThread:33308 [dir_watcher.py:finish():309] scan: /home/pfrod/architectures/wandb/run-20210201_154748-332g4z5w/files
2021-02-01 15:47:54,501 INFO    SenderThread:33308 [dir_watcher.py:finish():315] scan save: /home/pfrod/architectures/wandb/run-20210201_154748-332g4z5w/files/config.yaml config.yaml
2021-02-01 15:47:54,502 INFO    SenderThread:33308 [dir_watcher.py:finish():315] scan save: /home/pfrod/architectures/wandb/run-20210201_154748-332g4z5w/files/wandb-summary.json wandb-summary.json
2021-02-01 15:47:54,502 INFO    SenderThread:33308 [dir_watcher.py:finish():315] scan save: /home/pfrod/architectures/wandb/run-20210201_154748-332g4z5w/files/requirements.txt requirements.txt
2021-02-01 15:47:54,503 INFO    SenderThread:33308 [dir_watcher.py:finish():315] scan save: /home/pfrod/architectures/wandb/run-20210201_154748-332g4z5w/files/wandb-metadata.json wandb-metadata.json
2021-02-01 15:47:54,508 INFO    SenderThread:33308 [dir_watcher.py:finish():315] scan save: /home/pfrod/architectures/wandb/run-20210201_154748-332g4z5w/files/output.log output.log
2021-02-01 15:47:54,521 DEBUG   Thread-12 :33308 [connectionpool.py:_new_conn():813] Starting new HTTPS connection (1): api.wandb.ai:443
2021-02-01 15:47:54,522 DEBUG   Thread-14 :33308 [connectionpool.py:_new_conn():813] Starting new HTTPS connection (1): api.wandb.ai:443
2021-02-01 15:47:54,524 DEBUG   Thread-13 :33308 [connectionpool.py:_new_conn():813] Starting new HTTPS connection (1): api.wandb.ai:443
2021-02-01 15:47:54,524 INFO    SenderThread:33308 [sender.py:send_request_defer():248] send defer: 5
2021-02-01 15:47:54,532 DEBUG   Thread-15 :33308 [connectionpool.py:_new_conn():813] Starting new HTTPS connection (1): api.wandb.ai:443
2021-02-01 15:47:54,532 DEBUG   HandlerThread:33308 [handler.py:handle_request():55] handle_request: defer
2021-02-01 15:47:54,533 INFO    HandlerThread:33308 [handler.py:handle_request_defer():69] handle defer: 5
2021-02-01 15:47:54,533 DEBUG   SenderThread:33308 [sender.py:send():117] send: request
2021-02-01 15:47:54,533 DEBUG   SenderThread:33308 [sender.py:send_request():126] send_request: defer
2021-02-01 15:47:54,533 INFO    SenderThread:33308 [sender.py:send_request_defer():212] handle sender defer: 5
2021-02-01 15:47:54,533 INFO    SenderThread:33308 [file_pusher.py:finish():174] shutting down file pusher
2021-02-01 15:47:54,534 INFO    SenderThread:33308 [sender.py:send_request_defer():248] send defer: 6
2021-02-01 15:47:54,534 DEBUG   HandlerThread:33308 [handler.py:handle_request():55] handle_request: defer
2021-02-01 15:47:54,535 INFO    HandlerThread:33308 [handler.py:handle_request_defer():69] handle defer: 6
2021-02-01 15:47:54,535 DEBUG   SenderThread:33308 [sender.py:send():117] send: request
2021-02-01 15:47:54,535 DEBUG   SenderThread:33308 [sender.py:send_request():126] send_request: defer
2021-02-01 15:47:54,535 INFO    SenderThread:33308 [sender.py:send_request_defer():212] handle sender defer: 6
2021-02-01 15:47:54,710 DEBUG   Thread-5  :33308 [connectionpool.py:_make_request():393] https://api.wandb.ai:443 "POST /files/pfrodedelaforet/huggingface/332g4z5w/file_stream HTTP/1.1" 200 None
2021-02-01 15:47:54,735 DEBUG   Thread-14 :33308 [connectionpool.py:_make_request():393] https://api.wandb.ai:443 "POST /graphql HTTP/1.1" 200 None
2021-02-01 15:47:54,737 DEBUG   Thread-12 :33308 [connectionpool.py:_make_request():393] https://api.wandb.ai:443 "POST /graphql HTTP/1.1" 200 None
2021-02-01 15:47:54,738 DEBUG   Thread-15 :33308 [connectionpool.py:_make_request():393] https://api.wandb.ai:443 "POST /graphql HTTP/1.1" 200 None
2021-02-01 15:47:54,742 DEBUG   Thread-13 :33308 [connectionpool.py:_make_request():393] https://api.wandb.ai:443 "POST /graphql HTTP/1.1" 200 None
2021-02-01 15:47:54,744 DEBUG   Thread-14 :33308 [connectionpool.py:_new_conn():813] Starting new HTTPS connection (1): storage.googleapis.com:443
2021-02-01 15:47:54,755 DEBUG   Thread-12 :33308 [connectionpool.py:_new_conn():813] Starting new HTTPS connection (1): storage.googleapis.com:443
2021-02-01 15:47:54,761 DEBUG   Thread-15 :33308 [connectionpool.py:_new_conn():813] Starting new HTTPS connection (1): storage.googleapis.com:443
2021-02-01 15:47:54,765 DEBUG   Thread-13 :33308 [connectionpool.py:_new_conn():813] Starting new HTTPS connection (1): storage.googleapis.com:443
2021-02-01 15:47:54,873 DEBUG   Thread-5  :33308 [connectionpool.py:_make_request():393] https://api.wandb.ai:443 "POST /files/pfrodedelaforet/huggingface/332g4z5w/file_stream HTTP/1.1" 200 None
2021-02-01 15:47:54,877 INFO    SenderThread:33308 [sender.py:send_request_defer():248] send defer: 7
2021-02-01 15:47:54,878 DEBUG   HandlerThread:33308 [handler.py:handle_request():55] handle_request: defer
2021-02-01 15:47:54,878 INFO    HandlerThread:33308 [handler.py:handle_request_defer():69] handle defer: 7
2021-02-01 15:47:54,879 DEBUG   SenderThread:33308 [sender.py:send():117] send: request
2021-02-01 15:47:54,879 DEBUG   SenderThread:33308 [sender.py:send_request():126] send_request: defer
2021-02-01 15:47:54,879 INFO    SenderThread:33308 [sender.py:send_request_defer():212] handle sender defer: 7
2021-02-01 15:47:54,880 INFO    SenderThread:33308 [sender.py:send_request_defer():248] send defer: 8
2021-02-01 15:47:54,881 DEBUG   HandlerThread:33308 [handler.py:handle_request():55] handle_request: defer
2021-02-01 15:47:54,881 DEBUG   SenderThread:33308 [sender.py:send():117] send: final
2021-02-01 15:47:54,881 INFO    HandlerThread:33308 [handler.py:handle_request_defer():69] handle defer: 8
2021-02-01 15:47:54,882 DEBUG   SenderThread:33308 [sender.py:send():117] send: footer
2021-02-01 15:47:54,882 DEBUG   SenderThread:33308 [sender.py:send():117] send: request
2021-02-01 15:47:54,882 DEBUG   SenderThread:33308 [sender.py:send_request():126] send_request: defer
2021-02-01 15:47:54,883 INFO    SenderThread:33308 [sender.py:send_request_defer():212] handle sender defer: 8
2021-02-01 15:47:55,159 DEBUG   Thread-14 :33308 [connectionpool.py:_make_request():393] https://storage.googleapis.com:443 "PUT /wandb-production.appspot.com/pfrodedelaforet/huggingface/332g4z5w/requirements.txt?Expires=1612277274&GoogleAccessId=wandb-production%40appspot.gserviceaccount.com&Signature=DeWVQehFKYUkErm8liznp0X6SQlBpyvBZulNLpylTr6AnKI8g7NMJOsU%2F4qez5Mc6awV%2FVyileZmU0dxPGTFAcF0yHHZEnIeTmmDY5zeLcsT3y5UxIp2gslBWP3MwjF0gGDfrq3rBAARdPUmqi86hGFbwVUITjOBF1rui6lBuX4rUbjNb4pejB0RCSXnAChJt1%2FuCAaa2UAT4F405s0luoEpBveeqw446%2BdzoiUdNSgnvwhDBzhLeK5lt8IwvHB3VUKlb5lN7QNuVy3ZiDB4gRJ6prZBkQ%2BjaAwaiQd5IYaVFsgS8%2B9wniGhgs8prkwxaWDht%2Bkt6dvgZcBeb0BtpQ%3D%3D HTTP/1.1" 200 0
2021-02-01 15:47:55,162 INFO    Thread-14 :33308 [upload_job.py:push():133] Uploaded file /home/pfrod/architectures/wandb/run-20210201_154748-332g4z5w/files/requirements.txt
2021-02-01 15:47:55,174 DEBUG   Thread-13 :33308 [connectionpool.py:_make_request():393] https://storage.googleapis.com:443 "PUT /wandb-production.appspot.com/pfrodedelaforet/huggingface/332g4z5w/wandb-summary.json?Expires=1612277274&GoogleAccessId=wandb-production%40appspot.gserviceaccount.com&Signature=bDYmTGlwJ3svwW7Q1cUCXAv0y9RJ2ATl71NzIWjzeo6BrnsDZlEp%2BAsxdb8fcAKjm2NmGoM8plvDSktFKNOjmh9ms0VtwoPrzxi%2B7%2BY5WqTu6thZA7szsVyYQxokHPhC5QJXF5eQ8dX2GmeMkwUYN3L93mfScZCvJS2ZbJkYjhCWLskin5UjGG2cXk0hLaBXC%2FkpASHbmR6Wx0gcingq3PgsWj79889pWr81IraEB9RDoa02wrOht6tLiJ9fLrXnSlu44zeUU672K756hGHc0XWxyduBvsYu3N6FcfbTVMtckal%2B%2BqcTWK0Oz%2BAPlQK9AC5pbTAaCN0MOUwUmUBOgw%3D%3D HTTP/1.1" 200 0
2021-02-01 15:47:55,176 INFO    Thread-13 :33308 [upload_job.py:push():133] Uploaded file /home/pfrod/architectures/wandb/run-20210201_154748-332g4z5w/files/wandb-summary.json
2021-02-01 15:47:55,193 DEBUG   Thread-12 :33308 [connectionpool.py:_make_request():393] https://storage.googleapis.com:443 "PUT /wandb-production.appspot.com/pfrodedelaforet/huggingface/332g4z5w/config.yaml?Expires=1612277274&GoogleAccessId=wandb-production%40appspot.gserviceaccount.com&Signature=RF7ARjQ4H91ll0Z6K%2FDjYWWlgl7%2B7KdZzzSv9OOVcmms4mo7qcAPNWXraaJbYI65KeCjXgsEn%2BoLGI5W%2Frhny%2BkHqwgindnFe6FZBaPJAJ%2FvlT1i%2Bc9KiVqcYonJEJEkoC2Xi1MMU%2FgkbcvGA89%2FZkXesagPNNG7GngvftePaOMLvRa6ocvN0X%2BGCfeol3U8gRfZY8TjIaxyNORSs2Ae0ynGr7iFZXh9vXy4PTv6KjQnz7CprYHnYMKQx0lkW%2FZCif2O0stuVHaCrrrZbNVB3D75OIeMHHoQ9gc5%2F3f7OuKcnfWOSz33NF5zK8IgwwUXDXaMjLgkCMf4W9bgCesOrw%3D%3D HTTP/1.1" 200 0
2021-02-01 15:47:55,195 INFO    Thread-12 :33308 [upload_job.py:push():133] Uploaded file /home/pfrod/architectures/wandb/run-20210201_154748-332g4z5w/files/config.yaml
2021-02-01 15:47:55,205 DEBUG   Thread-15 :33308 [connectionpool.py:_make_request():393] https://storage.googleapis.com:443 "PUT /wandb-production.appspot.com/pfrodedelaforet/huggingface/332g4z5w/output.log?Expires=1612277274&GoogleAccessId=wandb-production%40appspot.gserviceaccount.com&Signature=SdYOMWOkDI10IyXgQq8y0JilDC6FUBV0i%2FrszioJpAWFAsYOCdOdYKYoEYkzbBrfDLcxgw3zmgdb%2FT15LNI1HXMTQSSlSdm72wjxw6e7LvNCyMIWG%2BON8OPrUXFTJqvvl1OPoxPGd%2FBgWGckhwlAwBcKYylf7s1E319vhSR5S6UeeLdH1fDSCQPsAXJn2heHmh5RnTkW8H%2FpfJsv00OrA2pjx6CA2sd%2BTt78H2Gjqa4QFi7D5rOi4AA6V7FGEAXoNXQAVqIw9D5SqXbLQKqIJEF6wW5baC2y46pKKt1NoC%2BLAhvg%2FgRFMg4o63PMLO8zk5Cst311T%2FXuxAqHZyB1TQ%3D%3D HTTP/1.1" 200 0
2021-02-01 15:47:55,208 INFO    Thread-15 :33308 [upload_job.py:push():133] Uploaded file /home/pfrod/architectures/wandb/run-20210201_154748-332g4z5w/files/output.log
2021-02-01 15:47:55,584 DEBUG   HandlerThread:33308 [handler.py:handle_request():55] handle_request: poll_exit
2021-02-01 15:47:55,584 DEBUG   SenderThread:33308 [sender.py:send():117] send: request
2021-02-01 15:47:55,584 DEBUG   SenderThread:33308 [sender.py:send_request():126] send_request: poll_exit
2021-02-01 15:47:55,585 INFO    SenderThread:33308 [file_pusher.py:join():179] waiting for file pusher
2021-02-01 15:47:55,587 DEBUG   HandlerThread:33308 [handler.py:handle_request():55] handle_request: get_summary
2021-02-01 15:47:55,588 DEBUG   HandlerThread:33308 [handler.py:handle_request():55] handle_request: sampled_history
2021-02-01 15:47:55,589 DEBUG   HandlerThread:33308 [handler.py:handle_request():55] handle_request: shutdown
2021-02-01 15:47:55,589 INFO    HandlerThread:33308 [handler.py:finish():274] shutting down handler
2021-02-01 15:47:55,881 INFO    WriterThread:33308 [datastore.py:close():258] close: /home/pfrod/architectures/wandb/run-20210201_154748-332g4z5w/run-332g4z5w.wandb
2021-02-01 15:47:56,585 INFO    SenderThread:33308 [sender.py:finish():756] shutting down sender
2021-02-01 15:47:56,585 INFO    SenderThread:33308 [file_pusher.py:finish():174] shutting down file pusher
2021-02-01 15:47:56,586 INFO    SenderThread:33308 [file_pusher.py:join():179] waiting for file pusher
2021-02-01 15:47:56,588 INFO    MainThread:33308 [internal.py:handle_exit():139] Internal process exited
