2021-02-01 16:24:03,014 INFO    MainThread:17000 [internal.py:wandb_internal():64] W&B internal server running at pid: 17000
2021-02-01 16:24:03,018 DEBUG   HandlerThread:17000 [handler.py:handle_request():55] handle_request: check_version
2021-02-01 16:24:03,018 INFO    WriterThread:17000 [datastore.py:open_for_write():77] open: /home/pfrod/architectures/wandb/run-20210201_162402-1sn9bhav/run-1sn9bhav.wandb
2021-02-01 16:24:03,020 DEBUG   SenderThread:17000 [sender.py:send():117] send: header
2021-02-01 16:24:03,021 DEBUG   SenderThread:17000 [sender.py:send():117] send: request
2021-02-01 16:24:03,021 DEBUG   SenderThread:17000 [sender.py:send_request():126] send_request: check_version
2021-02-01 16:24:03,025 DEBUG   Thread-4  :17000 [connectionpool.py:_new_conn():813] Starting new HTTPS connection (1): pypi.org:443
2021-02-01 16:24:03,110 DEBUG   Thread-4  :17000 [connectionpool.py:_make_request():393] https://pypi.org:443 "GET /pypi/wandb/json HTTP/1.1" 200 53088
2021-02-01 16:24:03,147 DEBUG   SenderThread:17000 [sender.py:send():117] send: run
2021-02-01 16:24:03,179 DEBUG   SenderThread:17000 [git.py:repo():33] git repository is invalid
2021-02-01 16:24:03,183 DEBUG   SenderThread:17000 [connectionpool.py:_new_conn():813] Starting new HTTPS connection (1): api.wandb.ai:443
2021-02-01 16:24:03,436 DEBUG   SenderThread:17000 [connectionpool.py:_make_request():393] https://api.wandb.ai:443 "POST /graphql HTTP/1.1" 200 None
2021-02-01 16:24:03,450 INFO    SenderThread:17000 [dir_watcher.py:__init__():165] watching files in: /home/pfrod/architectures/wandb/run-20210201_162402-1sn9bhav/files
2021-02-01 16:24:03,450 INFO    SenderThread:17000 [sender.py:_start_run_threads():596] run started: 1sn9bhav with start time 1612193042
2021-02-01 16:24:03,453 DEBUG   SenderThread:17000 [sender.py:send():117] send: summary
2021-02-01 16:24:03,453 INFO    SenderThread:17000 [sender.py:_save_file():682] saving file wandb-summary.json with policy end
2021-02-01 16:24:03,454 DEBUG   HandlerThread:17000 [handler.py:handle_request():55] handle_request: run_start
2021-02-01 16:24:04,023 DEBUG   HandlerThread:17000 [tpu_cluster_resolver.py:<module>():36] Falling back to TensorFlow client; we recommended you install the Cloud TPU client directly with pip install cloud-tpu-client.
2021-02-01 16:24:04,455 INFO    Thread-8  :17000 [dir_watcher.py:_on_file_created():213] file/dir created: /home/pfrod/architectures/wandb/run-20210201_162402-1sn9bhav/files/wandb-summary.json
2021-02-01 16:24:04,981 DEBUG   HandlerThread:17000 [meta.py:__init__():34] meta init
2021-02-01 16:24:04,981 DEBUG   HandlerThread:17000 [meta.py:__init__():48] meta init done
2021-02-01 16:24:04,981 DEBUG   HandlerThread:17000 [meta.py:probe():190] probe
2021-02-01 16:24:04,987 DEBUG   HandlerThread:17000 [git.py:repo():33] git repository is invalid
2021-02-01 16:24:04,988 DEBUG   HandlerThread:17000 [meta.py:_save_pip():52] save pip
2021-02-01 16:24:04,988 DEBUG   HandlerThread:17000 [meta.py:_save_pip():66] save pip done
2021-02-01 16:24:04,988 DEBUG   HandlerThread:17000 [meta.py:probe():231] probe done
2021-02-01 16:24:04,991 DEBUG   SenderThread:17000 [sender.py:send():117] send: files
2021-02-01 16:24:04,991 INFO    SenderThread:17000 [sender.py:_save_file():682] saving file wandb-metadata.json with policy now
2021-02-01 16:24:05,001 DEBUG   HandlerThread:17000 [handler.py:handle_request():55] handle_request: status
2021-02-01 16:24:05,001 DEBUG   SenderThread:17000 [sender.py:send():117] send: request
2021-02-01 16:24:05,002 DEBUG   Thread-11 :17000 [connectionpool.py:_new_conn():813] Starting new HTTPS connection (1): api.wandb.ai:443
2021-02-01 16:24:05,002 DEBUG   SenderThread:17000 [sender.py:send_request():126] send_request: status
2021-02-01 16:24:05,005 DEBUG   SenderThread:17000 [connectionpool.py:_new_conn():813] Starting new HTTPS connection (1): api.wandb.ai:443
2021-02-01 16:24:05,200 DEBUG   SenderThread:17000 [connectionpool.py:_make_request():393] https://api.wandb.ai:443 "POST /graphql HTTP/1.1" 200 None
2021-02-01 16:24:05,209 DEBUG   Thread-11 :17000 [connectionpool.py:_make_request():393] https://api.wandb.ai:443 "POST /graphql HTTP/1.1" 200 None
2021-02-01 16:24:05,214 DEBUG   Thread-11 :17000 [connectionpool.py:_new_conn():813] Starting new HTTPS connection (1): storage.googleapis.com:443
2021-02-01 16:24:05,453 INFO    Thread-8  :17000 [dir_watcher.py:_on_file_created():213] file/dir created: /home/pfrod/architectures/wandb/run-20210201_162402-1sn9bhav/files/wandb-metadata.json
2021-02-01 16:24:05,454 INFO    Thread-8  :17000 [dir_watcher.py:_on_file_created():213] file/dir created: /home/pfrod/architectures/wandb/run-20210201_162402-1sn9bhav/files/requirements.txt
2021-02-01 16:24:05,454 INFO    Thread-8  :17000 [dir_watcher.py:_on_file_created():213] file/dir created: /home/pfrod/architectures/wandb/run-20210201_162402-1sn9bhav/files/output.log
2021-02-01 16:24:05,640 DEBUG   Thread-11 :17000 [connectionpool.py:_make_request():393] https://storage.googleapis.com:443 "PUT /wandb-production.appspot.com/pfrodedelaforet/huggingface/1sn9bhav/wandb-metadata.json?Expires=1612279445&GoogleAccessId=wandb-production%40appspot.gserviceaccount.com&Signature=Km1Dn1u77YGthBc9rNbabFfQJ%2FdnxG84LR8C2bwDHyAKDVox%2FgncYIZp1wVwVfBAqL7wZ1hMpMBgQAQfDuAvdg5AqzNeqhXJy6KMotOKP1406XFCgf9OmNn7oWSVGY38Kcw8DZia5WFffBwuUckZxhMIEpLq0O4I3JDo8HFJlsIHd7W2Cu8vnl0sti5PqKPp%2BoybC8cI%2Fuc4f9A%2BRXpBWP2Q7uCi6jXLLJzMi7CWHAZxrGWPAl8zicGn1mrHEkS7xETQmZJAt%2BuKOPFHqjt9jLv5E2dgt4SuPeBWAa5NQGW%2FwWk5cXtkgjUZYnhBX%2FcGMVAqJwIBu5L8XsG%2FoczvLA%3D%3D HTTP/1.1" 200 0
2021-02-01 16:24:05,643 INFO    Thread-11 :17000 [upload_job.py:push():133] Uploaded file /tmp/tmp1p3q7ytcwandb/3rh1f8cv-wandb-metadata.json
2021-02-01 16:24:07,208 DEBUG   Thread-5  :17000 [connectionpool.py:_new_conn():813] Starting new HTTPS connection (1): api.wandb.ai:443
2021-02-01 16:24:07,231 DEBUG   HandlerThread:17000 [handler.py:handle_request():55] handle_request: poll_exit
2021-02-01 16:24:07,232 DEBUG   SenderThread:17000 [sender.py:send():117] send: telemetry
2021-02-01 16:24:07,246 DEBUG   SenderThread:17000 [connectionpool.py:_new_conn():813] Starting new HTTPS connection (1): api.wandb.ai:443
2021-02-01 16:24:07,445 DEBUG   Thread-5  :17000 [connectionpool.py:_make_request():393] https://api.wandb.ai:443 "POST /files/pfrodedelaforet/huggingface/1sn9bhav/file_stream HTTP/1.1" 200 None
2021-02-01 16:24:07,454 INFO    Thread-8  :17000 [dir_watcher.py:_on_file_modified():226] file/dir modified: /home/pfrod/architectures/wandb/run-20210201_162402-1sn9bhav/files/output.log
2021-02-01 16:24:07,479 DEBUG   SenderThread:17000 [connectionpool.py:_make_request():393] https://api.wandb.ai:443 "POST /graphql HTTP/1.1" 200 None
2021-02-01 16:24:07,522 DEBUG   SenderThread:17000 [sender.py:send():117] send: exit
2021-02-01 16:24:07,523 INFO    SenderThread:17000 [sender.py:send_exit():195] handling exit code: 1
2021-02-01 16:24:07,523 INFO    SenderThread:17000 [sender.py:send_exit():203] send defer
2021-02-01 16:24:07,523 DEBUG   SenderThread:17000 [sender.py:send():117] send: request
2021-02-01 16:24:07,523 DEBUG   SenderThread:17000 [sender.py:send_request():126] send_request: poll_exit
2021-02-01 16:24:07,524 DEBUG   HandlerThread:17000 [handler.py:handle_request():55] handle_request: defer
2021-02-01 16:24:07,524 INFO    HandlerThread:17000 [handler.py:handle_request_defer():69] handle defer: 0
2021-02-01 16:24:07,525 DEBUG   SenderThread:17000 [sender.py:send():117] send: request
2021-02-01 16:24:07,525 DEBUG   SenderThread:17000 [sender.py:send_request():126] send_request: defer
2021-02-01 16:24:07,525 INFO    SenderThread:17000 [sender.py:send_request_defer():212] handle sender defer: 0
2021-02-01 16:24:07,525 INFO    SenderThread:17000 [sender.py:send_request_defer():248] send defer: 1
2021-02-01 16:24:07,525 DEBUG   HandlerThread:17000 [handler.py:handle_request():55] handle_request: defer
2021-02-01 16:24:07,526 INFO    HandlerThread:17000 [handler.py:handle_request_defer():69] handle defer: 1
2021-02-01 16:24:07,618 DEBUG   SenderThread:17000 [sender.py:send():117] send: request
2021-02-01 16:24:07,619 DEBUG   SenderThread:17000 [sender.py:send_request():126] send_request: defer
2021-02-01 16:24:07,619 INFO    SenderThread:17000 [sender.py:send_request_defer():212] handle sender defer: 1
2021-02-01 16:24:07,619 INFO    SenderThread:17000 [sender.py:send_request_defer():248] send defer: 2
2021-02-01 16:24:07,619 DEBUG   SenderThread:17000 [sender.py:send():117] send: stats
2021-02-01 16:24:07,620 DEBUG   HandlerThread:17000 [handler.py:handle_request():55] handle_request: defer
2021-02-01 16:24:07,620 INFO    HandlerThread:17000 [handler.py:handle_request_defer():69] handle defer: 2
2021-02-01 16:24:07,621 DEBUG   SenderThread:17000 [sender.py:send():117] send: request
2021-02-01 16:24:07,621 DEBUG   SenderThread:17000 [sender.py:send_request():126] send_request: defer
2021-02-01 16:24:07,621 INFO    SenderThread:17000 [sender.py:send_request_defer():212] handle sender defer: 2
2021-02-01 16:24:07,621 INFO    SenderThread:17000 [sender.py:send_request_defer():248] send defer: 3
2021-02-01 16:24:07,621 DEBUG   HandlerThread:17000 [handler.py:handle_request():55] handle_request: defer
2021-02-01 16:24:07,621 INFO    HandlerThread:17000 [handler.py:handle_request_defer():69] handle defer: 3
2021-02-01 16:24:07,622 DEBUG   SenderThread:17000 [sender.py:send():117] send: summary
2021-02-01 16:24:07,622 INFO    SenderThread:17000 [sender.py:_save_file():682] saving file wandb-summary.json with policy end
2021-02-01 16:24:07,623 DEBUG   SenderThread:17000 [sender.py:send():117] send: request
2021-02-01 16:24:07,623 DEBUG   SenderThread:17000 [sender.py:send_request():126] send_request: defer
2021-02-01 16:24:07,623 INFO    SenderThread:17000 [sender.py:send_request_defer():212] handle sender defer: 3
2021-02-01 16:24:07,623 INFO    SenderThread:17000 [sender.py:send_request_defer():248] send defer: 4
2021-02-01 16:24:07,623 DEBUG   HandlerThread:17000 [handler.py:handle_request():55] handle_request: defer
2021-02-01 16:24:07,623 INFO    HandlerThread:17000 [handler.py:handle_request_defer():69] handle defer: 4
2021-02-01 16:24:07,624 DEBUG   SenderThread:17000 [sender.py:send():117] send: request
2021-02-01 16:24:07,624 DEBUG   SenderThread:17000 [sender.py:send_request():126] send_request: defer
2021-02-01 16:24:07,624 INFO    SenderThread:17000 [sender.py:send_request_defer():212] handle sender defer: 4
2021-02-01 16:24:07,624 INFO    SenderThread:17000 [dir_watcher.py:finish():279] shutting down directory watcher
2021-02-01 16:24:08,454 INFO    Thread-8  :17000 [dir_watcher.py:_on_file_modified():226] file/dir modified: /home/pfrod/architectures/wandb/run-20210201_162402-1sn9bhav/files/config.yaml
2021-02-01 16:24:08,455 INFO    SenderThread:17000 [dir_watcher.py:_on_file_modified():226] file/dir modified: /home/pfrod/architectures/wandb/run-20210201_162402-1sn9bhav/files/wandb-summary.json
2021-02-01 16:24:08,456 INFO    SenderThread:17000 [dir_watcher.py:finish():309] scan: /home/pfrod/architectures/wandb/run-20210201_162402-1sn9bhav/files
2021-02-01 16:24:08,456 INFO    SenderThread:17000 [dir_watcher.py:finish():315] scan save: /home/pfrod/architectures/wandb/run-20210201_162402-1sn9bhav/files/config.yaml config.yaml
2021-02-01 16:24:08,456 INFO    SenderThread:17000 [dir_watcher.py:finish():315] scan save: /home/pfrod/architectures/wandb/run-20210201_162402-1sn9bhav/files/wandb-summary.json wandb-summary.json
2021-02-01 16:24:08,456 INFO    SenderThread:17000 [dir_watcher.py:finish():315] scan save: /home/pfrod/architectures/wandb/run-20210201_162402-1sn9bhav/files/requirements.txt requirements.txt
2021-02-01 16:24:08,469 DEBUG   Thread-12 :17000 [connectionpool.py:_new_conn():813] Starting new HTTPS connection (1): api.wandb.ai:443
2021-02-01 16:24:08,471 DEBUG   Thread-13 :17000 [connectionpool.py:_new_conn():813] Starting new HTTPS connection (1): api.wandb.ai:443
2021-02-01 16:24:08,471 INFO    SenderThread:17000 [dir_watcher.py:finish():315] scan save: /home/pfrod/architectures/wandb/run-20210201_162402-1sn9bhav/files/wandb-metadata.json wandb-metadata.json
2021-02-01 16:24:08,472 INFO    SenderThread:17000 [dir_watcher.py:finish():315] scan save: /home/pfrod/architectures/wandb/run-20210201_162402-1sn9bhav/files/output.log output.log
2021-02-01 16:24:08,473 INFO    SenderThread:17000 [sender.py:send_request_defer():248] send defer: 5
2021-02-01 16:24:08,480 DEBUG   Thread-14 :17000 [connectionpool.py:_new_conn():813] Starting new HTTPS connection (1): api.wandb.ai:443
2021-02-01 16:24:08,487 DEBUG   Thread-15 :17000 [connectionpool.py:_new_conn():813] Starting new HTTPS connection (1): api.wandb.ai:443
2021-02-01 16:24:08,488 DEBUG   HandlerThread:17000 [handler.py:handle_request():55] handle_request: defer
2021-02-01 16:24:08,488 INFO    HandlerThread:17000 [handler.py:handle_request_defer():69] handle defer: 5
2021-02-01 16:24:08,488 DEBUG   SenderThread:17000 [sender.py:send():117] send: request
2021-02-01 16:24:08,488 DEBUG   SenderThread:17000 [sender.py:send_request():126] send_request: defer
2021-02-01 16:24:08,489 INFO    SenderThread:17000 [sender.py:send_request_defer():212] handle sender defer: 5
2021-02-01 16:24:08,489 INFO    SenderThread:17000 [file_pusher.py:finish():174] shutting down file pusher
2021-02-01 16:24:08,489 INFO    SenderThread:17000 [sender.py:send_request_defer():248] send defer: 6
2021-02-01 16:24:08,490 DEBUG   HandlerThread:17000 [handler.py:handle_request():55] handle_request: defer
2021-02-01 16:24:08,490 INFO    HandlerThread:17000 [handler.py:handle_request_defer():69] handle defer: 6
2021-02-01 16:24:08,490 DEBUG   SenderThread:17000 [sender.py:send():117] send: request
2021-02-01 16:24:08,490 DEBUG   SenderThread:17000 [sender.py:send_request():126] send_request: defer
2021-02-01 16:24:08,490 INFO    SenderThread:17000 [sender.py:send_request_defer():212] handle sender defer: 6
2021-02-01 16:24:08,670 DEBUG   Thread-5  :17000 [connectionpool.py:_make_request():393] https://api.wandb.ai:443 "POST /files/pfrodedelaforet/huggingface/1sn9bhav/file_stream HTTP/1.1" 200 None
2021-02-01 16:24:08,686 DEBUG   Thread-13 :17000 [connectionpool.py:_make_request():393] https://api.wandb.ai:443 "POST /graphql HTTP/1.1" 200 None
2021-02-01 16:24:08,691 DEBUG   Thread-12 :17000 [connectionpool.py:_make_request():393] https://api.wandb.ai:443 "POST /graphql HTTP/1.1" 200 None
2021-02-01 16:24:08,697 DEBUG   Thread-13 :17000 [connectionpool.py:_new_conn():813] Starting new HTTPS connection (1): storage.googleapis.com:443
2021-02-01 16:24:08,699 DEBUG   Thread-15 :17000 [connectionpool.py:_make_request():393] https://api.wandb.ai:443 "POST /graphql HTTP/1.1" 200 None
2021-02-01 16:24:08,702 DEBUG   Thread-12 :17000 [connectionpool.py:_new_conn():813] Starting new HTTPS connection (1): storage.googleapis.com:443
2021-02-01 16:24:08,703 DEBUG   Thread-14 :17000 [connectionpool.py:_make_request():393] https://api.wandb.ai:443 "POST /graphql HTTP/1.1" 200 None
2021-02-01 16:24:08,714 DEBUG   Thread-14 :17000 [connectionpool.py:_new_conn():813] Starting new HTTPS connection (1): storage.googleapis.com:443
2021-02-01 16:24:08,714 DEBUG   Thread-15 :17000 [connectionpool.py:_new_conn():813] Starting new HTTPS connection (1): storage.googleapis.com:443
2021-02-01 16:24:08,834 DEBUG   Thread-5  :17000 [connectionpool.py:_make_request():393] https://api.wandb.ai:443 "POST /files/pfrodedelaforet/huggingface/1sn9bhav/file_stream HTTP/1.1" 200 None
2021-02-01 16:24:08,837 INFO    SenderThread:17000 [sender.py:send_request_defer():248] send defer: 7
2021-02-01 16:24:08,838 DEBUG   HandlerThread:17000 [handler.py:handle_request():55] handle_request: defer
2021-02-01 16:24:08,838 INFO    HandlerThread:17000 [handler.py:handle_request_defer():69] handle defer: 7
2021-02-01 16:24:08,838 DEBUG   SenderThread:17000 [sender.py:send():117] send: request
2021-02-01 16:24:08,839 DEBUG   SenderThread:17000 [sender.py:send_request():126] send_request: defer
2021-02-01 16:24:08,839 INFO    SenderThread:17000 [sender.py:send_request_defer():212] handle sender defer: 7
2021-02-01 16:24:08,839 INFO    SenderThread:17000 [sender.py:send_request_defer():248] send defer: 8
2021-02-01 16:24:08,840 DEBUG   HandlerThread:17000 [handler.py:handle_request():55] handle_request: defer
2021-02-01 16:24:08,840 DEBUG   SenderThread:17000 [sender.py:send():117] send: final
2021-02-01 16:24:08,840 INFO    HandlerThread:17000 [handler.py:handle_request_defer():69] handle defer: 8
2021-02-01 16:24:08,840 DEBUG   SenderThread:17000 [sender.py:send():117] send: footer
2021-02-01 16:24:08,841 DEBUG   SenderThread:17000 [sender.py:send():117] send: request
2021-02-01 16:24:08,841 DEBUG   SenderThread:17000 [sender.py:send_request():126] send_request: defer
2021-02-01 16:24:08,841 INFO    SenderThread:17000 [sender.py:send_request_defer():212] handle sender defer: 8
2021-02-01 16:24:09,049 DEBUG   Thread-12 :17000 [connectionpool.py:_make_request():393] https://storage.googleapis.com:443 "PUT /wandb-production.appspot.com/pfrodedelaforet/huggingface/1sn9bhav/config.yaml?Expires=1612279448&GoogleAccessId=wandb-production%40appspot.gserviceaccount.com&Signature=gUxsfEYBwx5oDJfBF0JPTQon1xOS8ZGTA93gVzEa292BL7yu8iueVHGOGnHurG%2FOIBvxkzcABlBlFXM2tP%2BHSobr3Kk1eiyBP0fFFqwcparPAIngE%2Fd5GPRmkzLjSl%2B0jMPnaw%2BN5xo%2B8mEpjxWVhAzfEbtuv0%2BvAeyFrnsSNR4cT9EwiSwoZ40e2JdPfmYNfuZYA4cO2xwPoLKSTtdkaCql%2F73nY8ZXDyZcY1MxgsZOtmbzyhHvKcm2crU8ZXoDFPkpb5PnC0dlB0Y6mp8bS0PNBDHT%2BJxFsKdgqphywV5BbSrPJvLlLFN2MNpC4Pn4jAMGavTiwTcvo8pDR96X%2Bw%3D%3D HTTP/1.1" 200 0
2021-02-01 16:24:09,052 INFO    Thread-12 :17000 [upload_job.py:push():133] Uploaded file /home/pfrod/architectures/wandb/run-20210201_162402-1sn9bhav/files/config.yaml
2021-02-01 16:24:09,057 DEBUG   Thread-13 :17000 [connectionpool.py:_make_request():393] https://storage.googleapis.com:443 "PUT /wandb-production.appspot.com/pfrodedelaforet/huggingface/1sn9bhav/wandb-summary.json?Expires=1612279448&GoogleAccessId=wandb-production%40appspot.gserviceaccount.com&Signature=MnQPKevZVyykjICAd0C8T2Ln3bmLtkC7ocnQIqUt3SCE0Kx%2BN1QscIsVf1LFb7Bgj8wv1WT4VegfAZIBgTgtkb%2BkiRJPp%2BNTCIQ8a89EYkiMSHMJ1iJoRnKTQXSzgRwN8h2MYwiHJCEoIxJZ5QseWAUya7SfQcZicJyHgFtWAeHvBYp5MQyolSoHwL0LedSm15SopN%2Byp6fLPZ67RGQoyjrhSZb2kEMCkVomVXjMYG8Kq6fLP%2F4lo36W6EskHxo1s3NIp1qjnZYghlbiAeUzpr%2Fl5M2RvG4sEjnUimVtMDU%2FS99Wu7zurIxdtCNfGPqUsP4Rd2NQqmsvAEqYOYmztg%3D%3D HTTP/1.1" 200 0
2021-02-01 16:24:09,060 INFO    Thread-13 :17000 [upload_job.py:push():133] Uploaded file /home/pfrod/architectures/wandb/run-20210201_162402-1sn9bhav/files/wandb-summary.json
2021-02-01 16:24:09,062 DEBUG   Thread-14 :17000 [connectionpool.py:_make_request():393] https://storage.googleapis.com:443 "PUT /wandb-production.appspot.com/pfrodedelaforet/huggingface/1sn9bhav/requirements.txt?Expires=1612279448&GoogleAccessId=wandb-production%40appspot.gserviceaccount.com&Signature=cy2%2FLLa%2F17QDTX9pjGda3mgYnLvJZ6dlcP3blJ%2FKbTIH0pVlNO3sD8NTKnQuZaY5meypzf2wfFF%2FYYDCvYI80JPNuCUWmiVy3xn89jmXgTj0DQYKnJBhkti2sSPKdW1nPlOE1pxMp1BQiOP5f9KhjO0Yx0VA1rRQxyoA9b%2BAo3yv5yhz5152HAP7oB76HZyr28fduOi5m1zyf0fSZA5S4eg6%2BFQnRcbVuWshsg4S5ekRpYdE%2FBm3oE1QF11jaNEFmfuAyD9ygPyHMPm01N%2BHhLdRzZCSOcz2qviiIs5TVzH7gDjXblR6cHNqWxU%2FfpGRbJU%2FXIpcmI34KGZAZg9Myw%3D%3D HTTP/1.1" 200 0
2021-02-01 16:24:09,065 INFO    Thread-14 :17000 [upload_job.py:push():133] Uploaded file /home/pfrod/architectures/wandb/run-20210201_162402-1sn9bhav/files/requirements.txt
2021-02-01 16:24:09,077 DEBUG   Thread-15 :17000 [connectionpool.py:_make_request():393] https://storage.googleapis.com:443 "PUT /wandb-production.appspot.com/pfrodedelaforet/huggingface/1sn9bhav/output.log?Expires=1612279448&GoogleAccessId=wandb-production%40appspot.gserviceaccount.com&Signature=fuJ3rX92bd%2FDeXedWrv8Q%2BNkdFIx2bIWiuVLPbkQ0dcgC3Po6qWVSUacfhjA9N3ec3rpNerblA7Cv3LZDNFWIJgnmYXEHantJeSjea4XwtM6XhyaB7Uf5pic%2FzeFQji9A%2FBzfzMbcwHYBApG5buh38Az5zeAf%2Bq7%2BMMPO4Cq2cGo3v42nbotqgxpCwfTq6XcWJIXdVD0bzolIn%2Fl31ByfUoKNr99kk%2BYr2ZMH2mU9k5aEOOdMWaUVTGrewh1QOp7uTx7tQOGMNBd0tsk%2B0bfzvm5JmEtzPo9AempTR1CiUV9Pn%2Bg1JmmqdYQPKmjOSRmpxV8bA9BSOrVT9lBdtaNiQ%3D%3D HTTP/1.1" 200 0
2021-02-01 16:24:09,079 INFO    Thread-15 :17000 [upload_job.py:push():133] Uploaded file /home/pfrod/architectures/wandb/run-20210201_162402-1sn9bhav/files/output.log
2021-02-01 16:24:09,528 DEBUG   HandlerThread:17000 [handler.py:handle_request():55] handle_request: poll_exit
2021-02-01 16:24:09,528 DEBUG   SenderThread:17000 [sender.py:send():117] send: request
2021-02-01 16:24:09,528 DEBUG   SenderThread:17000 [sender.py:send_request():126] send_request: poll_exit
2021-02-01 16:24:09,529 INFO    SenderThread:17000 [file_pusher.py:join():179] waiting for file pusher
2021-02-01 16:24:09,531 DEBUG   HandlerThread:17000 [handler.py:handle_request():55] handle_request: get_summary
2021-02-01 16:24:09,532 DEBUG   HandlerThread:17000 [handler.py:handle_request():55] handle_request: sampled_history
2021-02-01 16:24:09,533 DEBUG   HandlerThread:17000 [handler.py:handle_request():55] handle_request: shutdown
2021-02-01 16:24:09,533 INFO    HandlerThread:17000 [handler.py:finish():274] shutting down handler
2021-02-01 16:24:09,840 INFO    WriterThread:17000 [datastore.py:close():258] close: /home/pfrod/architectures/wandb/run-20210201_162402-1sn9bhav/run-1sn9bhav.wandb
2021-02-01 16:24:10,529 INFO    SenderThread:17000 [sender.py:finish():756] shutting down sender
2021-02-01 16:24:10,530 INFO    SenderThread:17000 [file_pusher.py:finish():174] shutting down file pusher
2021-02-01 16:24:10,530 INFO    SenderThread:17000 [file_pusher.py:join():179] waiting for file pusher
2021-02-01 16:24:10,531 INFO    MainThread:17000 [internal.py:handle_exit():139] Internal process exited
