2021-02-01 12:04:27,750 INFO    MainThread:13131 [internal.py:wandb_internal():64] W&B internal server running at pid: 13131
2021-02-01 12:04:27,754 DEBUG   HandlerThread:13131 [handler.py:handle_request():55] handle_request: run_start
2021-02-01 12:04:27,754 INFO    WriterThread:13131 [datastore.py:open_for_write():77] open: /home/pfrod/architectures/wandb/offline-run-20210201_120427-h3yio35l/run-h3yio35l.wandb
2021-02-01 12:04:28,273 DEBUG   HandlerThread:13131 [tpu_cluster_resolver.py:<module>():36] Falling back to TensorFlow client; we recommended you install the Cloud TPU client directly with pip install cloud-tpu-client.
2021-02-01 12:04:29,164 DEBUG   HandlerThread:13131 [meta.py:__init__():34] meta init
2021-02-01 12:04:29,164 DEBUG   HandlerThread:13131 [meta.py:__init__():48] meta init done
2021-02-01 12:04:29,165 DEBUG   HandlerThread:13131 [meta.py:probe():190] probe
2021-02-01 12:04:29,170 DEBUG   HandlerThread:13131 [git.py:repo():33] git repository is invalid
2021-02-01 12:04:29,171 DEBUG   HandlerThread:13131 [meta.py:_save_pip():52] save pip
2021-02-01 12:04:29,171 DEBUG   HandlerThread:13131 [meta.py:_save_pip():66] save pip done
2021-02-01 12:04:29,171 DEBUG   HandlerThread:13131 [meta.py:probe():231] probe done
2021-02-01 12:04:31,317 DEBUG   HandlerThread:13131 [handler.py:handle_request():55] handle_request: poll_exit
2021-02-01 12:04:31,318 DEBUG   SenderThread:13131 [sender.py:send():117] send: exit
2021-02-01 12:04:31,318 INFO    SenderThread:13131 [sender.py:send_exit():195] handling exit code: 1
2021-02-01 12:04:31,319 INFO    SenderThread:13131 [sender.py:send_exit():203] send defer
2021-02-01 12:04:31,319 DEBUG   SenderThread:13131 [sender.py:send():117] send: request
2021-02-01 12:04:31,320 DEBUG   SenderThread:13131 [sender.py:send_request():126] send_request: poll_exit
2021-02-01 12:04:31,320 DEBUG   HandlerThread:13131 [handler.py:handle_request():55] handle_request: defer
2021-02-01 12:04:31,321 INFO    HandlerThread:13131 [handler.py:handle_request_defer():69] handle defer: 0
2021-02-01 12:04:31,321 DEBUG   SenderThread:13131 [sender.py:send():117] send: request
2021-02-01 12:04:31,321 DEBUG   SenderThread:13131 [sender.py:send_request():126] send_request: defer
2021-02-01 12:04:31,321 INFO    SenderThread:13131 [sender.py:send_request_defer():212] handle sender defer: 0
2021-02-01 12:04:31,322 INFO    SenderThread:13131 [sender.py:send_request_defer():248] send defer: 1
2021-02-01 12:04:31,322 DEBUG   HandlerThread:13131 [handler.py:handle_request():55] handle_request: defer
2021-02-01 12:04:31,322 INFO    HandlerThread:13131 [handler.py:handle_request_defer():69] handle defer: 1
2021-02-01 12:04:31,351 DEBUG   SenderThread:13131 [sender.py:send():117] send: request
2021-02-01 12:04:31,352 DEBUG   SenderThread:13131 [sender.py:send_request():126] send_request: defer
2021-02-01 12:04:31,352 INFO    SenderThread:13131 [sender.py:send_request_defer():212] handle sender defer: 1
2021-02-01 12:04:31,352 INFO    SenderThread:13131 [sender.py:send_request_defer():248] send defer: 2
2021-02-01 12:04:31,353 DEBUG   HandlerThread:13131 [handler.py:handle_request():55] handle_request: defer
2021-02-01 12:04:31,353 INFO    HandlerThread:13131 [handler.py:handle_request_defer():69] handle defer: 2
2021-02-01 12:04:31,353 DEBUG   SenderThread:13131 [sender.py:send():117] send: request
2021-02-01 12:04:31,353 DEBUG   SenderThread:13131 [sender.py:send_request():126] send_request: defer
2021-02-01 12:04:31,353 INFO    SenderThread:13131 [sender.py:send_request_defer():212] handle sender defer: 2
2021-02-01 12:04:31,353 INFO    SenderThread:13131 [sender.py:send_request_defer():248] send defer: 3
2021-02-01 12:04:31,353 DEBUG   HandlerThread:13131 [handler.py:handle_request():55] handle_request: defer
2021-02-01 12:04:31,354 INFO    HandlerThread:13131 [handler.py:handle_request_defer():69] handle defer: 3
2021-02-01 12:04:31,354 DEBUG   SenderThread:13131 [sender.py:send():117] send: request
2021-02-01 12:04:31,354 DEBUG   SenderThread:13131 [sender.py:send_request():126] send_request: defer
2021-02-01 12:04:31,354 INFO    SenderThread:13131 [sender.py:send_request_defer():212] handle sender defer: 3
2021-02-01 12:04:31,354 INFO    SenderThread:13131 [sender.py:send_request_defer():248] send defer: 4
2021-02-01 12:04:31,354 DEBUG   HandlerThread:13131 [handler.py:handle_request():55] handle_request: defer
2021-02-01 12:04:31,354 INFO    HandlerThread:13131 [handler.py:handle_request_defer():69] handle defer: 4
2021-02-01 12:04:31,355 DEBUG   SenderThread:13131 [sender.py:send():117] send: request
2021-02-01 12:04:31,355 DEBUG   SenderThread:13131 [sender.py:send_request():126] send_request: defer
2021-02-01 12:04:31,355 INFO    SenderThread:13131 [sender.py:send_request_defer():212] handle sender defer: 4
2021-02-01 12:04:31,355 INFO    SenderThread:13131 [sender.py:send_request_defer():248] send defer: 5
2021-02-01 12:04:31,355 DEBUG   HandlerThread:13131 [handler.py:handle_request():55] handle_request: defer
2021-02-01 12:04:31,355 INFO    HandlerThread:13131 [handler.py:handle_request_defer():69] handle defer: 5
2021-02-01 12:04:31,355 DEBUG   SenderThread:13131 [sender.py:send():117] send: request
2021-02-01 12:04:31,356 DEBUG   SenderThread:13131 [sender.py:send_request():126] send_request: defer
2021-02-01 12:04:31,356 INFO    SenderThread:13131 [sender.py:send_request_defer():212] handle sender defer: 5
2021-02-01 12:04:31,356 INFO    SenderThread:13131 [sender.py:send_request_defer():248] send defer: 6
2021-02-01 12:04:31,356 DEBUG   HandlerThread:13131 [handler.py:handle_request():55] handle_request: defer
2021-02-01 12:04:31,356 INFO    HandlerThread:13131 [handler.py:handle_request_defer():69] handle defer: 6
2021-02-01 12:04:31,356 DEBUG   SenderThread:13131 [sender.py:send():117] send: request
2021-02-01 12:04:31,356 DEBUG   SenderThread:13131 [sender.py:send_request():126] send_request: defer
2021-02-01 12:04:31,356 INFO    SenderThread:13131 [sender.py:send_request_defer():212] handle sender defer: 6
2021-02-01 12:04:31,356 INFO    SenderThread:13131 [sender.py:send_request_defer():248] send defer: 7
2021-02-01 12:04:31,357 DEBUG   HandlerThread:13131 [handler.py:handle_request():55] handle_request: defer
2021-02-01 12:04:31,357 INFO    HandlerThread:13131 [handler.py:handle_request_defer():69] handle defer: 7
2021-02-01 12:04:31,357 DEBUG   SenderThread:13131 [sender.py:send():117] send: request
2021-02-01 12:04:31,357 DEBUG   SenderThread:13131 [sender.py:send_request():126] send_request: defer
2021-02-01 12:04:31,357 INFO    SenderThread:13131 [sender.py:send_request_defer():212] handle sender defer: 7
2021-02-01 12:04:31,357 INFO    SenderThread:13131 [sender.py:send_request_defer():248] send defer: 8
2021-02-01 12:04:31,358 DEBUG   HandlerThread:13131 [handler.py:handle_request():55] handle_request: defer
2021-02-01 12:04:31,358 DEBUG   SenderThread:13131 [sender.py:send():117] send: final
2021-02-01 12:04:31,358 INFO    HandlerThread:13131 [handler.py:handle_request_defer():69] handle defer: 8
2021-02-01 12:04:31,358 DEBUG   SenderThread:13131 [sender.py:send():117] send: request
2021-02-01 12:04:31,358 DEBUG   SenderThread:13131 [sender.py:send_request():126] send_request: defer
2021-02-01 12:04:31,359 INFO    SenderThread:13131 [sender.py:send_request_defer():212] handle sender defer: 8
2021-02-01 12:04:33,324 DEBUG   HandlerThread:13131 [handler.py:handle_request():55] handle_request: poll_exit
2021-02-01 12:04:33,325 DEBUG   SenderThread:13131 [sender.py:send():117] send: request
2021-02-01 12:04:33,325 DEBUG   SenderThread:13131 [sender.py:send_request():126] send_request: poll_exit
2021-02-01 12:04:33,327 DEBUG   HandlerThread:13131 [handler.py:handle_request():55] handle_request: get_summary
2021-02-01 12:04:33,328 DEBUG   HandlerThread:13131 [handler.py:handle_request():55] handle_request: sampled_history
2021-02-01 12:04:33,328 DEBUG   HandlerThread:13131 [handler.py:handle_request():55] handle_request: shutdown
2021-02-01 12:04:33,328 INFO    HandlerThread:13131 [handler.py:finish():274] shutting down handler
2021-02-01 12:04:33,358 INFO    WriterThread:13131 [datastore.py:close():258] close: /home/pfrod/architectures/wandb/offline-run-20210201_120427-h3yio35l/run-h3yio35l.wandb
2021-02-01 12:04:34,325 INFO    SenderThread:13131 [sender.py:finish():756] shutting down sender
2021-02-01 12:04:34,327 INFO    MainThread:13131 [internal.py:handle_exit():139] Internal process exited
