2021-02-01 20:07:41,320 INFO    MainThread:16717 [internal.py:wandb_internal():64] W&B internal server running at pid: 16717
2021-02-01 20:07:41,326 DEBUG   HandlerThread:16717 [handler.py:handle_request():55] handle_request: check_version
2021-02-01 20:07:41,326 INFO    WriterThread:16717 [datastore.py:open_for_write():77] open: /home/pfrod/architectures/wandb/run-20210201_200740-722vfz6y/run-722vfz6y.wandb
2021-02-01 20:07:41,326 DEBUG   SenderThread:16717 [sender.py:send():117] send: header
2021-02-01 20:07:41,327 DEBUG   SenderThread:16717 [sender.py:send():117] send: request
2021-02-01 20:07:41,327 DEBUG   SenderThread:16717 [sender.py:send_request():126] send_request: check_version
2021-02-01 20:07:41,332 DEBUG   Thread-4  :16717 [connectionpool.py:_new_conn():813] Starting new HTTPS connection (1): pypi.org:443
2021-02-01 20:07:41,420 DEBUG   Thread-4  :16717 [connectionpool.py:_make_request():393] https://pypi.org:443 "GET /pypi/wandb/json HTTP/1.1" 200 53088
2021-02-01 20:07:41,457 DEBUG   SenderThread:16717 [sender.py:send():117] send: run
2021-02-01 20:07:41,486 DEBUG   SenderThread:16717 [git.py:repo():33] git repository is invalid
2021-02-01 20:07:41,490 DEBUG   SenderThread:16717 [connectionpool.py:_new_conn():813] Starting new HTTPS connection (1): api.wandb.ai:443
2021-02-01 20:07:41,722 DEBUG   SenderThread:16717 [connectionpool.py:_make_request():393] https://api.wandb.ai:443 "POST /graphql HTTP/1.1" 200 None
2021-02-01 20:07:41,734 INFO    SenderThread:16717 [dir_watcher.py:__init__():165] watching files in: /home/pfrod/architectures/wandb/run-20210201_200740-722vfz6y/files
2021-02-01 20:07:41,734 INFO    SenderThread:16717 [sender.py:_start_run_threads():596] run started: 722vfz6y with start time 1612206460
2021-02-01 20:07:41,738 DEBUG   SenderThread:16717 [sender.py:send():117] send: summary
2021-02-01 20:07:41,739 INFO    SenderThread:16717 [sender.py:_save_file():682] saving file wandb-summary.json with policy end
2021-02-01 20:07:41,741 DEBUG   HandlerThread:16717 [handler.py:handle_request():55] handle_request: run_start
2021-02-01 20:07:42,300 DEBUG   HandlerThread:16717 [tpu_cluster_resolver.py:<module>():36] Falling back to TensorFlow client; we recommended you install the Cloud TPU client directly with pip install cloud-tpu-client.
2021-02-01 20:07:42,739 INFO    Thread-8  :16717 [dir_watcher.py:_on_file_created():213] file/dir created: /home/pfrod/architectures/wandb/run-20210201_200740-722vfz6y/files/wandb-summary.json
2021-02-01 20:07:43,257 DEBUG   HandlerThread:16717 [meta.py:__init__():34] meta init
2021-02-01 20:07:43,257 DEBUG   HandlerThread:16717 [meta.py:__init__():48] meta init done
2021-02-01 20:07:43,257 DEBUG   HandlerThread:16717 [meta.py:probe():190] probe
2021-02-01 20:07:43,264 DEBUG   HandlerThread:16717 [git.py:repo():33] git repository is invalid
2021-02-01 20:07:43,264 DEBUG   HandlerThread:16717 [meta.py:_save_pip():52] save pip
2021-02-01 20:07:43,264 DEBUG   HandlerThread:16717 [meta.py:_save_pip():66] save pip done
2021-02-01 20:07:43,264 DEBUG   HandlerThread:16717 [meta.py:probe():231] probe done
2021-02-01 20:07:43,267 DEBUG   SenderThread:16717 [sender.py:send():117] send: files
2021-02-01 20:07:43,267 INFO    SenderThread:16717 [sender.py:_save_file():682] saving file wandb-metadata.json with policy now
2021-02-01 20:07:43,277 DEBUG   Thread-11 :16717 [connectionpool.py:_new_conn():813] Starting new HTTPS connection (1): api.wandb.ai:443
2021-02-01 20:07:43,278 DEBUG   HandlerThread:16717 [handler.py:handle_request():55] handle_request: status
2021-02-01 20:07:43,279 DEBUG   SenderThread:16717 [sender.py:send():117] send: request
2021-02-01 20:07:43,279 DEBUG   SenderThread:16717 [sender.py:send_request():126] send_request: status
2021-02-01 20:07:43,285 DEBUG   SenderThread:16717 [connectionpool.py:_new_conn():813] Starting new HTTPS connection (1): api.wandb.ai:443
2021-02-01 20:07:43,286 DEBUG   HandlerThread:16717 [handler.py:handle_request():55] handle_request: poll_exit
2021-02-01 20:07:43,492 DEBUG   Thread-11 :16717 [connectionpool.py:_make_request():393] https://api.wandb.ai:443 "POST /graphql HTTP/1.1" 200 None
2021-02-01 20:07:43,497 DEBUG   SenderThread:16717 [connectionpool.py:_make_request():393] https://api.wandb.ai:443 "POST /graphql HTTP/1.1" 200 None
2021-02-01 20:07:43,499 DEBUG   Thread-11 :16717 [connectionpool.py:_new_conn():813] Starting new HTTPS connection (1): storage.googleapis.com:443
2021-02-01 20:07:43,503 DEBUG   SenderThread:16717 [sender.py:send():117] send: telemetry
2021-02-01 20:07:43,515 DEBUG   SenderThread:16717 [connectionpool.py:_new_conn():813] Starting new HTTPS connection (1): api.wandb.ai:443
2021-02-01 20:07:43,730 DEBUG   SenderThread:16717 [connectionpool.py:_make_request():393] https://api.wandb.ai:443 "POST /graphql HTTP/1.1" 200 None
2021-02-01 20:07:43,764 DEBUG   SenderThread:16717 [sender.py:send():117] send: exit
2021-02-01 20:07:43,764 INFO    Thread-8  :16717 [dir_watcher.py:_on_file_modified():226] file/dir modified: /home/pfrod/architectures/wandb/run-20210201_200740-722vfz6y/files/config.yaml
2021-02-01 20:07:43,765 INFO    SenderThread:16717 [sender.py:send_exit():195] handling exit code: 1
2021-02-01 20:07:43,765 INFO    SenderThread:16717 [sender.py:send_exit():203] send defer
2021-02-01 20:07:43,765 DEBUG   SenderThread:16717 [sender.py:send():117] send: request
2021-02-01 20:07:43,765 DEBUG   SenderThread:16717 [sender.py:send_request():126] send_request: poll_exit
2021-02-01 20:07:43,766 INFO    Thread-8  :16717 [dir_watcher.py:_on_file_created():213] file/dir created: /home/pfrod/architectures/wandb/run-20210201_200740-722vfz6y/files/output.log
2021-02-01 20:07:43,767 DEBUG   HandlerThread:16717 [handler.py:handle_request():55] handle_request: defer
2021-02-01 20:07:43,767 INFO    Thread-8  :16717 [dir_watcher.py:_on_file_created():213] file/dir created: /home/pfrod/architectures/wandb/run-20210201_200740-722vfz6y/files/wandb-metadata.json
2021-02-01 20:07:43,767 INFO    HandlerThread:16717 [handler.py:handle_request_defer():69] handle defer: 0
2021-02-01 20:07:43,768 INFO    Thread-8  :16717 [dir_watcher.py:_on_file_created():213] file/dir created: /home/pfrod/architectures/wandb/run-20210201_200740-722vfz6y/files/requirements.txt
2021-02-01 20:07:43,768 DEBUG   SenderThread:16717 [sender.py:send():117] send: request
2021-02-01 20:07:43,768 DEBUG   SenderThread:16717 [sender.py:send_request():126] send_request: defer
2021-02-01 20:07:43,768 INFO    SenderThread:16717 [sender.py:send_request_defer():212] handle sender defer: 0
2021-02-01 20:07:43,768 INFO    SenderThread:16717 [sender.py:send_request_defer():248] send defer: 1
2021-02-01 20:07:43,769 DEBUG   HandlerThread:16717 [handler.py:handle_request():55] handle_request: defer
2021-02-01 20:07:43,769 INFO    HandlerThread:16717 [handler.py:handle_request_defer():69] handle defer: 1
2021-02-01 20:07:43,843 DEBUG   SenderThread:16717 [sender.py:send():117] send: request
2021-02-01 20:07:43,844 DEBUG   SenderThread:16717 [sender.py:send_request():126] send_request: defer
2021-02-01 20:07:43,844 INFO    SenderThread:16717 [sender.py:send_request_defer():212] handle sender defer: 1
2021-02-01 20:07:43,844 INFO    SenderThread:16717 [sender.py:send_request_defer():248] send defer: 2
2021-02-01 20:07:43,844 DEBUG   SenderThread:16717 [sender.py:send():117] send: stats
2021-02-01 20:07:43,845 DEBUG   HandlerThread:16717 [handler.py:handle_request():55] handle_request: defer
2021-02-01 20:07:43,848 INFO    HandlerThread:16717 [handler.py:handle_request_defer():69] handle defer: 2
2021-02-01 20:07:43,848 DEBUG   Thread-5  :16717 [connectionpool.py:_new_conn():813] Starting new HTTPS connection (1): api.wandb.ai:443
2021-02-01 20:07:43,848 DEBUG   SenderThread:16717 [sender.py:send():117] send: request
2021-02-01 20:07:43,849 DEBUG   SenderThread:16717 [sender.py:send_request():126] send_request: defer
2021-02-01 20:07:43,849 INFO    SenderThread:16717 [sender.py:send_request_defer():212] handle sender defer: 2
2021-02-01 20:07:43,849 INFO    SenderThread:16717 [sender.py:send_request_defer():248] send defer: 3
2021-02-01 20:07:43,850 DEBUG   HandlerThread:16717 [handler.py:handle_request():55] handle_request: defer
2021-02-01 20:07:43,850 INFO    HandlerThread:16717 [handler.py:handle_request_defer():69] handle defer: 3
2021-02-01 20:07:43,850 DEBUG   SenderThread:16717 [sender.py:send():117] send: summary
2021-02-01 20:07:43,851 INFO    SenderThread:16717 [sender.py:_save_file():682] saving file wandb-summary.json with policy end
2021-02-01 20:07:43,851 DEBUG   SenderThread:16717 [sender.py:send():117] send: request
2021-02-01 20:07:43,851 DEBUG   SenderThread:16717 [sender.py:send_request():126] send_request: defer
2021-02-01 20:07:43,851 INFO    SenderThread:16717 [sender.py:send_request_defer():212] handle sender defer: 3
2021-02-01 20:07:43,851 INFO    SenderThread:16717 [sender.py:send_request_defer():248] send defer: 4
2021-02-01 20:07:43,852 DEBUG   Thread-11 :16717 [connectionpool.py:_make_request():393] https://storage.googleapis.com:443 "PUT /wandb-production.appspot.com/pfrodedelaforet/huggingface/722vfz6y/wandb-metadata.json?Expires=1612292863&GoogleAccessId=wandb-production%40appspot.gserviceaccount.com&Signature=Flv3HmMmdhkf2EBGed9xeZP07ZlIK9PYxt4yy8RPYMt9Zko1gsltNeJqfbVKOtTgJ88Sbdu1BQlazYD24L3SnEfrRE9sAqD2T4OWyBwQ6B2%2BJ0zyvItLjGPl4UuXvzuW8de%2BXTEzL115xe0u5wLTVtEu9AmJHtXKJ8ERxrOShusOBMFFTHaS73Mx0Nq9SEsPd5RsC%2FYqanNbokGxB%2BmBmELRZjf7NTvdxii4Yt1vmfqNtx%2BtywHl%2BHLKdNUwz3gP%2BLBzHvyIqXoUPQehAW0mgi35SGhm2jpRn9oWHIEzopEnUbpN3TgdVttc15shqh0HNmKP2Nm7WDAzIZeFiHP1ww%3D%3D HTTP/1.1" 200 0
2021-02-01 20:07:43,855 INFO    Thread-11 :16717 [upload_job.py:push():133] Uploaded file /tmp/tmppxqbrj5vwandb/1pr37tnl-wandb-metadata.json
2021-02-01 20:07:43,856 DEBUG   HandlerThread:16717 [handler.py:handle_request():55] handle_request: defer
2021-02-01 20:07:43,856 INFO    HandlerThread:16717 [handler.py:handle_request_defer():69] handle defer: 4
2021-02-01 20:07:43,857 DEBUG   SenderThread:16717 [sender.py:send():117] send: request
2021-02-01 20:07:43,857 DEBUG   SenderThread:16717 [sender.py:send_request():126] send_request: defer
2021-02-01 20:07:43,857 INFO    SenderThread:16717 [sender.py:send_request_defer():212] handle sender defer: 4
2021-02-01 20:07:43,857 INFO    SenderThread:16717 [dir_watcher.py:finish():279] shutting down directory watcher
2021-02-01 20:07:44,076 DEBUG   Thread-5  :16717 [connectionpool.py:_make_request():393] https://api.wandb.ai:443 "POST /files/pfrodedelaforet/huggingface/722vfz6y/file_stream HTTP/1.1" 200 None
2021-02-01 20:07:44,765 INFO    Thread-8  :16717 [dir_watcher.py:_on_file_modified():226] file/dir modified: /home/pfrod/architectures/wandb/run-20210201_200740-722vfz6y/files/config.yaml
2021-02-01 20:07:44,766 INFO    SenderThread:16717 [dir_watcher.py:_on_file_modified():226] file/dir modified: /home/pfrod/architectures/wandb/run-20210201_200740-722vfz6y/files/wandb-summary.json
2021-02-01 20:07:44,766 INFO    SenderThread:16717 [dir_watcher.py:finish():309] scan: /home/pfrod/architectures/wandb/run-20210201_200740-722vfz6y/files
2021-02-01 20:07:44,767 INFO    SenderThread:16717 [dir_watcher.py:finish():315] scan save: /home/pfrod/architectures/wandb/run-20210201_200740-722vfz6y/files/config.yaml config.yaml
2021-02-01 20:07:44,767 INFO    SenderThread:16717 [dir_watcher.py:finish():315] scan save: /home/pfrod/architectures/wandb/run-20210201_200740-722vfz6y/files/wandb-summary.json wandb-summary.json
2021-02-01 20:07:44,767 INFO    SenderThread:16717 [dir_watcher.py:finish():315] scan save: /home/pfrod/architectures/wandb/run-20210201_200740-722vfz6y/files/requirements.txt requirements.txt
2021-02-01 20:07:44,768 INFO    SenderThread:16717 [dir_watcher.py:finish():315] scan save: /home/pfrod/architectures/wandb/run-20210201_200740-722vfz6y/files/wandb-metadata.json wandb-metadata.json
2021-02-01 20:07:44,768 INFO    SenderThread:16717 [dir_watcher.py:finish():315] scan save: /home/pfrod/architectures/wandb/run-20210201_200740-722vfz6y/files/output.log output.log
2021-02-01 20:07:44,769 INFO    SenderThread:16717 [sender.py:send_request_defer():248] send defer: 5
2021-02-01 20:07:44,780 DEBUG   Thread-13 :16717 [connectionpool.py:_new_conn():813] Starting new HTTPS connection (1): api.wandb.ai:443
2021-02-01 20:07:44,783 DEBUG   Thread-12 :16717 [connectionpool.py:_new_conn():813] Starting new HTTPS connection (1): api.wandb.ai:443
2021-02-01 20:07:44,796 DEBUG   Thread-15 :16717 [connectionpool.py:_new_conn():813] Starting new HTTPS connection (1): api.wandb.ai:443
2021-02-01 20:07:44,797 DEBUG   Thread-14 :16717 [connectionpool.py:_new_conn():813] Starting new HTTPS connection (1): api.wandb.ai:443
2021-02-01 20:07:44,798 DEBUG   HandlerThread:16717 [handler.py:handle_request():55] handle_request: defer
2021-02-01 20:07:44,799 INFO    HandlerThread:16717 [handler.py:handle_request_defer():69] handle defer: 5
2021-02-01 20:07:44,799 DEBUG   SenderThread:16717 [sender.py:send():117] send: request
2021-02-01 20:07:44,799 DEBUG   SenderThread:16717 [sender.py:send_request():126] send_request: defer
2021-02-01 20:07:44,799 INFO    SenderThread:16717 [sender.py:send_request_defer():212] handle sender defer: 5
2021-02-01 20:07:44,799 INFO    SenderThread:16717 [file_pusher.py:finish():174] shutting down file pusher
2021-02-01 20:07:44,799 INFO    SenderThread:16717 [sender.py:send_request_defer():248] send defer: 6
2021-02-01 20:07:44,800 DEBUG   HandlerThread:16717 [handler.py:handle_request():55] handle_request: defer
2021-02-01 20:07:44,800 INFO    HandlerThread:16717 [handler.py:handle_request_defer():69] handle defer: 6
2021-02-01 20:07:44,801 DEBUG   SenderThread:16717 [sender.py:send():117] send: request
2021-02-01 20:07:44,801 DEBUG   SenderThread:16717 [sender.py:send_request():126] send_request: defer
2021-02-01 20:07:44,801 INFO    SenderThread:16717 [sender.py:send_request_defer():212] handle sender defer: 6
2021-02-01 20:07:44,954 DEBUG   Thread-5  :16717 [connectionpool.py:_make_request():393] https://api.wandb.ai:443 "POST /files/pfrodedelaforet/huggingface/722vfz6y/file_stream HTTP/1.1" 200 None
2021-02-01 20:07:45,004 DEBUG   Thread-15 :16717 [connectionpool.py:_make_request():393] https://api.wandb.ai:443 "POST /graphql HTTP/1.1" 200 None
2021-02-01 20:07:45,008 DEBUG   Thread-13 :16717 [connectionpool.py:_make_request():393] https://api.wandb.ai:443 "POST /graphql HTTP/1.1" 200 None
2021-02-01 20:07:45,015 DEBUG   Thread-15 :16717 [connectionpool.py:_new_conn():813] Starting new HTTPS connection (1): storage.googleapis.com:443
2021-02-01 20:07:45,017 DEBUG   Thread-13 :16717 [connectionpool.py:_new_conn():813] Starting new HTTPS connection (1): storage.googleapis.com:443
2021-02-01 20:07:45,019 DEBUG   Thread-12 :16717 [connectionpool.py:_make_request():393] https://api.wandb.ai:443 "POST /graphql HTTP/1.1" 200 None
2021-02-01 20:07:45,020 DEBUG   Thread-14 :16717 [connectionpool.py:_make_request():393] https://api.wandb.ai:443 "POST /graphql HTTP/1.1" 200 None
2021-02-01 20:07:45,023 DEBUG   Thread-12 :16717 [connectionpool.py:_new_conn():813] Starting new HTTPS connection (1): storage.googleapis.com:443
2021-02-01 20:07:45,028 DEBUG   Thread-14 :16717 [connectionpool.py:_new_conn():813] Starting new HTTPS connection (1): storage.googleapis.com:443
2021-02-01 20:07:45,104 DEBUG   Thread-5  :16717 [connectionpool.py:_make_request():393] https://api.wandb.ai:443 "POST /files/pfrodedelaforet/huggingface/722vfz6y/file_stream HTTP/1.1" 200 None
2021-02-01 20:07:45,107 INFO    SenderThread:16717 [sender.py:send_request_defer():248] send defer: 7
2021-02-01 20:07:45,108 DEBUG   HandlerThread:16717 [handler.py:handle_request():55] handle_request: defer
2021-02-01 20:07:45,108 INFO    HandlerThread:16717 [handler.py:handle_request_defer():69] handle defer: 7
2021-02-01 20:07:45,108 DEBUG   SenderThread:16717 [sender.py:send():117] send: request
2021-02-01 20:07:45,108 DEBUG   SenderThread:16717 [sender.py:send_request():126] send_request: defer
2021-02-01 20:07:45,109 INFO    SenderThread:16717 [sender.py:send_request_defer():212] handle sender defer: 7
2021-02-01 20:07:45,109 INFO    SenderThread:16717 [sender.py:send_request_defer():248] send defer: 8
2021-02-01 20:07:45,110 DEBUG   HandlerThread:16717 [handler.py:handle_request():55] handle_request: defer
2021-02-01 20:07:45,110 DEBUG   SenderThread:16717 [sender.py:send():117] send: final
2021-02-01 20:07:45,110 INFO    HandlerThread:16717 [handler.py:handle_request_defer():69] handle defer: 8
2021-02-01 20:07:45,110 DEBUG   SenderThread:16717 [sender.py:send():117] send: footer
2021-02-01 20:07:45,111 DEBUG   SenderThread:16717 [sender.py:send():117] send: request
2021-02-01 20:07:45,111 DEBUG   SenderThread:16717 [sender.py:send_request():126] send_request: defer
2021-02-01 20:07:45,111 INFO    SenderThread:16717 [sender.py:send_request_defer():212] handle sender defer: 8
2021-02-01 20:07:45,373 DEBUG   Thread-15 :16717 [connectionpool.py:_make_request():393] https://storage.googleapis.com:443 "PUT /wandb-production.appspot.com/pfrodedelaforet/huggingface/722vfz6y/output.log?Expires=1612292864&GoogleAccessId=wandb-production%40appspot.gserviceaccount.com&Signature=VrCNl8Zbn3HS%2B5i%2F%2BZrhI1MSdQQuI2B5K0oGC%2F03Hm%2FwU63tfOGHmwMB47kWDYcNnmJKLbSEY6V7Qy0eP199zVMYL4fvpfJhSqceYOjSjk3EDwxCXOwNzWLr07Y870SQRJWrVeuExHEasDWgUJFl2XolY9KZKt%2BkT%2F3Qk0lRkSVm3Vc7fVAh6pn99o7cx%2BomhlXehYtQYRmvB2SeZtNlglpKUI8%2BYi4Ucw7zbHw6ZdY4vJloiU4PHb7cPZ4JNHYbc2V%2FO3uAl33fTSQ41HkcHbJ%2F0sdcuznrZosnGxJWo%2Fng3rdiWkCpgedBn3mTNkjDRo0mT2L0UIJJICBzSQLJeA%3D%3D HTTP/1.1" 200 0
2021-02-01 20:07:45,375 INFO    Thread-15 :16717 [upload_job.py:push():133] Uploaded file /home/pfrod/architectures/wandb/run-20210201_200740-722vfz6y/files/output.log
2021-02-01 20:07:45,383 DEBUG   Thread-14 :16717 [connectionpool.py:_make_request():393] https://storage.googleapis.com:443 "PUT /wandb-production.appspot.com/pfrodedelaforet/huggingface/722vfz6y/requirements.txt?Expires=1612292864&GoogleAccessId=wandb-production%40appspot.gserviceaccount.com&Signature=I66Rv6SOXduzQhvKuccG63jr96zXPtSReGl9Z1nt5gOoT%2BaqEXadQ6%2BkUGP%2FJHaWwhUpl%2FxeSykRE4BxhpKbeWG0AXwvcibjBcr9GfvvuelgkAcNpihtDdFVmKLHkBi41VomlsL64Ju8qnvhqWNBw2N%2BMEBiZ27JJERi%2BYIlypUaNhYVM%2BnEUs%2FWGuOnZ1oR7QCpQsXQeVBlZ7fuVFCAOVuLpgOTjH9Yx37AeTAN6s2x5TtF6c%2BnCQm79MwPgzAXzrK5BifA0E9NQ3XTl8UprJiTB6dlbBFIEfKNREcsPu%2BNqrhKuLuKF%2Fy9tDyyAMpvhEV34i3KjINffqpd8kU3xg%3D%3D HTTP/1.1" 200 0
2021-02-01 20:07:45,385 INFO    Thread-14 :16717 [upload_job.py:push():133] Uploaded file /home/pfrod/architectures/wandb/run-20210201_200740-722vfz6y/files/requirements.txt
2021-02-01 20:07:45,401 DEBUG   Thread-13 :16717 [connectionpool.py:_make_request():393] https://storage.googleapis.com:443 "PUT /wandb-production.appspot.com/pfrodedelaforet/huggingface/722vfz6y/wandb-summary.json?Expires=1612292864&GoogleAccessId=wandb-production%40appspot.gserviceaccount.com&Signature=H5KAJ0fcw0WIgf9YbP9eT70qzjgyoLz6XauyuSJobf2GVTLzLBgkKn86Wa1Pp74jPy7oRgCICfPbcCALYPtZvxT7mo91kVLR5Xxy8pb%2Fys%2BzUu%2BTVDp%2B5PBY220ywEj207golICa4MWfl1Q4pLuUSMrABf6OmnlTjl4B3R9NAa52PU%2BSCriFMP1iGKsfN%2BgS%2FsJSvD7mKRenAUC%2Bmabc3XC2NYMXgGdk7tavn7oOpio6SQITk4xbSwpHJFKS%2BrEb7T%2FixVdDEpb%2FsK9lBxJKvVwPZTjzxLhbFBzo%2BEYfsdxOHIinRM8wyud66FBHhfMtP2r17OvNkbv8V14wWXtuAg%3D%3D HTTP/1.1" 200 0
2021-02-01 20:07:45,403 INFO    Thread-13 :16717 [upload_job.py:push():133] Uploaded file /home/pfrod/architectures/wandb/run-20210201_200740-722vfz6y/files/wandb-summary.json
2021-02-01 20:07:45,445 DEBUG   Thread-12 :16717 [connectionpool.py:_make_request():393] https://storage.googleapis.com:443 "PUT /wandb-production.appspot.com/pfrodedelaforet/huggingface/722vfz6y/config.yaml?Expires=1612292864&GoogleAccessId=wandb-production%40appspot.gserviceaccount.com&Signature=IJ9XD0oT0nJyPzdDyjw6Lb2d5jZ7n5o273AOCAVSn29RoXPv63cx%2BXWqqMhZxvfMZ1S59Iv82FqKXbIdmuqOQuM4x8Ek%2BVUZiOrqTADjwqDyB2F9vVNgIHAwCdXXZSlSGAn1KT0HH5k8iDtEZeFr3tkBjOydCSfYJu2k2gwr7GKcOmos4bfweBZz4giYcsXRh7Q1BKvvfiLfyjvck31c1fQM35JokHZh0DAzZYlEf5xjfWNOdDz%2F5h7S0LerkS8%2B9ITW3CHvOn3CTNBztGg5Cyw8zvQX0GFAEATo%2FtSQijH8K17Vzedu5695Db5%2B9Rf6V%2B8YpngQ0%2BjJN79fezBlvw%3D%3D HTTP/1.1" 200 0
2021-02-01 20:07:45,447 INFO    Thread-12 :16717 [upload_job.py:push():133] Uploaded file /home/pfrod/architectures/wandb/run-20210201_200740-722vfz6y/files/config.yaml
2021-02-01 20:07:45,770 DEBUG   HandlerThread:16717 [handler.py:handle_request():55] handle_request: poll_exit
2021-02-01 20:07:45,770 DEBUG   SenderThread:16717 [sender.py:send():117] send: request
2021-02-01 20:07:45,771 DEBUG   SenderThread:16717 [sender.py:send_request():126] send_request: poll_exit
2021-02-01 20:07:45,771 INFO    SenderThread:16717 [file_pusher.py:join():179] waiting for file pusher
2021-02-01 20:07:45,772 DEBUG   HandlerThread:16717 [handler.py:handle_request():55] handle_request: get_summary
2021-02-01 20:07:45,773 DEBUG   HandlerThread:16717 [handler.py:handle_request():55] handle_request: sampled_history
2021-02-01 20:07:45,774 DEBUG   HandlerThread:16717 [handler.py:handle_request():55] handle_request: shutdown
2021-02-01 20:07:45,775 INFO    HandlerThread:16717 [handler.py:finish():274] shutting down handler
2021-02-01 20:07:46,110 INFO    WriterThread:16717 [datastore.py:close():258] close: /home/pfrod/architectures/wandb/run-20210201_200740-722vfz6y/run-722vfz6y.wandb
2021-02-01 20:07:46,771 INFO    SenderThread:16717 [sender.py:finish():756] shutting down sender
2021-02-01 20:07:46,771 INFO    SenderThread:16717 [file_pusher.py:finish():174] shutting down file pusher
2021-02-01 20:07:46,771 INFO    SenderThread:16717 [file_pusher.py:join():179] waiting for file pusher
2021-02-01 20:07:46,773 INFO    MainThread:16717 [internal.py:handle_exit():139] Internal process exited
