2021-02-01 15:03:54,723 INFO    MainThread:902 [internal.py:wandb_internal():64] W&B internal server running at pid: 902
2021-02-01 15:03:54,726 DEBUG   HandlerThread:902 [handler.py:handle_request():55] handle_request: check_version
2021-02-01 15:03:54,726 INFO    WriterThread:902 [datastore.py:open_for_write():77] open: /home/pfrod/architectures/wandb/run-20210201_150354-2uvwf77i/run-2uvwf77i.wandb
2021-02-01 15:03:54,728 DEBUG   SenderThread:902 [sender.py:send():117] send: header
2021-02-01 15:03:54,728 DEBUG   SenderThread:902 [sender.py:send():117] send: request
2021-02-01 15:03:54,728 DEBUG   SenderThread:902 [sender.py:send_request():126] send_request: check_version
2021-02-01 15:03:54,733 DEBUG   Thread-4  :902 [connectionpool.py:_new_conn():813] Starting new HTTPS connection (1): pypi.org:443
2021-02-01 15:03:54,881 DEBUG   Thread-4  :902 [connectionpool.py:_make_request():393] https://pypi.org:443 "GET /pypi/wandb/json HTTP/1.1" 200 53088
2021-02-01 15:03:54,917 DEBUG   SenderThread:902 [sender.py:send():117] send: run
2021-02-01 15:03:54,949 DEBUG   SenderThread:902 [git.py:repo():33] git repository is invalid
2021-02-01 15:03:54,953 DEBUG   SenderThread:902 [connectionpool.py:_new_conn():813] Starting new HTTPS connection (1): api.wandb.ai:443
2021-02-01 15:03:55,203 DEBUG   SenderThread:902 [connectionpool.py:_make_request():393] https://api.wandb.ai:443 "POST /graphql HTTP/1.1" 200 None
2021-02-01 15:03:55,214 INFO    SenderThread:902 [dir_watcher.py:__init__():165] watching files in: /home/pfrod/architectures/wandb/run-20210201_150354-2uvwf77i/files
2021-02-01 15:03:55,214 INFO    SenderThread:902 [sender.py:_start_run_threads():596] run started: 2uvwf77i with start time 1612188234
2021-02-01 15:03:55,218 DEBUG   SenderThread:902 [sender.py:send():117] send: summary
2021-02-01 15:03:55,219 INFO    SenderThread:902 [sender.py:_save_file():682] saving file wandb-summary.json with policy end
2021-02-01 15:03:55,221 DEBUG   HandlerThread:902 [handler.py:handle_request():55] handle_request: run_start
2021-02-01 15:03:55,752 DEBUG   HandlerThread:902 [tpu_cluster_resolver.py:<module>():36] Falling back to TensorFlow client; we recommended you install the Cloud TPU client directly with pip install cloud-tpu-client.
2021-02-01 15:03:56,218 INFO    Thread-8  :902 [dir_watcher.py:_on_file_created():213] file/dir created: /home/pfrod/architectures/wandb/run-20210201_150354-2uvwf77i/files/wandb-summary.json
2021-02-01 15:03:56,639 DEBUG   HandlerThread:902 [meta.py:__init__():34] meta init
2021-02-01 15:03:56,639 DEBUG   HandlerThread:902 [meta.py:__init__():48] meta init done
2021-02-01 15:03:56,639 DEBUG   HandlerThread:902 [meta.py:probe():190] probe
2021-02-01 15:03:56,645 DEBUG   HandlerThread:902 [git.py:repo():33] git repository is invalid
2021-02-01 15:03:56,645 DEBUG   HandlerThread:902 [meta.py:_save_pip():52] save pip
2021-02-01 15:03:56,645 DEBUG   HandlerThread:902 [meta.py:_save_pip():66] save pip done
2021-02-01 15:03:56,646 DEBUG   HandlerThread:902 [meta.py:probe():231] probe done
2021-02-01 15:03:56,648 DEBUG   SenderThread:902 [sender.py:send():117] send: files
2021-02-01 15:03:56,648 INFO    SenderThread:902 [sender.py:_save_file():682] saving file wandb-metadata.json with policy now
2021-02-01 15:03:56,655 DEBUG   HandlerThread:902 [handler.py:handle_request():55] handle_request: status
2021-02-01 15:03:56,656 DEBUG   SenderThread:902 [sender.py:send():117] send: request
2021-02-01 15:03:56,659 DEBUG   SenderThread:902 [sender.py:send_request():126] send_request: status
2021-02-01 15:03:56,663 DEBUG   SenderThread:902 [connectionpool.py:_new_conn():813] Starting new HTTPS connection (1): api.wandb.ai:443
2021-02-01 15:03:56,664 DEBUG   Thread-11 :902 [connectionpool.py:_new_conn():813] Starting new HTTPS connection (1): api.wandb.ai:443
2021-02-01 15:03:56,874 DEBUG   HandlerThread:902 [handler.py:handle_request():55] handle_request: poll_exit
2021-02-01 15:03:56,878 DEBUG   SenderThread:902 [connectionpool.py:_make_request():393] https://api.wandb.ai:443 "POST /graphql HTTP/1.1" 200 None
2021-02-01 15:03:56,882 DEBUG   SenderThread:902 [sender.py:send():117] send: telemetry
2021-02-01 15:03:56,893 DEBUG   SenderThread:902 [connectionpool.py:_new_conn():813] Starting new HTTPS connection (1): api.wandb.ai:443
2021-02-01 15:03:56,894 DEBUG   Thread-11 :902 [connectionpool.py:_make_request():393] https://api.wandb.ai:443 "POST /graphql HTTP/1.1" 200 None
2021-02-01 15:03:56,900 DEBUG   Thread-11 :902 [connectionpool.py:_new_conn():813] Starting new HTTPS connection (1): storage.googleapis.com:443
2021-02-01 15:03:57,106 DEBUG   SenderThread:902 [connectionpool.py:_make_request():393] https://api.wandb.ai:443 "POST /graphql HTTP/1.1" 200 None
2021-02-01 15:03:57,137 DEBUG   SenderThread:902 [sender.py:send():117] send: exit
2021-02-01 15:03:57,137 INFO    SenderThread:902 [sender.py:send_exit():195] handling exit code: 1
2021-02-01 15:03:57,137 INFO    SenderThread:902 [sender.py:send_exit():203] send defer
2021-02-01 15:03:57,137 DEBUG   SenderThread:902 [sender.py:send():117] send: request
2021-02-01 15:03:57,137 DEBUG   SenderThread:902 [sender.py:send_request():126] send_request: poll_exit
2021-02-01 15:03:57,138 DEBUG   HandlerThread:902 [handler.py:handle_request():55] handle_request: defer
2021-02-01 15:03:57,138 INFO    HandlerThread:902 [handler.py:handle_request_defer():69] handle defer: 0
2021-02-01 15:03:57,138 DEBUG   SenderThread:902 [sender.py:send():117] send: request
2021-02-01 15:03:57,138 DEBUG   SenderThread:902 [sender.py:send_request():126] send_request: defer
2021-02-01 15:03:57,138 INFO    SenderThread:902 [sender.py:send_request_defer():212] handle sender defer: 0
2021-02-01 15:03:57,138 INFO    SenderThread:902 [sender.py:send_request_defer():248] send defer: 1
2021-02-01 15:03:57,138 DEBUG   HandlerThread:902 [handler.py:handle_request():55] handle_request: defer
2021-02-01 15:03:57,139 INFO    HandlerThread:902 [handler.py:handle_request_defer():69] handle defer: 1
2021-02-01 15:03:57,215 INFO    Thread-8  :902 [dir_watcher.py:_on_file_modified():226] file/dir modified: /home/pfrod/architectures/wandb/run-20210201_150354-2uvwf77i/files/config.yaml
2021-02-01 15:03:57,216 INFO    Thread-8  :902 [dir_watcher.py:_on_file_created():213] file/dir created: /home/pfrod/architectures/wandb/run-20210201_150354-2uvwf77i/files/wandb-metadata.json
2021-02-01 15:03:57,216 INFO    Thread-8  :902 [dir_watcher.py:_on_file_created():213] file/dir created: /home/pfrod/architectures/wandb/run-20210201_150354-2uvwf77i/files/requirements.txt
2021-02-01 15:03:57,217 INFO    Thread-8  :902 [dir_watcher.py:_on_file_created():213] file/dir created: /home/pfrod/architectures/wandb/run-20210201_150354-2uvwf77i/files/output.log
2021-02-01 15:03:57,220 DEBUG   SenderThread:902 [sender.py:send():117] send: request
2021-02-01 15:03:57,220 DEBUG   SenderThread:902 [sender.py:send_request():126] send_request: defer
2021-02-01 15:03:57,221 INFO    SenderThread:902 [sender.py:send_request_defer():212] handle sender defer: 1
2021-02-01 15:03:57,221 INFO    SenderThread:902 [sender.py:send_request_defer():248] send defer: 2
2021-02-01 15:03:57,221 DEBUG   SenderThread:902 [sender.py:send():117] send: stats
2021-02-01 15:03:57,222 DEBUG   HandlerThread:902 [handler.py:handle_request():55] handle_request: defer
2021-02-01 15:03:57,225 DEBUG   Thread-5  :902 [connectionpool.py:_new_conn():813] Starting new HTTPS connection (1): api.wandb.ai:443
2021-02-01 15:03:57,225 INFO    HandlerThread:902 [handler.py:handle_request_defer():69] handle defer: 2
2021-02-01 15:03:57,226 DEBUG   SenderThread:902 [sender.py:send():117] send: request
2021-02-01 15:03:57,226 DEBUG   SenderThread:902 [sender.py:send_request():126] send_request: defer
2021-02-01 15:03:57,226 INFO    SenderThread:902 [sender.py:send_request_defer():212] handle sender defer: 2
2021-02-01 15:03:57,226 INFO    SenderThread:902 [sender.py:send_request_defer():248] send defer: 3
2021-02-01 15:03:57,227 DEBUG   HandlerThread:902 [handler.py:handle_request():55] handle_request: defer
2021-02-01 15:03:57,227 INFO    HandlerThread:902 [handler.py:handle_request_defer():69] handle defer: 3
2021-02-01 15:03:57,227 DEBUG   SenderThread:902 [sender.py:send():117] send: summary
2021-02-01 15:03:57,228 INFO    SenderThread:902 [sender.py:_save_file():682] saving file wandb-summary.json with policy end
2021-02-01 15:03:57,228 DEBUG   SenderThread:902 [sender.py:send():117] send: request
2021-02-01 15:03:57,228 DEBUG   SenderThread:902 [sender.py:send_request():126] send_request: defer
2021-02-01 15:03:57,228 INFO    SenderThread:902 [sender.py:send_request_defer():212] handle sender defer: 3
2021-02-01 15:03:57,228 INFO    SenderThread:902 [sender.py:send_request_defer():248] send defer: 4
2021-02-01 15:03:57,229 DEBUG   HandlerThread:902 [handler.py:handle_request():55] handle_request: defer
2021-02-01 15:03:57,229 INFO    HandlerThread:902 [handler.py:handle_request_defer():69] handle defer: 4
2021-02-01 15:03:57,229 DEBUG   SenderThread:902 [sender.py:send():117] send: request
2021-02-01 15:03:57,229 DEBUG   SenderThread:902 [sender.py:send_request():126] send_request: defer
2021-02-01 15:03:57,229 INFO    SenderThread:902 [sender.py:send_request_defer():212] handle sender defer: 4
2021-02-01 15:03:57,230 INFO    SenderThread:902 [dir_watcher.py:finish():279] shutting down directory watcher
2021-02-01 15:03:57,286 DEBUG   Thread-11 :902 [connectionpool.py:_make_request():393] https://storage.googleapis.com:443 "PUT /wandb-production.appspot.com/pfrodedelaforet/huggingface/2uvwf77i/wandb-metadata.json?Expires=1612274636&GoogleAccessId=wandb-production%40appspot.gserviceaccount.com&Signature=Hd5rZT80LUylba3vsYkCokPB4Ksafo%2Bed9h7HunUb33g%2B6wWbtZd9vFe2oZVBolewRqpmcfrQW7RlNpuTF9MPfcGyc6tcx7im22Gh%2F3Qz%2F1f0SGutK1I8jkewOr1mE6%2FxCLZXEOy4%2BK6M3N59eJsITyvNnmgl%2FEgYv6in4fCR7d9qQHBsH5O9X6Z5r0zesQ95vvJn9Os9JoLo11axAER87D8Lx1iMRsXtT5R6iv%2BtYRp58NAOY6AvxUA2KuvqBDl3YLxOaAVaMWIttCjXe5%2FR6Q%2F3vihZMrKfr0Py1j5lxDCCMjO4dJkBwgj3jJeKyLrd3tCMS79dij%2F%2F8ytTzzNcA%3D%3D HTTP/1.1" 200 0
2021-02-01 15:03:57,289 INFO    Thread-11 :902 [upload_job.py:push():133] Uploaded file /tmp/tmp7d3oai_awandb/3rnctv0o-wandb-metadata.json
2021-02-01 15:03:57,458 DEBUG   Thread-5  :902 [connectionpool.py:_make_request():393] https://api.wandb.ai:443 "POST /files/pfrodedelaforet/huggingface/2uvwf77i/file_stream HTTP/1.1" 200 None
2021-02-01 15:03:58,216 INFO    Thread-8  :902 [dir_watcher.py:_on_file_modified():226] file/dir modified: /home/pfrod/architectures/wandb/run-20210201_150354-2uvwf77i/files/wandb-summary.json
2021-02-01 15:03:58,217 INFO    SenderThread:902 [dir_watcher.py:finish():309] scan: /home/pfrod/architectures/wandb/run-20210201_150354-2uvwf77i/files
2021-02-01 15:03:58,217 INFO    SenderThread:902 [dir_watcher.py:finish():315] scan save: /home/pfrod/architectures/wandb/run-20210201_150354-2uvwf77i/files/config.yaml config.yaml
2021-02-01 15:03:58,218 INFO    SenderThread:902 [dir_watcher.py:finish():315] scan save: /home/pfrod/architectures/wandb/run-20210201_150354-2uvwf77i/files/wandb-summary.json wandb-summary.json
2021-02-01 15:03:58,218 INFO    SenderThread:902 [dir_watcher.py:finish():315] scan save: /home/pfrod/architectures/wandb/run-20210201_150354-2uvwf77i/files/requirements.txt requirements.txt
2021-02-01 15:03:58,218 INFO    SenderThread:902 [dir_watcher.py:finish():315] scan save: /home/pfrod/architectures/wandb/run-20210201_150354-2uvwf77i/files/wandb-metadata.json wandb-metadata.json
2021-02-01 15:03:58,218 INFO    SenderThread:902 [dir_watcher.py:finish():315] scan save: /home/pfrod/architectures/wandb/run-20210201_150354-2uvwf77i/files/output.log output.log
2021-02-01 15:03:58,226 DEBUG   Thread-12 :902 [connectionpool.py:_new_conn():813] Starting new HTTPS connection (1): api.wandb.ai:443
2021-02-01 15:03:58,238 DEBUG   Thread-13 :902 [connectionpool.py:_new_conn():813] Starting new HTTPS connection (1): api.wandb.ai:443
2021-02-01 15:03:58,241 DEBUG   Thread-14 :902 [connectionpool.py:_new_conn():813] Starting new HTTPS connection (1): api.wandb.ai:443
2021-02-01 15:03:58,241 INFO    SenderThread:902 [sender.py:send_request_defer():248] send defer: 5
2021-02-01 15:03:58,249 DEBUG   HandlerThread:902 [handler.py:handle_request():55] handle_request: defer
2021-02-01 15:03:58,249 DEBUG   Thread-15 :902 [connectionpool.py:_new_conn():813] Starting new HTTPS connection (1): api.wandb.ai:443
2021-02-01 15:03:58,249 INFO    HandlerThread:902 [handler.py:handle_request_defer():69] handle defer: 5
2021-02-01 15:03:58,250 DEBUG   SenderThread:902 [sender.py:send():117] send: request
2021-02-01 15:03:58,250 DEBUG   SenderThread:902 [sender.py:send_request():126] send_request: defer
2021-02-01 15:03:58,250 INFO    SenderThread:902 [sender.py:send_request_defer():212] handle sender defer: 5
2021-02-01 15:03:58,251 INFO    SenderThread:902 [file_pusher.py:finish():174] shutting down file pusher
2021-02-01 15:03:58,251 INFO    SenderThread:902 [sender.py:send_request_defer():248] send defer: 6
2021-02-01 15:03:58,251 DEBUG   HandlerThread:902 [handler.py:handle_request():55] handle_request: defer
2021-02-01 15:03:58,251 INFO    HandlerThread:902 [handler.py:handle_request_defer():69] handle defer: 6
2021-02-01 15:03:58,252 DEBUG   SenderThread:902 [sender.py:send():117] send: request
2021-02-01 15:03:58,252 DEBUG   SenderThread:902 [sender.py:send_request():126] send_request: defer
2021-02-01 15:03:58,252 INFO    SenderThread:902 [sender.py:send_request_defer():212] handle sender defer: 6
2021-02-01 15:03:58,401 DEBUG   Thread-5  :902 [connectionpool.py:_make_request():393] https://api.wandb.ai:443 "POST /files/pfrodedelaforet/huggingface/2uvwf77i/file_stream HTTP/1.1" 200 None
2021-02-01 15:03:58,482 DEBUG   Thread-15 :902 [connectionpool.py:_make_request():393] https://api.wandb.ai:443 "POST /graphql HTTP/1.1" 200 None
2021-02-01 15:03:58,489 DEBUG   Thread-15 :902 [connectionpool.py:_new_conn():813] Starting new HTTPS connection (1): storage.googleapis.com:443
2021-02-01 15:03:58,489 DEBUG   Thread-14 :902 [connectionpool.py:_make_request():393] https://api.wandb.ai:443 "POST /graphql HTTP/1.1" 200 None
2021-02-01 15:03:58,496 DEBUG   Thread-14 :902 [connectionpool.py:_new_conn():813] Starting new HTTPS connection (1): storage.googleapis.com:443
2021-02-01 15:03:58,498 DEBUG   Thread-13 :902 [connectionpool.py:_make_request():393] https://api.wandb.ai:443 "POST /graphql HTTP/1.1" 200 None
2021-02-01 15:03:58,504 DEBUG   Thread-13 :902 [connectionpool.py:_new_conn():813] Starting new HTTPS connection (1): storage.googleapis.com:443
2021-02-01 15:03:58,505 DEBUG   Thread-12 :902 [connectionpool.py:_make_request():393] https://api.wandb.ai:443 "POST /graphql HTTP/1.1" 200 None
2021-02-01 15:03:58,511 DEBUG   Thread-12 :902 [connectionpool.py:_new_conn():813] Starting new HTTPS connection (1): storage.googleapis.com:443
2021-02-01 15:03:58,552 DEBUG   Thread-5  :902 [connectionpool.py:_make_request():393] https://api.wandb.ai:443 "POST /files/pfrodedelaforet/huggingface/2uvwf77i/file_stream HTTP/1.1" 200 None
2021-02-01 15:03:58,554 INFO    SenderThread:902 [sender.py:send_request_defer():248] send defer: 7
2021-02-01 15:03:58,555 DEBUG   HandlerThread:902 [handler.py:handle_request():55] handle_request: defer
2021-02-01 15:03:58,555 INFO    HandlerThread:902 [handler.py:handle_request_defer():69] handle defer: 7
2021-02-01 15:03:58,555 DEBUG   SenderThread:902 [sender.py:send():117] send: request
2021-02-01 15:03:58,556 DEBUG   SenderThread:902 [sender.py:send_request():126] send_request: defer
2021-02-01 15:03:58,556 INFO    SenderThread:902 [sender.py:send_request_defer():212] handle sender defer: 7
2021-02-01 15:03:58,556 INFO    SenderThread:902 [sender.py:send_request_defer():248] send defer: 8
2021-02-01 15:03:58,556 DEBUG   SenderThread:902 [sender.py:send():117] send: final
2021-02-01 15:03:58,557 DEBUG   SenderThread:902 [sender.py:send():117] send: footer
2021-02-01 15:03:58,557 DEBUG   HandlerThread:902 [handler.py:handle_request():55] handle_request: defer
2021-02-01 15:03:58,557 INFO    HandlerThread:902 [handler.py:handle_request_defer():69] handle defer: 8
2021-02-01 15:03:58,557 DEBUG   SenderThread:902 [sender.py:send():117] send: request
2021-02-01 15:03:58,557 DEBUG   SenderThread:902 [sender.py:send_request():126] send_request: defer
2021-02-01 15:03:58,557 INFO    SenderThread:902 [sender.py:send_request_defer():212] handle sender defer: 8
2021-02-01 15:03:58,865 DEBUG   Thread-14 :902 [connectionpool.py:_make_request():393] https://storage.googleapis.com:443 "PUT /wandb-production.appspot.com/pfrodedelaforet/huggingface/2uvwf77i/requirements.txt?Expires=1612274638&GoogleAccessId=wandb-production%40appspot.gserviceaccount.com&Signature=Nyu%2FFrC4t20zDWJuZxyRcNqhRnKvJojDUJ6EMuT6g2mGkFmkJlea%2BVrbcmoa0xKqf1M5%2FkErnsVVh%2FRab0Ip4TA6DE36Qd755wzVC0E0klhyAbPAiIDeiG%2BT1bt6HJSPOY2ceS6D6aED%2Bcw898dBRQeYww8Ofol9M44lh5VdcC0JkiYQLWVSSzEIPemgUAc7ivR9g5F6aH4WgV6wnWpqPsGkwmiLFX9F9p7pYDvc9BR2zZCnAHGRXO2sxdQpRI0zdVIH%2F8V4MwYcZq2KGaZ4TwVWOGw7Uwx1c2TstULdZ02nop11GNjmafu5AJShjd8DbRZh5AyF%2BNruqP%2Fhoc%2FsQw%3D%3D HTTP/1.1" 200 0
2021-02-01 15:03:58,868 INFO    Thread-14 :902 [upload_job.py:push():133] Uploaded file /home/pfrod/architectures/wandb/run-20210201_150354-2uvwf77i/files/requirements.txt
2021-02-01 15:03:58,869 DEBUG   Thread-15 :902 [connectionpool.py:_make_request():393] https://storage.googleapis.com:443 "PUT /wandb-production.appspot.com/pfrodedelaforet/huggingface/2uvwf77i/output.log?Expires=1612274638&GoogleAccessId=wandb-production%40appspot.gserviceaccount.com&Signature=AQBEJlxhhW2I9ka0bzsbZm%2FaOuaDwAbxIfqLGYayOJ57SWUNlwKNrHkeWye65Tkg6lQoAGJxPA6qeJqjnrNcAOBneTDp4kCp%2FnFhtMKtFvHxBxsC4j%2FujnYauwhps8q9IDuAUq9I3O4i7dW%2Bj4GeUk50wqtFg5JjG%2FyeP8iiciB03rwnvyBZzLWTHWSMPJjGbNPKS%2B05ioeg7woinAq2uBtP8Jm3SIry799Ot%2FZ%2FUzneLUkdIXHrsKI2vDMkaLqBqTgwWonr9dc%2Bz5fyfxFMdyvDKT5sgrHb3mEEQ4qnUaFj5G5I%2BS6bGRSzsBD7dPuJdSqRGokGpSAW%2FZ5hGesSGA%3D%3D HTTP/1.1" 200 0
2021-02-01 15:03:58,872 INFO    Thread-15 :902 [upload_job.py:push():133] Uploaded file /home/pfrod/architectures/wandb/run-20210201_150354-2uvwf77i/files/output.log
2021-02-01 15:03:58,895 DEBUG   Thread-12 :902 [connectionpool.py:_make_request():393] https://storage.googleapis.com:443 "PUT /wandb-production.appspot.com/pfrodedelaforet/huggingface/2uvwf77i/config.yaml?Expires=1612274638&GoogleAccessId=wandb-production%40appspot.gserviceaccount.com&Signature=GMZPzuNoPevJ2rgZ5JmVsybUv7%2Frm0oslTlpC3AdmDMxMXbDPWYanK8Jf2yKnIPlJvKpjjwmrhwLNswC%2FH1j0paVXuKdRbF%2FnmbDH8pAmRRN9ZggnQ%2FqnHP0gY%2BkCIXo%2F3EVdjyqqYQKvoltLV2flCfEj6kWy5MZCF5EbDzAjykbaZqcCF15RO7MBMGYznHikecOAPTyZMDligfnvYM7AlpfoUiDIVzTP0tcITCJw3G3crK5gA5r3%2FcIvyUFZJa%2BhWd4BebYAYxxtZSlexq2rgYVs8P%2BKYjd%2BdKqXRoKeN4rhxhxW2W7d7OCjsMoFj%2BysJ1e%2FJP%2BsHerCwx7P58vaQ%3D%3D HTTP/1.1" 200 0
2021-02-01 15:03:58,897 INFO    Thread-12 :902 [upload_job.py:push():133] Uploaded file /home/pfrod/architectures/wandb/run-20210201_150354-2uvwf77i/files/config.yaml
2021-02-01 15:03:58,942 DEBUG   Thread-13 :902 [connectionpool.py:_make_request():393] https://storage.googleapis.com:443 "PUT /wandb-production.appspot.com/pfrodedelaforet/huggingface/2uvwf77i/wandb-summary.json?Expires=1612274638&GoogleAccessId=wandb-production%40appspot.gserviceaccount.com&Signature=MWbtx9K36%2BLlsjQ00CsKt68UJRyvjhpcwekVLFCkSmAdztUAJhJU8Pe9EO01zpxxoyq8cOGwOR%2FpX8vbcrGffXS7NrbI72S7KDOGdrtpVW5MaYVJub7wzBVKpiIV%2FEDJYkFCTpyWTe8yQ8eyywXFctOtYjhWhJa7NSB8wRZMihwXkkiEPJqdcJCTvlB7YZj5b6KsDtJbOYcVsPzYkKKgPyvrcMd%2BWS4olVWuXY4ddDC7Bo2O3ZZflUddAV1QFaZVraxi%2B9dLjOPIiEz0F3UrV86vn1J4NnibWs3NnqL9Vb8BzZcztL9B01LK%2B9PIb9w7xJBPRZqrfkHVWDIlWZE98A%3D%3D HTTP/1.1" 200 0
2021-02-01 15:03:58,945 INFO    Thread-13 :902 [upload_job.py:push():133] Uploaded file /home/pfrod/architectures/wandb/run-20210201_150354-2uvwf77i/files/wandb-summary.json
2021-02-01 15:03:59,141 DEBUG   HandlerThread:902 [handler.py:handle_request():55] handle_request: poll_exit
2021-02-01 15:03:59,142 DEBUG   SenderThread:902 [sender.py:send():117] send: request
2021-02-01 15:03:59,142 DEBUG   SenderThread:902 [sender.py:send_request():126] send_request: poll_exit
2021-02-01 15:04:01,146 DEBUG   HandlerThread:902 [handler.py:handle_request():55] handle_request: poll_exit
2021-02-01 15:04:01,147 DEBUG   SenderThread:902 [sender.py:send():117] send: request
2021-02-01 15:04:01,147 DEBUG   SenderThread:902 [sender.py:send_request():126] send_request: poll_exit
2021-02-01 15:04:01,147 INFO    SenderThread:902 [file_pusher.py:join():179] waiting for file pusher
2021-02-01 15:04:01,148 DEBUG   HandlerThread:902 [handler.py:handle_request():55] handle_request: get_summary
2021-02-01 15:04:01,149 DEBUG   HandlerThread:902 [handler.py:handle_request():55] handle_request: sampled_history
2021-02-01 15:04:01,150 DEBUG   HandlerThread:902 [handler.py:handle_request():55] handle_request: shutdown
2021-02-01 15:04:01,150 INFO    HandlerThread:902 [handler.py:finish():274] shutting down handler
2021-02-01 15:04:01,557 INFO    WriterThread:902 [datastore.py:close():258] close: /home/pfrod/architectures/wandb/run-20210201_150354-2uvwf77i/run-2uvwf77i.wandb
2021-02-01 15:04:02,147 INFO    SenderThread:902 [sender.py:finish():756] shutting down sender
2021-02-01 15:04:02,148 INFO    SenderThread:902 [file_pusher.py:finish():174] shutting down file pusher
2021-02-01 15:04:02,148 INFO    SenderThread:902 [file_pusher.py:join():179] waiting for file pusher
2021-02-01 15:04:02,149 INFO    MainThread:902 [internal.py:handle_exit():139] Internal process exited
