2021-02-01 19:24:00,258 INFO    MainThread:32237 [wandb_setup.py:_flush():70] setting env: {}
2021-02-01 19:24:00,258 INFO    MainThread:32237 [wandb_setup.py:_flush():70] multiprocessing start_methods=fork,spawn,forkserver
2021-02-01 19:24:00,258 INFO    MainThread:32237 [wandb_setup.py:_flush():70] setting login settings: {}
2021-02-01 19:24:00,258 INFO    MainThread:32237 [wandb_init.py:_log_setup():318] Logging user logs to /home/pfrod/architectures/wandb/run-20210201_192400-1ujbj180/logs/debug.log
2021-02-01 19:24:00,258 INFO    MainThread:32237 [wandb_init.py:_log_setup():319] Logging internal logs to /home/pfrod/architectures/wandb/run-20210201_192400-1ujbj180/logs/debug-internal.log
2021-02-01 19:24:02,918 INFO    MainThread:32237 [wandb_run.py:_console_start():1396] atexit reg
2021-02-01 19:24:02,919 INFO    MainThread:32237 [wandb_run.py:_redirect():1259] redirect: SettingsConsole.REDIRECT
2021-02-01 19:24:02,919 INFO    MainThread:32237 [wandb_run.py:_redirect():1264] Redirecting console.
2021-02-01 19:24:02,920 INFO    MainThread:32237 [redirect.py:install():213] install start
2021-02-01 19:24:02,920 INFO    MainThread:32237 [redirect.py:install():228] install stop
2021-02-01 19:24:02,920 INFO    MainThread:32237 [redirect.py:install():213] install start
2021-02-01 19:24:02,921 INFO    MainThread:32237 [redirect.py:install():228] install stop
2021-02-01 19:24:02,921 INFO    MainThread:32237 [wandb_run.py:_redirect():1310] Redirects installed.
2021-02-01 19:24:33,428 INFO    MainThread:32237 [wandb_run.py:_atexit_cleanup():1366] got exitcode: 1
2021-02-01 19:24:33,429 INFO    MainThread:32237 [wandb_run.py:_restore():1338] restore
2021-02-01 19:24:33,429 INFO    MainThread:32237 [redirect.py:uninstall():232] uninstall start
2021-02-01 19:24:33,429 INFO    MainThread:32237 [redirect.py:_stop():287] _stop: stdout
2021-02-01 19:24:33,429 INFO    MainThread:32237 [redirect.py:_stop():293] _stop closed: stdout
2021-02-01 19:24:33,429 INFO    stdout    :32237 [redirect.py:_pipe_relay():129] relay done saw last write: stdout
2021-02-01 19:24:33,429 INFO    stdout    :32237 [redirect.py:_pipe_relay():145] relay done done: stdout
2021-02-01 19:24:33,429 INFO    MainThread:32237 [redirect.py:_stop():299] _stop joined: stdout
2021-02-01 19:24:33,429 INFO    MainThread:32237 [redirect.py:_stop():301] _stop rd closed: stdout
2021-02-01 19:24:33,429 INFO    MainThread:32237 [redirect.py:uninstall():236] uninstall done
2021-02-01 19:24:33,429 INFO    MainThread:32237 [redirect.py:uninstall():232] uninstall start
2021-02-01 19:24:33,429 INFO    MainThread:32237 [redirect.py:_stop():287] _stop: stderr
2021-02-01 19:24:33,430 INFO    MainThread:32237 [redirect.py:_stop():293] _stop closed: stderr
2021-02-01 19:24:33,430 INFO    stderr    :32237 [redirect.py:_pipe_relay():129] relay done saw last write: stderr
2021-02-01 19:24:33,430 INFO    stderr    :32237 [redirect.py:_pipe_relay():145] relay done done: stderr
2021-02-01 19:24:33,430 INFO    MainThread:32237 [redirect.py:_stop():299] _stop joined: stderr
2021-02-01 19:24:33,430 INFO    MainThread:32237 [redirect.py:_stop():301] _stop rd closed: stderr
2021-02-01 19:24:33,430 INFO    MainThread:32237 [redirect.py:uninstall():236] uninstall done
2021-02-01 19:24:33,925 INFO    MainThread:32237 [wandb_run.py:_wait_for_finish():1489] got exit ret: file_counts {
  wandb_count: 1
}
pusher_stats {
  uploaded_bytes: 556
  total_bytes: 556
}

2021-02-01 19:24:35,931 INFO    MainThread:32237 [wandb_run.py:_wait_for_finish():1489] got exit ret: done: true
exit_result {
}
file_counts {
  wandb_count: 5
}
pusher_stats {
  uploaded_bytes: 17111
  total_bytes: 17111
}

2021-02-01 19:24:37,451 INFO    MainThread:32237 [wandb_run.py:_show_files():1711] logging synced files
2021-02-01 19:24:37,455 INFO    MainThread:32237 [internal.py:handle_exit():139] Internal process exited
