2021-02-01 19:51:14,439 INFO    MainThread:6624 [internal.py:wandb_internal():64] W&B internal server running at pid: 6624
2021-02-01 19:51:14,442 DEBUG   HandlerThread:6624 [handler.py:handle_request():55] handle_request: check_version
2021-02-01 19:51:14,442 INFO    WriterThread:6624 [datastore.py:open_for_write():77] open: /home/pfrod/architectures/wandb/run-20210201_195113-21zwmcea/run-21zwmcea.wandb
2021-02-01 19:51:14,444 DEBUG   SenderThread:6624 [sender.py:send():117] send: header
2021-02-01 19:51:14,445 DEBUG   SenderThread:6624 [sender.py:send():117] send: request
2021-02-01 19:51:14,445 DEBUG   SenderThread:6624 [sender.py:send_request():126] send_request: check_version
2021-02-01 19:51:14,449 DEBUG   Thread-4  :6624 [connectionpool.py:_new_conn():813] Starting new HTTPS connection (1): pypi.org:443
2021-02-01 19:51:14,533 DEBUG   Thread-4  :6624 [connectionpool.py:_make_request():393] https://pypi.org:443 "GET /pypi/wandb/json HTTP/1.1" 200 53088
2021-02-01 19:51:14,569 DEBUG   SenderThread:6624 [sender.py:send():117] send: run
2021-02-01 19:51:14,598 DEBUG   SenderThread:6624 [git.py:repo():33] git repository is invalid
2021-02-01 19:51:14,601 DEBUG   SenderThread:6624 [connectionpool.py:_new_conn():813] Starting new HTTPS connection (1): api.wandb.ai:443
2021-02-01 19:51:14,822 DEBUG   SenderThread:6624 [connectionpool.py:_make_request():393] https://api.wandb.ai:443 "POST /graphql HTTP/1.1" 200 None
2021-02-01 19:51:14,835 INFO    SenderThread:6624 [dir_watcher.py:__init__():165] watching files in: /home/pfrod/architectures/wandb/run-20210201_195113-21zwmcea/files
2021-02-01 19:51:14,835 INFO    SenderThread:6624 [sender.py:_start_run_threads():596] run started: 21zwmcea with start time 1612205473
2021-02-01 19:51:14,839 DEBUG   SenderThread:6624 [sender.py:send():117] send: summary
2021-02-01 19:51:14,839 INFO    SenderThread:6624 [sender.py:_save_file():682] saving file wandb-summary.json with policy end
2021-02-01 19:51:14,842 DEBUG   HandlerThread:6624 [handler.py:handle_request():55] handle_request: run_start
2021-02-01 19:51:15,362 DEBUG   HandlerThread:6624 [tpu_cluster_resolver.py:<module>():36] Falling back to TensorFlow client; we recommended you install the Cloud TPU client directly with pip install cloud-tpu-client.
2021-02-01 19:51:15,839 INFO    Thread-8  :6624 [dir_watcher.py:_on_file_created():213] file/dir created: /home/pfrod/architectures/wandb/run-20210201_195113-21zwmcea/files/wandb-summary.json
2021-02-01 19:51:16,254 DEBUG   HandlerThread:6624 [meta.py:__init__():34] meta init
2021-02-01 19:51:16,254 DEBUG   HandlerThread:6624 [meta.py:__init__():48] meta init done
2021-02-01 19:51:16,254 DEBUG   HandlerThread:6624 [meta.py:probe():190] probe
2021-02-01 19:51:16,260 DEBUG   HandlerThread:6624 [git.py:repo():33] git repository is invalid
2021-02-01 19:51:16,260 DEBUG   HandlerThread:6624 [meta.py:_save_pip():52] save pip
2021-02-01 19:51:16,260 DEBUG   HandlerThread:6624 [meta.py:_save_pip():66] save pip done
2021-02-01 19:51:16,260 DEBUG   HandlerThread:6624 [meta.py:probe():231] probe done
2021-02-01 19:51:16,263 DEBUG   SenderThread:6624 [sender.py:send():117] send: files
2021-02-01 19:51:16,263 INFO    SenderThread:6624 [sender.py:_save_file():682] saving file wandb-metadata.json with policy now
2021-02-01 19:51:16,273 DEBUG   HandlerThread:6624 [handler.py:handle_request():55] handle_request: status
2021-02-01 19:51:16,273 DEBUG   Thread-11 :6624 [connectionpool.py:_new_conn():813] Starting new HTTPS connection (1): api.wandb.ai:443
2021-02-01 19:51:16,274 DEBUG   SenderThread:6624 [sender.py:send():117] send: request
2021-02-01 19:51:16,274 DEBUG   SenderThread:6624 [sender.py:send_request():126] send_request: status
2021-02-01 19:51:16,279 DEBUG   SenderThread:6624 [connectionpool.py:_new_conn():813] Starting new HTTPS connection (1): api.wandb.ai:443
2021-02-01 19:51:16,481 DEBUG   SenderThread:6624 [connectionpool.py:_make_request():393] https://api.wandb.ai:443 "POST /graphql HTTP/1.1" 200 None
2021-02-01 19:51:16,488 DEBUG   Thread-11 :6624 [connectionpool.py:_make_request():393] https://api.wandb.ai:443 "POST /graphql HTTP/1.1" 200 None
2021-02-01 19:51:16,495 DEBUG   Thread-11 :6624 [connectionpool.py:_new_conn():813] Starting new HTTPS connection (1): storage.googleapis.com:443
2021-02-01 19:51:16,837 INFO    Thread-8  :6624 [dir_watcher.py:_on_file_created():213] file/dir created: /home/pfrod/architectures/wandb/run-20210201_195113-21zwmcea/files/output.log
2021-02-01 19:51:16,838 INFO    Thread-8  :6624 [dir_watcher.py:_on_file_created():213] file/dir created: /home/pfrod/architectures/wandb/run-20210201_195113-21zwmcea/files/wandb-metadata.json
2021-02-01 19:51:16,838 INFO    Thread-8  :6624 [dir_watcher.py:_on_file_created():213] file/dir created: /home/pfrod/architectures/wandb/run-20210201_195113-21zwmcea/files/requirements.txt
2021-02-01 19:51:16,876 DEBUG   Thread-11 :6624 [connectionpool.py:_make_request():393] https://storage.googleapis.com:443 "PUT /wandb-production.appspot.com/pfrodedelaforet/huggingface/21zwmcea/wandb-metadata.json?Expires=1612291876&GoogleAccessId=wandb-production%40appspot.gserviceaccount.com&Signature=C6YZtPC%2BKs9OaHAKEOnWmirJSbPyKdzu%2FIJBCNzioimF7XN82FgbTSsk6VRSkxjEobOU8n21uG0e8F7pbyH1a0qS3JgqKVw5t0MjJoa1MOQ2WdcP7XgtAjhK%2FKSN3ayE8WBGrF%2BR3XN8h%2F0BJkMuelAN0F4l2wlCVLYT8DA60o8y7TeU2fALLzRuoxxVtLh64rkCUTFvuMuA3FbggEwB0SVdrVWVnQIYiiZ9G3q1dJU3LWfKgETZjtyHxnysVMwJ7fEWnwB4KJKrOpkwIU3%2FN9yUN8kyu3OR7BjrOluTtL9Ara8rlsWIMCDfmy%2BANFp4ZFUQlFROE5y3vsBeUDnUpg%3D%3D HTTP/1.1" 200 0
2021-02-01 19:51:16,878 INFO    Thread-11 :6624 [upload_job.py:push():133] Uploaded file /tmp/tmpjww978chwandb/a0lyp3g2-wandb-metadata.json
2021-02-01 19:51:18,262 DEBUG   Thread-5  :6624 [connectionpool.py:_new_conn():813] Starting new HTTPS connection (1): api.wandb.ai:443
2021-02-01 19:51:18,490 DEBUG   Thread-5  :6624 [connectionpool.py:_make_request():393] https://api.wandb.ai:443 "POST /files/pfrodedelaforet/huggingface/21zwmcea/file_stream HTTP/1.1" 200 None
2021-02-01 19:51:18,838 INFO    Thread-8  :6624 [dir_watcher.py:_on_file_modified():226] file/dir modified: /home/pfrod/architectures/wandb/run-20210201_195113-21zwmcea/files/output.log
2021-02-01 19:51:19,707 DEBUG   SenderThread:6624 [sender.py:send():117] send: stats
2021-02-01 19:51:19,839 INFO    Thread-8  :6624 [dir_watcher.py:_on_file_modified():226] file/dir modified: /home/pfrod/architectures/wandb/run-20210201_195113-21zwmcea/files/output.log
2021-02-01 19:51:21,840 INFO    Thread-8  :6624 [dir_watcher.py:_on_file_modified():226] file/dir modified: /home/pfrod/architectures/wandb/run-20210201_195113-21zwmcea/files/output.log
2021-02-01 19:51:21,881 DEBUG   Thread-5  :6624 [connectionpool.py:_make_request():393] https://api.wandb.ai:443 "POST /files/pfrodedelaforet/huggingface/21zwmcea/file_stream HTTP/1.1" 200 None
2021-02-01 19:51:22,841 INFO    Thread-8  :6624 [dir_watcher.py:_on_file_modified():226] file/dir modified: /home/pfrod/architectures/wandb/run-20210201_195113-21zwmcea/files/output.log
2021-02-01 19:51:23,842 INFO    Thread-8  :6624 [dir_watcher.py:_on_file_modified():226] file/dir modified: /home/pfrod/architectures/wandb/run-20210201_195113-21zwmcea/files/output.log
2021-02-01 19:51:24,111 DEBUG   Thread-5  :6624 [connectionpool.py:_make_request():393] https://api.wandb.ai:443 "POST /files/pfrodedelaforet/huggingface/21zwmcea/file_stream HTTP/1.1" 200 None
2021-02-01 19:51:24,224 DEBUG   SenderThread:6624 [sender.py:send():117] send: stats
2021-02-01 19:51:24,842 INFO    Thread-8  :6624 [dir_watcher.py:_on_file_modified():226] file/dir modified: /home/pfrod/architectures/wandb/run-20210201_195113-21zwmcea/files/output.log
2021-02-01 19:51:25,843 INFO    Thread-8  :6624 [dir_watcher.py:_on_file_modified():226] file/dir modified: /home/pfrod/architectures/wandb/run-20210201_195113-21zwmcea/files/output.log
2021-02-01 19:51:26,349 DEBUG   Thread-5  :6624 [connectionpool.py:_make_request():393] https://api.wandb.ai:443 "POST /files/pfrodedelaforet/huggingface/21zwmcea/file_stream HTTP/1.1" 200 None
2021-02-01 19:51:26,844 INFO    Thread-8  :6624 [dir_watcher.py:_on_file_modified():226] file/dir modified: /home/pfrod/architectures/wandb/run-20210201_195113-21zwmcea/files/output.log
2021-02-01 19:51:27,844 INFO    Thread-8  :6624 [dir_watcher.py:_on_file_modified():226] file/dir modified: /home/pfrod/architectures/wandb/run-20210201_195113-21zwmcea/files/output.log
2021-02-01 19:51:28,546 DEBUG   Thread-5  :6624 [connectionpool.py:_make_request():393] https://api.wandb.ai:443 "POST /files/pfrodedelaforet/huggingface/21zwmcea/file_stream HTTP/1.1" 200 None
2021-02-01 19:51:28,746 DEBUG   SenderThread:6624 [sender.py:send():117] send: stats
2021-02-01 19:51:28,845 INFO    Thread-8  :6624 [dir_watcher.py:_on_file_modified():226] file/dir modified: /home/pfrod/architectures/wandb/run-20210201_195113-21zwmcea/files/output.log
2021-02-01 19:51:29,845 INFO    Thread-8  :6624 [dir_watcher.py:_on_file_modified():226] file/dir modified: /home/pfrod/architectures/wandb/run-20210201_195113-21zwmcea/files/output.log
2021-02-01 19:51:30,566 DEBUG   Thread-5  :6624 [connectionpool.py:_make_request():393] https://api.wandb.ai:443 "POST /files/pfrodedelaforet/huggingface/21zwmcea/file_stream HTTP/1.1" 200 None
2021-02-01 19:51:30,846 INFO    Thread-8  :6624 [dir_watcher.py:_on_file_modified():226] file/dir modified: /home/pfrod/architectures/wandb/run-20210201_195113-21zwmcea/files/output.log
2021-02-01 19:51:31,510 DEBUG   HandlerThread:6624 [handler.py:handle_request():55] handle_request: status
2021-02-01 19:51:31,511 DEBUG   SenderThread:6624 [sender.py:send():117] send: request
2021-02-01 19:51:31,511 DEBUG   SenderThread:6624 [sender.py:send_request():126] send_request: status
2021-02-01 19:51:31,516 DEBUG   SenderThread:6624 [connectionpool.py:_new_conn():813] Starting new HTTPS connection (1): api.wandb.ai:443
2021-02-01 19:51:31,722 DEBUG   SenderThread:6624 [connectionpool.py:_make_request():393] https://api.wandb.ai:443 "POST /graphql HTTP/1.1" 200 None
2021-02-01 19:51:32,759 DEBUG   Thread-5  :6624 [connectionpool.py:_make_request():393] https://api.wandb.ai:443 "POST /files/pfrodedelaforet/huggingface/21zwmcea/file_stream HTTP/1.1" 200 None
2021-02-01 19:51:33,269 DEBUG   SenderThread:6624 [sender.py:send():117] send: stats
2021-02-01 19:51:35,448 DEBUG   Thread-5  :6624 [connectionpool.py:_make_request():393] https://api.wandb.ai:443 "POST /files/pfrodedelaforet/huggingface/21zwmcea/file_stream HTTP/1.1" 200 None
2021-02-01 19:51:37,790 DEBUG   SenderThread:6624 [sender.py:send():117] send: stats
2021-02-01 19:51:37,958 DEBUG   Thread-5  :6624 [connectionpool.py:_make_request():393] https://api.wandb.ai:443 "POST /files/pfrodedelaforet/huggingface/21zwmcea/file_stream HTTP/1.1" 200 None
2021-02-01 19:51:42,308 DEBUG   SenderThread:6624 [sender.py:send():117] send: stats
2021-02-01 19:51:42,475 DEBUG   Thread-5  :6624 [connectionpool.py:_make_request():393] https://api.wandb.ai:443 "POST /files/pfrodedelaforet/huggingface/21zwmcea/file_stream HTTP/1.1" 200 None
2021-02-01 19:51:44,924 DEBUG   HandlerThread:6624 [handler.py:handle_request():55] handle_request: poll_exit
2021-02-01 19:51:44,924 DEBUG   SenderThread:6624 [sender.py:send():117] send: telemetry
2021-02-01 19:51:44,936 DEBUG   SenderThread:6624 [connectionpool.py:_new_conn():813] Starting new HTTPS connection (1): api.wandb.ai:443
2021-02-01 19:51:45,101 DEBUG   Thread-5  :6624 [connectionpool.py:_make_request():393] https://api.wandb.ai:443 "POST /files/pfrodedelaforet/huggingface/21zwmcea/file_stream HTTP/1.1" 200 None
2021-02-01 19:51:45,162 DEBUG   SenderThread:6624 [connectionpool.py:_make_request():393] https://api.wandb.ai:443 "POST /graphql HTTP/1.1" 200 None
2021-02-01 19:51:45,194 DEBUG   SenderThread:6624 [sender.py:send():117] send: exit
2021-02-01 19:51:45,194 INFO    SenderThread:6624 [sender.py:send_exit():195] handling exit code: 1
2021-02-01 19:51:45,194 INFO    SenderThread:6624 [sender.py:send_exit():203] send defer
2021-02-01 19:51:45,194 DEBUG   SenderThread:6624 [sender.py:send():117] send: request
2021-02-01 19:51:45,194 DEBUG   SenderThread:6624 [sender.py:send_request():126] send_request: poll_exit
2021-02-01 19:51:45,195 DEBUG   HandlerThread:6624 [handler.py:handle_request():55] handle_request: defer
2021-02-01 19:51:45,195 INFO    HandlerThread:6624 [handler.py:handle_request_defer():69] handle defer: 0
2021-02-01 19:51:45,196 DEBUG   SenderThread:6624 [sender.py:send():117] send: request
2021-02-01 19:51:45,196 DEBUG   SenderThread:6624 [sender.py:send_request():126] send_request: defer
2021-02-01 19:51:45,196 INFO    SenderThread:6624 [sender.py:send_request_defer():212] handle sender defer: 0
2021-02-01 19:51:45,196 INFO    SenderThread:6624 [sender.py:send_request_defer():248] send defer: 1
2021-02-01 19:51:45,197 DEBUG   HandlerThread:6624 [handler.py:handle_request():55] handle_request: defer
2021-02-01 19:51:45,197 INFO    HandlerThread:6624 [handler.py:handle_request_defer():69] handle defer: 1
2021-02-01 19:51:45,284 DEBUG   SenderThread:6624 [sender.py:send():117] send: request
2021-02-01 19:51:45,285 DEBUG   SenderThread:6624 [sender.py:send_request():126] send_request: defer
2021-02-01 19:51:45,285 INFO    SenderThread:6624 [sender.py:send_request_defer():212] handle sender defer: 1
2021-02-01 19:51:45,285 INFO    SenderThread:6624 [sender.py:send_request_defer():248] send defer: 2
2021-02-01 19:51:45,285 DEBUG   SenderThread:6624 [sender.py:send():117] send: stats
2021-02-01 19:51:45,286 DEBUG   HandlerThread:6624 [handler.py:handle_request():55] handle_request: defer
2021-02-01 19:51:45,286 INFO    HandlerThread:6624 [handler.py:handle_request_defer():69] handle defer: 2
2021-02-01 19:51:45,287 DEBUG   SenderThread:6624 [sender.py:send():117] send: request
2021-02-01 19:51:45,287 DEBUG   SenderThread:6624 [sender.py:send_request():126] send_request: defer
2021-02-01 19:51:45,287 INFO    SenderThread:6624 [sender.py:send_request_defer():212] handle sender defer: 2
2021-02-01 19:51:45,287 INFO    SenderThread:6624 [sender.py:send_request_defer():248] send defer: 3
2021-02-01 19:51:45,288 DEBUG   HandlerThread:6624 [handler.py:handle_request():55] handle_request: defer
2021-02-01 19:51:45,288 INFO    HandlerThread:6624 [handler.py:handle_request_defer():69] handle defer: 3
2021-02-01 19:51:45,288 DEBUG   SenderThread:6624 [sender.py:send():117] send: summary
2021-02-01 19:51:45,289 INFO    SenderThread:6624 [sender.py:_save_file():682] saving file wandb-summary.json with policy end
2021-02-01 19:51:45,289 DEBUG   SenderThread:6624 [sender.py:send():117] send: request
2021-02-01 19:51:45,289 DEBUG   SenderThread:6624 [sender.py:send_request():126] send_request: defer
2021-02-01 19:51:45,290 INFO    SenderThread:6624 [sender.py:send_request_defer():212] handle sender defer: 3
2021-02-01 19:51:45,290 INFO    SenderThread:6624 [sender.py:send_request_defer():248] send defer: 4
2021-02-01 19:51:45,290 DEBUG   HandlerThread:6624 [handler.py:handle_request():55] handle_request: defer
2021-02-01 19:51:45,290 INFO    HandlerThread:6624 [handler.py:handle_request_defer():69] handle defer: 4
2021-02-01 19:51:45,291 DEBUG   SenderThread:6624 [sender.py:send():117] send: request
2021-02-01 19:51:45,291 DEBUG   SenderThread:6624 [sender.py:send_request():126] send_request: defer
2021-02-01 19:51:45,291 INFO    SenderThread:6624 [sender.py:send_request_defer():212] handle sender defer: 4
2021-02-01 19:51:45,291 INFO    SenderThread:6624 [dir_watcher.py:finish():279] shutting down directory watcher
2021-02-01 19:51:45,850 INFO    SenderThread:6624 [dir_watcher.py:_on_file_modified():226] file/dir modified: /home/pfrod/architectures/wandb/run-20210201_195113-21zwmcea/files/config.yaml
2021-02-01 19:51:45,851 INFO    SenderThread:6624 [dir_watcher.py:_on_file_modified():226] file/dir modified: /home/pfrod/architectures/wandb/run-20210201_195113-21zwmcea/files/wandb-summary.json
2021-02-01 19:51:45,851 INFO    SenderThread:6624 [dir_watcher.py:_on_file_modified():226] file/dir modified: /home/pfrod/architectures/wandb/run-20210201_195113-21zwmcea/files/output.log
2021-02-01 19:51:45,851 INFO    SenderThread:6624 [dir_watcher.py:finish():309] scan: /home/pfrod/architectures/wandb/run-20210201_195113-21zwmcea/files
2021-02-01 19:51:45,852 INFO    SenderThread:6624 [dir_watcher.py:finish():315] scan save: /home/pfrod/architectures/wandb/run-20210201_195113-21zwmcea/files/config.yaml config.yaml
2021-02-01 19:51:45,852 INFO    SenderThread:6624 [dir_watcher.py:finish():315] scan save: /home/pfrod/architectures/wandb/run-20210201_195113-21zwmcea/files/wandb-summary.json wandb-summary.json
2021-02-01 19:51:45,853 INFO    SenderThread:6624 [dir_watcher.py:finish():315] scan save: /home/pfrod/architectures/wandb/run-20210201_195113-21zwmcea/files/requirements.txt requirements.txt
2021-02-01 19:51:45,866 DEBUG   Thread-12 :6624 [connectionpool.py:_new_conn():813] Starting new HTTPS connection (1): api.wandb.ai:443
2021-02-01 19:51:45,866 DEBUG   Thread-13 :6624 [connectionpool.py:_new_conn():813] Starting new HTTPS connection (1): api.wandb.ai:443
2021-02-01 19:51:45,867 INFO    SenderThread:6624 [dir_watcher.py:finish():315] scan save: /home/pfrod/architectures/wandb/run-20210201_195113-21zwmcea/files/wandb-metadata.json wandb-metadata.json
2021-02-01 19:51:45,868 INFO    SenderThread:6624 [dir_watcher.py:finish():315] scan save: /home/pfrod/architectures/wandb/run-20210201_195113-21zwmcea/files/output.log output.log
2021-02-01 19:51:45,873 INFO    SenderThread:6624 [sender.py:send_request_defer():248] send defer: 5
2021-02-01 19:51:45,875 DEBUG   Thread-14 :6624 [connectionpool.py:_new_conn():813] Starting new HTTPS connection (1): api.wandb.ai:443
2021-02-01 19:51:45,877 DEBUG   HandlerThread:6624 [handler.py:handle_request():55] handle_request: defer
2021-02-01 19:51:45,882 INFO    HandlerThread:6624 [handler.py:handle_request_defer():69] handle defer: 5
2021-02-01 19:51:45,884 DEBUG   Thread-15 :6624 [connectionpool.py:_new_conn():813] Starting new HTTPS connection (1): api.wandb.ai:443
2021-02-01 19:51:45,884 DEBUG   SenderThread:6624 [sender.py:send():117] send: request
2021-02-01 19:51:45,884 DEBUG   SenderThread:6624 [sender.py:send_request():126] send_request: defer
2021-02-01 19:51:45,884 INFO    SenderThread:6624 [sender.py:send_request_defer():212] handle sender defer: 5
2021-02-01 19:51:45,884 INFO    SenderThread:6624 [file_pusher.py:finish():174] shutting down file pusher
2021-02-01 19:51:45,885 INFO    SenderThread:6624 [sender.py:send_request_defer():248] send defer: 6
2021-02-01 19:51:45,885 DEBUG   HandlerThread:6624 [handler.py:handle_request():55] handle_request: defer
2021-02-01 19:51:45,886 INFO    HandlerThread:6624 [handler.py:handle_request_defer():69] handle defer: 6
2021-02-01 19:51:45,886 DEBUG   SenderThread:6624 [sender.py:send():117] send: request
2021-02-01 19:51:45,886 DEBUG   SenderThread:6624 [sender.py:send_request():126] send_request: defer
2021-02-01 19:51:45,886 INFO    SenderThread:6624 [sender.py:send_request_defer():212] handle sender defer: 6
2021-02-01 19:51:46,055 DEBUG   Thread-5  :6624 [connectionpool.py:_make_request():393] https://api.wandb.ai:443 "POST /files/pfrodedelaforet/huggingface/21zwmcea/file_stream HTTP/1.1" 200 None
2021-02-01 19:51:46,077 DEBUG   Thread-12 :6624 [connectionpool.py:_make_request():393] https://api.wandb.ai:443 "POST /graphql HTTP/1.1" 200 None
2021-02-01 19:51:46,084 DEBUG   Thread-12 :6624 [connectionpool.py:_new_conn():813] Starting new HTTPS connection (1): storage.googleapis.com:443
2021-02-01 19:51:46,085 DEBUG   Thread-13 :6624 [connectionpool.py:_make_request():393] https://api.wandb.ai:443 "POST /graphql HTTP/1.1" 200 None
2021-02-01 19:51:46,090 DEBUG   Thread-14 :6624 [connectionpool.py:_make_request():393] https://api.wandb.ai:443 "POST /graphql HTTP/1.1" 200 None
2021-02-01 19:51:46,091 DEBUG   Thread-15 :6624 [connectionpool.py:_make_request():393] https://api.wandb.ai:443 "POST /graphql HTTP/1.1" 200 None
2021-02-01 19:51:46,096 DEBUG   Thread-13 :6624 [connectionpool.py:_new_conn():813] Starting new HTTPS connection (1): storage.googleapis.com:443
2021-02-01 19:51:46,102 DEBUG   Thread-15 :6624 [connectionpool.py:_new_conn():813] Starting new HTTPS connection (1): storage.googleapis.com:443
2021-02-01 19:51:46,105 DEBUG   Thread-14 :6624 [connectionpool.py:_new_conn():813] Starting new HTTPS connection (1): storage.googleapis.com:443
2021-02-01 19:51:46,212 DEBUG   Thread-5  :6624 [connectionpool.py:_make_request():393] https://api.wandb.ai:443 "POST /files/pfrodedelaforet/huggingface/21zwmcea/file_stream HTTP/1.1" 200 None
2021-02-01 19:51:46,215 INFO    SenderThread:6624 [sender.py:send_request_defer():248] send defer: 7
2021-02-01 19:51:46,216 DEBUG   HandlerThread:6624 [handler.py:handle_request():55] handle_request: defer
2021-02-01 19:51:46,216 INFO    HandlerThread:6624 [handler.py:handle_request_defer():69] handle defer: 7
2021-02-01 19:51:46,216 DEBUG   SenderThread:6624 [sender.py:send():117] send: request
2021-02-01 19:51:46,217 DEBUG   SenderThread:6624 [sender.py:send_request():126] send_request: defer
2021-02-01 19:51:46,217 INFO    SenderThread:6624 [sender.py:send_request_defer():212] handle sender defer: 7
2021-02-01 19:51:46,217 INFO    SenderThread:6624 [sender.py:send_request_defer():248] send defer: 8
2021-02-01 19:51:46,218 DEBUG   HandlerThread:6624 [handler.py:handle_request():55] handle_request: defer
2021-02-01 19:51:46,218 DEBUG   SenderThread:6624 [sender.py:send():117] send: final
2021-02-01 19:51:46,218 INFO    HandlerThread:6624 [handler.py:handle_request_defer():69] handle defer: 8
2021-02-01 19:51:46,218 DEBUG   SenderThread:6624 [sender.py:send():117] send: footer
2021-02-01 19:51:46,218 DEBUG   SenderThread:6624 [sender.py:send():117] send: request
2021-02-01 19:51:46,219 DEBUG   SenderThread:6624 [sender.py:send_request():126] send_request: defer
2021-02-01 19:51:46,219 INFO    SenderThread:6624 [sender.py:send_request_defer():212] handle sender defer: 8
2021-02-01 19:51:46,433 DEBUG   Thread-12 :6624 [connectionpool.py:_make_request():393] https://storage.googleapis.com:443 "PUT /wandb-production.appspot.com/pfrodedelaforet/huggingface/21zwmcea/config.yaml?Expires=1612291906&GoogleAccessId=wandb-production%40appspot.gserviceaccount.com&Signature=HycaNg4REN5I60fP%2BLXNbmPvTx7dFXHIg4OoH8RrNgwML3bNfVlO5REdRpQTyitAoHiyWNSPK%2BKGKV%2FAusAagvwTvoM9gsOIQuz8WGHcXdl%2Bb4CVd19%2FpwCZWS%2FGAuIYWaR1nbq4%2BPno%2FoVvHQbUbTRmXkz3yEi4RqSFAiyD7CX1VYQNVXV%2B8J6nY74Cj%2Buh5yMabubeYBZigXcp8l2BuJr50FEV9RRQSCAyFRClk%2FZXmXktxfNi7r4ycg6ws9xZPu6TY0aKtExYvPp41V66eG%2F3c1%2BNdVq4k7lTDBa9McvqbcSXDqcPTrf8JZejlAO08PKxbFF2aXoBUI%2BllMpS9A%3D%3D HTTP/1.1" 200 0
2021-02-01 19:51:46,435 INFO    Thread-12 :6624 [upload_job.py:push():133] Uploaded file /home/pfrod/architectures/wandb/run-20210201_195113-21zwmcea/files/config.yaml
2021-02-01 19:51:46,473 DEBUG   Thread-13 :6624 [connectionpool.py:_make_request():393] https://storage.googleapis.com:443 "PUT /wandb-production.appspot.com/pfrodedelaforet/huggingface/21zwmcea/wandb-summary.json?Expires=1612291906&GoogleAccessId=wandb-production%40appspot.gserviceaccount.com&Signature=WiGiDPZSRGYNDOu1UWWoJu%2FaWzfXeiyNjvEnGOPlWsUHFUkaTvpkjsXDuban2MRGhmtulx04i7QU5IA6DHDuW%2BDySzLpWp0g880R%2FgNkkj9Wrd40QCpjYtbxkXt3GgERF9%2B9SlpaVaq25IuLzKC210gEQ5Jt3WNb4rsiR4JqpfM7Uc0cSQO6fnGcRNoKdhtR6QLCuENAaiIXOLrCMkJ4TtUG179CItBqBcSEbFkJoe1H6LJ8mbR%2BcgngMy3x5dZBq%2Brzaph6wn8orICHRxAxJ4aU6Sp4xnYtPMIP0pqhxTBcV31M8bSmHDbdmnWBuQhSwE8nW%2Bn8d5b%2F14oxbc5KPQ%3D%3D HTTP/1.1" 200 0
2021-02-01 19:51:46,475 INFO    Thread-13 :6624 [upload_job.py:push():133] Uploaded file /home/pfrod/architectures/wandb/run-20210201_195113-21zwmcea/files/wandb-summary.json
2021-02-01 19:51:46,486 DEBUG   Thread-15 :6624 [connectionpool.py:_make_request():393] https://storage.googleapis.com:443 "PUT /wandb-production.appspot.com/pfrodedelaforet/huggingface/21zwmcea/output.log?Expires=1612291906&GoogleAccessId=wandb-production%40appspot.gserviceaccount.com&Signature=D6MLwuRaAZN7BEO%2Bk4p4RtN9T2Xs2aHdhPIuciRNhHdvr5ET0KgoxDYpjdR1BAUQ%2BjzM7lL0yAkk874JPIYp98VbRpCXMp8Vefr4sc7KR8wsT4aVwH3Fvg0orrHiJdZnDFhStWmMwuhNZbsIMdXeHJ451VGFlk8TLEigy8MgQu%2BwI8EfxdchMLFnrckuouPt8RljLGYYjg09eKS7XIo9EvgQvmAiOtPLMeaNXqopLxra2Q5kmHvy66vi9nzc1er1XeIdvzVPZjmzz53uDN3mIjBz%2FskDMTCYijLsL3hcxXEr%2BfpQygLOzO0Z2HJu9JB9yUmGRA3H4yxP2MRk10Tt2w%3D%3D HTTP/1.1" 200 0
2021-02-01 19:51:46,489 INFO    Thread-15 :6624 [upload_job.py:push():133] Uploaded file /home/pfrod/architectures/wandb/run-20210201_195113-21zwmcea/files/output.log
2021-02-01 19:51:46,490 DEBUG   Thread-14 :6624 [connectionpool.py:_make_request():393] https://storage.googleapis.com:443 "PUT /wandb-production.appspot.com/pfrodedelaforet/huggingface/21zwmcea/requirements.txt?Expires=1612291906&GoogleAccessId=wandb-production%40appspot.gserviceaccount.com&Signature=JKQhZHteSyVjPlXyixHpnTblNcGPA%2B3fXPrnAqnUukW%2FxwykZTLy9SjSby9kBOtY3PZE2Dxv3ELJVCArSbXgzqSa57r1kWzKCRBOiF4SDrdgdD78QPDLDXp3JspnpMRLAgMXbY%2BWKR7MKFgW0LG7n6YFj8d%2F5MLyzlGaID32X9M63KBuXFX3e9ZiV1bhNcpTH%2FCOhxKRyFkKW4gotM0VHn3Ir80wpVsjY0J3dX39KWf8E9MdRU2Zn2U6%2BZqlzasguCJ8BvBCpP6QY71HNFcC6%2BuvXAgdcvtuNzPEkKt39N7o7N44AppgntecWyoUnLs7v4QCmJbhI6HAOUCN6vmmcQ%3D%3D HTTP/1.1" 200 0
2021-02-01 19:51:46,493 INFO    Thread-14 :6624 [upload_job.py:push():133] Uploaded file /home/pfrod/architectures/wandb/run-20210201_195113-21zwmcea/files/requirements.txt
2021-02-01 19:51:47,199 DEBUG   HandlerThread:6624 [handler.py:handle_request():55] handle_request: poll_exit
2021-02-01 19:51:47,200 DEBUG   SenderThread:6624 [sender.py:send():117] send: request
2021-02-01 19:51:47,200 DEBUG   SenderThread:6624 [sender.py:send_request():126] send_request: poll_exit
2021-02-01 19:51:47,200 INFO    SenderThread:6624 [file_pusher.py:join():179] waiting for file pusher
2021-02-01 19:51:47,202 DEBUG   HandlerThread:6624 [handler.py:handle_request():55] handle_request: get_summary
2021-02-01 19:51:47,204 DEBUG   HandlerThread:6624 [handler.py:handle_request():55] handle_request: sampled_history
2021-02-01 19:51:47,205 DEBUG   HandlerThread:6624 [handler.py:handle_request():55] handle_request: shutdown
2021-02-01 19:51:47,205 INFO    HandlerThread:6624 [handler.py:finish():274] shutting down handler
2021-02-01 19:51:47,218 INFO    WriterThread:6624 [datastore.py:close():258] close: /home/pfrod/architectures/wandb/run-20210201_195113-21zwmcea/run-21zwmcea.wandb
2021-02-01 19:51:48,201 INFO    SenderThread:6624 [sender.py:finish():756] shutting down sender
2021-02-01 19:51:48,201 INFO    SenderThread:6624 [file_pusher.py:finish():174] shutting down file pusher
2021-02-01 19:51:48,201 INFO    SenderThread:6624 [file_pusher.py:join():179] waiting for file pusher
2021-02-01 19:51:48,202 INFO    MainThread:6624 [internal.py:handle_exit():139] Internal process exited
