2021-02-01 16:50:52,627 INFO    MainThread:34734 [internal.py:wandb_internal():64] W&B internal server running at pid: 34734
2021-02-01 16:50:52,630 DEBUG   HandlerThread:34734 [handler.py:handle_request():55] handle_request: check_version
2021-02-01 16:50:52,631 INFO    WriterThread:34734 [datastore.py:open_for_write():77] open: /home/pfrod/architectures/wandb/run-20210201_165051-q8ltfbtc/run-q8ltfbtc.wandb
2021-02-01 16:50:52,632 DEBUG   SenderThread:34734 [sender.py:send():117] send: header
2021-02-01 16:50:52,632 DEBUG   SenderThread:34734 [sender.py:send():117] send: request
2021-02-01 16:50:52,632 DEBUG   SenderThread:34734 [sender.py:send_request():126] send_request: check_version
2021-02-01 16:50:52,637 DEBUG   Thread-4  :34734 [connectionpool.py:_new_conn():813] Starting new HTTPS connection (1): pypi.org:443
2021-02-01 16:50:52,722 DEBUG   Thread-4  :34734 [connectionpool.py:_make_request():393] https://pypi.org:443 "GET /pypi/wandb/json HTTP/1.1" 200 53088
2021-02-01 16:50:52,754 DEBUG   SenderThread:34734 [sender.py:send():117] send: run
2021-02-01 16:50:52,782 DEBUG   SenderThread:34734 [git.py:repo():33] git repository is invalid
2021-02-01 16:50:52,787 DEBUG   SenderThread:34734 [connectionpool.py:_new_conn():813] Starting new HTTPS connection (1): api.wandb.ai:443
2021-02-01 16:50:53,031 DEBUG   SenderThread:34734 [connectionpool.py:_make_request():393] https://api.wandb.ai:443 "POST /graphql HTTP/1.1" 200 None
2021-02-01 16:50:53,042 INFO    SenderThread:34734 [dir_watcher.py:__init__():165] watching files in: /home/pfrod/architectures/wandb/run-20210201_165051-q8ltfbtc/files
2021-02-01 16:50:53,042 INFO    SenderThread:34734 [sender.py:_start_run_threads():596] run started: q8ltfbtc with start time 1612194651
2021-02-01 16:50:53,047 DEBUG   SenderThread:34734 [sender.py:send():117] send: summary
2021-02-01 16:50:53,047 INFO    SenderThread:34734 [sender.py:_save_file():682] saving file wandb-summary.json with policy end
2021-02-01 16:50:53,049 DEBUG   HandlerThread:34734 [handler.py:handle_request():55] handle_request: run_start
2021-02-01 16:50:53,609 DEBUG   HandlerThread:34734 [tpu_cluster_resolver.py:<module>():36] Falling back to TensorFlow client; we recommended you install the Cloud TPU client directly with pip install cloud-tpu-client.
2021-02-01 16:50:54,050 INFO    Thread-8  :34734 [dir_watcher.py:_on_file_created():213] file/dir created: /home/pfrod/architectures/wandb/run-20210201_165051-q8ltfbtc/files/wandb-summary.json
2021-02-01 16:50:54,640 DEBUG   HandlerThread:34734 [meta.py:__init__():34] meta init
2021-02-01 16:50:54,640 DEBUG   HandlerThread:34734 [meta.py:__init__():48] meta init done
2021-02-01 16:50:54,640 DEBUG   HandlerThread:34734 [meta.py:probe():190] probe
2021-02-01 16:50:54,646 DEBUG   HandlerThread:34734 [git.py:repo():33] git repository is invalid
2021-02-01 16:50:54,646 DEBUG   HandlerThread:34734 [meta.py:_save_pip():52] save pip
2021-02-01 16:50:54,646 DEBUG   HandlerThread:34734 [meta.py:_save_pip():66] save pip done
2021-02-01 16:50:54,646 DEBUG   HandlerThread:34734 [meta.py:probe():231] probe done
2021-02-01 16:50:54,649 DEBUG   SenderThread:34734 [sender.py:send():117] send: files
2021-02-01 16:50:54,649 INFO    SenderThread:34734 [sender.py:_save_file():682] saving file wandb-metadata.json with policy now
2021-02-01 16:50:54,658 DEBUG   Thread-11 :34734 [connectionpool.py:_new_conn():813] Starting new HTTPS connection (1): api.wandb.ai:443
2021-02-01 16:50:54,659 DEBUG   HandlerThread:34734 [handler.py:handle_request():55] handle_request: status
2021-02-01 16:50:54,659 DEBUG   SenderThread:34734 [sender.py:send():117] send: request
2021-02-01 16:50:54,660 DEBUG   SenderThread:34734 [sender.py:send_request():126] send_request: status
2021-02-01 16:50:54,665 DEBUG   SenderThread:34734 [connectionpool.py:_new_conn():813] Starting new HTTPS connection (1): api.wandb.ai:443
2021-02-01 16:50:54,866 DEBUG   SenderThread:34734 [connectionpool.py:_make_request():393] https://api.wandb.ai:443 "POST /graphql HTTP/1.1" 200 None
2021-02-01 16:50:54,871 DEBUG   Thread-11 :34734 [connectionpool.py:_make_request():393] https://api.wandb.ai:443 "POST /graphql HTTP/1.1" 200 None
2021-02-01 16:50:54,876 DEBUG   Thread-11 :34734 [connectionpool.py:_new_conn():813] Starting new HTTPS connection (1): storage.googleapis.com:443
2021-02-01 16:50:55,047 INFO    Thread-8  :34734 [dir_watcher.py:_on_file_created():213] file/dir created: /home/pfrod/architectures/wandb/run-20210201_165051-q8ltfbtc/files/wandb-metadata.json
2021-02-01 16:50:55,048 INFO    Thread-8  :34734 [dir_watcher.py:_on_file_created():213] file/dir created: /home/pfrod/architectures/wandb/run-20210201_165051-q8ltfbtc/files/output.log
2021-02-01 16:50:55,048 INFO    Thread-8  :34734 [dir_watcher.py:_on_file_created():213] file/dir created: /home/pfrod/architectures/wandb/run-20210201_165051-q8ltfbtc/files/requirements.txt
2021-02-01 16:50:55,227 DEBUG   Thread-11 :34734 [connectionpool.py:_make_request():393] https://storage.googleapis.com:443 "PUT /wandb-production.appspot.com/pfrodedelaforet/huggingface/q8ltfbtc/wandb-metadata.json?Expires=1612281054&GoogleAccessId=wandb-production%40appspot.gserviceaccount.com&Signature=PToLJMBhIh1YTQvl13doteH5k%2Bas7UevQTBWluDuOSdTJZm2XRpiszRrpSeWWtt4pJB%2FKfieIm78SHeQJ54npX7wBbkZjgy0Y3N0ffnRZC6RWINPutfxXbvITWbsahT24PW82kIrcjO9pGD8ovr0jRPS%2BRGn5iw0u%2BgjZupJoddpgP09ShIuy1SsGvXhkfj9xDCsBzE7jx2VU%2FkuG2Al%2BTs0WzcwTMmWtoUsmENPgCW1VTMchcWoD3Si10TSruit2i7FdE9VyxtQIV3u4y7cA%2Bvb425mg4V8WRsEgos7SCgaL6tccCqF2hl31hDeuNH0HWAuXTwXZBEfFI3M0xWwOw%3D%3D HTTP/1.1" 200 0
2021-02-01 16:50:55,230 INFO    Thread-11 :34734 [upload_job.py:push():133] Uploaded file /tmp/tmpzmbd3fr8wandb/2dw3zl4n-wandb-metadata.json
2021-02-01 16:50:56,873 DEBUG   Thread-5  :34734 [connectionpool.py:_new_conn():813] Starting new HTTPS connection (1): api.wandb.ai:443
2021-02-01 16:50:57,048 INFO    Thread-8  :34734 [dir_watcher.py:_on_file_modified():226] file/dir modified: /home/pfrod/architectures/wandb/run-20210201_165051-q8ltfbtc/files/output.log
2021-02-01 16:50:57,113 DEBUG   Thread-5  :34734 [connectionpool.py:_make_request():393] https://api.wandb.ai:443 "POST /files/pfrodedelaforet/huggingface/q8ltfbtc/file_stream HTTP/1.1" 200 None
2021-02-01 16:50:58,097 DEBUG   SenderThread:34734 [sender.py:send():117] send: stats
2021-02-01 16:50:59,049 INFO    Thread-8  :34734 [dir_watcher.py:_on_file_modified():226] file/dir modified: /home/pfrod/architectures/wandb/run-20210201_165051-q8ltfbtc/files/output.log
2021-02-01 16:51:00,650 DEBUG   Thread-5  :34734 [connectionpool.py:_make_request():393] https://api.wandb.ai:443 "POST /files/pfrodedelaforet/huggingface/q8ltfbtc/file_stream HTTP/1.1" 200 None
2021-02-01 16:51:01,050 INFO    Thread-8  :34734 [dir_watcher.py:_on_file_modified():226] file/dir modified: /home/pfrod/architectures/wandb/run-20210201_165051-q8ltfbtc/files/output.log
2021-02-01 16:51:02,051 INFO    Thread-8  :34734 [dir_watcher.py:_on_file_modified():226] file/dir modified: /home/pfrod/architectures/wandb/run-20210201_165051-q8ltfbtc/files/output.log
2021-02-01 16:51:02,634 DEBUG   SenderThread:34734 [sender.py:send():117] send: stats
2021-02-01 16:51:02,662 DEBUG   Thread-5  :34734 [connectionpool.py:_make_request():393] https://api.wandb.ai:443 "POST /files/pfrodedelaforet/huggingface/q8ltfbtc/file_stream HTTP/1.1" 200 None
2021-02-01 16:51:03,052 INFO    Thread-8  :34734 [dir_watcher.py:_on_file_modified():226] file/dir modified: /home/pfrod/architectures/wandb/run-20210201_165051-q8ltfbtc/files/output.log
2021-02-01 16:51:04,052 INFO    Thread-8  :34734 [dir_watcher.py:_on_file_modified():226] file/dir modified: /home/pfrod/architectures/wandb/run-20210201_165051-q8ltfbtc/files/output.log
2021-02-01 16:51:04,937 DEBUG   Thread-5  :34734 [connectionpool.py:_make_request():393] https://api.wandb.ai:443 "POST /files/pfrodedelaforet/huggingface/q8ltfbtc/file_stream HTTP/1.1" 200 None
2021-02-01 16:51:05,053 INFO    Thread-8  :34734 [dir_watcher.py:_on_file_modified():226] file/dir modified: /home/pfrod/architectures/wandb/run-20210201_165051-q8ltfbtc/files/output.log
2021-02-01 16:51:06,053 INFO    Thread-8  :34734 [dir_watcher.py:_on_file_modified():226] file/dir modified: /home/pfrod/architectures/wandb/run-20210201_165051-q8ltfbtc/files/output.log
2021-02-01 16:51:07,054 INFO    Thread-8  :34734 [dir_watcher.py:_on_file_modified():226] file/dir modified: /home/pfrod/architectures/wandb/run-20210201_165051-q8ltfbtc/files/output.log
2021-02-01 16:51:07,061 DEBUG   Thread-5  :34734 [connectionpool.py:_make_request():393] https://api.wandb.ai:443 "POST /files/pfrodedelaforet/huggingface/q8ltfbtc/file_stream HTTP/1.1" 200 None
2021-02-01 16:51:07,161 DEBUG   SenderThread:34734 [sender.py:send():117] send: stats
2021-02-01 16:51:08,055 INFO    Thread-8  :34734 [dir_watcher.py:_on_file_modified():226] file/dir modified: /home/pfrod/architectures/wandb/run-20210201_165051-q8ltfbtc/files/output.log
2021-02-01 16:51:09,055 INFO    Thread-8  :34734 [dir_watcher.py:_on_file_modified():226] file/dir modified: /home/pfrod/architectures/wandb/run-20210201_165051-q8ltfbtc/files/output.log
2021-02-01 16:51:09,192 DEBUG   Thread-5  :34734 [connectionpool.py:_make_request():393] https://api.wandb.ai:443 "POST /files/pfrodedelaforet/huggingface/q8ltfbtc/file_stream HTTP/1.1" 200 None
2021-02-01 16:51:09,875 DEBUG   HandlerThread:34734 [handler.py:handle_request():55] handle_request: status
2021-02-01 16:51:09,875 DEBUG   SenderThread:34734 [sender.py:send():117] send: request
2021-02-01 16:51:09,876 DEBUG   SenderThread:34734 [sender.py:send_request():126] send_request: status
2021-02-01 16:51:09,880 DEBUG   SenderThread:34734 [connectionpool.py:_new_conn():813] Starting new HTTPS connection (1): api.wandb.ai:443
2021-02-01 16:51:10,056 INFO    Thread-8  :34734 [dir_watcher.py:_on_file_modified():226] file/dir modified: /home/pfrod/architectures/wandb/run-20210201_165051-q8ltfbtc/files/output.log
2021-02-01 16:51:10,077 DEBUG   SenderThread:34734 [connectionpool.py:_make_request():393] https://api.wandb.ai:443 "POST /graphql HTTP/1.1" 200 None
2021-02-01 16:51:11,680 DEBUG   SenderThread:34734 [sender.py:send():117] send: stats
2021-02-01 16:51:11,853 DEBUG   Thread-5  :34734 [connectionpool.py:_make_request():393] https://api.wandb.ai:443 "POST /files/pfrodedelaforet/huggingface/q8ltfbtc/file_stream HTTP/1.1" 200 None
2021-02-01 16:51:16,218 DEBUG   SenderThread:34734 [sender.py:send():117] send: stats
2021-02-01 16:51:16,518 DEBUG   Thread-5  :34734 [connectionpool.py:_make_request():393] https://api.wandb.ai:443 "POST /files/pfrodedelaforet/huggingface/q8ltfbtc/file_stream HTTP/1.1" 200 None
2021-02-01 16:51:20,747 DEBUG   SenderThread:34734 [sender.py:send():117] send: stats
2021-02-01 16:51:20,921 DEBUG   Thread-5  :34734 [connectionpool.py:_make_request():393] https://api.wandb.ai:443 "POST /files/pfrodedelaforet/huggingface/q8ltfbtc/file_stream HTTP/1.1" 200 None
2021-02-01 16:51:25,108 DEBUG   HandlerThread:34734 [handler.py:handle_request():55] handle_request: status
2021-02-01 16:51:25,108 DEBUG   SenderThread:34734 [sender.py:send():117] send: request
2021-02-01 16:51:25,109 DEBUG   SenderThread:34734 [sender.py:send_request():126] send_request: status
2021-02-01 16:51:25,113 DEBUG   SenderThread:34734 [connectionpool.py:_new_conn():813] Starting new HTTPS connection (1): api.wandb.ai:443
2021-02-01 16:51:25,251 DEBUG   HandlerThread:34734 [handler.py:handle_request():55] handle_request: poll_exit
2021-02-01 16:51:25,310 DEBUG   SenderThread:34734 [connectionpool.py:_make_request():393] https://api.wandb.ai:443 "POST /graphql HTTP/1.1" 200 None
2021-02-01 16:51:25,314 DEBUG   SenderThread:34734 [sender.py:send():117] send: telemetry
2021-02-01 16:51:25,328 DEBUG   SenderThread:34734 [connectionpool.py:_new_conn():813] Starting new HTTPS connection (1): api.wandb.ai:443
2021-02-01 16:51:25,493 DEBUG   Thread-5  :34734 [connectionpool.py:_make_request():393] https://api.wandb.ai:443 "POST /files/pfrodedelaforet/huggingface/q8ltfbtc/file_stream HTTP/1.1" 200 None
2021-02-01 16:51:25,549 DEBUG   SenderThread:34734 [connectionpool.py:_make_request():393] https://api.wandb.ai:443 "POST /graphql HTTP/1.1" 200 None
2021-02-01 16:51:25,582 DEBUG   SenderThread:34734 [sender.py:send():117] send: exit
2021-02-01 16:51:25,582 INFO    SenderThread:34734 [sender.py:send_exit():195] handling exit code: 1
2021-02-01 16:51:25,582 INFO    SenderThread:34734 [sender.py:send_exit():203] send defer
2021-02-01 16:51:25,583 DEBUG   SenderThread:34734 [sender.py:send():117] send: request
2021-02-01 16:51:25,583 DEBUG   SenderThread:34734 [sender.py:send_request():126] send_request: poll_exit
2021-02-01 16:51:25,583 DEBUG   SenderThread:34734 [sender.py:send():117] send: stats
2021-02-01 16:51:25,584 DEBUG   HandlerThread:34734 [handler.py:handle_request():55] handle_request: defer
2021-02-01 16:51:25,584 INFO    HandlerThread:34734 [handler.py:handle_request_defer():69] handle defer: 0
2021-02-01 16:51:25,584 DEBUG   SenderThread:34734 [sender.py:send():117] send: request
2021-02-01 16:51:25,584 DEBUG   SenderThread:34734 [sender.py:send_request():126] send_request: defer
2021-02-01 16:51:25,584 INFO    SenderThread:34734 [sender.py:send_request_defer():212] handle sender defer: 0
2021-02-01 16:51:25,584 INFO    SenderThread:34734 [sender.py:send_request_defer():248] send defer: 1
2021-02-01 16:51:25,585 DEBUG   HandlerThread:34734 [handler.py:handle_request():55] handle_request: defer
2021-02-01 16:51:25,585 INFO    HandlerThread:34734 [handler.py:handle_request_defer():69] handle defer: 1
2021-02-01 16:51:25,709 DEBUG   SenderThread:34734 [sender.py:send():117] send: request
2021-02-01 16:51:25,710 DEBUG   SenderThread:34734 [sender.py:send_request():126] send_request: defer
2021-02-01 16:51:25,710 INFO    SenderThread:34734 [sender.py:send_request_defer():212] handle sender defer: 1
2021-02-01 16:51:25,710 INFO    SenderThread:34734 [sender.py:send_request_defer():248] send defer: 2
2021-02-01 16:51:25,711 DEBUG   SenderThread:34734 [sender.py:send():117] send: stats
2021-02-01 16:51:25,712 DEBUG   HandlerThread:34734 [handler.py:handle_request():55] handle_request: defer
2021-02-01 16:51:25,712 INFO    HandlerThread:34734 [handler.py:handle_request_defer():69] handle defer: 2
2021-02-01 16:51:25,712 DEBUG   SenderThread:34734 [sender.py:send():117] send: request
2021-02-01 16:51:25,713 DEBUG   SenderThread:34734 [sender.py:send_request():126] send_request: defer
2021-02-01 16:51:25,713 INFO    SenderThread:34734 [sender.py:send_request_defer():212] handle sender defer: 2
2021-02-01 16:51:25,713 INFO    SenderThread:34734 [sender.py:send_request_defer():248] send defer: 3
2021-02-01 16:51:25,713 DEBUG   HandlerThread:34734 [handler.py:handle_request():55] handle_request: defer
2021-02-01 16:51:25,713 INFO    HandlerThread:34734 [handler.py:handle_request_defer():69] handle defer: 3
2021-02-01 16:51:25,714 DEBUG   SenderThread:34734 [sender.py:send():117] send: summary
2021-02-01 16:51:25,714 INFO    SenderThread:34734 [sender.py:_save_file():682] saving file wandb-summary.json with policy end
2021-02-01 16:51:25,715 DEBUG   SenderThread:34734 [sender.py:send():117] send: request
2021-02-01 16:51:25,715 DEBUG   SenderThread:34734 [sender.py:send_request():126] send_request: defer
2021-02-01 16:51:25,715 INFO    SenderThread:34734 [sender.py:send_request_defer():212] handle sender defer: 3
2021-02-01 16:51:25,715 INFO    SenderThread:34734 [sender.py:send_request_defer():248] send defer: 4
2021-02-01 16:51:25,716 DEBUG   HandlerThread:34734 [handler.py:handle_request():55] handle_request: defer
2021-02-01 16:51:25,716 INFO    HandlerThread:34734 [handler.py:handle_request_defer():69] handle defer: 4
2021-02-01 16:51:25,716 DEBUG   SenderThread:34734 [sender.py:send():117] send: request
2021-02-01 16:51:25,716 DEBUG   SenderThread:34734 [sender.py:send_request():126] send_request: defer
2021-02-01 16:51:25,716 INFO    SenderThread:34734 [sender.py:send_request_defer():212] handle sender defer: 4
2021-02-01 16:51:25,716 INFO    SenderThread:34734 [dir_watcher.py:finish():279] shutting down directory watcher
2021-02-01 16:51:26,060 INFO    SenderThread:34734 [dir_watcher.py:_on_file_modified():226] file/dir modified: /home/pfrod/architectures/wandb/run-20210201_165051-q8ltfbtc/files/config.yaml
2021-02-01 16:51:26,061 INFO    SenderThread:34734 [dir_watcher.py:_on_file_modified():226] file/dir modified: /home/pfrod/architectures/wandb/run-20210201_165051-q8ltfbtc/files/output.log
2021-02-01 16:51:26,061 INFO    SenderThread:34734 [dir_watcher.py:_on_file_modified():226] file/dir modified: /home/pfrod/architectures/wandb/run-20210201_165051-q8ltfbtc/files/wandb-summary.json
2021-02-01 16:51:26,062 INFO    SenderThread:34734 [dir_watcher.py:finish():309] scan: /home/pfrod/architectures/wandb/run-20210201_165051-q8ltfbtc/files
2021-02-01 16:51:26,062 INFO    SenderThread:34734 [dir_watcher.py:finish():315] scan save: /home/pfrod/architectures/wandb/run-20210201_165051-q8ltfbtc/files/config.yaml config.yaml
2021-02-01 16:51:26,062 INFO    SenderThread:34734 [dir_watcher.py:finish():315] scan save: /home/pfrod/architectures/wandb/run-20210201_165051-q8ltfbtc/files/wandb-summary.json wandb-summary.json
2021-02-01 16:51:26,063 INFO    SenderThread:34734 [dir_watcher.py:finish():315] scan save: /home/pfrod/architectures/wandb/run-20210201_165051-q8ltfbtc/files/requirements.txt requirements.txt
2021-02-01 16:51:26,070 DEBUG   Thread-12 :34734 [connectionpool.py:_new_conn():813] Starting new HTTPS connection (1): api.wandb.ai:443
2021-02-01 16:51:26,076 DEBUG   Thread-13 :34734 [connectionpool.py:_new_conn():813] Starting new HTTPS connection (1): api.wandb.ai:443
2021-02-01 16:51:26,077 INFO    SenderThread:34734 [dir_watcher.py:finish():315] scan save: /home/pfrod/architectures/wandb/run-20210201_165051-q8ltfbtc/files/wandb-metadata.json wandb-metadata.json
2021-02-01 16:51:26,084 DEBUG   Thread-14 :34734 [connectionpool.py:_new_conn():813] Starting new HTTPS connection (1): api.wandb.ai:443
2021-02-01 16:51:26,084 INFO    SenderThread:34734 [dir_watcher.py:finish():315] scan save: /home/pfrod/architectures/wandb/run-20210201_165051-q8ltfbtc/files/output.log output.log
2021-02-01 16:51:26,085 INFO    SenderThread:34734 [sender.py:send_request_defer():248] send defer: 5
2021-02-01 16:51:26,093 DEBUG   Thread-15 :34734 [connectionpool.py:_new_conn():813] Starting new HTTPS connection (1): api.wandb.ai:443
2021-02-01 16:51:26,093 DEBUG   HandlerThread:34734 [handler.py:handle_request():55] handle_request: defer
2021-02-01 16:51:26,093 INFO    HandlerThread:34734 [handler.py:handle_request_defer():69] handle defer: 5
2021-02-01 16:51:26,094 DEBUG   SenderThread:34734 [sender.py:send():117] send: request
2021-02-01 16:51:26,094 DEBUG   SenderThread:34734 [sender.py:send_request():126] send_request: defer
2021-02-01 16:51:26,094 INFO    SenderThread:34734 [sender.py:send_request_defer():212] handle sender defer: 5
2021-02-01 16:51:26,094 INFO    SenderThread:34734 [file_pusher.py:finish():174] shutting down file pusher
2021-02-01 16:51:26,094 INFO    SenderThread:34734 [sender.py:send_request_defer():248] send defer: 6
2021-02-01 16:51:26,095 DEBUG   HandlerThread:34734 [handler.py:handle_request():55] handle_request: defer
2021-02-01 16:51:26,095 INFO    HandlerThread:34734 [handler.py:handle_request_defer():69] handle defer: 6
2021-02-01 16:51:26,096 DEBUG   SenderThread:34734 [sender.py:send():117] send: request
2021-02-01 16:51:26,096 DEBUG   SenderThread:34734 [sender.py:send_request():126] send_request: defer
2021-02-01 16:51:26,096 INFO    SenderThread:34734 [sender.py:send_request_defer():212] handle sender defer: 6
2021-02-01 16:51:26,277 DEBUG   Thread-5  :34734 [connectionpool.py:_make_request():393] https://api.wandb.ai:443 "POST /files/pfrodedelaforet/huggingface/q8ltfbtc/file_stream HTTP/1.1" 200 None
2021-02-01 16:51:26,294 DEBUG   Thread-15 :34734 [connectionpool.py:_make_request():393] https://api.wandb.ai:443 "POST /graphql HTTP/1.1" 200 None
2021-02-01 16:51:26,294 DEBUG   Thread-12 :34734 [connectionpool.py:_make_request():393] https://api.wandb.ai:443 "POST /graphql HTTP/1.1" 200 None
2021-02-01 16:51:26,305 DEBUG   Thread-12 :34734 [connectionpool.py:_new_conn():813] Starting new HTTPS connection (1): storage.googleapis.com:443
2021-02-01 16:51:26,306 DEBUG   Thread-13 :34734 [connectionpool.py:_make_request():393] https://api.wandb.ai:443 "POST /graphql HTTP/1.1" 200 None
2021-02-01 16:51:26,309 DEBUG   Thread-15 :34734 [connectionpool.py:_new_conn():813] Starting new HTTPS connection (1): storage.googleapis.com:443
2021-02-01 16:51:26,315 DEBUG   Thread-13 :34734 [connectionpool.py:_new_conn():813] Starting new HTTPS connection (1): storage.googleapis.com:443
2021-02-01 16:51:26,316 DEBUG   Thread-14 :34734 [connectionpool.py:_make_request():393] https://api.wandb.ai:443 "POST /graphql HTTP/1.1" 200 None
2021-02-01 16:51:26,322 DEBUG   Thread-14 :34734 [connectionpool.py:_new_conn():813] Starting new HTTPS connection (1): storage.googleapis.com:443
2021-02-01 16:51:26,443 DEBUG   Thread-5  :34734 [connectionpool.py:_make_request():393] https://api.wandb.ai:443 "POST /files/pfrodedelaforet/huggingface/q8ltfbtc/file_stream HTTP/1.1" 200 None
2021-02-01 16:51:26,445 INFO    SenderThread:34734 [sender.py:send_request_defer():248] send defer: 7
2021-02-01 16:51:26,446 DEBUG   HandlerThread:34734 [handler.py:handle_request():55] handle_request: defer
2021-02-01 16:51:26,447 INFO    HandlerThread:34734 [handler.py:handle_request_defer():69] handle defer: 7
2021-02-01 16:51:26,447 DEBUG   SenderThread:34734 [sender.py:send():117] send: request
2021-02-01 16:51:26,447 DEBUG   SenderThread:34734 [sender.py:send_request():126] send_request: defer
2021-02-01 16:51:26,447 INFO    SenderThread:34734 [sender.py:send_request_defer():212] handle sender defer: 7
2021-02-01 16:51:26,447 INFO    SenderThread:34734 [sender.py:send_request_defer():248] send defer: 8
2021-02-01 16:51:26,448 DEBUG   SenderThread:34734 [sender.py:send():117] send: final
2021-02-01 16:51:26,448 DEBUG   SenderThread:34734 [sender.py:send():117] send: footer
2021-02-01 16:51:26,448 DEBUG   HandlerThread:34734 [handler.py:handle_request():55] handle_request: defer
2021-02-01 16:51:26,449 INFO    HandlerThread:34734 [handler.py:handle_request_defer():69] handle defer: 8
2021-02-01 16:51:26,449 DEBUG   SenderThread:34734 [sender.py:send():117] send: request
2021-02-01 16:51:26,449 DEBUG   SenderThread:34734 [sender.py:send_request():126] send_request: defer
2021-02-01 16:51:26,449 INFO    SenderThread:34734 [sender.py:send_request_defer():212] handle sender defer: 8
2021-02-01 16:51:26,711 DEBUG   Thread-15 :34734 [connectionpool.py:_make_request():393] https://storage.googleapis.com:443 "PUT /wandb-production.appspot.com/pfrodedelaforet/huggingface/q8ltfbtc/output.log?Expires=1612281086&GoogleAccessId=wandb-production%40appspot.gserviceaccount.com&Signature=Mrnbt89eH5jAV5%2Box9b3dNNYdh8Y5x9EjWCx0%2Bpkw9ysS9Zug64X504h7VYDDCgg4TfAELfHTdoKqMaXKEY6rHSt7NLeBMUbj%2Fmv65N5pZkFiU%2F0EXhG%2F1Fm94YaT%2FMBOfQ0qQDRrkAc8QAwrmzOyYhe%2FeU03dEY54h8HazN7Sv%2Bd%2F%2BSWtfRhxJNsgaK4C7K9Cu%2BfA87%2BLp5zVPqJAjhzjuSQz9E6ByTdWx%2FI%2FtFaxolMxGJSj9HTL0HVfk5ZRcGOVGUbrH207EU03FgVtaIvdt34jprCMXTsE981oJSD51mPdJ%2FI6ZNkm2JBzjT2qXEMwSlY0mRgw0EDjeCNFav6w%3D%3D HTTP/1.1" 200 0
2021-02-01 16:51:26,714 INFO    Thread-15 :34734 [upload_job.py:push():133] Uploaded file /home/pfrod/architectures/wandb/run-20210201_165051-q8ltfbtc/files/output.log
2021-02-01 16:51:26,726 DEBUG   Thread-13 :34734 [connectionpool.py:_make_request():393] https://storage.googleapis.com:443 "PUT /wandb-production.appspot.com/pfrodedelaforet/huggingface/q8ltfbtc/wandb-summary.json?Expires=1612281086&GoogleAccessId=wandb-production%40appspot.gserviceaccount.com&Signature=TqPQ5QlDyp4k63VfGJ358sSwpSExop%2Ba5E%2By5Xkju%2FWh3o34wIYkwwzSMSUlA%2BU5rhsI4KWauA2dry7dLTh3cTuW01xF3qb8SJYMLUpA%2FLxAJdq8qou9MDELuMbHyfdYPxOuq4UR7X7WTY4jbZtwo4DdnBUij3%2BUKs68%2B50W3PavDMWfXsPTCij5qsEW4JectQvD1KZeWSmwT48GKDF7jJHeqgmHz33fsVZf%2Fl4othNOiX2WbvVEMTgAdcDxI9UYXXWXLjumAQeobLZFHrMyIkwLzr5A8Yi%2Fp%2BbW6FVk2flMAE8jdr%2FvzpZ%2FQrozi72zbRmG4xwMkwdOa3FR%2FM0JyA%3D%3D HTTP/1.1" 200 0
2021-02-01 16:51:26,729 INFO    Thread-13 :34734 [upload_job.py:push():133] Uploaded file /home/pfrod/architectures/wandb/run-20210201_165051-q8ltfbtc/files/wandb-summary.json
2021-02-01 16:51:26,739 DEBUG   Thread-14 :34734 [connectionpool.py:_make_request():393] https://storage.googleapis.com:443 "PUT /wandb-production.appspot.com/pfrodedelaforet/huggingface/q8ltfbtc/requirements.txt?Expires=1612281086&GoogleAccessId=wandb-production%40appspot.gserviceaccount.com&Signature=Hng%2Bl2zdbiinMD4wwyW4mjrPU4d%2Fad%2FTo42S8EC%2FaAHmlEIzt83ZLG0wJBe99231Sj77bQOGzxbCMrvtKJR21b4QizvOHxCbaFkfq8xp75WvF9dmIlLAeIlXCmqnH5zi6QdCdABbWhXWIPM09qQjGYk5H21VSISMotuDe8IQdhSPOUO4TRu6lHH3BhK%2FjE1LsMBD8dVBGrWqH306z%2FfoSfQeMU2ca9OCOQPmvkZC0w6yvfeOigQmVJx66bUNYBVdcLBz3SB7CxcjVncgrUGLeNRjiQL2H3TlaC0ubXv%2F0kGUCLLyoeyuqmZmJBeVpfrl%2BVaiGoL5F5uPU5oqD47MZQ%3D%3D HTTP/1.1" 200 0
2021-02-01 16:51:26,742 INFO    Thread-14 :34734 [upload_job.py:push():133] Uploaded file /home/pfrod/architectures/wandb/run-20210201_165051-q8ltfbtc/files/requirements.txt
2021-02-01 16:51:26,763 DEBUG   Thread-12 :34734 [connectionpool.py:_make_request():393] https://storage.googleapis.com:443 "PUT /wandb-production.appspot.com/pfrodedelaforet/huggingface/q8ltfbtc/config.yaml?Expires=1612281086&GoogleAccessId=wandb-production%40appspot.gserviceaccount.com&Signature=kMI%2FwXqcUK037cuGuzeuHs5QqJ7rwqgnSwaMrh9bNuTs3HANoPDBl7rGxW0kpyHgs9YY1eIuHcLhfMvEhbTNLAzUTnSF1s0rRRPsHouCBd9v8BrAr4CF1DjTQmMJC0g%2FGXms7vawLMAhI9k9WT0YxwkTWEy8bP3idKNiBgEJ2FSM%2B7K4zRaIbOCfB0mOoSLLlbiY0Ac9WWdyVu38KK4CYnAiJhwDlgAM0KUaE3v0Gv6nBax1iQDNs8wg2yEL1wYaPmCEd01STgAwBOYAnblcFNUJlbm96SsBT%2BCT8kRXVrko2EI7qUqZy766fiy%2FcoLU9PshMAr2PQznSiGt%2FcYx%2Fw%3D%3D HTTP/1.1" 200 0
2021-02-01 16:51:26,766 INFO    Thread-12 :34734 [upload_job.py:push():133] Uploaded file /home/pfrod/architectures/wandb/run-20210201_165051-q8ltfbtc/files/config.yaml
2021-02-01 16:51:27,588 DEBUG   HandlerThread:34734 [handler.py:handle_request():55] handle_request: poll_exit
2021-02-01 16:51:27,588 DEBUG   SenderThread:34734 [sender.py:send():117] send: request
2021-02-01 16:51:27,588 DEBUG   SenderThread:34734 [sender.py:send_request():126] send_request: poll_exit
2021-02-01 16:51:27,588 INFO    SenderThread:34734 [file_pusher.py:join():179] waiting for file pusher
2021-02-01 16:51:27,590 DEBUG   HandlerThread:34734 [handler.py:handle_request():55] handle_request: get_summary
2021-02-01 16:51:27,591 DEBUG   HandlerThread:34734 [handler.py:handle_request():55] handle_request: sampled_history
2021-02-01 16:51:27,591 DEBUG   HandlerThread:34734 [handler.py:handle_request():55] handle_request: shutdown
2021-02-01 16:51:27,591 INFO    HandlerThread:34734 [handler.py:finish():274] shutting down handler
2021-02-01 16:51:28,448 INFO    WriterThread:34734 [datastore.py:close():258] close: /home/pfrod/architectures/wandb/run-20210201_165051-q8ltfbtc/run-q8ltfbtc.wandb
2021-02-01 16:51:28,589 INFO    SenderThread:34734 [sender.py:finish():756] shutting down sender
2021-02-01 16:51:28,589 INFO    SenderThread:34734 [file_pusher.py:finish():174] shutting down file pusher
2021-02-01 16:51:28,589 INFO    SenderThread:34734 [file_pusher.py:join():179] waiting for file pusher
2021-02-01 16:51:28,591 INFO    MainThread:34734 [internal.py:handle_exit():139] Internal process exited
