2021-02-01 10:21:18,540 INFO    MainThread:2636 [internal.py:wandb_internal():64] W&B internal server running at pid: 2636
2021-02-01 10:21:18,545 DEBUG   HandlerThread:2636 [handler.py:handle_request():55] handle_request: run_start
2021-02-01 10:21:18,545 INFO    WriterThread:2636 [datastore.py:open_for_write():77] open: /home/pfrod/architectures/wandb/offline-run-20210201_102117-2bu7iryh/run-2bu7iryh.wandb
2021-02-01 10:21:19,408 DEBUG   HandlerThread:2636 [tpu_cluster_resolver.py:<module>():36] Falling back to TensorFlow client; we recommended you install the Cloud TPU client directly with pip install cloud-tpu-client.
2021-02-01 10:21:20,283 DEBUG   HandlerThread:2636 [meta.py:__init__():34] meta init
2021-02-01 10:21:20,283 DEBUG   HandlerThread:2636 [meta.py:__init__():48] meta init done
2021-02-01 10:21:20,283 DEBUG   HandlerThread:2636 [meta.py:probe():190] probe
2021-02-01 10:21:20,289 DEBUG   HandlerThread:2636 [git.py:repo():33] git repository is invalid
2021-02-01 10:21:20,289 DEBUG   HandlerThread:2636 [meta.py:_save_pip():52] save pip
2021-02-01 10:21:20,290 DEBUG   HandlerThread:2636 [meta.py:_save_pip():66] save pip done
2021-02-01 10:21:20,290 DEBUG   HandlerThread:2636 [meta.py:probe():231] probe done
2021-02-01 10:21:20,302 DEBUG   HandlerThread:2636 [handler.py:handle_request():55] handle_request: poll_exit
2021-02-01 10:21:20,302 DEBUG   SenderThread:2636 [sender.py:send():117] send: exit
2021-02-01 10:21:20,302 INFO    SenderThread:2636 [sender.py:send_exit():195] handling exit code: 1
2021-02-01 10:21:20,303 INFO    SenderThread:2636 [sender.py:send_exit():203] send defer
2021-02-01 10:21:20,303 DEBUG   SenderThread:2636 [sender.py:send():117] send: request
2021-02-01 10:21:20,303 DEBUG   SenderThread:2636 [sender.py:send_request():126] send_request: poll_exit
2021-02-01 10:21:20,303 DEBUG   HandlerThread:2636 [handler.py:handle_request():55] handle_request: defer
2021-02-01 10:21:20,304 INFO    HandlerThread:2636 [handler.py:handle_request_defer():69] handle defer: 0
2021-02-01 10:21:20,304 DEBUG   SenderThread:2636 [sender.py:send():117] send: request
2021-02-01 10:21:20,304 DEBUG   SenderThread:2636 [sender.py:send_request():126] send_request: defer
2021-02-01 10:21:20,304 INFO    SenderThread:2636 [sender.py:send_request_defer():212] handle sender defer: 0
2021-02-01 10:21:20,304 INFO    SenderThread:2636 [sender.py:send_request_defer():248] send defer: 1
2021-02-01 10:21:20,305 DEBUG   HandlerThread:2636 [handler.py:handle_request():55] handle_request: defer
2021-02-01 10:21:20,305 INFO    HandlerThread:2636 [handler.py:handle_request_defer():69] handle defer: 1
2021-02-01 10:21:20,334 DEBUG   SenderThread:2636 [sender.py:send():117] send: request
2021-02-01 10:21:20,334 DEBUG   SenderThread:2636 [sender.py:send_request():126] send_request: defer
2021-02-01 10:21:20,334 INFO    SenderThread:2636 [sender.py:send_request_defer():212] handle sender defer: 1
2021-02-01 10:21:20,334 INFO    SenderThread:2636 [sender.py:send_request_defer():248] send defer: 2
2021-02-01 10:21:20,335 DEBUG   HandlerThread:2636 [handler.py:handle_request():55] handle_request: defer
2021-02-01 10:21:20,335 INFO    HandlerThread:2636 [handler.py:handle_request_defer():69] handle defer: 2
2021-02-01 10:21:20,335 DEBUG   SenderThread:2636 [sender.py:send():117] send: request
2021-02-01 10:21:20,336 DEBUG   SenderThread:2636 [sender.py:send_request():126] send_request: defer
2021-02-01 10:21:20,336 INFO    SenderThread:2636 [sender.py:send_request_defer():212] handle sender defer: 2
2021-02-01 10:21:20,336 INFO    SenderThread:2636 [sender.py:send_request_defer():248] send defer: 3
2021-02-01 10:21:20,336 DEBUG   HandlerThread:2636 [handler.py:handle_request():55] handle_request: defer
2021-02-01 10:21:20,337 INFO    HandlerThread:2636 [handler.py:handle_request_defer():69] handle defer: 3
2021-02-01 10:21:20,337 DEBUG   SenderThread:2636 [sender.py:send():117] send: request
2021-02-01 10:21:20,337 DEBUG   SenderThread:2636 [sender.py:send_request():126] send_request: defer
2021-02-01 10:21:20,337 INFO    SenderThread:2636 [sender.py:send_request_defer():212] handle sender defer: 3
2021-02-01 10:21:20,337 INFO    SenderThread:2636 [sender.py:send_request_defer():248] send defer: 4
2021-02-01 10:21:20,338 DEBUG   HandlerThread:2636 [handler.py:handle_request():55] handle_request: defer
2021-02-01 10:21:20,338 INFO    HandlerThread:2636 [handler.py:handle_request_defer():69] handle defer: 4
2021-02-01 10:21:20,338 DEBUG   SenderThread:2636 [sender.py:send():117] send: request
2021-02-01 10:21:20,339 DEBUG   SenderThread:2636 [sender.py:send_request():126] send_request: defer
2021-02-01 10:21:20,339 INFO    SenderThread:2636 [sender.py:send_request_defer():212] handle sender defer: 4
2021-02-01 10:21:20,339 INFO    SenderThread:2636 [sender.py:send_request_defer():248] send defer: 5
2021-02-01 10:21:20,339 DEBUG   HandlerThread:2636 [handler.py:handle_request():55] handle_request: defer
2021-02-01 10:21:20,340 INFO    HandlerThread:2636 [handler.py:handle_request_defer():69] handle defer: 5
2021-02-01 10:21:20,340 DEBUG   SenderThread:2636 [sender.py:send():117] send: request
2021-02-01 10:21:20,340 DEBUG   SenderThread:2636 [sender.py:send_request():126] send_request: defer
2021-02-01 10:21:20,340 INFO    SenderThread:2636 [sender.py:send_request_defer():212] handle sender defer: 5
2021-02-01 10:21:20,340 INFO    SenderThread:2636 [sender.py:send_request_defer():248] send defer: 6
2021-02-01 10:21:20,341 DEBUG   HandlerThread:2636 [handler.py:handle_request():55] handle_request: defer
2021-02-01 10:21:20,341 INFO    HandlerThread:2636 [handler.py:handle_request_defer():69] handle defer: 6
2021-02-01 10:21:20,341 DEBUG   SenderThread:2636 [sender.py:send():117] send: request
2021-02-01 10:21:20,342 DEBUG   SenderThread:2636 [sender.py:send_request():126] send_request: defer
2021-02-01 10:21:20,342 INFO    SenderThread:2636 [sender.py:send_request_defer():212] handle sender defer: 6
2021-02-01 10:21:20,342 INFO    SenderThread:2636 [sender.py:send_request_defer():248] send defer: 7
2021-02-01 10:21:20,342 DEBUG   HandlerThread:2636 [handler.py:handle_request():55] handle_request: defer
2021-02-01 10:21:20,342 INFO    HandlerThread:2636 [handler.py:handle_request_defer():69] handle defer: 7
2021-02-01 10:21:20,343 DEBUG   SenderThread:2636 [sender.py:send():117] send: request
2021-02-01 10:21:20,343 DEBUG   SenderThread:2636 [sender.py:send_request():126] send_request: defer
2021-02-01 10:21:20,343 INFO    SenderThread:2636 [sender.py:send_request_defer():212] handle sender defer: 7
2021-02-01 10:21:20,343 INFO    SenderThread:2636 [sender.py:send_request_defer():248] send defer: 8
2021-02-01 10:21:20,344 DEBUG   HandlerThread:2636 [handler.py:handle_request():55] handle_request: defer
2021-02-01 10:21:20,344 DEBUG   SenderThread:2636 [sender.py:send():117] send: final
2021-02-01 10:21:20,345 INFO    HandlerThread:2636 [handler.py:handle_request_defer():69] handle defer: 8
2021-02-01 10:21:20,345 DEBUG   SenderThread:2636 [sender.py:send():117] send: request
2021-02-01 10:21:20,345 DEBUG   SenderThread:2636 [sender.py:send_request():126] send_request: defer
2021-02-01 10:21:20,345 INFO    SenderThread:2636 [sender.py:send_request_defer():212] handle sender defer: 8
2021-02-01 10:21:22,307 DEBUG   HandlerThread:2636 [handler.py:handle_request():55] handle_request: poll_exit
2021-02-01 10:21:22,308 DEBUG   SenderThread:2636 [sender.py:send():117] send: request
2021-02-01 10:21:22,308 DEBUG   SenderThread:2636 [sender.py:send_request():126] send_request: poll_exit
2021-02-01 10:21:22,309 DEBUG   HandlerThread:2636 [handler.py:handle_request():55] handle_request: get_summary
2021-02-01 10:21:22,310 DEBUG   HandlerThread:2636 [handler.py:handle_request():55] handle_request: sampled_history
2021-02-01 10:21:22,310 DEBUG   HandlerThread:2636 [handler.py:handle_request():55] handle_request: shutdown
2021-02-01 10:21:22,310 INFO    HandlerThread:2636 [handler.py:finish():274] shutting down handler
2021-02-01 10:21:22,345 INFO    WriterThread:2636 [datastore.py:close():258] close: /home/pfrod/architectures/wandb/offline-run-20210201_102117-2bu7iryh/run-2bu7iryh.wandb
2021-02-01 10:21:23,308 INFO    SenderThread:2636 [sender.py:finish():756] shutting down sender
2021-02-01 10:21:23,309 INFO    MainThread:2636 [internal.py:handle_exit():139] Internal process exited
