2021-02-01 16:18:42,098 INFO    MainThread:13053 [internal.py:wandb_internal():64] W&B internal server running at pid: 13053
2021-02-01 16:18:42,101 DEBUG   HandlerThread:13053 [handler.py:handle_request():55] handle_request: check_version
2021-02-01 16:18:42,101 INFO    WriterThread:13053 [datastore.py:open_for_write():77] open: /home/pfrod/architectures/wandb/run-20210201_161841-2ehef2qr/run-2ehef2qr.wandb
2021-02-01 16:18:42,103 DEBUG   SenderThread:13053 [sender.py:send():117] send: header
2021-02-01 16:18:42,103 DEBUG   SenderThread:13053 [sender.py:send():117] send: request
2021-02-01 16:18:42,104 DEBUG   SenderThread:13053 [sender.py:send_request():126] send_request: check_version
2021-02-01 16:18:42,108 DEBUG   Thread-4  :13053 [connectionpool.py:_new_conn():813] Starting new HTTPS connection (1): pypi.org:443
2021-02-01 16:18:42,205 DEBUG   Thread-4  :13053 [connectionpool.py:_make_request():393] https://pypi.org:443 "GET /pypi/wandb/json HTTP/1.1" 200 53088
2021-02-01 16:18:42,241 DEBUG   SenderThread:13053 [sender.py:send():117] send: run
2021-02-01 16:18:42,269 DEBUG   SenderThread:13053 [git.py:repo():33] git repository is invalid
2021-02-01 16:18:42,273 DEBUG   SenderThread:13053 [connectionpool.py:_new_conn():813] Starting new HTTPS connection (1): api.wandb.ai:443
2021-02-01 16:18:42,515 DEBUG   SenderThread:13053 [connectionpool.py:_make_request():393] https://api.wandb.ai:443 "POST /graphql HTTP/1.1" 200 None
2021-02-01 16:18:42,525 INFO    SenderThread:13053 [dir_watcher.py:__init__():165] watching files in: /home/pfrod/architectures/wandb/run-20210201_161841-2ehef2qr/files
2021-02-01 16:18:42,525 INFO    SenderThread:13053 [sender.py:_start_run_threads():596] run started: 2ehef2qr with start time 1612192721
2021-02-01 16:18:42,530 DEBUG   SenderThread:13053 [sender.py:send():117] send: summary
2021-02-01 16:18:42,530 INFO    SenderThread:13053 [sender.py:_save_file():682] saving file wandb-summary.json with policy end
2021-02-01 16:18:42,533 DEBUG   HandlerThread:13053 [handler.py:handle_request():55] handle_request: run_start
2021-02-01 16:18:43,144 DEBUG   HandlerThread:13053 [tpu_cluster_resolver.py:<module>():36] Falling back to TensorFlow client; we recommended you install the Cloud TPU client directly with pip install cloud-tpu-client.
2021-02-01 16:18:43,531 INFO    Thread-8  :13053 [dir_watcher.py:_on_file_created():213] file/dir created: /home/pfrod/architectures/wandb/run-20210201_161841-2ehef2qr/files/wandb-summary.json
2021-02-01 16:18:44,128 DEBUG   HandlerThread:13053 [meta.py:__init__():34] meta init
2021-02-01 16:18:44,128 DEBUG   HandlerThread:13053 [meta.py:__init__():48] meta init done
2021-02-01 16:18:44,128 DEBUG   HandlerThread:13053 [meta.py:probe():190] probe
2021-02-01 16:18:44,134 DEBUG   HandlerThread:13053 [git.py:repo():33] git repository is invalid
2021-02-01 16:18:44,134 DEBUG   HandlerThread:13053 [meta.py:_save_pip():52] save pip
2021-02-01 16:18:44,135 DEBUG   HandlerThread:13053 [meta.py:_save_pip():66] save pip done
2021-02-01 16:18:44,135 DEBUG   HandlerThread:13053 [meta.py:probe():231] probe done
2021-02-01 16:18:44,138 DEBUG   SenderThread:13053 [sender.py:send():117] send: files
2021-02-01 16:18:44,138 INFO    SenderThread:13053 [sender.py:_save_file():682] saving file wandb-metadata.json with policy now
2021-02-01 16:18:44,148 DEBUG   Thread-11 :13053 [connectionpool.py:_new_conn():813] Starting new HTTPS connection (1): api.wandb.ai:443
2021-02-01 16:18:44,149 DEBUG   HandlerThread:13053 [handler.py:handle_request():55] handle_request: status
2021-02-01 16:18:44,150 DEBUG   SenderThread:13053 [sender.py:send():117] send: request
2021-02-01 16:18:44,150 DEBUG   SenderThread:13053 [sender.py:send_request():126] send_request: status
2021-02-01 16:18:44,155 DEBUG   SenderThread:13053 [connectionpool.py:_new_conn():813] Starting new HTTPS connection (1): api.wandb.ai:443
2021-02-01 16:18:44,354 DEBUG   SenderThread:13053 [connectionpool.py:_make_request():393] https://api.wandb.ai:443 "POST /graphql HTTP/1.1" 200 None
2021-02-01 16:18:44,356 DEBUG   Thread-11 :13053 [connectionpool.py:_make_request():393] https://api.wandb.ai:443 "POST /graphql HTTP/1.1" 200 None
2021-02-01 16:18:44,366 DEBUG   Thread-11 :13053 [connectionpool.py:_new_conn():813] Starting new HTTPS connection (1): storage.googleapis.com:443
2021-02-01 16:18:44,530 INFO    Thread-8  :13053 [dir_watcher.py:_on_file_created():213] file/dir created: /home/pfrod/architectures/wandb/run-20210201_161841-2ehef2qr/files/output.log
2021-02-01 16:18:44,531 INFO    Thread-8  :13053 [dir_watcher.py:_on_file_created():213] file/dir created: /home/pfrod/architectures/wandb/run-20210201_161841-2ehef2qr/files/requirements.txt
2021-02-01 16:18:44,532 INFO    Thread-8  :13053 [dir_watcher.py:_on_file_created():213] file/dir created: /home/pfrod/architectures/wandb/run-20210201_161841-2ehef2qr/files/wandb-metadata.json
2021-02-01 16:18:44,777 DEBUG   Thread-11 :13053 [connectionpool.py:_make_request():393] https://storage.googleapis.com:443 "PUT /wandb-production.appspot.com/pfrodedelaforet/huggingface/2ehef2qr/wandb-metadata.json?Expires=1612279124&GoogleAccessId=wandb-production%40appspot.gserviceaccount.com&Signature=SLOgIx3svH534yldPmkjLWFjevc4hoXhaAN5xmMu3%2BZ5povHG0A4JoqB9lSARu0A2k8cw%2FVBEEcb76fdmwsaHXNfgNFHYRAL3ZtrlpNJ1fGbrNmBppWUJanXvN1si0o3YUNRI5L7jlV8JU53mvf5UrdF335w%2FOOvqaD%2FC2XsJ5ewegY7ypsN6lU9aPFtLLtv7Vf7FJto9GWHDR%2BPsoBZg2j28h7ouQQ5cCTHKp9z6MUV6%2F9K9oZhlcNxINQZkgKPD4TRbDIPNpLpUUleUO4dKpc9USIREHL2wbVjiIs6dBOGhk6Lgwti6QhGIshCc%2FDSvaQtL8uWPiuGbx0aarATmw%3D%3D HTTP/1.1" 200 0
2021-02-01 16:18:44,779 INFO    Thread-11 :13053 [upload_job.py:push():133] Uploaded file /tmp/tmpa7cfojd4wandb/2pzqn1y2-wandb-metadata.json
2021-02-01 16:18:46,364 DEBUG   Thread-5  :13053 [connectionpool.py:_new_conn():813] Starting new HTTPS connection (1): api.wandb.ai:443
2021-02-01 16:18:46,401 DEBUG   HandlerThread:13053 [handler.py:handle_request():55] handle_request: poll_exit
2021-02-01 16:18:46,401 DEBUG   SenderThread:13053 [sender.py:send():117] send: telemetry
2021-02-01 16:18:46,416 DEBUG   SenderThread:13053 [connectionpool.py:_new_conn():813] Starting new HTTPS connection (1): api.wandb.ai:443
2021-02-01 16:18:46,532 INFO    Thread-8  :13053 [dir_watcher.py:_on_file_modified():226] file/dir modified: /home/pfrod/architectures/wandb/run-20210201_161841-2ehef2qr/files/output.log
2021-02-01 16:18:46,602 DEBUG   Thread-5  :13053 [connectionpool.py:_make_request():393] https://api.wandb.ai:443 "POST /files/pfrodedelaforet/huggingface/2ehef2qr/file_stream HTTP/1.1" 200 None
2021-02-01 16:18:46,646 DEBUG   SenderThread:13053 [connectionpool.py:_make_request():393] https://api.wandb.ai:443 "POST /graphql HTTP/1.1" 200 None
2021-02-01 16:18:46,678 DEBUG   SenderThread:13053 [sender.py:send():117] send: exit
2021-02-01 16:18:46,678 INFO    SenderThread:13053 [sender.py:send_exit():195] handling exit code: 1
2021-02-01 16:18:46,678 INFO    SenderThread:13053 [sender.py:send_exit():203] send defer
2021-02-01 16:18:46,678 DEBUG   SenderThread:13053 [sender.py:send():117] send: request
2021-02-01 16:18:46,678 DEBUG   SenderThread:13053 [sender.py:send_request():126] send_request: poll_exit
2021-02-01 16:18:46,679 DEBUG   HandlerThread:13053 [handler.py:handle_request():55] handle_request: defer
2021-02-01 16:18:46,679 INFO    HandlerThread:13053 [handler.py:handle_request_defer():69] handle defer: 0
2021-02-01 16:18:46,679 DEBUG   SenderThread:13053 [sender.py:send():117] send: request
2021-02-01 16:18:46,679 DEBUG   SenderThread:13053 [sender.py:send_request():126] send_request: defer
2021-02-01 16:18:46,679 INFO    SenderThread:13053 [sender.py:send_request_defer():212] handle sender defer: 0
2021-02-01 16:18:46,680 INFO    SenderThread:13053 [sender.py:send_request_defer():248] send defer: 1
2021-02-01 16:18:46,680 DEBUG   HandlerThread:13053 [handler.py:handle_request():55] handle_request: defer
2021-02-01 16:18:46,680 INFO    HandlerThread:13053 [handler.py:handle_request_defer():69] handle defer: 1
2021-02-01 16:18:46,767 DEBUG   SenderThread:13053 [sender.py:send():117] send: request
2021-02-01 16:18:46,768 DEBUG   SenderThread:13053 [sender.py:send_request():126] send_request: defer
2021-02-01 16:18:46,768 INFO    SenderThread:13053 [sender.py:send_request_defer():212] handle sender defer: 1
2021-02-01 16:18:46,768 INFO    SenderThread:13053 [sender.py:send_request_defer():248] send defer: 2
2021-02-01 16:18:46,768 DEBUG   SenderThread:13053 [sender.py:send():117] send: stats
2021-02-01 16:18:46,769 DEBUG   HandlerThread:13053 [handler.py:handle_request():55] handle_request: defer
2021-02-01 16:18:46,769 INFO    HandlerThread:13053 [handler.py:handle_request_defer():69] handle defer: 2
2021-02-01 16:18:46,770 DEBUG   SenderThread:13053 [sender.py:send():117] send: request
2021-02-01 16:18:46,770 DEBUG   SenderThread:13053 [sender.py:send_request():126] send_request: defer
2021-02-01 16:18:46,770 INFO    SenderThread:13053 [sender.py:send_request_defer():212] handle sender defer: 2
2021-02-01 16:18:46,770 INFO    SenderThread:13053 [sender.py:send_request_defer():248] send defer: 3
2021-02-01 16:18:46,770 DEBUG   HandlerThread:13053 [handler.py:handle_request():55] handle_request: defer
2021-02-01 16:18:46,770 INFO    HandlerThread:13053 [handler.py:handle_request_defer():69] handle defer: 3
2021-02-01 16:18:46,771 DEBUG   SenderThread:13053 [sender.py:send():117] send: summary
2021-02-01 16:18:46,771 INFO    SenderThread:13053 [sender.py:_save_file():682] saving file wandb-summary.json with policy end
2021-02-01 16:18:46,772 DEBUG   SenderThread:13053 [sender.py:send():117] send: request
2021-02-01 16:18:46,772 DEBUG   SenderThread:13053 [sender.py:send_request():126] send_request: defer
2021-02-01 16:18:46,772 INFO    SenderThread:13053 [sender.py:send_request_defer():212] handle sender defer: 3
2021-02-01 16:18:46,772 INFO    SenderThread:13053 [sender.py:send_request_defer():248] send defer: 4
2021-02-01 16:18:46,773 DEBUG   HandlerThread:13053 [handler.py:handle_request():55] handle_request: defer
2021-02-01 16:18:46,773 INFO    HandlerThread:13053 [handler.py:handle_request_defer():69] handle defer: 4
2021-02-01 16:18:46,773 DEBUG   SenderThread:13053 [sender.py:send():117] send: request
2021-02-01 16:18:46,773 DEBUG   SenderThread:13053 [sender.py:send_request():126] send_request: defer
2021-02-01 16:18:46,773 INFO    SenderThread:13053 [sender.py:send_request_defer():212] handle sender defer: 4
2021-02-01 16:18:46,773 INFO    SenderThread:13053 [dir_watcher.py:finish():279] shutting down directory watcher
2021-02-01 16:18:47,532 INFO    Thread-8  :13053 [dir_watcher.py:_on_file_modified():226] file/dir modified: /home/pfrod/architectures/wandb/run-20210201_161841-2ehef2qr/files/wandb-summary.json
2021-02-01 16:18:47,533 INFO    SenderThread:13053 [dir_watcher.py:_on_file_modified():226] file/dir modified: /home/pfrod/architectures/wandb/run-20210201_161841-2ehef2qr/files/config.yaml
2021-02-01 16:18:47,533 INFO    SenderThread:13053 [dir_watcher.py:finish():309] scan: /home/pfrod/architectures/wandb/run-20210201_161841-2ehef2qr/files
2021-02-01 16:18:47,533 INFO    SenderThread:13053 [dir_watcher.py:finish():315] scan save: /home/pfrod/architectures/wandb/run-20210201_161841-2ehef2qr/files/config.yaml config.yaml
2021-02-01 16:18:47,533 INFO    SenderThread:13053 [dir_watcher.py:finish():315] scan save: /home/pfrod/architectures/wandb/run-20210201_161841-2ehef2qr/files/wandb-summary.json wandb-summary.json
2021-02-01 16:18:47,534 INFO    SenderThread:13053 [dir_watcher.py:finish():315] scan save: /home/pfrod/architectures/wandb/run-20210201_161841-2ehef2qr/files/requirements.txt requirements.txt
2021-02-01 16:18:47,534 INFO    SenderThread:13053 [dir_watcher.py:finish():315] scan save: /home/pfrod/architectures/wandb/run-20210201_161841-2ehef2qr/files/wandb-metadata.json wandb-metadata.json
2021-02-01 16:18:47,534 INFO    SenderThread:13053 [dir_watcher.py:finish():315] scan save: /home/pfrod/architectures/wandb/run-20210201_161841-2ehef2qr/files/output.log output.log
2021-02-01 16:18:47,534 INFO    SenderThread:13053 [sender.py:send_request_defer():248] send defer: 5
2021-02-01 16:18:47,535 DEBUG   HandlerThread:13053 [handler.py:handle_request():55] handle_request: defer
2021-02-01 16:18:47,541 INFO    HandlerThread:13053 [handler.py:handle_request_defer():69] handle defer: 5
2021-02-01 16:18:47,553 DEBUG   Thread-14 :13053 [connectionpool.py:_new_conn():813] Starting new HTTPS connection (1): api.wandb.ai:443
2021-02-01 16:18:47,555 DEBUG   Thread-13 :13053 [connectionpool.py:_new_conn():813] Starting new HTTPS connection (1): api.wandb.ai:443
2021-02-01 16:18:47,557 DEBUG   SenderThread:13053 [sender.py:send():117] send: request
2021-02-01 16:18:47,564 DEBUG   Thread-15 :13053 [connectionpool.py:_new_conn():813] Starting new HTTPS connection (1): api.wandb.ai:443
2021-02-01 16:18:47,564 DEBUG   Thread-12 :13053 [connectionpool.py:_new_conn():813] Starting new HTTPS connection (1): api.wandb.ai:443
2021-02-01 16:18:47,565 DEBUG   SenderThread:13053 [sender.py:send_request():126] send_request: defer
2021-02-01 16:18:47,566 INFO    SenderThread:13053 [sender.py:send_request_defer():212] handle sender defer: 5
2021-02-01 16:18:47,566 INFO    SenderThread:13053 [file_pusher.py:finish():174] shutting down file pusher
2021-02-01 16:18:47,566 INFO    SenderThread:13053 [sender.py:send_request_defer():248] send defer: 6
2021-02-01 16:18:47,567 DEBUG   HandlerThread:13053 [handler.py:handle_request():55] handle_request: defer
2021-02-01 16:18:47,567 INFO    HandlerThread:13053 [handler.py:handle_request_defer():69] handle defer: 6
2021-02-01 16:18:47,567 DEBUG   SenderThread:13053 [sender.py:send():117] send: request
2021-02-01 16:18:47,568 DEBUG   SenderThread:13053 [sender.py:send_request():126] send_request: defer
2021-02-01 16:18:47,568 INFO    SenderThread:13053 [sender.py:send_request_defer():212] handle sender defer: 6
2021-02-01 16:18:47,742 DEBUG   Thread-5  :13053 [connectionpool.py:_make_request():393] https://api.wandb.ai:443 "POST /files/pfrodedelaforet/huggingface/2ehef2qr/file_stream HTTP/1.1" 200 None
2021-02-01 16:18:47,764 DEBUG   Thread-14 :13053 [connectionpool.py:_make_request():393] https://api.wandb.ai:443 "POST /graphql HTTP/1.1" 200 None
2021-02-01 16:18:47,769 DEBUG   Thread-14 :13053 [connectionpool.py:_new_conn():813] Starting new HTTPS connection (1): storage.googleapis.com:443
2021-02-01 16:18:47,773 DEBUG   Thread-15 :13053 [connectionpool.py:_make_request():393] https://api.wandb.ai:443 "POST /graphql HTTP/1.1" 200 None
2021-02-01 16:18:47,779 DEBUG   Thread-15 :13053 [connectionpool.py:_new_conn():813] Starting new HTTPS connection (1): storage.googleapis.com:443
2021-02-01 16:18:47,779 DEBUG   Thread-13 :13053 [connectionpool.py:_make_request():393] https://api.wandb.ai:443 "POST /graphql HTTP/1.1" 200 None
2021-02-01 16:18:47,780 DEBUG   Thread-12 :13053 [connectionpool.py:_make_request():393] https://api.wandb.ai:443 "POST /graphql HTTP/1.1" 200 None
2021-02-01 16:18:47,787 DEBUG   Thread-13 :13053 [connectionpool.py:_new_conn():813] Starting new HTTPS connection (1): storage.googleapis.com:443
2021-02-01 16:18:47,791 DEBUG   Thread-12 :13053 [connectionpool.py:_new_conn():813] Starting new HTTPS connection (1): storage.googleapis.com:443
2021-02-01 16:18:47,899 DEBUG   Thread-5  :13053 [connectionpool.py:_make_request():393] https://api.wandb.ai:443 "POST /files/pfrodedelaforet/huggingface/2ehef2qr/file_stream HTTP/1.1" 200 None
2021-02-01 16:18:47,902 INFO    SenderThread:13053 [sender.py:send_request_defer():248] send defer: 7
2021-02-01 16:18:47,903 DEBUG   HandlerThread:13053 [handler.py:handle_request():55] handle_request: defer
2021-02-01 16:18:47,903 INFO    HandlerThread:13053 [handler.py:handle_request_defer():69] handle defer: 7
2021-02-01 16:18:47,904 DEBUG   SenderThread:13053 [sender.py:send():117] send: request
2021-02-01 16:18:47,904 DEBUG   SenderThread:13053 [sender.py:send_request():126] send_request: defer
2021-02-01 16:18:47,904 INFO    SenderThread:13053 [sender.py:send_request_defer():212] handle sender defer: 7
2021-02-01 16:18:47,904 INFO    SenderThread:13053 [sender.py:send_request_defer():248] send defer: 8
2021-02-01 16:18:47,905 DEBUG   HandlerThread:13053 [handler.py:handle_request():55] handle_request: defer
2021-02-01 16:18:47,905 DEBUG   SenderThread:13053 [sender.py:send():117] send: final
2021-02-01 16:18:47,905 INFO    HandlerThread:13053 [handler.py:handle_request_defer():69] handle defer: 8
2021-02-01 16:18:47,906 DEBUG   SenderThread:13053 [sender.py:send():117] send: footer
2021-02-01 16:18:47,906 DEBUG   SenderThread:13053 [sender.py:send():117] send: request
2021-02-01 16:18:47,906 DEBUG   SenderThread:13053 [sender.py:send_request():126] send_request: defer
2021-02-01 16:18:47,906 INFO    SenderThread:13053 [sender.py:send_request_defer():212] handle sender defer: 8
2021-02-01 16:18:48,122 DEBUG   Thread-14 :13053 [connectionpool.py:_make_request():393] https://storage.googleapis.com:443 "PUT /wandb-production.appspot.com/pfrodedelaforet/huggingface/2ehef2qr/requirements.txt?Expires=1612279127&GoogleAccessId=wandb-production%40appspot.gserviceaccount.com&Signature=lH5SVve%2BF5SOryDpdEKbUyhZImj5Px%2FlnQ3J0%2BgIvQBqNzfwRVzYfaXPCioigKok3CmXUDKTYnrE1vByR5EZrGM0dDEowZhF7wI8AF7cduuQIyiiJvn%2BOhbgmI5%2B8BqJrGVdHjhWPse%2FLdwAZaS0xFBECAW1xDNDUTC2YG2t1kGGk%2FMHYGsLvJDFRvrQnCJ5c36kzlrsk%2F9KIKuheUbt0N6lzK6yMFfsEZloopfjGtcTPJ%2FNJiLvHmo1XAABs%2F8Bt5aG94c4aU6etMIrNxQ%2B4OjV1YYgfYQtwFHPa5JU05NdMxab5C2lMho0OwOte%2FhydsgckVPxZVKLNdcb7sVhiQ%3D%3D HTTP/1.1" 200 0
2021-02-01 16:18:48,124 INFO    Thread-14 :13053 [upload_job.py:push():133] Uploaded file /home/pfrod/architectures/wandb/run-20210201_161841-2ehef2qr/files/requirements.txt
2021-02-01 16:18:48,126 DEBUG   Thread-15 :13053 [connectionpool.py:_make_request():393] https://storage.googleapis.com:443 "PUT /wandb-production.appspot.com/pfrodedelaforet/huggingface/2ehef2qr/output.log?Expires=1612279127&GoogleAccessId=wandb-production%40appspot.gserviceaccount.com&Signature=RvkHNJAj2WxWNZj6UEbcr3FVPCX%2BRHntTxphgSPP%2FnhNGDTRaHBkm%2FYonJje6jDTzorSMnJcaveZwUiPQzn7sYHtLaCdH7Ea86WqcHytvOoTLWzlCXUl7Qa9r6EU27IAXO2yBQF2Pp1%2BZbR%2B1SD3HZuN%2BDaGU%2FoFcXeNOshhIyebkZdRr7CRexZXmzk8tDCSWXSbnVzugLcQbFZGOaQA%2BeixHOfQFRJcs197GBos7cQeLbfP0fS8QyRRb%2FnWUZlpLEdmyhhAmVp8o%2FQgntXzoRpUSkwfozIJcm4b2lGTBQnGaYkvIeoLRGYzb0eLNQb6UmdaHgrPHBP8d%2FowRZkwUg%3D%3D HTTP/1.1" 200 0
2021-02-01 16:18:48,128 INFO    Thread-15 :13053 [upload_job.py:push():133] Uploaded file /home/pfrod/architectures/wandb/run-20210201_161841-2ehef2qr/files/output.log
2021-02-01 16:18:48,143 DEBUG   Thread-13 :13053 [connectionpool.py:_make_request():393] https://storage.googleapis.com:443 "PUT /wandb-production.appspot.com/pfrodedelaforet/huggingface/2ehef2qr/wandb-summary.json?Expires=1612279127&GoogleAccessId=wandb-production%40appspot.gserviceaccount.com&Signature=gbHm6TdUsLR8qHpaLXLuBkjh3sHVoQuuSWHdbgFY4s%2FtFRUs%2FqRkw3g5HHprVPH0gXzZAcwzWwOqT05KWhJLWz0z3mI7Pl3CKFib0s3e2%2FCOmh88mztldLPnz2oKhfThsoB%2BOBz%2B7VsnhYpXOuFUCT%2Bc4RobsFNnCobgJUSqT9AsxQxf2SqHmsBQ%2BIXhMcf3Fq7NnE8c%2FjRtp2Pz0GQRMBwelSWh5R1xQf9oKlyrmQoGtMScoB8WVR5KDseQulCbVsGdZHGo93EvYfvbKqnWsRZlfiAG4kD0NeWltOJZTAJ7eG0trgd6HmEDWbMQaAEGtwCHLSF%2FfSni%2Bls%2Fwgq3iw%3D%3D HTTP/1.1" 200 0
2021-02-01 16:18:48,146 INFO    Thread-13 :13053 [upload_job.py:push():133] Uploaded file /home/pfrod/architectures/wandb/run-20210201_161841-2ehef2qr/files/wandb-summary.json
2021-02-01 16:18:48,169 DEBUG   Thread-12 :13053 [connectionpool.py:_make_request():393] https://storage.googleapis.com:443 "PUT /wandb-production.appspot.com/pfrodedelaforet/huggingface/2ehef2qr/config.yaml?Expires=1612279127&GoogleAccessId=wandb-production%40appspot.gserviceaccount.com&Signature=eUUkfwE1nyFskdPP5xxlG6NE9gIRyKxuYK44pS4XwGudFXmjHVBiX9%2Fk%2FOlivkGuoFoh7%2BDDxpcVdboNbt6PZrj9l1FM%2Fv3Fp%2FvmAQcsuthDPSzgR%2BzEjjQO3%2BRXySfT0jiFFjla6KBhAjXLXOdPWNRjC1DoxNBU%2B7DHPItMKdVetYwfKnG%2BqM9X3lDbzw5%2FmgavPu%2FKlrdN2wuiCzYx1Hxgw1NsMXFoySXCQYeKStuIme6du9hCQOtHQ2pQYT2niuzSwfk%2BKfIY8vrRK5zVocMRAgr7VyNKNr23p6NoWoSsTX53O4PjQfudTFVZzoQBgGII%2B3DBuHrGv0jArOGcew%3D%3D HTTP/1.1" 200 0
2021-02-01 16:18:48,172 INFO    Thread-12 :13053 [upload_job.py:push():133] Uploaded file /home/pfrod/architectures/wandb/run-20210201_161841-2ehef2qr/files/config.yaml
2021-02-01 16:18:48,683 DEBUG   HandlerThread:13053 [handler.py:handle_request():55] handle_request: poll_exit
2021-02-01 16:18:48,684 DEBUG   SenderThread:13053 [sender.py:send():117] send: request
2021-02-01 16:18:48,684 DEBUG   SenderThread:13053 [sender.py:send_request():126] send_request: poll_exit
2021-02-01 16:18:48,684 INFO    SenderThread:13053 [file_pusher.py:join():179] waiting for file pusher
2021-02-01 16:18:48,686 DEBUG   HandlerThread:13053 [handler.py:handle_request():55] handle_request: get_summary
2021-02-01 16:18:48,687 DEBUG   HandlerThread:13053 [handler.py:handle_request():55] handle_request: sampled_history
2021-02-01 16:18:48,688 DEBUG   HandlerThread:13053 [handler.py:handle_request():55] handle_request: shutdown
2021-02-01 16:18:48,688 INFO    HandlerThread:13053 [handler.py:finish():274] shutting down handler
2021-02-01 16:18:48,906 INFO    WriterThread:13053 [datastore.py:close():258] close: /home/pfrod/architectures/wandb/run-20210201_161841-2ehef2qr/run-2ehef2qr.wandb
2021-02-01 16:18:49,685 INFO    SenderThread:13053 [sender.py:finish():756] shutting down sender
2021-02-01 16:18:49,685 INFO    SenderThread:13053 [file_pusher.py:finish():174] shutting down file pusher
2021-02-01 16:18:49,685 INFO    SenderThread:13053 [file_pusher.py:join():179] waiting for file pusher
2021-02-01 16:18:49,686 INFO    MainThread:13053 [internal.py:handle_exit():139] Internal process exited
