2021-02-01 16:46:45,522 INFO    MainThread:32216 [internal.py:wandb_internal():64] W&B internal server running at pid: 32216
2021-02-01 16:46:45,525 DEBUG   HandlerThread:32216 [handler.py:handle_request():55] handle_request: check_version
2021-02-01 16:46:45,525 INFO    WriterThread:32216 [datastore.py:open_for_write():77] open: /home/pfrod/architectures/wandb/run-20210201_164644-3cs9jhu8/run-3cs9jhu8.wandb
2021-02-01 16:46:45,527 DEBUG   SenderThread:32216 [sender.py:send():117] send: header
2021-02-01 16:46:45,528 DEBUG   SenderThread:32216 [sender.py:send():117] send: request
2021-02-01 16:46:45,528 DEBUG   SenderThread:32216 [sender.py:send_request():126] send_request: check_version
2021-02-01 16:46:45,532 DEBUG   Thread-4  :32216 [connectionpool.py:_new_conn():813] Starting new HTTPS connection (1): pypi.org:443
2021-02-01 16:46:45,616 DEBUG   Thread-4  :32216 [connectionpool.py:_make_request():393] https://pypi.org:443 "GET /pypi/wandb/json HTTP/1.1" 200 53088
2021-02-01 16:46:45,652 DEBUG   SenderThread:32216 [sender.py:send():117] send: run
2021-02-01 16:46:45,680 DEBUG   SenderThread:32216 [git.py:repo():33] git repository is invalid
2021-02-01 16:46:45,684 DEBUG   SenderThread:32216 [connectionpool.py:_new_conn():813] Starting new HTTPS connection (1): api.wandb.ai:443
2021-02-01 16:46:45,923 DEBUG   SenderThread:32216 [connectionpool.py:_make_request():393] https://api.wandb.ai:443 "POST /graphql HTTP/1.1" 200 None
2021-02-01 16:46:45,935 INFO    SenderThread:32216 [dir_watcher.py:__init__():165] watching files in: /home/pfrod/architectures/wandb/run-20210201_164644-3cs9jhu8/files
2021-02-01 16:46:45,935 INFO    SenderThread:32216 [sender.py:_start_run_threads():596] run started: 3cs9jhu8 with start time 1612194404
2021-02-01 16:46:45,940 DEBUG   SenderThread:32216 [sender.py:send():117] send: summary
2021-02-01 16:46:45,940 INFO    SenderThread:32216 [sender.py:_save_file():682] saving file wandb-summary.json with policy end
2021-02-01 16:46:45,943 DEBUG   HandlerThread:32216 [handler.py:handle_request():55] handle_request: run_start
2021-02-01 16:46:46,527 DEBUG   HandlerThread:32216 [tpu_cluster_resolver.py:<module>():36] Falling back to TensorFlow client; we recommended you install the Cloud TPU client directly with pip install cloud-tpu-client.
2021-02-01 16:46:46,991 INFO    Thread-8  :32216 [dir_watcher.py:_on_file_created():213] file/dir created: /home/pfrod/architectures/wandb/run-20210201_164644-3cs9jhu8/files/wandb-summary.json
2021-02-01 16:46:47,586 DEBUG   HandlerThread:32216 [meta.py:__init__():34] meta init
2021-02-01 16:46:47,586 DEBUG   HandlerThread:32216 [meta.py:__init__():48] meta init done
2021-02-01 16:46:47,586 DEBUG   HandlerThread:32216 [meta.py:probe():190] probe
2021-02-01 16:46:47,592 DEBUG   HandlerThread:32216 [git.py:repo():33] git repository is invalid
2021-02-01 16:46:47,592 DEBUG   HandlerThread:32216 [meta.py:_save_pip():52] save pip
2021-02-01 16:46:47,592 DEBUG   HandlerThread:32216 [meta.py:_save_pip():66] save pip done
2021-02-01 16:46:47,592 DEBUG   HandlerThread:32216 [meta.py:probe():231] probe done
2021-02-01 16:46:47,595 DEBUG   SenderThread:32216 [sender.py:send():117] send: files
2021-02-01 16:46:47,595 INFO    SenderThread:32216 [sender.py:_save_file():682] saving file wandb-metadata.json with policy now
2021-02-01 16:46:47,604 DEBUG   HandlerThread:32216 [handler.py:handle_request():55] handle_request: status
2021-02-01 16:46:47,606 DEBUG   Thread-11 :32216 [connectionpool.py:_new_conn():813] Starting new HTTPS connection (1): api.wandb.ai:443
2021-02-01 16:46:47,607 DEBUG   SenderThread:32216 [sender.py:send():117] send: request
2021-02-01 16:46:47,607 DEBUG   SenderThread:32216 [sender.py:send_request():126] send_request: status
2021-02-01 16:46:47,612 DEBUG   SenderThread:32216 [connectionpool.py:_new_conn():813] Starting new HTTPS connection (1): api.wandb.ai:443
2021-02-01 16:46:47,810 DEBUG   SenderThread:32216 [connectionpool.py:_make_request():393] https://api.wandb.ai:443 "POST /graphql HTTP/1.1" 200 None
2021-02-01 16:46:47,831 DEBUG   Thread-11 :32216 [connectionpool.py:_make_request():393] https://api.wandb.ai:443 "POST /graphql HTTP/1.1" 200 None
2021-02-01 16:46:47,839 DEBUG   Thread-11 :32216 [connectionpool.py:_new_conn():813] Starting new HTTPS connection (1): storage.googleapis.com:443
2021-02-01 16:46:47,988 INFO    Thread-8  :32216 [dir_watcher.py:_on_file_created():213] file/dir created: /home/pfrod/architectures/wandb/run-20210201_164644-3cs9jhu8/files/requirements.txt
2021-02-01 16:46:47,989 INFO    Thread-8  :32216 [dir_watcher.py:_on_file_created():213] file/dir created: /home/pfrod/architectures/wandb/run-20210201_164644-3cs9jhu8/files/wandb-metadata.json
2021-02-01 16:46:47,989 INFO    Thread-8  :32216 [dir_watcher.py:_on_file_created():213] file/dir created: /home/pfrod/architectures/wandb/run-20210201_164644-3cs9jhu8/files/output.log
2021-02-01 16:46:48,253 DEBUG   Thread-11 :32216 [connectionpool.py:_make_request():393] https://storage.googleapis.com:443 "PUT /wandb-production.appspot.com/pfrodedelaforet/huggingface/3cs9jhu8/wandb-metadata.json?Expires=1612280807&GoogleAccessId=wandb-production%40appspot.gserviceaccount.com&Signature=iz3niOdoaPL60xZOqpV7COq2VOtFUfCSIXJHQIJcH1%2FNO%2B%2FLrINEKwA2rbSwMgtT2JEBBJWHuM2t%2BLDFW%2FmEjwD5Rh%2FolP%2F5XqeHO%2BxtWbt2vPJzdfRu8179mPtSlViUjCJZlLQwp5c154AyNkZBiw12UqxHbJpkZ1aJlSVbJrYRL3SE92fsSMtJyyc9jug6sKJoHM0EsxuXkhgbWar6YCJm1zgCkfJFPLwEINRD7DkWPyvMxdqhq5hOg4e4UFTqX0wq3HvXlTknacXZF9wn7nPj%2BAXKJw669m123XLEQApCLXElo0V7fdTcz54HmiMJCFDn6brnUrSLUpXM%2BeQgkA%3D%3D HTTP/1.1" 200 0
2021-02-01 16:46:48,256 INFO    Thread-11 :32216 [upload_job.py:push():133] Uploaded file /tmp/tmpt6wbjp5swandb/2ctjspml-wandb-metadata.json
2021-02-01 16:46:49,751 DEBUG   Thread-5  :32216 [connectionpool.py:_new_conn():813] Starting new HTTPS connection (1): api.wandb.ai:443
2021-02-01 16:46:49,989 INFO    Thread-8  :32216 [dir_watcher.py:_on_file_modified():226] file/dir modified: /home/pfrod/architectures/wandb/run-20210201_164644-3cs9jhu8/files/output.log
2021-02-01 16:46:50,002 DEBUG   Thread-5  :32216 [connectionpool.py:_make_request():393] https://api.wandb.ai:443 "POST /files/pfrodedelaforet/huggingface/3cs9jhu8/file_stream HTTP/1.1" 200 None
2021-02-01 16:46:51,048 DEBUG   SenderThread:32216 [sender.py:send():117] send: stats
2021-02-01 16:46:51,990 INFO    Thread-8  :32216 [dir_watcher.py:_on_file_modified():226] file/dir modified: /home/pfrod/architectures/wandb/run-20210201_164644-3cs9jhu8/files/output.log
2021-02-01 16:46:53,524 DEBUG   Thread-5  :32216 [connectionpool.py:_make_request():393] https://api.wandb.ai:443 "POST /files/pfrodedelaforet/huggingface/3cs9jhu8/file_stream HTTP/1.1" 200 None
2021-02-01 16:46:53,991 INFO    Thread-8  :32216 [dir_watcher.py:_on_file_modified():226] file/dir modified: /home/pfrod/architectures/wandb/run-20210201_164644-3cs9jhu8/files/output.log
2021-02-01 16:46:54,992 INFO    Thread-8  :32216 [dir_watcher.py:_on_file_modified():226] file/dir modified: /home/pfrod/architectures/wandb/run-20210201_164644-3cs9jhu8/files/output.log
2021-02-01 16:46:55,536 DEBUG   Thread-5  :32216 [connectionpool.py:_make_request():393] https://api.wandb.ai:443 "POST /files/pfrodedelaforet/huggingface/3cs9jhu8/file_stream HTTP/1.1" 200 None
2021-02-01 16:46:55,593 DEBUG   SenderThread:32216 [sender.py:send():117] send: stats
2021-02-01 16:46:55,992 INFO    Thread-8  :32216 [dir_watcher.py:_on_file_modified():226] file/dir modified: /home/pfrod/architectures/wandb/run-20210201_164644-3cs9jhu8/files/output.log
2021-02-01 16:46:56,993 INFO    Thread-8  :32216 [dir_watcher.py:_on_file_modified():226] file/dir modified: /home/pfrod/architectures/wandb/run-20210201_164644-3cs9jhu8/files/output.log
2021-02-01 16:46:57,984 DEBUG   Thread-5  :32216 [connectionpool.py:_make_request():393] https://api.wandb.ai:443 "POST /files/pfrodedelaforet/huggingface/3cs9jhu8/file_stream HTTP/1.1" 200 None
2021-02-01 16:46:57,994 INFO    Thread-8  :32216 [dir_watcher.py:_on_file_modified():226] file/dir modified: /home/pfrod/architectures/wandb/run-20210201_164644-3cs9jhu8/files/output.log
2021-02-01 16:46:58,994 INFO    Thread-8  :32216 [dir_watcher.py:_on_file_modified():226] file/dir modified: /home/pfrod/architectures/wandb/run-20210201_164644-3cs9jhu8/files/output.log
2021-02-01 16:46:59,994 INFO    Thread-8  :32216 [dir_watcher.py:_on_file_modified():226] file/dir modified: /home/pfrod/architectures/wandb/run-20210201_164644-3cs9jhu8/files/output.log
2021-02-01 16:47:00,053 DEBUG   Thread-5  :32216 [connectionpool.py:_make_request():393] https://api.wandb.ai:443 "POST /files/pfrodedelaforet/huggingface/3cs9jhu8/file_stream HTTP/1.1" 200 None
2021-02-01 16:47:00,127 DEBUG   SenderThread:32216 [sender.py:send():117] send: stats
2021-02-01 16:47:00,995 INFO    Thread-8  :32216 [dir_watcher.py:_on_file_modified():226] file/dir modified: /home/pfrod/architectures/wandb/run-20210201_164644-3cs9jhu8/files/output.log
2021-02-01 16:47:01,997 INFO    Thread-8  :32216 [dir_watcher.py:_on_file_modified():226] file/dir modified: /home/pfrod/architectures/wandb/run-20210201_164644-3cs9jhu8/files/output.log
2021-02-01 16:47:02,189 DEBUG   Thread-5  :32216 [connectionpool.py:_make_request():393] https://api.wandb.ai:443 "POST /files/pfrodedelaforet/huggingface/3cs9jhu8/file_stream HTTP/1.1" 200 None
2021-02-01 16:47:02,847 DEBUG   HandlerThread:32216 [handler.py:handle_request():55] handle_request: status
2021-02-01 16:47:02,848 DEBUG   SenderThread:32216 [sender.py:send():117] send: request
2021-02-01 16:47:02,848 DEBUG   SenderThread:32216 [sender.py:send_request():126] send_request: status
2021-02-01 16:47:02,852 DEBUG   SenderThread:32216 [connectionpool.py:_new_conn():813] Starting new HTTPS connection (1): api.wandb.ai:443
2021-02-01 16:47:02,998 INFO    Thread-8  :32216 [dir_watcher.py:_on_file_modified():226] file/dir modified: /home/pfrod/architectures/wandb/run-20210201_164644-3cs9jhu8/files/output.log
2021-02-01 16:47:03,058 DEBUG   SenderThread:32216 [connectionpool.py:_make_request():393] https://api.wandb.ai:443 "POST /graphql HTTP/1.1" 200 None
2021-02-01 16:47:04,657 DEBUG   SenderThread:32216 [sender.py:send():117] send: stats
2021-02-01 16:47:04,869 DEBUG   Thread-5  :32216 [connectionpool.py:_make_request():393] https://api.wandb.ai:443 "POST /files/pfrodedelaforet/huggingface/3cs9jhu8/file_stream HTTP/1.1" 200 None
2021-02-01 16:47:09,191 DEBUG   SenderThread:32216 [sender.py:send():117] send: stats
2021-02-01 16:47:09,366 DEBUG   Thread-5  :32216 [connectionpool.py:_make_request():393] https://api.wandb.ai:443 "POST /files/pfrodedelaforet/huggingface/3cs9jhu8/file_stream HTTP/1.1" 200 None
2021-02-01 16:47:13,725 DEBUG   SenderThread:32216 [sender.py:send():117] send: stats
2021-02-01 16:47:13,899 DEBUG   Thread-5  :32216 [connectionpool.py:_make_request():393] https://api.wandb.ai:443 "POST /files/pfrodedelaforet/huggingface/3cs9jhu8/file_stream HTTP/1.1" 200 None
2021-02-01 16:47:18,089 DEBUG   HandlerThread:32216 [handler.py:handle_request():55] handle_request: status
2021-02-01 16:47:18,090 DEBUG   SenderThread:32216 [sender.py:send():117] send: request
2021-02-01 16:47:18,090 DEBUG   SenderThread:32216 [sender.py:send_request():126] send_request: status
2021-02-01 16:47:18,094 DEBUG   SenderThread:32216 [connectionpool.py:_new_conn():813] Starting new HTTPS connection (1): api.wandb.ai:443
2021-02-01 16:47:18,308 DEBUG   SenderThread:32216 [connectionpool.py:_make_request():393] https://api.wandb.ai:443 "POST /graphql HTTP/1.1" 200 None
2021-02-01 16:47:18,311 DEBUG   SenderThread:32216 [sender.py:send():117] send: stats
2021-02-01 16:47:18,316 DEBUG   HandlerThread:32216 [handler.py:handle_request():55] handle_request: poll_exit
2021-02-01 16:47:18,316 DEBUG   SenderThread:32216 [sender.py:send():117] send: telemetry
2021-02-01 16:47:18,328 DEBUG   SenderThread:32216 [connectionpool.py:_new_conn():813] Starting new HTTPS connection (1): api.wandb.ai:443
2021-02-01 16:47:18,489 DEBUG   Thread-5  :32216 [connectionpool.py:_make_request():393] https://api.wandb.ai:443 "POST /files/pfrodedelaforet/huggingface/3cs9jhu8/file_stream HTTP/1.1" 200 None
2021-02-01 16:47:18,562 DEBUG   SenderThread:32216 [connectionpool.py:_make_request():393] https://api.wandb.ai:443 "POST /graphql HTTP/1.1" 200 None
2021-02-01 16:47:18,595 DEBUG   SenderThread:32216 [sender.py:send():117] send: exit
2021-02-01 16:47:18,595 INFO    SenderThread:32216 [sender.py:send_exit():195] handling exit code: 1
2021-02-01 16:47:18,595 INFO    SenderThread:32216 [sender.py:send_exit():203] send defer
2021-02-01 16:47:18,596 DEBUG   SenderThread:32216 [sender.py:send():117] send: request
2021-02-01 16:47:18,596 DEBUG   SenderThread:32216 [sender.py:send_request():126] send_request: poll_exit
2021-02-01 16:47:18,596 DEBUG   HandlerThread:32216 [handler.py:handle_request():55] handle_request: defer
2021-02-01 16:47:18,597 INFO    HandlerThread:32216 [handler.py:handle_request_defer():69] handle defer: 0
2021-02-01 16:47:18,597 DEBUG   SenderThread:32216 [sender.py:send():117] send: request
2021-02-01 16:47:18,597 DEBUG   SenderThread:32216 [sender.py:send_request():126] send_request: defer
2021-02-01 16:47:18,597 INFO    SenderThread:32216 [sender.py:send_request_defer():212] handle sender defer: 0
2021-02-01 16:47:18,597 INFO    SenderThread:32216 [sender.py:send_request_defer():248] send defer: 1
2021-02-01 16:47:18,597 DEBUG   HandlerThread:32216 [handler.py:handle_request():55] handle_request: defer
2021-02-01 16:47:18,597 INFO    HandlerThread:32216 [handler.py:handle_request_defer():69] handle defer: 1
2021-02-01 16:47:18,689 DEBUG   SenderThread:32216 [sender.py:send():117] send: request
2021-02-01 16:47:18,690 DEBUG   SenderThread:32216 [sender.py:send_request():126] send_request: defer
2021-02-01 16:47:18,690 INFO    SenderThread:32216 [sender.py:send_request_defer():212] handle sender defer: 1
2021-02-01 16:47:18,690 INFO    SenderThread:32216 [sender.py:send_request_defer():248] send defer: 2
2021-02-01 16:47:18,690 DEBUG   SenderThread:32216 [sender.py:send():117] send: stats
2021-02-01 16:47:18,691 DEBUG   HandlerThread:32216 [handler.py:handle_request():55] handle_request: defer
2021-02-01 16:47:18,691 INFO    HandlerThread:32216 [handler.py:handle_request_defer():69] handle defer: 2
2021-02-01 16:47:18,691 DEBUG   SenderThread:32216 [sender.py:send():117] send: request
2021-02-01 16:47:18,691 DEBUG   SenderThread:32216 [sender.py:send_request():126] send_request: defer
2021-02-01 16:47:18,691 INFO    SenderThread:32216 [sender.py:send_request_defer():212] handle sender defer: 2
2021-02-01 16:47:18,691 INFO    SenderThread:32216 [sender.py:send_request_defer():248] send defer: 3
2021-02-01 16:47:18,691 DEBUG   HandlerThread:32216 [handler.py:handle_request():55] handle_request: defer
2021-02-01 16:47:18,692 INFO    HandlerThread:32216 [handler.py:handle_request_defer():69] handle defer: 3
2021-02-01 16:47:18,692 DEBUG   SenderThread:32216 [sender.py:send():117] send: summary
2021-02-01 16:47:18,692 INFO    SenderThread:32216 [sender.py:_save_file():682] saving file wandb-summary.json with policy end
2021-02-01 16:47:18,692 DEBUG   SenderThread:32216 [sender.py:send():117] send: request
2021-02-01 16:47:18,692 DEBUG   SenderThread:32216 [sender.py:send_request():126] send_request: defer
2021-02-01 16:47:18,692 INFO    SenderThread:32216 [sender.py:send_request_defer():212] handle sender defer: 3
2021-02-01 16:47:18,692 INFO    SenderThread:32216 [sender.py:send_request_defer():248] send defer: 4
2021-02-01 16:47:18,693 DEBUG   HandlerThread:32216 [handler.py:handle_request():55] handle_request: defer
2021-02-01 16:47:18,693 INFO    HandlerThread:32216 [handler.py:handle_request_defer():69] handle defer: 4
2021-02-01 16:47:18,693 DEBUG   SenderThread:32216 [sender.py:send():117] send: request
2021-02-01 16:47:18,693 DEBUG   SenderThread:32216 [sender.py:send_request():126] send_request: defer
2021-02-01 16:47:18,693 INFO    SenderThread:32216 [sender.py:send_request_defer():212] handle sender defer: 4
2021-02-01 16:47:18,693 INFO    SenderThread:32216 [dir_watcher.py:finish():279] shutting down directory watcher
2021-02-01 16:47:19,002 INFO    SenderThread:32216 [dir_watcher.py:_on_file_modified():226] file/dir modified: /home/pfrod/architectures/wandb/run-20210201_164644-3cs9jhu8/files/config.yaml
2021-02-01 16:47:19,003 INFO    SenderThread:32216 [dir_watcher.py:_on_file_modified():226] file/dir modified: /home/pfrod/architectures/wandb/run-20210201_164644-3cs9jhu8/files/output.log
2021-02-01 16:47:19,003 INFO    SenderThread:32216 [dir_watcher.py:_on_file_modified():226] file/dir modified: /home/pfrod/architectures/wandb/run-20210201_164644-3cs9jhu8/files/wandb-summary.json
2021-02-01 16:47:19,003 INFO    SenderThread:32216 [dir_watcher.py:finish():309] scan: /home/pfrod/architectures/wandb/run-20210201_164644-3cs9jhu8/files
2021-02-01 16:47:19,004 INFO    SenderThread:32216 [dir_watcher.py:finish():315] scan save: /home/pfrod/architectures/wandb/run-20210201_164644-3cs9jhu8/files/config.yaml config.yaml
2021-02-01 16:47:19,004 INFO    SenderThread:32216 [dir_watcher.py:finish():315] scan save: /home/pfrod/architectures/wandb/run-20210201_164644-3cs9jhu8/files/wandb-summary.json wandb-summary.json
2021-02-01 16:47:19,004 INFO    SenderThread:32216 [dir_watcher.py:finish():315] scan save: /home/pfrod/architectures/wandb/run-20210201_164644-3cs9jhu8/files/requirements.txt requirements.txt
2021-02-01 16:47:19,005 INFO    SenderThread:32216 [dir_watcher.py:finish():315] scan save: /home/pfrod/architectures/wandb/run-20210201_164644-3cs9jhu8/files/wandb-metadata.json wandb-metadata.json
2021-02-01 16:47:19,005 INFO    SenderThread:32216 [dir_watcher.py:finish():315] scan save: /home/pfrod/architectures/wandb/run-20210201_164644-3cs9jhu8/files/output.log output.log
2021-02-01 16:47:19,005 INFO    SenderThread:32216 [sender.py:send_request_defer():248] send defer: 5
2021-02-01 16:47:19,012 DEBUG   Thread-12 :32216 [connectionpool.py:_new_conn():813] Starting new HTTPS connection (1): api.wandb.ai:443
2021-02-01 16:47:19,019 DEBUG   Thread-13 :32216 [connectionpool.py:_new_conn():813] Starting new HTTPS connection (1): api.wandb.ai:443
2021-02-01 16:47:19,020 DEBUG   HandlerThread:32216 [handler.py:handle_request():55] handle_request: defer
2021-02-01 16:47:19,033 DEBUG   Thread-15 :32216 [connectionpool.py:_new_conn():813] Starting new HTTPS connection (1): api.wandb.ai:443
2021-02-01 16:47:19,034 DEBUG   Thread-14 :32216 [connectionpool.py:_new_conn():813] Starting new HTTPS connection (1): api.wandb.ai:443
2021-02-01 16:47:19,034 INFO    HandlerThread:32216 [handler.py:handle_request_defer():69] handle defer: 5
2021-02-01 16:47:19,035 DEBUG   SenderThread:32216 [sender.py:send():117] send: request
2021-02-01 16:47:19,036 DEBUG   SenderThread:32216 [sender.py:send_request():126] send_request: defer
2021-02-01 16:47:19,036 INFO    SenderThread:32216 [sender.py:send_request_defer():212] handle sender defer: 5
2021-02-01 16:47:19,036 INFO    SenderThread:32216 [file_pusher.py:finish():174] shutting down file pusher
2021-02-01 16:47:19,036 INFO    SenderThread:32216 [sender.py:send_request_defer():248] send defer: 6
2021-02-01 16:47:19,037 DEBUG   HandlerThread:32216 [handler.py:handle_request():55] handle_request: defer
2021-02-01 16:47:19,037 INFO    HandlerThread:32216 [handler.py:handle_request_defer():69] handle defer: 6
2021-02-01 16:47:19,037 DEBUG   SenderThread:32216 [sender.py:send():117] send: request
2021-02-01 16:47:19,037 DEBUG   SenderThread:32216 [sender.py:send_request():126] send_request: defer
2021-02-01 16:47:19,037 INFO    SenderThread:32216 [sender.py:send_request_defer():212] handle sender defer: 6
2021-02-01 16:47:19,205 DEBUG   Thread-5  :32216 [connectionpool.py:_make_request():393] https://api.wandb.ai:443 "POST /files/pfrodedelaforet/huggingface/3cs9jhu8/file_stream HTTP/1.1" 200 None
2021-02-01 16:47:19,246 DEBUG   Thread-13 :32216 [connectionpool.py:_make_request():393] https://api.wandb.ai:443 "POST /graphql HTTP/1.1" 200 None
2021-02-01 16:47:19,248 DEBUG   Thread-12 :32216 [connectionpool.py:_make_request():393] https://api.wandb.ai:443 "POST /graphql HTTP/1.1" 200 None
2021-02-01 16:47:19,251 DEBUG   Thread-15 :32216 [connectionpool.py:_make_request():393] https://api.wandb.ai:443 "POST /graphql HTTP/1.1" 200 None
2021-02-01 16:47:19,258 DEBUG   Thread-13 :32216 [connectionpool.py:_new_conn():813] Starting new HTTPS connection (1): storage.googleapis.com:443
2021-02-01 16:47:19,259 DEBUG   Thread-14 :32216 [connectionpool.py:_make_request():393] https://api.wandb.ai:443 "POST /graphql HTTP/1.1" 200 None
2021-02-01 16:47:19,270 DEBUG   Thread-15 :32216 [connectionpool.py:_new_conn():813] Starting new HTTPS connection (1): storage.googleapis.com:443
2021-02-01 16:47:19,271 DEBUG   Thread-12 :32216 [connectionpool.py:_new_conn():813] Starting new HTTPS connection (1): storage.googleapis.com:443
2021-02-01 16:47:19,274 DEBUG   Thread-14 :32216 [connectionpool.py:_new_conn():813] Starting new HTTPS connection (1): storage.googleapis.com:443
2021-02-01 16:47:19,353 DEBUG   Thread-5  :32216 [connectionpool.py:_make_request():393] https://api.wandb.ai:443 "POST /files/pfrodedelaforet/huggingface/3cs9jhu8/file_stream HTTP/1.1" 200 None
2021-02-01 16:47:19,356 INFO    SenderThread:32216 [sender.py:send_request_defer():248] send defer: 7
2021-02-01 16:47:19,357 DEBUG   HandlerThread:32216 [handler.py:handle_request():55] handle_request: defer
2021-02-01 16:47:19,357 INFO    HandlerThread:32216 [handler.py:handle_request_defer():69] handle defer: 7
2021-02-01 16:47:19,357 DEBUG   SenderThread:32216 [sender.py:send():117] send: request
2021-02-01 16:47:19,358 DEBUG   SenderThread:32216 [sender.py:send_request():126] send_request: defer
2021-02-01 16:47:19,358 INFO    SenderThread:32216 [sender.py:send_request_defer():212] handle sender defer: 7
2021-02-01 16:47:19,358 INFO    SenderThread:32216 [sender.py:send_request_defer():248] send defer: 8
2021-02-01 16:47:19,359 DEBUG   HandlerThread:32216 [handler.py:handle_request():55] handle_request: defer
2021-02-01 16:47:19,359 DEBUG   SenderThread:32216 [sender.py:send():117] send: final
2021-02-01 16:47:19,359 INFO    HandlerThread:32216 [handler.py:handle_request_defer():69] handle defer: 8
2021-02-01 16:47:19,359 DEBUG   SenderThread:32216 [sender.py:send():117] send: footer
2021-02-01 16:47:19,360 DEBUG   SenderThread:32216 [sender.py:send():117] send: request
2021-02-01 16:47:19,360 DEBUG   SenderThread:32216 [sender.py:send_request():126] send_request: defer
2021-02-01 16:47:19,360 INFO    SenderThread:32216 [sender.py:send_request_defer():212] handle sender defer: 8
2021-02-01 16:47:19,629 DEBUG   Thread-13 :32216 [connectionpool.py:_make_request():393] https://storage.googleapis.com:443 "PUT /wandb-production.appspot.com/pfrodedelaforet/huggingface/3cs9jhu8/wandb-summary.json?Expires=1612280839&GoogleAccessId=wandb-production%40appspot.gserviceaccount.com&Signature=Xee28uc94skZZMnl7opB2JId2hgeFEmtO1CrneRmh2RfbZYZ1DKo2wbTQXdWNapcW2NG4pBEFXz1aQINwUNEULrlyGzSa%2B%2BkU1bbGHQBKk5fpT0WCOpBXncPaAM5aVE%2FAcGz8A8vDQE30CUPxhKUEOeobcdqSs2%2FejELxzZ6MoILoYBveH81VrNxPdxnfeJwpzqvRZ0HQWbnJ46LB6D4QbFzSoM8KTE52WsFECbA0e0YGRyseV6Pntey3X4wmyZaF1SWxsUfntXJT1rhkUR9mg89Sc6LA9tMDx9%2BP9nDtq562dikXBD%2BOi0TWz5%2FGB7sXGkmNkKWn%2Bhtw9AFQKH68w%3D%3D HTTP/1.1" 200 0
2021-02-01 16:47:19,632 INFO    Thread-13 :32216 [upload_job.py:push():133] Uploaded file /home/pfrod/architectures/wandb/run-20210201_164644-3cs9jhu8/files/wandb-summary.json
2021-02-01 16:47:19,633 DEBUG   Thread-14 :32216 [connectionpool.py:_make_request():393] https://storage.googleapis.com:443 "PUT /wandb-production.appspot.com/pfrodedelaforet/huggingface/3cs9jhu8/requirements.txt?Expires=1612280839&GoogleAccessId=wandb-production%40appspot.gserviceaccount.com&Signature=Cy4nywV842G1H7G%2F2VFuWZVXpCTn5M5lzdDoVgJ7KDYzA3DfnPtOj4Pq04u5unne7ku9sghdJSd%2BQccfVM9pktjDu18%2BhDtiqVbGCzVvzfWYFvBR6PbCGJPFJep7aFbLB%2Bq0LLVxgH98L6OgEPTpnq6Qn8pzyv93Q59V3xNDDgUwZDiPiEZ2IkQaBBLj7Upcznm1xzR8nEmtfqvfM2%2BtlNMcMm3D%2BXh%2FMU4NFvhBPaG8HMvxJB18rOsmDyFbbx%2BpWaWmHoiZn06HMJDW7C4MxWcpDMZXwAjS%2B%2F%2BeMZ66Bbwwejo5%2FY3Ki4hbWlojOSGDOrH4Q9QYHG4fuQ0SJ%2BldCw%3D%3D HTTP/1.1" 200 0
2021-02-01 16:47:19,635 INFO    Thread-14 :32216 [upload_job.py:push():133] Uploaded file /home/pfrod/architectures/wandb/run-20210201_164644-3cs9jhu8/files/requirements.txt
2021-02-01 16:47:19,660 DEBUG   Thread-12 :32216 [connectionpool.py:_make_request():393] https://storage.googleapis.com:443 "PUT /wandb-production.appspot.com/pfrodedelaforet/huggingface/3cs9jhu8/config.yaml?Expires=1612280839&GoogleAccessId=wandb-production%40appspot.gserviceaccount.com&Signature=DbtPCb5d0IL8bC2yLEec8A1ITssi8weMSpnbRpHGJDR71c6KVyGDV2PRYROeZxl7zxP3aC6znQDelBEDsy9OPVmZp%2FcM83VylNcLQTNgkTfS1wgrhdaZDJ13LqN7GS1l77ce20CoLIkoFrDaMcTcOL9aD0dKlK5PfyeZTWyYWf%2BjzmGDVoJBr%2FFrg6xoWI6uFmmHTYlxVQIerb%2FKua22hc%2Bq1InH%2F76FS%2BJ7GGOrTFF6rsblWnpSoJHY%2BwvjAoOLJ4cU3XnKsPwAVnUb7hubMG8wa5Z1rd%2Fp4PcRt11IsY2df444rmOkjFnpBqZzbST27XuQ59BPKkYt3X3dolU0AA%3D%3D HTTP/1.1" 200 0
2021-02-01 16:47:19,663 INFO    Thread-12 :32216 [upload_job.py:push():133] Uploaded file /home/pfrod/architectures/wandb/run-20210201_164644-3cs9jhu8/files/config.yaml
2021-02-01 16:47:19,674 DEBUG   Thread-15 :32216 [connectionpool.py:_make_request():393] https://storage.googleapis.com:443 "PUT /wandb-production.appspot.com/pfrodedelaforet/huggingface/3cs9jhu8/output.log?Expires=1612280839&GoogleAccessId=wandb-production%40appspot.gserviceaccount.com&Signature=EksSLPkzWL9iwyEwwmn4XGYZYWTLOovgVXBlAaPXx2ARf5H30eMfaWSIxPPiNn8aGJ8BmwfRGPoh2euCnFrqEF7bTpodi%2By3eTJfvCD%2Fc6BisO1229zhdSZ2FPV9iwqpEcBE41mMvIpHumQoCFE1dLK%2FAdKbY6%2FpLtHUc91UGpGcVp7IXO15co8lVnI3FT0Om9QvyoamPDwOA2q%2B8Fl47G%2FSMpbm%2BJlBoTV0VsKGOsrtE9U9iuSfPeNu%2F%2Bf143TTJ1cSWe7RZ8JJlaSznxEMZbOZkL80EyBHwNcRgVQo5jxuXMmHM1hroWBOtbhPdNE0uM9PEE5NKlOesyYnhfM0vg%3D%3D HTTP/1.1" 200 0
2021-02-01 16:47:19,677 INFO    Thread-15 :32216 [upload_job.py:push():133] Uploaded file /home/pfrod/architectures/wandb/run-20210201_164644-3cs9jhu8/files/output.log
2021-02-01 16:47:20,600 DEBUG   HandlerThread:32216 [handler.py:handle_request():55] handle_request: poll_exit
2021-02-01 16:47:20,600 DEBUG   SenderThread:32216 [sender.py:send():117] send: request
2021-02-01 16:47:20,601 DEBUG   SenderThread:32216 [sender.py:send_request():126] send_request: poll_exit
2021-02-01 16:47:20,601 INFO    SenderThread:32216 [file_pusher.py:join():179] waiting for file pusher
2021-02-01 16:47:20,603 DEBUG   HandlerThread:32216 [handler.py:handle_request():55] handle_request: get_summary
2021-02-01 16:47:20,604 DEBUG   HandlerThread:32216 [handler.py:handle_request():55] handle_request: sampled_history
2021-02-01 16:47:20,604 DEBUG   HandlerThread:32216 [handler.py:handle_request():55] handle_request: shutdown
2021-02-01 16:47:20,605 INFO    HandlerThread:32216 [handler.py:finish():274] shutting down handler
2021-02-01 16:47:21,359 INFO    WriterThread:32216 [datastore.py:close():258] close: /home/pfrod/architectures/wandb/run-20210201_164644-3cs9jhu8/run-3cs9jhu8.wandb
2021-02-01 16:47:21,601 INFO    SenderThread:32216 [sender.py:finish():756] shutting down sender
2021-02-01 16:47:21,602 INFO    SenderThread:32216 [file_pusher.py:finish():174] shutting down file pusher
2021-02-01 16:47:21,602 INFO    SenderThread:32216 [file_pusher.py:join():179] waiting for file pusher
2021-02-01 16:47:21,603 INFO    MainThread:32216 [internal.py:handle_exit():139] Internal process exited
