2021-02-01 10:12:01,092 INFO    MainThread:37401 [wandb_setup.py:_flush():70] setting env: {}
2021-02-01 10:12:01,092 INFO    MainThread:37401 [wandb_setup.py:_flush():70] multiprocessing start_methods=fork,spawn,forkserver
2021-02-01 10:12:01,092 INFO    MainThread:37401 [wandb_setup.py:_flush():70] setting login settings: {}
2021-02-01 10:12:01,092 INFO    MainThread:37401 [wandb_setup.py:_flush():70] setting login settings: {'mode': 'offline'}
2021-02-01 10:12:01,092 INFO    MainThread:37401 [wandb_init.py:_log_setup():318] Logging user logs to /home/pfrod/architectures/wandb/offline-run-20210201_101201-3lsuknc0/logs/debug.log
2021-02-01 10:12:01,092 INFO    MainThread:37401 [wandb_init.py:_log_setup():319] Logging internal logs to /home/pfrod/architectures/wandb/offline-run-20210201_101201-3lsuknc0/logs/debug-internal.log
2021-02-01 10:12:03,377 INFO    MainThread:37401 [wandb_run.py:_console_start():1396] atexit reg
2021-02-01 10:12:03,377 INFO    MainThread:37401 [wandb_run.py:_redirect():1259] redirect: SettingsConsole.REDIRECT
2021-02-01 10:12:03,378 INFO    MainThread:37401 [wandb_run.py:_redirect():1264] Redirecting console.
2021-02-01 10:12:03,378 INFO    MainThread:37401 [redirect.py:install():213] install start
2021-02-01 10:12:03,379 INFO    MainThread:37401 [redirect.py:install():228] install stop
2021-02-01 10:12:03,379 INFO    MainThread:37401 [redirect.py:install():213] install start
2021-02-01 10:12:03,379 INFO    MainThread:37401 [redirect.py:install():228] install stop
2021-02-01 10:12:03,379 INFO    MainThread:37401 [wandb_run.py:_redirect():1310] Redirects installed.
2021-02-01 10:12:05,492 INFO    MainThread:37401 [wandb_run.py:_atexit_cleanup():1366] got exitcode: 1
2021-02-01 10:12:05,492 INFO    MainThread:37401 [wandb_run.py:_restore():1338] restore
2021-02-01 10:12:05,492 INFO    MainThread:37401 [redirect.py:uninstall():232] uninstall start
2021-02-01 10:12:05,493 INFO    MainThread:37401 [redirect.py:_stop():287] _stop: stdout
2021-02-01 10:12:05,493 INFO    MainThread:37401 [redirect.py:_stop():293] _stop closed: stdout
2021-02-01 10:12:05,493 INFO    stdout    :37401 [redirect.py:_pipe_relay():129] relay done saw last write: stdout
2021-02-01 10:12:05,493 INFO    stdout    :37401 [redirect.py:_pipe_relay():145] relay done done: stdout
2021-02-01 10:12:05,493 INFO    MainThread:37401 [redirect.py:_stop():299] _stop joined: stdout
2021-02-01 10:12:05,493 INFO    MainThread:37401 [redirect.py:_stop():301] _stop rd closed: stdout
2021-02-01 10:12:05,493 INFO    MainThread:37401 [redirect.py:uninstall():236] uninstall done
2021-02-01 10:12:05,493 INFO    MainThread:37401 [redirect.py:uninstall():232] uninstall start
2021-02-01 10:12:05,493 INFO    MainThread:37401 [redirect.py:_stop():287] _stop: stderr
2021-02-01 10:12:05,493 INFO    MainThread:37401 [redirect.py:_stop():293] _stop closed: stderr
2021-02-01 10:12:05,493 INFO    stderr    :37401 [redirect.py:_pipe_relay():129] relay done saw last write: stderr
2021-02-01 10:12:05,494 INFO    stderr    :37401 [redirect.py:_pipe_relay():145] relay done done: stderr
2021-02-01 10:12:05,494 INFO    MainThread:37401 [redirect.py:_stop():299] _stop joined: stderr
2021-02-01 10:12:05,494 INFO    MainThread:37401 [redirect.py:_stop():301] _stop rd closed: stderr
2021-02-01 10:12:05,494 INFO    MainThread:37401 [redirect.py:uninstall():236] uninstall done
2021-02-01 10:12:05,497 INFO    MainThread:37401 [wandb_run.py:_wait_for_finish():1489] got exit ret: 
2021-02-01 10:12:07,500 INFO    MainThread:37401 [wandb_run.py:_wait_for_finish():1489] got exit ret: done: true
exit_result {
}

2021-02-01 10:12:08,877 INFO    MainThread:37401 [internal.py:handle_exit():139] Internal process exited
